"libconfig.c", line 217: warning: enum type mismatch: op "="
"libconfig.c", line 385: warning: enum type mismatch: op "="
"libconfig.c", line 397: warning: enum type mismatch: op "="
"xstrlcat.c", line 51: warning: implicit function declaration: strlen
"xstrlcpy.c", line 59: warning: implicit function declaration: strlen
mkchartable: expanding unicode mappings...
mkchartable: expanding unicode mappings...
mkchartable: expanding unicode mappings...
mkchartable: building expansion table...
mkchartable: mapping unicode...
mkchartable: mapping UTF-8...
mkchartable: mapping UTF-7...
mkchartable: mapping ./charset/big5.t...
mkchartable: mapping ./charset/gb2312.t...
mkchartable: mapping ./charset/iso-2022-jp.t...
mkchartable: mapping ./charset/iso-2022-kr.t...
mkchartable: mapping ./charset/iso-8859-1.t...
mkchartable: mapping ./charset/iso-8859-15.t...
mkchartable: mapping ./charset/iso-8859-2.t...
mkchartable: mapping ./charset/iso-8859-3.t...
mkchartable: mapping ./charset/iso-8859-4.t...
mkchartable: mapping ./charset/iso-8859-5.t...
mkchartable: mapping ./charset/iso-8859-6.t...
mkchartable: mapping ./charset/iso-8859-7.t...
mkchartable: mapping ./charset/iso-8859-8.t...
mkchartable: mapping ./charset/iso-8859-9.t...
mkchartable: mapping ./charset/koi8-r.t...
mkchartable: mapping ./charset/us-ascii.t...
mkchartable: mapping ./charset/windows-1252.t...
mkchartable: mapping ./charset/windows-1256.t...
"auth_krb.c", line 348: warning: implicit function declaration: fatal
"cyrusdb_skiplist.c", line 1073: warning: initializer does not fit or is out of range: -1
"message_uuid.c", line 458: warning: assignment type mismatch:
	pointer to char "=" pointer to unsigned char
"sieve.y", line 1222: warning: assignment type mismatch:
	pointer to const unsigned char "=" pointer to char
"sieve.y", line 1223: warning: assignment type mismatch:
	pointer to const unsigned char "=" pointer to char
"comparator.c", line 241: warning: statement not reached
"comparator.c", line 457: warning: assignment type mismatch:
	pointer to void "=" pointer to function(pointer to const char, unsigned long, pointer to const char) returning int
"interp.c", line 85: warning: implicit function declaration: strlcat
"bc_eval.c", line 1051: warning: argument #5 is incompatible with prototype:
	prototype: pointer to int : "bc_eval.c", line 344
	argument : pointer to unsigned int
"bc_eval.c", line 1156: warning: argument #2 is incompatible with prototype:
	prototype: pointer to int : "bc_eval.c", line 83
	argument : pointer to unsigned int
"bc_eval.c", line 1332: warning: assignment type mismatch:
	pointer to char "=" pointer to const char
"script.c", line 478: warning: statement not reached
"script.c", line 494: warning: statement not reached
"sieve_err.h", line 19: warning: dubious tag declaration: struct et_list
"addr-lex.l", line 861: warning: implicit function declaration: exit
"addr-lex.l", line 924: warning: implicit function declaration: malloc
"addr-lex.l", line 942: warning: implicit function declaration: realloc
"addr-lex.l", line 952: warning: implicit function declaration: free
"sieve_err.h", line 19: warning: dubious tag declaration: struct et_list
"/usr/local/include/net-snmp/net-snmp-config.h", line 248: warning: macro redefined: HAVE_GETADDRINFO
"/usr/local/include/net-snmp/net-snmp-config.h", line 952: warning: macro redefined: PACKAGE_BUGREPORT
"/usr/local/include/net-snmp/net-snmp-config.h", line 955: warning: macro redefined: PACKAGE_NAME
"/usr/local/include/net-snmp/net-snmp-config.h", line 958: warning: macro redefined: PACKAGE_STRING
"/usr/local/include/net-snmp/net-snmp-config.h", line 961: warning: macro redefined: PACKAGE_TARNAME
"/usr/local/include/net-snmp/net-snmp-config.h", line 964: warning: macro redefined: PACKAGE_VERSION
"/usr/local/include/net-snmp/net-snmp-config.h", line 1374: warning: macro redefined: HAVE_SOCKLEN_T
"master.c", line 1907: warning: implicit function declaration: netsnmp_enable_subagent
"master.c", line 1925: warning: implicit function declaration: init_cyrusMasterMIB
"./../lib/libconfig.c", line 217: warning: enum type mismatch: op "="
"./../lib/libconfig.c", line 385: warning: enum type mismatch: op "="
"./../lib/libconfig.c", line 397: warning: enum type mismatch: op "="
"message_uuid_master.c", line 307: warning: implicit function declaration: xmalloc
"/usr/local/include/net-snmp/net-snmp-config.h", line 248: warning: macro redefined: HAVE_GETADDRINFO
"/usr/local/include/net-snmp/net-snmp-config.h", line 952: warning: macro redefined: PACKAGE_BUGREPORT
"/usr/local/include/net-snmp/net-snmp-config.h", line 955: warning: macro redefined: PACKAGE_NAME
"/usr/local/include/net-snmp/net-snmp-config.h", line 958: warning: macro redefined: PACKAGE_STRING
"/usr/local/include/net-snmp/net-snmp-config.h", line 961: warning: macro redefined: PACKAGE_TARNAME
"/usr/local/include/net-snmp/net-snmp-config.h", line 964: warning: macro redefined: PACKAGE_VERSION
"/usr/local/include/net-snmp/net-snmp-config.h", line 1374: warning: macro redefined: HAVE_SOCKLEN_T
"cyrusMasterMIB.c", line 136: warning: implicit function declaration: header_generic
"cyrusMasterMIB.c", line 145: warning: argument #1 is incompatible with prototype:
	prototype: pointer to char : "/usr/include/string.h", line 72
	argument : pointer to unsigned char
"cyrusMasterMIB.c", line 146: warning: argument #1 is incompatible with prototype:
	prototype: pointer to const char : "/usr/include/iso/string_iso.h", line 70
	argument : pointer to unsigned char
"cyrusMasterMIB.c", line 150: warning: argument #1 is incompatible with prototype:
	prototype: pointer to char : "/usr/include/string.h", line 72
	argument : pointer to unsigned char
"cyrusMasterMIB.c", line 151: warning: argument #1 is incompatible with prototype:
	prototype: pointer to const char : "/usr/include/iso/string_iso.h", line 70
	argument : pointer to unsigned char
"cyrusMasterMIB.c", line 195: warning: implicit function declaration: header_simple_table
"cyrusMasterMIB.c", line 215: warning: argument #1 is incompatible with prototype:
	prototype: pointer to char : "/usr/include/string.h", line 72
	argument : pointer to unsigned char
"cyrusMasterMIB.c", line 217: warning: argument #1 is incompatible with prototype:
	prototype: pointer to char : "/usr/include/string.h", line 73
	argument : pointer to unsigned char
"cyrusMasterMIB.c", line 219: warning: argument #1 is incompatible with prototype:
	prototype: pointer to const char : "/usr/include/iso/string_iso.h", line 70
	argument : pointer to unsigned char
"pushstats.c", line 578: warning: empty translation unit
"imapd.c", line 9510: warning: implicit function declaration: HMAC
"imapd.c", line 9706: warning: implicit function declaration: RAND_bytes
"index.c", line 1951: warning: argument #6 is incompatible with prototype:
	prototype: pointer to int : "./../lib/charset.h", line 75
	argument : pointer to unsigned int
"index.c", line 3533: warning: argument #2 is incompatible with prototype:
	prototype: pointer to const char : "./../lib/message_uuid.h", line 61
	argument : pointer to unsigned char
"mailbox.c", line 999: warning: argument #2 is incompatible with prototype:
	prototype: pointer to const char : "./../lib/message_uuid.h", line 61
	argument : pointer to const unsigned char
"message.c", line 802: warning: implicit function declaration: stristr
"saslclient.c", line 154: warning: argument #1 is incompatible with prototype:
	prototype: pointer to char : "/usr/include/iso/string_iso.h", line 66
	argument : pointer to unsigned char
"annotate.c", line 1709: warning: function expects to return value: annotation_set_condstore
"idle.c", line 86: warning: implicit function declaration: strcpy
"idle.c", line 90: warning: implicit function declaration: strlen
"idle.c", line 142: warning: implicit function declaration: strcat
"sync_log.c", line 77: warning: implicit function declaration: strlcpy
"sync_log.c", line 78: warning: implicit function declaration: strlcat
"sync_log.c", line 92: warning: implicit function declaration: cyrus_mkdir
"sync_log.c", line 98: warning: implicit function declaration: strerror
"sync_log.c", line 153: warning: implicit function declaration: fatal
"sync_log.c", line 201: warning: implicit function declaration: strlen
"tls.c", line 424: warning: argument #2 is incompatible with prototype:
	prototype: pointer to const char : "unknown", line 0
	argument : pointer to unsigned char
"tls.c", line 424: warning: argument #4 is incompatible with prototype:
	prototype: pointer to const char : "unknown", line 0
	argument : pointer to unsigned char
"tls.c", line 457: warning: argument #2 is incompatible with prototype:
	prototype: pointer to const char : "unknown", line 0
	argument : pointer to unsigned char
"tls.c", line 509: warning: argument #2 is incompatible with prototype:
	prototype: pointer to const char : "unknown", line 0
	argument : pointer to unsigned char
"tls.c", line 526: warning: argument #2 is incompatible with prototype:
	prototype: pointer to pointer to const unsigned char : "/usr/local/include/openssl/ssl.h", line 1320
	argument : pointer to pointer to unsigned char
"lmtpstats.c", line 521: warning: empty translation unit
"lmtpengine.c", line 1333: warning: argument #8 is incompatible with prototype:
	prototype: pointer to int : "/usr/local/include/sasl/sasl.h", line 1005
	argument : pointer to unsigned int
"lmtpengine.c", line 1556: warning: assignment type mismatch:
	pointer to int "=" pointer to unsigned int
"lmtp_sieve.c", line 505: warning: implicit function declaration: deliver_local
"lmtp_sieve.c", line 561: warning: argument #1 is incompatible with prototype:
	prototype: pointer to char : "duplicate.h", line 53
	argument : pointer to unsigned char
"deliver.c", line 136: warning: implicit function declaration: proxy_check_input
"mbexamine.c", line 292: warning: argument #1 is incompatible with prototype:
	prototype: pointer to const long : "/usr/include/iso/time_iso.h", line 86
	argument : pointer to unsigned long
"unexpunge.c", line 512: warning: implicit function declaration: lock_reopen
"unexpunge.c", line 525: warning: implicit function declaration: map_refresh
"unexpunge.c", line 590: warning: implicit function declaration: map_free
"unexpunge.c", line 593: warning: implicit function declaration: lock_unlock
"nntpd.c", line 2914: warning: statement not reached
"IMAP.xs", line 207: warning: argument #1 is incompatible with prototype:
	prototype: pointer to char : "/usr/include/iso/string_iso.h", line 73
	argument : pointer to unsigned char
"IMAP.xs", line 409: warning: argument #1 is incompatible with prototype:
	prototype: pointer to char : "/usr/include/iso/string_iso.h", line 73
	argument : pointer to unsigned char
"IMAP.xs", line 638: warning: argument #2 is incompatible with prototype:
	prototype: pointer to function(pointer to struct imclient {}, pointer to void, pointer to struct imclient_reply {pointer to char keyword, long msgno, pointer to char text}) returning void : "../../lib/imclient.h", line 77
	argument : pointer to void
"lex.c", line 295: warning: statement not reached
"managesieve.xs", line 129: warning: argument #1 is incompatible with prototype:
	prototype: pointer to char : "/usr/include/iso/string_iso.h", line 66
	argument : pointer to unsigned char
"managesieve.xs", line 180: warning: argument #1 is incompatible with prototype:
	prototype: pointer to char : "/usr/include/iso/string_iso.h", line 66
	argument : pointer to unsigned char
"managesieve.xs", line 181: warning: argument #1 is incompatible with prototype:
	prototype: pointer to const char : "/usr/include/iso/string_iso.h", line 70
	argument : pointer to unsigned char
"managesieve.xs", line 198: warning: argument #1 is incompatible with prototype:
	prototype: pointer to const char : "/usr/local/lib/perl/sparcv9/CORE/proto.h", line 922
	argument : pointer to unsigned char
"managesieve.xs", line 314: warning: implicit function declaration: ucase
"lex.c", line 388: warning: statement not reached
"timsieved.c", line 412: warning: implicit function declaration: proxy_check_input
"notifyd.c", line 192: warning: statement not reached
