+ autoreconf -v
autoreconf: Entering directory `.'
autoreconf: configure.ac: not using Gettext
autoreconf: running: aclocal -I cmulocal
autoreconf: configure.ac: tracing
autoreconf: configure.ac: not using Libtool
autoreconf: running: /usr/bin/autoconf
autoreconf: running: /usr/bin/autoheader
autoreconf: running: automake --no-force
autoreconf: Leaving directory `.'
+ export 'CPPFLAGS=-O2 -g -pipe -Wall -Wp,-D_FORTIFY_SOURCE=2 -fexceptions -fstack-protector --param=ssp-buffer-size=4 -m64 -mtune=generic -I/usr/include/et -I/usr/include/kerberosIV'
+ CPPFLAGS='-O2 -g -pipe -Wall -Wp,-D_FORTIFY_SOURCE=2 -fexceptions -fstack-protector --param=ssp-buffer-size=4 -m64 -mtune=generic -I/usr/include/et -I/usr/include/kerberosIV'
+ export 'CFLAGS=-O2 -g -pipe -Wall -Wp,-D_FORTIFY_SOURCE=2 -fexceptions -fstack-protector --param=ssp-buffer-size=4 -m64 -mtune=generic -fPIC'
+ CFLAGS='-O2 -g -pipe -Wall -Wp,-D_FORTIFY_SOURCE=2 -fexceptions -fstack-protector --param=ssp-buffer-size=4 -m64 -mtune=generic -fPIC'
+ export 'CXXFLAGS=-O2 -g -pipe -Wall -Wp,-D_FORTIFY_SOURCE=2 -fexceptions -fstack-protector --param=ssp-buffer-size=4 -m64 -mtune=generic -fPIC'
+ CXXFLAGS='-O2 -g -pipe -Wall -Wp,-D_FORTIFY_SOURCE=2 -fexceptions -fstack-protector --param=ssp-buffer-size=4 -m64 -mtune=generic -fPIC'
+ export CCDLFLAGS=-rdynamic
+ CCDLFLAGS=-rdynamic
+ export 'LDFLAGS= -pie'
+ LDFLAGS=' -pie'
+ export 'CFLAGS=-O2 -g -pipe -Wall -Wp,-D_FORTIFY_SOURCE=2 -fexceptions -fstack-protector --param=ssp-buffer-size=4 -m64 -mtune=generic -fPIC'
+ CFLAGS='-O2 -g -pipe -Wall -Wp,-D_FORTIFY_SOURCE=2 -fexceptions -fstack-protector --param=ssp-buffer-size=4 -m64 -mtune=generic -fPIC'
+ export 'CXXFLAGS=-O2 -g -pipe -Wall -Wp,-D_FORTIFY_SOURCE=2 -fexceptions -fstack-protector --param=ssp-buffer-size=4 -m64 -mtune=generic -fPIC'
+ CXXFLAGS='-O2 -g -pipe -Wall -Wp,-D_FORTIFY_SOURCE=2 -fexceptions -fstack-protector --param=ssp-buffer-size=4 -m64 -mtune=generic -fPIC'
+ export 'FFLAGS=-O2 -g -pipe -Wall -Wp,-D_FORTIFY_SOURCE=2 -fexceptions -fstack-protector --param=ssp-buffer-size=4 -m64 -mtune=generic -I/usr/lib64/gfortran/modules'
+ FFLAGS='-O2 -g -pipe -Wall -Wp,-D_FORTIFY_SOURCE=2 -fexceptions -fstack-protector --param=ssp-buffer-size=4 -m64 -mtune=generic -I/usr/lib64/gfortran/modules'
+ ./configure --build=x86_64-koji-linux-gnu --host=x86_64-koji-linux-gnu --target=x86_64-redhat-linux-gnu --program-prefix= --prefix=/usr --exec-prefix=/usr --bindir=/usr/bin --sbindir=/usr/sbin --sysconfdir=/etc --datadir=/usr/share --includedir=/usr/include --libdir=/usr/lib64 --libexecdir=/usr/libexec --localstatedir=/var --sharedstatedir=/var/lib --mandir=/usr/share/man --infodir=/usr/share/info --enable-netscapehack --enable-idled --with-snmp --without-snmp --enable-unit-tests --enable-murder --enable-replication --enable-nntp --enable-gssapi --with-bdb-incdir=/usr/include/db4 --with-cyrus-prefix=/usr/lib/cyrus-imapd --with-extraident=Kolab-2.4.14-1.el6.kolab_2.4 --with-perl=/usr/bin/perl --with-service-path=/usr/lib/cyrus-imapd --with-syslogfacility=MAIL --with-krbimpl=mit
checking build system type... x86_64-koji-linux-gnu
checking host system type... x86_64-koji-linux-gnu
checking target system type... x86_64-redhat-linux-gnu
checking for a BSD-compatible install... /usr/bin/install -c
checking whether build environment is sane... yes
checking for a thread-safe mkdir -p... /bin/mkdir -p
checking for gawk... gawk
checking whether make sets $(MAKE)... yes
checking whether to enable maintainer-specific portions of Makefiles... no
checking for x86_64-koji-linux-gnu-gcc... no
checking for gcc... gcc
checking whether the C compiler works... yes
checking for C compiler default output file name... a.out
checking for suffix of executables... 
checking whether we are cross compiling... no
checking for suffix of object files... o
checking whether we are using the GNU C compiler... yes
checking whether gcc accepts -g... yes
checking for gcc option to accept ISO C89... none needed
checking for style of include used by make... GNU
checking dependency style of gcc... gcc3
checking whether gcc and cc understand -c and -o together... yes
checking whether ln -s works... yes
checking for x86_64-koji-linux-gnu-ranlib... no
checking for ranlib... ranlib
checking whether make sets $(MAKE)... (cached) yes
checking how to run the C preprocessor... gcc -E
checking for grep that handles long lines and -e... /bin/grep
checking for egrep... /bin/grep -E
checking for ANSI C header files... yes
checking for sys/types.h... yes
checking for sys/stat.h... yes
checking for stdlib.h... yes
checking for string.h... yes
checking for memory.h... yes
checking for strings.h... yes
checking for inttypes.h... yes
checking for stdint.h... yes
checking for unistd.h... yes
checking minix/config.h usability... no
checking minix/config.h presence... no
checking for minix/config.h... no
checking whether it is safe to define __EXTENSIONS__... yes
checking for library containing strerror... none required
checking for gawk... (cached) gawk
checking for an ANSI C-conforming const... yes
checking for long file names... yes
checking for inline... inline
checking size of int... 4
checking size of long... 8
checking size of size_t... 8
checking size of off_t... 8
checking size of long long int... 8
checking size of unsigned long long int... 8
checking whether byte ordering is bigendian... no
checking for __attribute__... yes
checking if compiler supports -fPIC... yes
checking for runpath switch... -Wl,-rpath,
checking for unistd.h... (cached) yes
checking sys/select.h usability... yes
checking sys/select.h presence... yes
checking for sys/select.h... yes
checking sys/param.h usability... yes
checking sys/param.h presence... yes
checking for sys/param.h... yes
checking stdarg.h usability... yes
checking stdarg.h presence... yes
checking for stdarg.h... yes
checking for memmove... yes
checking for strcasecmp... yes
checking for ftruncate... yes
checking for strerror... yes
checking for strlcat... no
checking for strlcpy... no
checking for getgrouplist... yes
checking for fmemopen... yes
checking for pselect... yes
checking for dirent.h that defines DIR... yes
checking for library containing opendir... none required
checking for stdlib.h... (cached) yes
checking for getpassphrase... no
checking for connect... yes
checking for res_search... no
checking for dn_expand... no
checking for dns_lookup... no
checking for getaddrinfo... yes
checking for gai_strerror... yes
checking for getnameinfo... yes
checking whether you have ss_family in struct sockaddr_storage... yes
checking whether you have sa_len in struct sockaddr... no
checking sys/time.h usability... yes
checking sys/time.h presence... yes
checking for sys/time.h... yes
checking whether time.h and sys/time.h may both be included... yes
checking whether struct tm is in sys/time.h or time.h... time.h
checking for struct tm.tm_zone... yes
checking for timegm... yes
checking for vprintf... yes
checking for _doprnt... no
checking db.h usability... yes
checking db.h presence... yes
checking for db.h... yes
checking for bison... bison -y
checking for flex... flex
checking lex output file root... lex.yy
checking lex library... none needed
checking whether yytext is a pointer... no
checking pcreposix.h usability... yes
checking pcreposix.h presence... yes
checking for pcreposix.h... yes
checking for utf8 enabled pcre... yes
checking for strerror... (cached) yes
checking sys/resource.h usability... yes
checking sys/resource.h presence... yes
checking for sys/resource.h... yes
checking for setrlimit... yes
checking for getrlimit... yes
checking for daemon... yes
checking for setsid... yes
checking for shutdown... yes
checking for setproctitle... no
checking for setproctitle in -lutil... no
checking sys/pstat.h usability... no
checking sys/pstat.h presence... no
checking for sys/pstat.h... no
checking sys/sysnews.h usability... no
checking sys/sysnews.h presence... no
checking for sys/sysnews.h... no
checking for PS_STRINGS... no
checking for SCO... no
checking for setproctitle usability... yes
checking nonblocking method... fcntl
checking timezone GMT offset method... tm
checking for shared mmap... yes
checking for fcntl... yes
checking for fdatasync... yes
checking for uuid_generate in -luuid... yes
checking for sigvec... yes
checking for res_search in -lresolv... no
checking krb.h usability... no
checking krb.h presence... no
checking for krb.h... no
configure: WARNING: No Kerberos V4 found
checking for RSAPublicEncrypt in -lrsaref... no
checking for BIO_accept in -lcrypto... yes
checking for SSL_CTX_new in -lssl... yes
checking for openssl... yes
checking size of long... (cached) 8
checking what directory libraries are found in... lib64
checking zlib.h usability... yes
checking zlib.h presence... yes
checking for zlib.h... yes
checking for deflate in -lz... yes
checking for zlib... yes
checking for ZInitialize in -lzephyr... no
checking sys/sockio.h usability... no
checking sys/sockio.h presence... no
checking for sys/sockio.h... no
checking for com_err in -lcom_err... yes
checking et/com_err.h usability... yes
checking et/com_err.h presence... yes
checking for et/com_err.h... yes
checking for compile_et... /usr/bin/compile_et
checking for modern syslog... yes
checking which syslog facility to use... LOG_MAIL
checking for getdtablesize... yes
checking to use old sieve service name... no
checking for dlopen... no
checking for dlopen in -ldl... yes
checking for crypt... no
checking for crypt in -lcrypt... yes
checking gssapi.h usability... yes
checking gssapi.h presence... yes
checking for gssapi.h... yes
checking for res_search in -lresolv... (cached) no
checking for gss_unwrap in -lgssapi... no
checking for krb5int_getspecific in -lkrb5support... yes
checking for gss_unwrap in -lgssapi_krb5... yes
checking GSSAPI... with implementation mit
checking for res_search in -lresolv... (cached) no
checking for gsskrb5_register_acceptor_identity... no
checking sasl/sasl.h usability... yes
checking sasl/sasl.h presence... yes
checking for sasl/sasl.h... yes
checking sasl/saslutil.h usability... yes
checking sasl/saslutil.h presence... yes
checking for sasl/saslutil.h... yes
checking for prop_get in -lsasl2... yes
checking for sasl_checkapop in -lsasl2... yes
checking for /usr/bin/perl... no
checking for perl... perl
checking for perl cccdlflags needed on "linux-gnu"... -fPIC
checking for request_init in -lwrap... yes
checking tcpd.h usability... yes
checking tcpd.h presence... yes
checking for tcpd.h... yes
checking libwrap support... yes
checking for yp_get_default_domain in -lnsl... yes
checking for CU_initialize_registry in -lcunit... yes
checking CUnit/CUnit.h usability... yes
checking CUnit/CUnit.h presence... yes
checking for CUnit/CUnit.h... yes
checking valgrind/valgrind.h usability... no
checking valgrind/valgrind.h presence... no
checking for valgrind/valgrind.h... no
configure: creating ./config.status
config.status: creating Makefile
config.status: creating perl/annotator/Makefile.PL
config.status: creating perl/imap/Makefile.PL
config.status: creating perl/sieve/managesieve/Makefile.PL
config.status: creating config.h
config.status: executing depfiles commands
config.status: executing perl/annotator/Makefile commands
Writing Makefile for Cyrus::Annotator::Daemon
Writing MYMETA.yml
config.status: executing perl/imap/Makefile commands
Writing Makefile for Cyrus::IMAP
Writing MYMETA.yml
config.status: executing perl/sieve/managesieve/Makefile commands
Writing Makefile for Cyrus::SIEVE::managesieve
Writing MYMETA.yml
+ make clean
Making clean in perl/sieve/managesieve
make[1]: Entering directory `/home/kanarip/devel/src/kolab/cyrus-imapd.git/perl/sieve/managesieve'
rm -f \
  *.a core \
  core.[0-9] blib/arch/auto/Cyrus/SIEVE/managesieve/extralibs.all \
  core.[0-9][0-9] managesieve.bso \
  pm_to_blib.ts core.[0-9][0-9][0-9][0-9] \
  MYMETA.yml managesieve.x \
  managesieve.bs perl \
  tmon.out *.o \
  pm_to_blib blib/arch/auto/Cyrus/SIEVE/managesieve/extralibs.ld \
  blibdirs.ts core.[0-9][0-9][0-9][0-9][0-9] \
  *perl.core core.*perl.*.? \
  Makefile.aperl managesieve.def \
  perl core.[0-9][0-9][0-9] \
  mon.out libmanagesieve.def \
  perlmain.c perl.exe \
  so_locations managesieve.c \
  managesieve.exp 
rm -rf \
  blib 
mv Makefile Makefile > /dev/null 2>&1
make[1]: [clean] Error 1 (ignored)
make[1]: Leaving directory `/home/kanarip/devel/src/kolab/cyrus-imapd.git/perl/sieve/managesieve'
Making clean in perl/imap
make[1]: Entering directory `/home/kanarip/devel/src/kolab/cyrus-imapd.git/perl/imap'
rm -f \
  *.a core \
  core.[0-9] blib/arch/auto/Cyrus/IMAP/extralibs.all \
  core.[0-9][0-9] IMAP.bso \
  IMAP.c pm_to_blib.ts \
  core.[0-9][0-9][0-9][0-9] MYMETA.yml \
  IMAP.x IMAP.bs \
  perl tmon.out \
  *.o pm_to_blib \
  blib/arch/auto/Cyrus/IMAP/extralibs.ld blibdirs.ts \
  core.[0-9][0-9][0-9][0-9][0-9] *perl.core \
  core.*perl.*.? Makefile.aperl \
  IMAP.def perl \
  core.[0-9][0-9][0-9] mon.out \
  libIMAP.def perlmain.c \
  perl.exe so_locations \
  IMAP.exp 
rm -rf \
  cyradm blib \
  libcyrperl.a 
mv Makefile Makefile > /dev/null 2>&1
make[1]: [clean] Error 1 (ignored)
make[1]: Leaving directory `/home/kanarip/devel/src/kolab/cyrus-imapd.git/perl/imap'
Making clean in perl/annotator
make[1]: Entering directory `/home/kanarip/devel/src/kolab/cyrus-imapd.git/perl/annotator'
rm -f \
  *.a core \
  core.[0-9] blib/arch/auto/Cyrus/Annotator/Daemon/extralibs.all \
  core.[0-9][0-9] Daemon.bso \
  pm_to_blib.ts core.[0-9][0-9][0-9][0-9] \
  MYMETA.yml Daemon.x \
   perl \
  tmon.out *.o \
  pm_to_blib blib/arch/auto/Cyrus/Annotator/Daemon/extralibs.ld \
  blibdirs.ts core.[0-9][0-9][0-9][0-9][0-9] \
  *perl.core core.*perl.*.? \
  Makefile.aperl perl \
  Daemon.def core.[0-9][0-9][0-9] \
  mon.out libDaemon.def \
  perlmain.c perl.exe \
  so_locations Daemon.exp 
rm -rf \
  blib 
mv Makefile Makefile > /dev/null 2>&1
make[1]: [clean] Error 1 (ignored)
make[1]: Leaving directory `/home/kanarip/devel/src/kolab/cyrus-imapd.git/perl/annotator'
Making clean in .
make[1]: Entering directory `/home/kanarip/devel/src/kolab/cyrus-imapd.git'
test -z "imtest/imtest" || rm -f imtest/imtest
test -z "" || rm -f 
test -z "notifyd/notifytest sieve/test cunit/unit" || rm -f notifyd/notifytest sieve/test cunit/unit
test -z "cunit/registers.h cunit/default.cunit" || rm -f cunit/registers.h cunit/default.cunit
test -z "lib/libcyrus.a lib/libcyrus_min.a sieve/libsieve.a" || rm -f lib/libcyrus.a lib/libcyrus_min.a sieve/libsieve.a
test -z " imap/libimap.a perl/sieve/lib/libisieve.a" || rm -f  imap/libimap.a perl/sieve/lib/libisieve.a
test -z "doc/text/htmlstrip" || rm -f doc/text/htmlstrip
test -z "imap/arbitron imap/chk_cyrus imap/ctl_cyrusdb imap/ctl_deliver imap/ctl_mboxlist imap/cvt_cyrusdb imap/cyr_df imap/cyrdump imap/cyr_dbtool imap/cyr_expire imap/cyr_info imap/cyr_sequence imap/cyr_synclog imap/cyr_userseen imap/deliver imap/fetchnews imap/fud imap/idled imap/imapd imap/ipurge imap/lmtpd imap/mbexamine imap/mbpath imap/mbtool imap/mupdate imap/nntpd imap/pop3d imap/quota imap/reconstruct imap/smmapd imap/squatter imap/sync_client imap/sync_reset imap/sync_server imap/tls_prune imap/unexpunge master/master  notifyd/notifyd  sieve/sievec sieve/sieved timsieved/timsieved" || rm -f imap/arbitron imap/chk_cyrus imap/ctl_cyrusdb imap/ctl_deliver imap/ctl_mboxlist imap/cvt_cyrusdb imap/cyr_df imap/cyrdump imap/cyr_dbtool imap/cyr_expire imap/cyr_info imap/cyr_sequence imap/cyr_synclog imap/cyr_userseen imap/deliver imap/fetchnews imap/fud imap/idled imap/imapd imap/ipurge imap/lmtpd imap/mbexamine imap/mbpath imap/mbtool imap/mupdate imap/nntpd imap/pop3d imap/quota imap/reconstruct imap/smmapd imap/squatter imap/sync_client imap/sync_reset imap/sync_server imap/tls_prune imap/unexpunge master/master  notifyd/notifyd  sieve/sievec sieve/sieved timsieved/timsieved
rm -f *.o
rm -f com_err/et/com_err.o
rm -f com_err/et/error_message.o
rm -f com_err/et/et_name.o
rm -f com_err/et/init_et.o
rm -f cunit/annotate.o
rm -f cunit/backend.o
rm -f cunit/binhex.o
rm -f cunit/buf.o
rm -f cunit/charset.o
rm -f cunit/crc32.o
rm -f cunit/db.o
rm -f cunit/dlist.o
rm -f cunit/duplicate.o
rm -f cunit/getxstring.o
rm -f cunit/glob.o
rm -f cunit/guid.o
rm -f cunit/hash.o
rm -f cunit/imapurl.o
rm -f cunit/mboxname.o
rm -f cunit/md5.o
rm -f cunit/message.o
rm -f cunit/msgid.o
rm -f cunit/parse.o
rm -f cunit/parseaddr.o
rm -f cunit/prot.o
rm -f cunit/ptrarray.o
rm -f cunit/quota.o
rm -f cunit/sieve.o
rm -f cunit/spool.o
rm -f cunit/squat.o
rm -f cunit/strarray.o
rm -f cunit/strconcat.o
rm -f cunit/syslog.o
rm -f cunit/timeout.o
rm -f cunit/times.o
rm -f cunit/tok.o
rm -f cunit/unit.o
rm -f doc/text/htmlstrip.o
rm -f imap/annotate.o
rm -f imap/append.o
rm -f imap/arbitron.o
rm -f imap/backend.o
rm -f imap/chk_cyrus.o
rm -f imap/cli_fatal.o
rm -f imap/convert_code.o
rm -f imap/ctl_cyrusdb.o
rm -f imap/ctl_deliver.o
rm -f imap/ctl_mboxlist.o
rm -f imap/cvt_cyrusdb.o
rm -f imap/cyr_dbtool.o
rm -f imap/cyr_df.o
rm -f imap/cyr_expire.o
rm -f imap/cyr_info.o
rm -f imap/cyr_sequence.o
rm -f imap/cyr_synclog.o
rm -f imap/cyr_userseen.o
rm -f imap/cyrdump.o
rm -f imap/deliver.o
rm -f imap/dlist.o
rm -f imap/duplicate.o
rm -f imap/fetchnews.o
rm -f imap/fud.o
rm -f imap/global.o
rm -f imap/idle.o
rm -f imap/idled.o
rm -f imap/idlemsg.o
rm -f imap/imap_err.o
rm -f imap/imap_proxy.o
rm -f imap/imapd.o
rm -f imap/imapparse.o
rm -f imap/index.o
rm -f imap/ipurge.o
rm -f imap/lmtp_sieve.o
rm -f imap/lmtpd.o
rm -f imap/lmtpengine.o
rm -f imap/lmtpstats.o
rm -f imap/mailbox.o
rm -f imap/mbdump.o
rm -f imap/mbexamine.o
rm -f imap/mboxkey.o
rm -f imap/mboxlist.o
rm -f imap/mboxname.o
rm -f imap/mbpath.o
rm -f imap/mbtool.o
rm -f imap/message.o
rm -f imap/message_guid.o
rm -f imap/mupdate-client.o
rm -f imap/mupdate-slave.o
rm -f imap/mupdate.o
rm -f imap/mupdate_err.o
rm -f imap/mutex_fake.o
rm -f imap/mutex_pthread.o
rm -f imap/nntp_err.o
rm -f imap/nntpd.o
rm -f imap/notify.o
rm -f imap/pop3d.o
rm -f imap/proc.o
rm -f imap/proxy.o
rm -f imap/pushstats.o
rm -f imap/quota.o
rm -f imap/quota_db.o
rm -f imap/reconstruct.o
rm -f imap/rfc822_header.o
rm -f imap/saslclient.o
rm -f imap/saslserver.o
rm -f imap/search_engines.o
rm -f imap/seen_db.o
rm -f imap/sequence.o
rm -f imap/setproctitle.o
rm -f imap/smmapd.o
rm -f imap/smtpclient.o
rm -f imap/spool.o
rm -f imap/squat.o
rm -f imap/squat_build.o
rm -f imap/squat_internal.o
rm -f imap/squatter.o
rm -f imap/statuscache_db.o
rm -f imap/sync_client.o
rm -f imap/sync_log.o
rm -f imap/sync_reset.o
rm -f imap/sync_server.o
rm -f imap/sync_support.o
rm -f imap/telemetry.o
rm -f imap/tls.o
rm -f imap/tls_prune.o
rm -f imap/unexpunge.o
rm -f imap/upgrade_index.o
rm -f imap/user.o
rm -f imap/userdeny_db.o
rm -f imap/version.o
rm -f imtest/imtest.o
rm -f lib/acl.o
rm -f lib/acl_afs.o
rm -f lib/assert.o
rm -f lib/auth.o
rm -f lib/auth_krb.o
rm -f lib/auth_krb5.o
rm -f lib/auth_pts.o
rm -f lib/auth_unix.o
rm -f lib/bsearch.o
rm -f lib/byteorder64.o
rm -f lib/charset.o
rm -f lib/chartable.o
rm -f lib/crc32.o
rm -f lib/cyrusdb.o
rm -f lib/cyrusdb_berkeley.o
rm -f lib/cyrusdb_flat.o
rm -f lib/cyrusdb_quotalegacy.o
rm -f lib/cyrusdb_skiplist.o
rm -f lib/cyrusdb_sql.o
rm -f lib/cyrusdb_twoskip.o
rm -f lib/getaddrinfo.o
rm -f lib/getnameinfo.o
rm -f lib/glob.o
rm -f lib/gmtoff_gmtime.o
rm -f lib/gmtoff_tm.o
rm -f lib/hash.o
rm -f lib/imapopts.o
rm -f lib/imapurl.o
rm -f lib/imclient.o
rm -f lib/imparse.o
rm -f lib/iostat.o
rm -f lib/iptostring.o
rm -f lib/libconfig.o
rm -f lib/libcyr_cfg.o
rm -f lib/lock_fcntl.o
rm -f lib/lock_flock.o
rm -f lib/lsort.o
rm -f lib/map_nommap.o
rm -f lib/map_shared.o
rm -f lib/map_stupidshared.o
rm -f lib/mappedfile.o
rm -f lib/mkgmtime.o
rm -f lib/mpool.o
rm -f lib/nonblock_fcntl.o
rm -f lib/nonblock_ioctl.o
rm -f lib/parseaddr.o
rm -f lib/prot.o
rm -f lib/ptrarray.o
rm -f lib/retry.o
rm -f lib/signals.o
rm -f lib/strarray.o
rm -f lib/strhash.o
rm -f lib/stristr.o
rm -f lib/times.o
rm -f lib/tok.o
rm -f lib/util.o
rm -f lib/wildmat.o
rm -f lib/xmalloc.o
rm -f lib/xstrlcat.o
rm -f lib/xstrlcpy.o
rm -f master/cyrusMasterMIB.o
rm -f master/master.o
rm -f master/masterconf.o
rm -f master/service-thread.o
rm -f master/service.o
rm -f netnews/readconfig.o
rm -f netnews/remotepurge.o
rm -f notifyd/notify_external.o
rm -f notifyd/notify_log.o
rm -f notifyd/notify_mailto.o
rm -f notifyd/notify_null.o
rm -f notifyd/notify_zephyr.o
rm -f notifyd/notifyd.o
rm -f notifyd/notifytest.o
rm -f perl/sieve/lib/isieve.o
rm -f perl/sieve/lib/lex.o
rm -f perl/sieve/lib/mystring.o
rm -f perl/sieve/lib/request.o
rm -f ptclient/afskrb.o
rm -f ptclient/ldap.o
rm -f ptclient/ptdump.o
rm -f ptclient/ptexpire.o
rm -f ptclient/ptloader.o
rm -f sieve/addr-lex.o
rm -f sieve/addr.o
rm -f sieve/bc_dump.o
rm -f sieve/bc_emit.o
rm -f sieve/bc_eval.o
rm -f sieve/bc_generate.o
rm -f sieve/comparator.o
rm -f sieve/interp.o
rm -f sieve/message.o
rm -f sieve/script.o
rm -f sieve/sieve-lex.o
rm -f sieve/sieve.o
rm -f sieve/sieve_err.o
rm -f sieve/sievec.o
rm -f sieve/sieved.o
rm -f sieve/test.o
rm -f sieve/tree.o
rm -f timsieved/actions.o
rm -f timsieved/lex.o
rm -f timsieved/mystring.o
rm -f timsieved/parser.o
rm -f timsieved/scripttest.o
rm -f timsieved/timsieved.o
test -z "" || rm -f 
make[1]: Leaving directory `/home/kanarip/devel/src/kolab/cyrus-imapd.git'
+ make -B
 cd . && /bin/sh /home/kanarip/devel/src/kolab/cyrus-imapd.git/missing --run automake-1.11 --foreign Makefile
CDPATH="${ZSH_VERSION+.}:" && cd . && /bin/sh /home/kanarip/devel/src/kolab/cyrus-imapd.git/missing --run autoconf
/bin/sh ./config.status --recheck
running CONFIG_SHELL=/bin/sh /bin/sh ./configure --build=x86_64-koji-linux-gnu --host=x86_64-koji-linux-gnu --target=x86_64-redhat-linux-gnu --program-prefix= --prefix=/usr --exec-prefix=/usr --bindir=/usr/bin --sbindir=/usr/sbin --sysconfdir=/etc --datadir=/usr/share --includedir=/usr/include --libdir=/usr/lib64 --libexecdir=/usr/libexec --localstatedir=/var --sharedstatedir=/var/lib --mandir=/usr/share/man --infodir=/usr/share/info --enable-netscapehack --enable-idled --with-snmp --without-snmp --enable-unit-tests --enable-murder --enable-replication --enable-nntp --enable-gssapi --with-bdb-incdir=/usr/include/db4 --with-cyrus-prefix=/usr/lib/cyrus-imapd --with-extraident=Kolab-2.4.14-1.el6.kolab_2.4 --with-perl=/usr/bin/perl --with-service-path=/usr/lib/cyrus-imapd --with-syslogfacility=MAIL --with-krbimpl=mit build_alias=x86_64-koji-linux-gnu host_alias=x86_64-koji-linux-gnu target_alias=x86_64-redhat-linux-gnu CFLAGS=-O2 -g -pipe -Wall -Wp,-D_FORTIFY_SOURCE=2 -fexceptions -fstack-protector --param=ssp-buffer-size=4 -m64 -mtune=generic -fPIC LDFLAGS= -pie CPPFLAGS=-O2 -g -pipe -Wall -Wp,-D_FORTIFY_SOURCE=2 -fexceptions -fstack-protector --param=ssp-buffer-size=4 -m64 -mtune=generic -I/usr/include/et -I/usr/include/kerberosIV --no-create --no-recursion
checking build system type... x86_64-koji-linux-gnu
checking host system type... x86_64-koji-linux-gnu
checking target system type... x86_64-redhat-linux-gnu
checking for a BSD-compatible install... /usr/bin/install -c
checking whether build environment is sane... yes
checking for a thread-safe mkdir -p... /bin/mkdir -p
checking for gawk... gawk
checking whether make sets $(MAKE)... yes
checking whether to enable maintainer-specific portions of Makefiles... no
checking for x86_64-koji-linux-gnu-gcc... no
checking for gcc... gcc
checking whether the C compiler works... yes
checking for C compiler default output file name... a.out
checking for suffix of executables... 
checking whether we are cross compiling... no
checking for suffix of object files... o
checking whether we are using the GNU C compiler... yes
checking whether gcc accepts -g... yes
checking for gcc option to accept ISO C89... none needed
checking for style of include used by make... GNU
checking dependency style of gcc... gcc3
checking whether gcc and cc understand -c and -o together... yes
checking whether ln -s works... yes
checking for x86_64-koji-linux-gnu-ranlib... no
checking for ranlib... ranlib
checking whether make sets $(MAKE)... (cached) yes
checking how to run the C preprocessor... gcc -E
checking for grep that handles long lines and -e... /bin/grep
checking for egrep... /bin/grep -E
checking for ANSI C header files... yes
checking for sys/types.h... yes
checking for sys/stat.h... yes
checking for stdlib.h... yes
checking for string.h... yes
checking for memory.h... yes
checking for strings.h... yes
checking for inttypes.h... yes
checking for stdint.h... yes
checking for unistd.h... yes
checking minix/config.h usability... no
checking minix/config.h presence... no
checking for minix/config.h... no
checking whether it is safe to define __EXTENSIONS__... yes
checking for library containing strerror... none required
checking for gawk... (cached) gawk
checking for an ANSI C-conforming const... yes
checking for long file names... yes
checking for inline... inline
checking size of int... 4
checking size of long... 8
checking size of size_t... 8
checking size of off_t... 8
checking size of long long int... 8
checking size of unsigned long long int... 8
checking whether byte ordering is bigendian... no
checking for __attribute__... yes
checking if compiler supports -fPIC... yes
checking for runpath switch... -Wl,-rpath,
checking for unistd.h... (cached) yes
checking sys/select.h usability... yes
checking sys/select.h presence... yes
checking for sys/select.h... yes
checking sys/param.h usability... yes
checking sys/param.h presence... yes
checking for sys/param.h... yes
checking stdarg.h usability... yes
checking stdarg.h presence... yes
checking for stdarg.h... yes
checking for memmove... yes
checking for strcasecmp... yes
checking for ftruncate... yes
checking for strerror... yes
checking for strlcat... no
checking for strlcpy... no
checking for getgrouplist... yes
checking for fmemopen... yes
checking for pselect... yes
checking for dirent.h that defines DIR... yes
checking for library containing opendir... none required
checking for stdlib.h... (cached) yes
checking for getpassphrase... no
checking for connect... yes
checking for res_search... no
checking for dn_expand... no
checking for dns_lookup... no
checking for getaddrinfo... yes
checking for gai_strerror... yes
checking for getnameinfo... yes
checking whether you have ss_family in struct sockaddr_storage... yes
checking whether you have sa_len in struct sockaddr... no
checking sys/time.h usability... yes
checking sys/time.h presence... yes
checking for sys/time.h... yes
checking whether time.h and sys/time.h may both be included... yes
checking whether struct tm is in sys/time.h or time.h... time.h
checking for struct tm.tm_zone... yes
checking for timegm... yes
checking for vprintf... yes
checking for _doprnt... no
checking db.h usability... yes
checking db.h presence... yes
checking for db.h... yes
checking for bison... bison -y
checking for flex... flex
checking lex output file root... lex.yy
checking lex library... none needed
checking whether yytext is a pointer... no
checking pcreposix.h usability... yes
checking pcreposix.h presence... yes
checking for pcreposix.h... yes
checking for utf8 enabled pcre... yes
checking for strerror... (cached) yes
checking sys/resource.h usability... yes
checking sys/resource.h presence... yes
checking for sys/resource.h... yes
checking for setrlimit... yes
checking for getrlimit... yes
checking for daemon... yes
checking for setsid... yes
checking for shutdown... yes
checking for setproctitle... no
checking for setproctitle in -lutil... no
checking sys/pstat.h usability... no
checking sys/pstat.h presence... no
checking for sys/pstat.h... no
checking sys/sysnews.h usability... no
checking sys/sysnews.h presence... no
checking for sys/sysnews.h... no
checking for PS_STRINGS... no
checking for SCO... no
checking for setproctitle usability... yes
checking nonblocking method... fcntl
checking timezone GMT offset method... tm
checking for shared mmap... yes
checking for fcntl... yes
checking for fdatasync... yes
checking for uuid_generate in -luuid... yes
checking for sigvec... yes
checking for res_search in -lresolv... no
checking krb.h usability... no
checking krb.h presence... no
checking for krb.h... no
configure: WARNING: No Kerberos V4 found
checking for RSAPublicEncrypt in -lrsaref... no
checking for BIO_accept in -lcrypto... yes
checking for SSL_CTX_new in -lssl... yes
checking for openssl... yes
checking size of long... (cached) 8
checking what directory libraries are found in... lib64
checking zlib.h usability... yes
checking zlib.h presence... yes
checking for zlib.h... yes
checking for deflate in -lz... yes
checking for zlib... yes
checking for ZInitialize in -lzephyr... no
checking sys/sockio.h usability... no
checking sys/sockio.h presence... no
checking for sys/sockio.h... no
checking for com_err in -lcom_err... yes
checking et/com_err.h usability... yes
checking et/com_err.h presence... yes
checking for et/com_err.h... yes
checking for compile_et... /usr/bin/compile_et
checking for modern syslog... yes
checking which syslog facility to use... LOG_MAIL
checking for getdtablesize... yes
checking to use old sieve service name... no
checking for dlopen... no
checking for dlopen in -ldl... yes
checking for crypt... no
checking for crypt in -lcrypt... yes
checking gssapi.h usability... yes
checking gssapi.h presence... yes
checking for gssapi.h... yes
checking for res_search in -lresolv... (cached) no
checking for gss_unwrap in -lgssapi... no
checking for krb5int_getspecific in -lkrb5support... yes
checking for gss_unwrap in -lgssapi_krb5... yes
checking GSSAPI... with implementation mit
checking for res_search in -lresolv... (cached) no
checking for gsskrb5_register_acceptor_identity... no
checking sasl/sasl.h usability... yes
checking sasl/sasl.h presence... yes
checking for sasl/sasl.h... yes
checking sasl/saslutil.h usability... yes
checking sasl/saslutil.h presence... yes
checking for sasl/saslutil.h... yes
checking for prop_get in -lsasl2... yes
checking for sasl_checkapop in -lsasl2... yes
checking for /usr/bin/perl... no
checking for perl... perl
checking for perl cccdlflags needed on "linux-gnu"... -fPIC
checking for request_init in -lwrap... yes
checking tcpd.h usability... yes
checking tcpd.h presence... yes
checking for tcpd.h... yes
checking libwrap support... yes
checking for yp_get_default_domain in -lnsl... yes
checking for CU_initialize_registry in -lcunit... yes
checking CUnit/CUnit.h usability... yes
checking CUnit/CUnit.h presence... yes
checking for CUnit/CUnit.h... yes
checking valgrind/valgrind.h usability... no
checking valgrind/valgrind.h presence... no
checking for valgrind/valgrind.h... no
configure: creating ./config.status
 /bin/sh ./config.status
config.status: creating Makefile
config.status: creating perl/annotator/Makefile.PL
config.status: creating perl/imap/Makefile.PL
config.status: creating perl/sieve/managesieve/Makefile.PL
config.status: creating config.h
config.status: config.h is unchanged
config.status: executing depfiles commands
config.status: executing perl/annotator/Makefile commands
Writing Makefile for Cyrus::Annotator::Daemon
Writing MYMETA.yml
config.status: executing perl/imap/Makefile commands
Writing Makefile for Cyrus::IMAP
Writing MYMETA.yml
config.status: executing perl/sieve/managesieve/Makefile commands
Writing Makefile for Cyrus::SIEVE::managesieve
Writing MYMETA.yml
fatal: ambiguous argument 'cyrus-imapd-2.5..HEAD': unknown revision or path not in the working tree.
Use '--' to separate paths from revisions
./tools/config2header CC="gcc" ./lib/imapopts.c ./lib/imapopts.h < ./lib/imapoptions
cd imap && /usr/bin/compile_et .././imap/imap_err.et
cd imap && /usr/bin/compile_et .././imap/mupdate_err.et
cd imap && /usr/bin/compile_et .././imap/nntp_err.et
cd imap && .././snmp/snmpgen .././imap/lmtpstats.snmp
basename lmtpstats
cd imap && .././snmp/snmpgen .././imap/pushstats.snmp
basename pushstats
test -f sieve/addr.c || /bin/sh ./ylwrap sieve/addr.y y.tab.c sieve/addr.c y.tab.h sieve/addr.h y.output sieve/addr.output -- bison -y  
test -f sieve/sieve.c || /bin/sh ./ylwrap sieve/sieve.y y.tab.c sieve/sieve.c y.tab.h sieve/sieve.h y.output sieve/sieve.output -- bison -y  
cd sieve && /usr/bin/compile_et .././sieve/sieve_err.et
rm -f cunit/default.cunit
cunit/cunit.pl --project cunit/default.cunit --add-sources cunit/annotate.testc cunit/backend.testc cunit/binhex.testc cunit/buf.testc cunit/charset.testc cunit/crc32.testc cunit/db.testc cunit/dlist.testc cunit/duplicate.testc cunit/getxstring.testc cunit/glob.testc cunit/guid.testc cunit/hash.testc cunit/imapurl.testc cunit/mboxname.testc cunit/md5.testc cunit/message.testc cunit/msgid.testc cunit/parseaddr.testc cunit/parse.testc cunit/prot.testc cunit/ptrarray.testc cunit/quota.testc cunit/sieve.testc cunit/spool.testc cunit/squat.testc cunit/strarray.testc cunit/strconcat.testc cunit/times.testc cunit/tok.testc
cunit/cunit.pl --project cunit/default.cunit --generate-register-function cunit/registers.h
(CDPATH="${ZSH_VERSION+.}:" && cd . && /bin/sh /home/kanarip/devel/src/kolab/cyrus-imapd.git/missing --run autoheader)
rm -f stamp-h1
touch config.h.in
cd . && /bin/sh ./config.status config.h
config.status: creating config.h
config.status: config.h is unchanged
make  all-recursive
make[1]: Entering directory `/home/kanarip/devel/src/kolab/cyrus-imapd.git'
 cd . && /bin/sh /home/kanarip/devel/src/kolab/cyrus-imapd.git/missing --run automake-1.11 --foreign Makefile
CDPATH="${ZSH_VERSION+.}:" && cd . && /bin/sh /home/kanarip/devel/src/kolab/cyrus-imapd.git/missing --run autoconf
/bin/sh ./config.status --recheck
running CONFIG_SHELL=/bin/sh /bin/sh ./configure --build=x86_64-koji-linux-gnu --host=x86_64-koji-linux-gnu --target=x86_64-redhat-linux-gnu --program-prefix= --prefix=/usr --exec-prefix=/usr --bindir=/usr/bin --sbindir=/usr/sbin --sysconfdir=/etc --datadir=/usr/share --includedir=/usr/include --libdir=/usr/lib64 --libexecdir=/usr/libexec --localstatedir=/var --sharedstatedir=/var/lib --mandir=/usr/share/man --infodir=/usr/share/info --enable-netscapehack --enable-idled --with-snmp --without-snmp --enable-unit-tests --enable-murder --enable-replication --enable-nntp --enable-gssapi --with-bdb-incdir=/usr/include/db4 --with-cyrus-prefix=/usr/lib/cyrus-imapd --with-extraident=Kolab-2.4.14-1.el6.kolab_2.4 --with-perl=/usr/bin/perl --with-service-path=/usr/lib/cyrus-imapd --with-syslogfacility=MAIL --with-krbimpl=mit build_alias=x86_64-koji-linux-gnu host_alias=x86_64-koji-linux-gnu target_alias=x86_64-redhat-linux-gnu CFLAGS=-O2 -g -pipe -Wall -Wp,-D_FORTIFY_SOURCE=2 -fexceptions -fstack-protector --param=ssp-buffer-size=4 -m64 -mtune=generic -fPIC LDFLAGS= -pie CPPFLAGS=-O2 -g -pipe -Wall -Wp,-D_FORTIFY_SOURCE=2 -fexceptions -fstack-protector --param=ssp-buffer-size=4 -m64 -mtune=generic -I/usr/include/et -I/usr/include/kerberosIV --no-create --no-recursion
checking build system type... x86_64-koji-linux-gnu
checking host system type... x86_64-koji-linux-gnu
checking target system type... x86_64-redhat-linux-gnu
checking for a BSD-compatible install... /usr/bin/install -c
checking whether build environment is sane... yes
checking for a thread-safe mkdir -p... /bin/mkdir -p
checking for gawk... gawk
checking whether make sets $(MAKE)... yes
checking whether to enable maintainer-specific portions of Makefiles... no
checking for x86_64-koji-linux-gnu-gcc... no
checking for gcc... gcc
checking whether the C compiler works... yes
checking for C compiler default output file name... a.out
checking for suffix of executables... 
checking whether we are cross compiling... no
checking for suffix of object files... o
checking whether we are using the GNU C compiler... yes
checking whether gcc accepts -g... yes
checking for gcc option to accept ISO C89... none needed
checking for style of include used by make... GNU
checking dependency style of gcc... gcc3
checking whether gcc and cc understand -c and -o together... yes
checking whether ln -s works... yes
checking for x86_64-koji-linux-gnu-ranlib... no
checking for ranlib... ranlib
checking whether make sets $(MAKE)... (cached) yes
checking how to run the C preprocessor... gcc -E
checking for grep that handles long lines and -e... /bin/grep
checking for egrep... /bin/grep -E
checking for ANSI C header files... yes
checking for sys/types.h... yes
checking for sys/stat.h... yes
checking for stdlib.h... yes
checking for string.h... yes
checking for memory.h... yes
checking for strings.h... yes
checking for inttypes.h... yes
checking for stdint.h... yes
checking for unistd.h... yes
checking minix/config.h usability... no
checking minix/config.h presence... no
checking for minix/config.h... no
checking whether it is safe to define __EXTENSIONS__... yes
checking for library containing strerror... none required
checking for gawk... (cached) gawk
checking for an ANSI C-conforming const... yes
checking for long file names... yes
checking for inline... inline
checking size of int... 4
checking size of long... 8
checking size of size_t... 8
checking size of off_t... 8
checking size of long long int... 8
checking size of unsigned long long int... 8
checking whether byte ordering is bigendian... no
checking for __attribute__... yes
checking if compiler supports -fPIC... yes
checking for runpath switch... -Wl,-rpath,
checking for unistd.h... (cached) yes
checking sys/select.h usability... yes
checking sys/select.h presence... yes
checking for sys/select.h... yes
checking sys/param.h usability... yes
checking sys/param.h presence... yes
checking for sys/param.h... yes
checking stdarg.h usability... yes
checking stdarg.h presence... yes
checking for stdarg.h... yes
checking for memmove... yes
checking for strcasecmp... yes
checking for ftruncate... yes
checking for strerror... yes
checking for strlcat... no
checking for strlcpy... no
checking for getgrouplist... yes
checking for fmemopen... yes
checking for pselect... yes
checking for dirent.h that defines DIR... yes
checking for library containing opendir... none required
checking for stdlib.h... (cached) yes
checking for getpassphrase... no
checking for connect... yes
checking for res_search... no
checking for dn_expand... no
checking for dns_lookup... no
checking for getaddrinfo... yes
checking for gai_strerror... yes
checking for getnameinfo... yes
checking whether you have ss_family in struct sockaddr_storage... yes
checking whether you have sa_len in struct sockaddr... no
checking sys/time.h usability... yes
checking sys/time.h presence... yes
checking for sys/time.h... yes
checking whether time.h and sys/time.h may both be included... yes
checking whether struct tm is in sys/time.h or time.h... time.h
checking for struct tm.tm_zone... yes
checking for timegm... yes
checking for vprintf... yes
checking for _doprnt... no
checking db.h usability... yes
checking db.h presence... yes
checking for db.h... yes
checking for bison... bison -y
checking for flex... flex
checking lex output file root... lex.yy
checking lex library... none needed
checking whether yytext is a pointer... no
checking pcreposix.h usability... yes
checking pcreposix.h presence... yes
checking for pcreposix.h... yes
checking for utf8 enabled pcre... yes
checking for strerror... (cached) yes
checking sys/resource.h usability... yes
checking sys/resource.h presence... yes
checking for sys/resource.h... yes
checking for setrlimit... yes
checking for getrlimit... yes
checking for daemon... yes
checking for setsid... yes
checking for shutdown... yes
checking for setproctitle... no
checking for setproctitle in -lutil... no
checking sys/pstat.h usability... no
checking sys/pstat.h presence... no
checking for sys/pstat.h... no
checking sys/sysnews.h usability... no
checking sys/sysnews.h presence... no
checking for sys/sysnews.h... no
checking for PS_STRINGS... no
checking for SCO... no
checking for setproctitle usability... yes
checking nonblocking method... fcntl
checking timezone GMT offset method... tm
checking for shared mmap... yes
checking for fcntl... yes
checking for fdatasync... yes
checking for uuid_generate in -luuid... yes
checking for sigvec... yes
checking for res_search in -lresolv... no
checking krb.h usability... no
checking krb.h presence... no
checking for krb.h... no
configure: WARNING: No Kerberos V4 found
checking for RSAPublicEncrypt in -lrsaref... no
checking for BIO_accept in -lcrypto... yes
checking for SSL_CTX_new in -lssl... yes
checking for openssl... yes
checking size of long... (cached) 8
checking what directory libraries are found in... lib64
checking zlib.h usability... yes
checking zlib.h presence... yes
checking for zlib.h... yes
checking for deflate in -lz... yes
checking for zlib... yes
checking for ZInitialize in -lzephyr... no
checking sys/sockio.h usability... no
checking sys/sockio.h presence... no
checking for sys/sockio.h... no
checking for com_err in -lcom_err... yes
checking et/com_err.h usability... yes
checking et/com_err.h presence... yes
checking for et/com_err.h... yes
checking for compile_et... /usr/bin/compile_et
checking for modern syslog... yes
checking which syslog facility to use... LOG_MAIL
checking for getdtablesize... yes
checking to use old sieve service name... no
checking for dlopen... no
checking for dlopen in -ldl... yes
checking for crypt... no
checking for crypt in -lcrypt... yes
checking gssapi.h usability... yes
checking gssapi.h presence... yes
checking for gssapi.h... yes
checking for res_search in -lresolv... (cached) no
checking for gss_unwrap in -lgssapi... no
checking for krb5int_getspecific in -lkrb5support... yes
checking for gss_unwrap in -lgssapi_krb5... yes
checking GSSAPI... with implementation mit
checking for res_search in -lresolv... (cached) no
checking for gsskrb5_register_acceptor_identity... no
checking sasl/sasl.h usability... yes
checking sasl/sasl.h presence... yes
checking for sasl/sasl.h... yes
checking sasl/saslutil.h usability... yes
checking sasl/saslutil.h presence... yes
checking for sasl/saslutil.h... yes
checking for prop_get in -lsasl2... yes
checking for sasl_checkapop in -lsasl2... yes
checking for /usr/bin/perl... no
checking for perl... perl
checking for perl cccdlflags needed on "linux-gnu"... -fPIC
checking for request_init in -lwrap... yes
checking tcpd.h usability... yes
checking tcpd.h presence... yes
checking for tcpd.h... yes
checking libwrap support... yes
checking for yp_get_default_domain in -lnsl... yes
checking for CU_initialize_registry in -lcunit... yes
checking CUnit/CUnit.h usability... yes
checking CUnit/CUnit.h presence... yes
checking for CUnit/CUnit.h... yes
checking valgrind/valgrind.h usability... no
checking valgrind/valgrind.h presence... no
checking for valgrind/valgrind.h... no
configure: creating ./config.status
 /bin/sh ./config.status
config.status: creating Makefile
config.status: creating perl/annotator/Makefile.PL
config.status: creating perl/imap/Makefile.PL
config.status: creating perl/sieve/managesieve/Makefile.PL
config.status: creating config.h
config.status: config.h is unchanged
config.status: executing depfiles commands
config.status: executing perl/annotator/Makefile commands
Writing Makefile for Cyrus::Annotator::Daemon
Writing MYMETA.yml
config.status: executing perl/imap/Makefile commands
Writing Makefile for Cyrus::IMAP
Writing MYMETA.yml
config.status: executing perl/sieve/managesieve/Makefile commands
Writing Makefile for Cyrus::SIEVE::managesieve
Writing MYMETA.yml
make[1]: Leaving directory `/home/kanarip/devel/src/kolab/cyrus-imapd.git'
make[1]: Entering directory `/home/kanarip/devel/src/kolab/cyrus-imapd.git'
Making all in .
make[2]: Entering directory `/home/kanarip/devel/src/kolab/cyrus-imapd.git'
 cd . && /bin/sh /home/kanarip/devel/src/kolab/cyrus-imapd.git/missing --run automake-1.11 --foreign Makefile
CDPATH="${ZSH_VERSION+.}:" && cd . && /bin/sh /home/kanarip/devel/src/kolab/cyrus-imapd.git/missing --run autoconf
/bin/sh ./config.status --recheck
running CONFIG_SHELL=/bin/sh /bin/sh ./configure --build=x86_64-koji-linux-gnu --host=x86_64-koji-linux-gnu --target=x86_64-redhat-linux-gnu --program-prefix= --prefix=/usr --exec-prefix=/usr --bindir=/usr/bin --sbindir=/usr/sbin --sysconfdir=/etc --datadir=/usr/share --includedir=/usr/include --libdir=/usr/lib64 --libexecdir=/usr/libexec --localstatedir=/var --sharedstatedir=/var/lib --mandir=/usr/share/man --infodir=/usr/share/info --enable-netscapehack --enable-idled --with-snmp --without-snmp --enable-unit-tests --enable-murder --enable-replication --enable-nntp --enable-gssapi --with-bdb-incdir=/usr/include/db4 --with-cyrus-prefix=/usr/lib/cyrus-imapd --with-extraident=Kolab-2.4.14-1.el6.kolab_2.4 --with-perl=/usr/bin/perl --with-service-path=/usr/lib/cyrus-imapd --with-syslogfacility=MAIL --with-krbimpl=mit build_alias=x86_64-koji-linux-gnu host_alias=x86_64-koji-linux-gnu target_alias=x86_64-redhat-linux-gnu CFLAGS=-O2 -g -pipe -Wall -Wp,-D_FORTIFY_SOURCE=2 -fexceptions -fstack-protector --param=ssp-buffer-size=4 -m64 -mtune=generic -fPIC LDFLAGS= -pie CPPFLAGS=-O2 -g -pipe -Wall -Wp,-D_FORTIFY_SOURCE=2 -fexceptions -fstack-protector --param=ssp-buffer-size=4 -m64 -mtune=generic -I/usr/include/et -I/usr/include/kerberosIV --no-create --no-recursion
checking build system type... x86_64-koji-linux-gnu
checking host system type... x86_64-koji-linux-gnu
checking target system type... x86_64-redhat-linux-gnu
checking for a BSD-compatible install... /usr/bin/install -c
checking whether build environment is sane... yes
checking for a thread-safe mkdir -p... /bin/mkdir -p
checking for gawk... gawk
checking whether make sets $(MAKE)... yes
checking whether to enable maintainer-specific portions of Makefiles... no
checking for x86_64-koji-linux-gnu-gcc... no
checking for gcc... gcc
checking whether the C compiler works... yes
checking for C compiler default output file name... a.out
checking for suffix of executables... 
checking whether we are cross compiling... no
checking for suffix of object files... o
checking whether we are using the GNU C compiler... yes
checking whether gcc accepts -g... yes
checking for gcc option to accept ISO C89... none needed
checking for style of include used by make... GNU
checking dependency style of gcc... gcc3
checking whether gcc and cc understand -c and -o together... yes
checking whether ln -s works... yes
checking for x86_64-koji-linux-gnu-ranlib... no
checking for ranlib... ranlib
checking whether make sets $(MAKE)... (cached) yes
checking how to run the C preprocessor... gcc -E
checking for grep that handles long lines and -e... /bin/grep
checking for egrep... /bin/grep -E
checking for ANSI C header files... yes
checking for sys/types.h... yes
checking for sys/stat.h... yes
checking for stdlib.h... yes
checking for string.h... yes
checking for memory.h... yes
checking for strings.h... yes
checking for inttypes.h... yes
checking for stdint.h... yes
checking for unistd.h... yes
checking minix/config.h usability... no
checking minix/config.h presence... no
checking for minix/config.h... no
checking whether it is safe to define __EXTENSIONS__... yes
checking for library containing strerror... none required
checking for gawk... (cached) gawk
checking for an ANSI C-conforming const... yes
checking for long file names... yes
checking for inline... inline
checking size of int... 4
checking size of long... 8
checking size of size_t... 8
checking size of off_t... 8
checking size of long long int... 8
checking size of unsigned long long int... 8
checking whether byte ordering is bigendian... no
checking for __attribute__... yes
checking if compiler supports -fPIC... yes
checking for runpath switch... -Wl,-rpath,
checking for unistd.h... (cached) yes
checking sys/select.h usability... yes
checking sys/select.h presence... yes
checking for sys/select.h... yes
checking sys/param.h usability... yes
checking sys/param.h presence... yes
checking for sys/param.h... yes
checking stdarg.h usability... yes
checking stdarg.h presence... yes
checking for stdarg.h... yes
checking for memmove... yes
checking for strcasecmp... yes
checking for ftruncate... yes
checking for strerror... yes
checking for strlcat... no
checking for strlcpy... no
checking for getgrouplist... yes
checking for fmemopen... yes
checking for pselect... yes
checking for dirent.h that defines DIR... yes
checking for library containing opendir... none required
checking for stdlib.h... (cached) yes
checking for getpassphrase... no
checking for connect... yes
checking for res_search... no
checking for dn_expand... no
checking for dns_lookup... no
checking for getaddrinfo... yes
checking for gai_strerror... yes
checking for getnameinfo... yes
checking whether you have ss_family in struct sockaddr_storage... yes
checking whether you have sa_len in struct sockaddr... no
checking sys/time.h usability... yes
checking sys/time.h presence... yes
checking for sys/time.h... yes
checking whether time.h and sys/time.h may both be included... yes
checking whether struct tm is in sys/time.h or time.h... time.h
checking for struct tm.tm_zone... yes
checking for timegm... yes
checking for vprintf... yes
checking for _doprnt... no
checking db.h usability... yes
checking db.h presence... yes
checking for db.h... yes
checking for bison... bison -y
checking for flex... flex
checking lex output file root... lex.yy
checking lex library... none needed
checking whether yytext is a pointer... no
checking pcreposix.h usability... yes
checking pcreposix.h presence... yes
checking for pcreposix.h... yes
checking for utf8 enabled pcre... yes
checking for strerror... (cached) yes
checking sys/resource.h usability... yes
checking sys/resource.h presence... yes
checking for sys/resource.h... yes
checking for setrlimit... yes
checking for getrlimit... yes
checking for daemon... yes
checking for setsid... yes
checking for shutdown... yes
checking for setproctitle... no
checking for setproctitle in -lutil... no
checking sys/pstat.h usability... no
checking sys/pstat.h presence... no
checking for sys/pstat.h... no
checking sys/sysnews.h usability... no
checking sys/sysnews.h presence... no
checking for sys/sysnews.h... no
checking for PS_STRINGS... no
checking for SCO... no
checking for setproctitle usability... yes
checking nonblocking method... fcntl
checking timezone GMT offset method... tm
checking for shared mmap... yes
checking for fcntl... yes
checking for fdatasync... yes
checking for uuid_generate in -luuid... yes
checking for sigvec... yes
checking for res_search in -lresolv... no
checking krb.h usability... no
checking krb.h presence... no
checking for krb.h... no
configure: WARNING: No Kerberos V4 found
checking for RSAPublicEncrypt in -lrsaref... no
checking for BIO_accept in -lcrypto... yes
checking for SSL_CTX_new in -lssl... yes
checking for openssl... yes
checking size of long... (cached) 8
checking what directory libraries are found in... lib64
checking zlib.h usability... yes
checking zlib.h presence... yes
checking for zlib.h... yes
checking for deflate in -lz... yes
checking for zlib... yes
checking for ZInitialize in -lzephyr... no
checking sys/sockio.h usability... no
checking sys/sockio.h presence... no
checking for sys/sockio.h... no
checking for com_err in -lcom_err... yes
checking et/com_err.h usability... yes
checking et/com_err.h presence... yes
checking for et/com_err.h... yes
checking for compile_et... /usr/bin/compile_et
checking for modern syslog... yes
checking which syslog facility to use... LOG_MAIL
checking for getdtablesize... yes
checking to use old sieve service name... no
checking for dlopen... no
checking for dlopen in -ldl... yes
checking for crypt... no
checking for crypt in -lcrypt... yes
checking gssapi.h usability... yes
checking gssapi.h presence... yes
checking for gssapi.h... yes
checking for res_search in -lresolv... (cached) no
checking for gss_unwrap in -lgssapi... no
checking for krb5int_getspecific in -lkrb5support... yes
checking for gss_unwrap in -lgssapi_krb5... yes
checking GSSAPI... with implementation mit
checking for res_search in -lresolv... (cached) no
checking for gsskrb5_register_acceptor_identity... no
checking sasl/sasl.h usability... yes
checking sasl/sasl.h presence... yes
checking for sasl/sasl.h... yes
checking sasl/saslutil.h usability... yes
checking sasl/saslutil.h presence... yes
checking for sasl/saslutil.h... yes
checking for prop_get in -lsasl2... yes
checking for sasl_checkapop in -lsasl2... yes
checking for /usr/bin/perl... no
checking for perl... perl
checking for perl cccdlflags needed on "linux-gnu"... -fPIC
checking for request_init in -lwrap... yes
checking tcpd.h usability... yes
checking tcpd.h presence... yes
checking for tcpd.h... yes
checking libwrap support... yes
checking for yp_get_default_domain in -lnsl... yes
checking for CU_initialize_registry in -lcunit... yes
checking CUnit/CUnit.h usability... yes
checking CUnit/CUnit.h presence... yes
checking for CUnit/CUnit.h... yes
checking valgrind/valgrind.h usability... no
checking valgrind/valgrind.h presence... no
checking for valgrind/valgrind.h... no
configure: creating ./config.status
 /bin/sh ./config.status
config.status: creating Makefile
config.status: creating perl/annotator/Makefile.PL
config.status: creating perl/imap/Makefile.PL
config.status: creating perl/sieve/managesieve/Makefile.PL
config.status: creating config.h
config.status: config.h is unchanged
config.status: executing depfiles commands
config.status: executing perl/annotator/Makefile commands
Writing Makefile for Cyrus::Annotator::Daemon
Writing MYMETA.yml
config.status: executing perl/imap/Makefile commands
Writing Makefile for Cyrus::IMAP
Writing MYMETA.yml
config.status: executing perl/sieve/managesieve/Makefile commands
Writing Makefile for Cyrus::SIEVE::managesieve
Writing MYMETA.yml
make[2]: Leaving directory `/home/kanarip/devel/src/kolab/cyrus-imapd.git'
make[2]: Entering directory `/home/kanarip/devel/src/kolab/cyrus-imapd.git'
(CDPATH="${ZSH_VERSION+.}:" && cd . && /bin/sh /home/kanarip/devel/src/kolab/cyrus-imapd.git/missing --run autoheader)
rm -f stamp-h1
touch config.h.in
cd . && /bin/sh ./config.status config.h
config.status: creating config.h
config.status: config.h is unchanged
depbase=`echo lib/acl.o | sed 's|[^/]*$|.deps/&|;s|\.o$||'`;\
gcc -DHAVE_CONFIG_H -I.   -I. -I./lib -I. -I./lib -DHAVE_CONFIG_H   -O2 -g -pipe -Wall -Wp,-D_FORTIFY_SOURCE=2 -fexceptions -fstack-protector --param=ssp-buffer-size=4 -m64 -mtune=generic -I/usr/include/et -I/usr/include/kerberosIV -fPIC  -O2 -g -pipe -Wall -Wp,-D_FORTIFY_SOURCE=2 -fexceptions -fstack-protector --param=ssp-buffer-size=4 -m64 -mtune=generic -fPIC -MT lib/acl.o -MD -MP -MF $depbase.Tpo -c -o lib/acl.o lib/acl.c &&\
mv -f $depbase.Tpo $depbase.Po
depbase=`echo lib/acl_afs.o | sed 's|[^/]*$|.deps/&|;s|\.o$||'`;\
gcc -DHAVE_CONFIG_H -I.   -I. -I./lib -I. -I./lib -DHAVE_CONFIG_H   -O2 -g -pipe -Wall -Wp,-D_FORTIFY_SOURCE=2 -fexceptions -fstack-protector --param=ssp-buffer-size=4 -m64 -mtune=generic -I/usr/include/et -I/usr/include/kerberosIV -fPIC  -O2 -g -pipe -Wall -Wp,-D_FORTIFY_SOURCE=2 -fexceptions -fstack-protector --param=ssp-buffer-size=4 -m64 -mtune=generic -fPIC -MT lib/acl_afs.o -MD -MP -MF $depbase.Tpo -c -o lib/acl_afs.o lib/acl_afs.c &&\
mv -f $depbase.Tpo $depbase.Po
depbase=`echo lib/auth.o | sed 's|[^/]*$|.deps/&|;s|\.o$||'`;\
gcc -DHAVE_CONFIG_H -I.   -I. -I./lib -I. -I./lib -DHAVE_CONFIG_H   -O2 -g -pipe -Wall -Wp,-D_FORTIFY_SOURCE=2 -fexceptions -fstack-protector --param=ssp-buffer-size=4 -m64 -mtune=generic -I/usr/include/et -I/usr/include/kerberosIV -fPIC  -O2 -g -pipe -Wall -Wp,-D_FORTIFY_SOURCE=2 -fexceptions -fstack-protector --param=ssp-buffer-size=4 -m64 -mtune=generic -fPIC -MT lib/auth.o -MD -MP -MF $depbase.Tpo -c -o lib/auth.o lib/auth.c &&\
mv -f $depbase.Tpo $depbase.Po
depbase=`echo lib/auth_krb.o | sed 's|[^/]*$|.deps/&|;s|\.o$||'`;\
gcc -DHAVE_CONFIG_H -I.   -I. -I./lib -I. -I./lib -DHAVE_CONFIG_H   -O2 -g -pipe -Wall -Wp,-D_FORTIFY_SOURCE=2 -fexceptions -fstack-protector --param=ssp-buffer-size=4 -m64 -mtune=generic -I/usr/include/et -I/usr/include/kerberosIV -fPIC  -O2 -g -pipe -Wall -Wp,-D_FORTIFY_SOURCE=2 -fexceptions -fstack-protector --param=ssp-buffer-size=4 -m64 -mtune=generic -fPIC -MT lib/auth_krb.o -MD -MP -MF $depbase.Tpo -c -o lib/auth_krb.o lib/auth_krb.c &&\
mv -f $depbase.Tpo $depbase.Po
depbase=`echo lib/auth_krb5.o | sed 's|[^/]*$|.deps/&|;s|\.o$||'`;\
gcc -DHAVE_CONFIG_H -I.   -I. -I./lib -I. -I./lib -DHAVE_CONFIG_H   -O2 -g -pipe -Wall -Wp,-D_FORTIFY_SOURCE=2 -fexceptions -fstack-protector --param=ssp-buffer-size=4 -m64 -mtune=generic -I/usr/include/et -I/usr/include/kerberosIV -fPIC  -O2 -g -pipe -Wall -Wp,-D_FORTIFY_SOURCE=2 -fexceptions -fstack-protector --param=ssp-buffer-size=4 -m64 -mtune=generic -fPIC -MT lib/auth_krb5.o -MD -MP -MF $depbase.Tpo -c -o lib/auth_krb5.o lib/auth_krb5.c &&\
mv -f $depbase.Tpo $depbase.Po
depbase=`echo lib/auth_pts.o | sed 's|[^/]*$|.deps/&|;s|\.o$||'`;\
gcc -DHAVE_CONFIG_H -I.   -I. -I./lib -I. -I./lib -DHAVE_CONFIG_H   -O2 -g -pipe -Wall -Wp,-D_FORTIFY_SOURCE=2 -fexceptions -fstack-protector --param=ssp-buffer-size=4 -m64 -mtune=generic -I/usr/include/et -I/usr/include/kerberosIV -fPIC  -O2 -g -pipe -Wall -Wp,-D_FORTIFY_SOURCE=2 -fexceptions -fstack-protector --param=ssp-buffer-size=4 -m64 -mtune=generic -fPIC -MT lib/auth_pts.o -MD -MP -MF $depbase.Tpo -c -o lib/auth_pts.o lib/auth_pts.c &&\
mv -f $depbase.Tpo $depbase.Po
depbase=`echo lib/auth_unix.o | sed 's|[^/]*$|.deps/&|;s|\.o$||'`;\
gcc -DHAVE_CONFIG_H -I.   -I. -I./lib -I. -I./lib -DHAVE_CONFIG_H   -O2 -g -pipe -Wall -Wp,-D_FORTIFY_SOURCE=2 -fexceptions -fstack-protector --param=ssp-buffer-size=4 -m64 -mtune=generic -I/usr/include/et -I/usr/include/kerberosIV -fPIC  -O2 -g -pipe -Wall -Wp,-D_FORTIFY_SOURCE=2 -fexceptions -fstack-protector --param=ssp-buffer-size=4 -m64 -mtune=generic -fPIC -MT lib/auth_unix.o -MD -MP -MF $depbase.Tpo -c -o lib/auth_unix.o lib/auth_unix.c &&\
mv -f $depbase.Tpo $depbase.Po
depbase=`echo lib/bsearch.o | sed 's|[^/]*$|.deps/&|;s|\.o$||'`;\
gcc -DHAVE_CONFIG_H -I.   -I. -I./lib -I. -I./lib -DHAVE_CONFIG_H   -O2 -g -pipe -Wall -Wp,-D_FORTIFY_SOURCE=2 -fexceptions -fstack-protector --param=ssp-buffer-size=4 -m64 -mtune=generic -I/usr/include/et -I/usr/include/kerberosIV -fPIC  -O2 -g -pipe -Wall -Wp,-D_FORTIFY_SOURCE=2 -fexceptions -fstack-protector --param=ssp-buffer-size=4 -m64 -mtune=generic -fPIC -MT lib/bsearch.o -MD -MP -MF $depbase.Tpo -c -o lib/bsearch.o lib/bsearch.c &&\
mv -f $depbase.Tpo $depbase.Po
depbase=`echo lib/byteorder64.o | sed 's|[^/]*$|.deps/&|;s|\.o$||'`;\
gcc -DHAVE_CONFIG_H -I.   -I. -I./lib -I. -I./lib -DHAVE_CONFIG_H   -O2 -g -pipe -Wall -Wp,-D_FORTIFY_SOURCE=2 -fexceptions -fstack-protector --param=ssp-buffer-size=4 -m64 -mtune=generic -I/usr/include/et -I/usr/include/kerberosIV -fPIC  -O2 -g -pipe -Wall -Wp,-D_FORTIFY_SOURCE=2 -fexceptions -fstack-protector --param=ssp-buffer-size=4 -m64 -mtune=generic -fPIC -MT lib/byteorder64.o -MD -MP -MF $depbase.Tpo -c -o lib/byteorder64.o lib/byteorder64.c &&\
mv -f $depbase.Tpo $depbase.Po
depbase=`echo lib/charset.o | sed 's|[^/]*$|.deps/&|;s|\.o$||'`;\
gcc -DHAVE_CONFIG_H -I.   -I. -I./lib -I. -I./lib -DHAVE_CONFIG_H   -O2 -g -pipe -Wall -Wp,-D_FORTIFY_SOURCE=2 -fexceptions -fstack-protector --param=ssp-buffer-size=4 -m64 -mtune=generic -I/usr/include/et -I/usr/include/kerberosIV -fPIC  -O2 -g -pipe -Wall -Wp,-D_FORTIFY_SOURCE=2 -fexceptions -fstack-protector --param=ssp-buffer-size=4 -m64 -mtune=generic -fPIC -MT lib/charset.o -MD -MP -MF $depbase.Tpo -c -o lib/charset.o lib/charset.c &&\
mv -f $depbase.Tpo $depbase.Po
### Building chartables...
perl ./lib/mkchartable.pl -m ./lib/charset/unifix.txt -m ./lib/charset/UnicodeData.txt -a ./lib/charset/aliases.txt -o lib/chartable.c ./lib/charset/*.t || (rm -f lib/chartable.c && exit 1)
mkchartable: expanded unicode mappings... (522/23697)
mkchartable: building expansion table...
mkchartable: building translation table...
mkchartable: mapping ./lib/charset/big5.t...
mkchartable: mapping ./lib/charset/gb2312.t...
mkchartable: mapping ./lib/charset/iso-2022-jp.t...
mkchartable: mapping ./lib/charset/iso-2022-kr.t...
mkchartable: mapping ./lib/charset/iso-8859-10.t...
mkchartable: mapping ./lib/charset/iso-8859-11.t...
mkchartable: mapping ./lib/charset/iso-8859-13.t...
mkchartable: mapping ./lib/charset/iso-8859-14.t...
mkchartable: mapping ./lib/charset/iso-8859-15.t...
mkchartable: mapping ./lib/charset/iso-8859-16.t...
mkchartable: mapping ./lib/charset/iso-8859-1.t...
mkchartable: mapping ./lib/charset/iso-8859-2.t...
mkchartable: mapping ./lib/charset/iso-8859-3.t...
mkchartable: mapping ./lib/charset/iso-8859-4.t...
mkchartable: mapping ./lib/charset/iso-8859-5.t...
mkchartable: mapping ./lib/charset/iso-8859-6.t...
mkchartable: mapping ./lib/charset/iso-8859-7.t...
mkchartable: mapping ./lib/charset/iso-8859-8.t...
mkchartable: mapping ./lib/charset/iso-8859-9.t...
mkchartable: mapping ./lib/charset/koi8-r.t...
mkchartable: mapping ./lib/charset/us-ascii.t...
mkchartable: mapping ./lib/charset/windows-1250.t...
mkchartable: mapping ./lib/charset/windows-1251.t...
mkchartable: mapping ./lib/charset/windows-1252.t...
mkchartable: mapping ./lib/charset/windows-1255.t...
mkchartable: mapping ./lib/charset/windows-1256.t...
### Done building chartables.
depbase=`echo lib/chartable.o | sed 's|[^/]*$|.deps/&|;s|\.o$||'`;\
gcc -DHAVE_CONFIG_H -I.   -I. -I./lib -I. -I./lib -DHAVE_CONFIG_H   -O2 -g -pipe -Wall -Wp,-D_FORTIFY_SOURCE=2 -fexceptions -fstack-protector --param=ssp-buffer-size=4 -m64 -mtune=generic -I/usr/include/et -I/usr/include/kerberosIV -fPIC  -O2 -g -pipe -Wall -Wp,-D_FORTIFY_SOURCE=2 -fexceptions -fstack-protector --param=ssp-buffer-size=4 -m64 -mtune=generic -fPIC -MT lib/chartable.o -MD -MP -MF $depbase.Tpo -c -o lib/chartable.o lib/chartable.c &&\
mv -f $depbase.Tpo $depbase.Po
depbase=`echo lib/crc32.o | sed 's|[^/]*$|.deps/&|;s|\.o$||'`;\
gcc -DHAVE_CONFIG_H -I.   -I. -I./lib -I. -I./lib -DHAVE_CONFIG_H   -O2 -g -pipe -Wall -Wp,-D_FORTIFY_SOURCE=2 -fexceptions -fstack-protector --param=ssp-buffer-size=4 -m64 -mtune=generic -I/usr/include/et -I/usr/include/kerberosIV -fPIC  -O2 -g -pipe -Wall -Wp,-D_FORTIFY_SOURCE=2 -fexceptions -fstack-protector --param=ssp-buffer-size=4 -m64 -mtune=generic -fPIC -MT lib/crc32.o -MD -MP -MF $depbase.Tpo -c -o lib/crc32.o lib/crc32.c &&\
mv -f $depbase.Tpo $depbase.Po
depbase=`echo lib/cyrusdb.o | sed 's|[^/]*$|.deps/&|;s|\.o$||'`;\
gcc -DHAVE_CONFIG_H -I.   -I. -I./lib -I. -I./lib -DHAVE_CONFIG_H   -O2 -g -pipe -Wall -Wp,-D_FORTIFY_SOURCE=2 -fexceptions -fstack-protector --param=ssp-buffer-size=4 -m64 -mtune=generic -I/usr/include/et -I/usr/include/kerberosIV -fPIC  -O2 -g -pipe -Wall -Wp,-D_FORTIFY_SOURCE=2 -fexceptions -fstack-protector --param=ssp-buffer-size=4 -m64 -mtune=generic -fPIC -MT lib/cyrusdb.o -MD -MP -MF $depbase.Tpo -c -o lib/cyrusdb.o lib/cyrusdb.c &&\
mv -f $depbase.Tpo $depbase.Po
depbase=`echo lib/cyrusdb_berkeley.o | sed 's|[^/]*$|.deps/&|;s|\.o$||'`;\
gcc -DHAVE_CONFIG_H -I.   -I. -I./lib -I. -I./lib -DHAVE_CONFIG_H   -O2 -g -pipe -Wall -Wp,-D_FORTIFY_SOURCE=2 -fexceptions -fstack-protector --param=ssp-buffer-size=4 -m64 -mtune=generic -I/usr/include/et -I/usr/include/kerberosIV -fPIC  -O2 -g -pipe -Wall -Wp,-D_FORTIFY_SOURCE=2 -fexceptions -fstack-protector --param=ssp-buffer-size=4 -m64 -mtune=generic -fPIC -MT lib/cyrusdb_berkeley.o -MD -MP -MF $depbase.Tpo -c -o lib/cyrusdb_berkeley.o lib/cyrusdb_berkeley.c &&\
mv -f $depbase.Tpo $depbase.Po
depbase=`echo lib/cyrusdb_flat.o | sed 's|[^/]*$|.deps/&|;s|\.o$||'`;\
gcc -DHAVE_CONFIG_H -I.   -I. -I./lib -I. -I./lib -DHAVE_CONFIG_H   -O2 -g -pipe -Wall -Wp,-D_FORTIFY_SOURCE=2 -fexceptions -fstack-protector --param=ssp-buffer-size=4 -m64 -mtune=generic -I/usr/include/et -I/usr/include/kerberosIV -fPIC  -O2 -g -pipe -Wall -Wp,-D_FORTIFY_SOURCE=2 -fexceptions -fstack-protector --param=ssp-buffer-size=4 -m64 -mtune=generic -fPIC -MT lib/cyrusdb_flat.o -MD -MP -MF $depbase.Tpo -c -o lib/cyrusdb_flat.o lib/cyrusdb_flat.c &&\
mv -f $depbase.Tpo $depbase.Po
depbase=`echo lib/cyrusdb_quotalegacy.o | sed 's|[^/]*$|.deps/&|;s|\.o$||'`;\
gcc -DHAVE_CONFIG_H -I.   -I. -I./lib -I. -I./lib -DHAVE_CONFIG_H   -O2 -g -pipe -Wall -Wp,-D_FORTIFY_SOURCE=2 -fexceptions -fstack-protector --param=ssp-buffer-size=4 -m64 -mtune=generic -I/usr/include/et -I/usr/include/kerberosIV -fPIC  -O2 -g -pipe -Wall -Wp,-D_FORTIFY_SOURCE=2 -fexceptions -fstack-protector --param=ssp-buffer-size=4 -m64 -mtune=generic -fPIC -MT lib/cyrusdb_quotalegacy.o -MD -MP -MF $depbase.Tpo -c -o lib/cyrusdb_quotalegacy.o lib/cyrusdb_quotalegacy.c &&\
mv -f $depbase.Tpo $depbase.Po
depbase=`echo lib/cyrusdb_skiplist.o | sed 's|[^/]*$|.deps/&|;s|\.o$||'`;\
gcc -DHAVE_CONFIG_H -I.   -I. -I./lib -I. -I./lib -DHAVE_CONFIG_H   -O2 -g -pipe -Wall -Wp,-D_FORTIFY_SOURCE=2 -fexceptions -fstack-protector --param=ssp-buffer-size=4 -m64 -mtune=generic -I/usr/include/et -I/usr/include/kerberosIV -fPIC  -O2 -g -pipe -Wall -Wp,-D_FORTIFY_SOURCE=2 -fexceptions -fstack-protector --param=ssp-buffer-size=4 -m64 -mtune=generic -fPIC -MT lib/cyrusdb_skiplist.o -MD -MP -MF $depbase.Tpo -c -o lib/cyrusdb_skiplist.o lib/cyrusdb_skiplist.c &&\
mv -f $depbase.Tpo $depbase.Po
lib/cyrusdb_skiplist.c: In function mycheckpoint:
lib/cyrusdb_skiplist.c:1886:11: warning: ignoring return value of ftruncate, declared with attribute warn_unused_result [-Wunused-result]
lib/cyrusdb_skiplist.c: In function compare_signed:
lib/cyrusdb_skiplist.c:839:9: warning: cmp may be used uninitialized in this function [-Wuninitialized]
depbase=`echo lib/cyrusdb_twoskip.o | sed 's|[^/]*$|.deps/&|;s|\.o$||'`;\
gcc -DHAVE_CONFIG_H -I.   -I. -I./lib -I. -I./lib -DHAVE_CONFIG_H   -O2 -g -pipe -Wall -Wp,-D_FORTIFY_SOURCE=2 -fexceptions -fstack-protector --param=ssp-buffer-size=4 -m64 -mtune=generic -I/usr/include/et -I/usr/include/kerberosIV -fPIC  -O2 -g -pipe -Wall -Wp,-D_FORTIFY_SOURCE=2 -fexceptions -fstack-protector --param=ssp-buffer-size=4 -m64 -mtune=generic -fPIC -MT lib/cyrusdb_twoskip.o -MD -MP -MF $depbase.Tpo -c -o lib/cyrusdb_twoskip.o lib/cyrusdb_twoskip.c &&\
mv -f $depbase.Tpo $depbase.Po
depbase=`echo lib/glob.o | sed 's|[^/]*$|.deps/&|;s|\.o$||'`;\
gcc -DHAVE_CONFIG_H -I.   -I. -I./lib -I. -I./lib -DHAVE_CONFIG_H   -O2 -g -pipe -Wall -Wp,-D_FORTIFY_SOURCE=2 -fexceptions -fstack-protector --param=ssp-buffer-size=4 -m64 -mtune=generic -I/usr/include/et -I/usr/include/kerberosIV -fPIC  -O2 -g -pipe -Wall -Wp,-D_FORTIFY_SOURCE=2 -fexceptions -fstack-protector --param=ssp-buffer-size=4 -m64 -mtune=generic -fPIC -MT lib/glob.o -MD -MP -MF $depbase.Tpo -c -o lib/glob.o lib/glob.c &&\
mv -f $depbase.Tpo $depbase.Po
depbase=`echo lib/gmtoff_tm.o | sed 's|[^/]*$|.deps/&|;s|\.o$||'`;\
gcc -DHAVE_CONFIG_H -I.   -I. -I./lib -I. -I./lib -DHAVE_CONFIG_H   -O2 -g -pipe -Wall -Wp,-D_FORTIFY_SOURCE=2 -fexceptions -fstack-protector --param=ssp-buffer-size=4 -m64 -mtune=generic -I/usr/include/et -I/usr/include/kerberosIV -fPIC  -O2 -g -pipe -Wall -Wp,-D_FORTIFY_SOURCE=2 -fexceptions -fstack-protector --param=ssp-buffer-size=4 -m64 -mtune=generic -fPIC -MT lib/gmtoff_tm.o -MD -MP -MF $depbase.Tpo -c -o lib/gmtoff_tm.o lib/gmtoff_tm.c &&\
mv -f $depbase.Tpo $depbase.Po
depbase=`echo lib/imapurl.o | sed 's|[^/]*$|.deps/&|;s|\.o$||'`;\
gcc -DHAVE_CONFIG_H -I.   -I. -I./lib -I. -I./lib -DHAVE_CONFIG_H   -O2 -g -pipe -Wall -Wp,-D_FORTIFY_SOURCE=2 -fexceptions -fstack-protector --param=ssp-buffer-size=4 -m64 -mtune=generic -I/usr/include/et -I/usr/include/kerberosIV -fPIC  -O2 -g -pipe -Wall -Wp,-D_FORTIFY_SOURCE=2 -fexceptions -fstack-protector --param=ssp-buffer-size=4 -m64 -mtune=generic -fPIC -MT lib/imapurl.o -MD -MP -MF $depbase.Tpo -c -o lib/imapurl.o lib/imapurl.c &&\
mv -f $depbase.Tpo $depbase.Po
depbase=`echo lib/imclient.o | sed 's|[^/]*$|.deps/&|;s|\.o$||'`;\
gcc -DHAVE_CONFIG_H -I.   -I. -I./lib -I. -I./lib -DHAVE_CONFIG_H   -O2 -g -pipe -Wall -Wp,-D_FORTIFY_SOURCE=2 -fexceptions -fstack-protector --param=ssp-buffer-size=4 -m64 -mtune=generic -I/usr/include/et -I/usr/include/kerberosIV -fPIC  -O2 -g -pipe -Wall -Wp,-D_FORTIFY_SOURCE=2 -fexceptions -fstack-protector --param=ssp-buffer-size=4 -m64 -mtune=generic -fPIC -MT lib/imclient.o -MD -MP -MF $depbase.Tpo -c -o lib/imclient.o lib/imclient.c &&\
mv -f $depbase.Tpo $depbase.Po
depbase=`echo lib/imparse.o | sed 's|[^/]*$|.deps/&|;s|\.o$||'`;\
gcc -DHAVE_CONFIG_H -I.   -I. -I./lib -I. -I./lib -DHAVE_CONFIG_H   -O2 -g -pipe -Wall -Wp,-D_FORTIFY_SOURCE=2 -fexceptions -fstack-protector --param=ssp-buffer-size=4 -m64 -mtune=generic -I/usr/include/et -I/usr/include/kerberosIV -fPIC  -O2 -g -pipe -Wall -Wp,-D_FORTIFY_SOURCE=2 -fexceptions -fstack-protector --param=ssp-buffer-size=4 -m64 -mtune=generic -fPIC -MT lib/imparse.o -MD -MP -MF $depbase.Tpo -c -o lib/imparse.o lib/imparse.c &&\
mv -f $depbase.Tpo $depbase.Po
depbase=`echo lib/iostat.o | sed 's|[^/]*$|.deps/&|;s|\.o$||'`;\
gcc -DHAVE_CONFIG_H -I.   -I. -I./lib -I. -I./lib -DHAVE_CONFIG_H   -O2 -g -pipe -Wall -Wp,-D_FORTIFY_SOURCE=2 -fexceptions -fstack-protector --param=ssp-buffer-size=4 -m64 -mtune=generic -I/usr/include/et -I/usr/include/kerberosIV -fPIC  -O2 -g -pipe -Wall -Wp,-D_FORTIFY_SOURCE=2 -fexceptions -fstack-protector --param=ssp-buffer-size=4 -m64 -mtune=generic -fPIC -MT lib/iostat.o -MD -MP -MF $depbase.Tpo -c -o lib/iostat.o lib/iostat.c &&\
mv -f $depbase.Tpo $depbase.Po
depbase=`echo lib/iptostring.o | sed 's|[^/]*$|.deps/&|;s|\.o$||'`;\
gcc -DHAVE_CONFIG_H -I.   -I. -I./lib -I. -I./lib -DHAVE_CONFIG_H   -O2 -g -pipe -Wall -Wp,-D_FORTIFY_SOURCE=2 -fexceptions -fstack-protector --param=ssp-buffer-size=4 -m64 -mtune=generic -I/usr/include/et -I/usr/include/kerberosIV -fPIC  -O2 -g -pipe -Wall -Wp,-D_FORTIFY_SOURCE=2 -fexceptions -fstack-protector --param=ssp-buffer-size=4 -m64 -mtune=generic -fPIC -MT lib/iptostring.o -MD -MP -MF $depbase.Tpo -c -o lib/iptostring.o lib/iptostring.c &&\
mv -f $depbase.Tpo $depbase.Po
depbase=`echo lib/libcyr_cfg.o | sed 's|[^/]*$|.deps/&|;s|\.o$||'`;\
gcc -DHAVE_CONFIG_H -I.   -I. -I./lib -I. -I./lib -DHAVE_CONFIG_H   -O2 -g -pipe -Wall -Wp,-D_FORTIFY_SOURCE=2 -fexceptions -fstack-protector --param=ssp-buffer-size=4 -m64 -mtune=generic -I/usr/include/et -I/usr/include/kerberosIV -fPIC  -O2 -g -pipe -Wall -Wp,-D_FORTIFY_SOURCE=2 -fexceptions -fstack-protector --param=ssp-buffer-size=4 -m64 -mtune=generic -fPIC -MT lib/libcyr_cfg.o -MD -MP -MF $depbase.Tpo -c -o lib/libcyr_cfg.o lib/libcyr_cfg.c &&\
mv -f $depbase.Tpo $depbase.Po
depbase=`echo lib/lsort.o | sed 's|[^/]*$|.deps/&|;s|\.o$||'`;\
gcc -DHAVE_CONFIG_H -I.   -I. -I./lib -I. -I./lib -DHAVE_CONFIG_H   -O2 -g -pipe -Wall -Wp,-D_FORTIFY_SOURCE=2 -fexceptions -fstack-protector --param=ssp-buffer-size=4 -m64 -mtune=generic -I/usr/include/et -I/usr/include/kerberosIV -fPIC  -O2 -g -pipe -Wall -Wp,-D_FORTIFY_SOURCE=2 -fexceptions -fstack-protector --param=ssp-buffer-size=4 -m64 -mtune=generic -fPIC -MT lib/lsort.o -MD -MP -MF $depbase.Tpo -c -o lib/lsort.o lib/lsort.c &&\
mv -f $depbase.Tpo $depbase.Po
depbase=`echo lib/mkgmtime.o | sed 's|[^/]*$|.deps/&|;s|\.o$||'`;\
gcc -DHAVE_CONFIG_H -I.   -I. -I./lib -I. -I./lib -DHAVE_CONFIG_H   -O2 -g -pipe -Wall -Wp,-D_FORTIFY_SOURCE=2 -fexceptions -fstack-protector --param=ssp-buffer-size=4 -m64 -mtune=generic -I/usr/include/et -I/usr/include/kerberosIV -fPIC  -O2 -g -pipe -Wall -Wp,-D_FORTIFY_SOURCE=2 -fexceptions -fstack-protector --param=ssp-buffer-size=4 -m64 -mtune=generic -fPIC -MT lib/mkgmtime.o -MD -MP -MF $depbase.Tpo -c -o lib/mkgmtime.o lib/mkgmtime.c &&\
mv -f $depbase.Tpo $depbase.Po
depbase=`echo lib/nonblock_fcntl.o | sed 's|[^/]*$|.deps/&|;s|\.o$||'`;\
gcc -DHAVE_CONFIG_H -I.   -I. -I./lib -I. -I./lib -DHAVE_CONFIG_H   -O2 -g -pipe -Wall -Wp,-D_FORTIFY_SOURCE=2 -fexceptions -fstack-protector --param=ssp-buffer-size=4 -m64 -mtune=generic -I/usr/include/et -I/usr/include/kerberosIV -fPIC  -O2 -g -pipe -Wall -Wp,-D_FORTIFY_SOURCE=2 -fexceptions -fstack-protector --param=ssp-buffer-size=4 -m64 -mtune=generic -fPIC -MT lib/nonblock_fcntl.o -MD -MP -MF $depbase.Tpo -c -o lib/nonblock_fcntl.o lib/nonblock_fcntl.c &&\
mv -f $depbase.Tpo $depbase.Po
depbase=`echo lib/parseaddr.o | sed 's|[^/]*$|.deps/&|;s|\.o$||'`;\
gcc -DHAVE_CONFIG_H -I.   -I. -I./lib -I. -I./lib -DHAVE_CONFIG_H   -O2 -g -pipe -Wall -Wp,-D_FORTIFY_SOURCE=2 -fexceptions -fstack-protector --param=ssp-buffer-size=4 -m64 -mtune=generic -I/usr/include/et -I/usr/include/kerberosIV -fPIC  -O2 -g -pipe -Wall -Wp,-D_FORTIFY_SOURCE=2 -fexceptions -fstack-protector --param=ssp-buffer-size=4 -m64 -mtune=generic -fPIC -MT lib/parseaddr.o -MD -MP -MF $depbase.Tpo -c -o lib/parseaddr.o lib/parseaddr.c &&\
mv -f $depbase.Tpo $depbase.Po
depbase=`echo lib/prot.o | sed 's|[^/]*$|.deps/&|;s|\.o$||'`;\
gcc -DHAVE_CONFIG_H -I.   -I. -I./lib -I. -I./lib -DHAVE_CONFIG_H   -O2 -g -pipe -Wall -Wp,-D_FORTIFY_SOURCE=2 -fexceptions -fstack-protector --param=ssp-buffer-size=4 -m64 -mtune=generic -I/usr/include/et -I/usr/include/kerberosIV -fPIC  -O2 -g -pipe -Wall -Wp,-D_FORTIFY_SOURCE=2 -fexceptions -fstack-protector --param=ssp-buffer-size=4 -m64 -mtune=generic -fPIC -MT lib/prot.o -MD -MP -MF $depbase.Tpo -c -o lib/prot.o lib/prot.c &&\
mv -f $depbase.Tpo $depbase.Po
depbase=`echo lib/ptrarray.o | sed 's|[^/]*$|.deps/&|;s|\.o$||'`;\
gcc -DHAVE_CONFIG_H -I.   -I. -I./lib -I. -I./lib -DHAVE_CONFIG_H   -O2 -g -pipe -Wall -Wp,-D_FORTIFY_SOURCE=2 -fexceptions -fstack-protector --param=ssp-buffer-size=4 -m64 -mtune=generic -I/usr/include/et -I/usr/include/kerberosIV -fPIC  -O2 -g -pipe -Wall -Wp,-D_FORTIFY_SOURCE=2 -fexceptions -fstack-protector --param=ssp-buffer-size=4 -m64 -mtune=generic -fPIC -MT lib/ptrarray.o -MD -MP -MF $depbase.Tpo -c -o lib/ptrarray.o lib/ptrarray.c &&\
mv -f $depbase.Tpo $depbase.Po
depbase=`echo lib/signals.o | sed 's|[^/]*$|.deps/&|;s|\.o$||'`;\
gcc -DHAVE_CONFIG_H -I.   -I. -I./lib -I. -I./lib -DHAVE_CONFIG_H   -O2 -g -pipe -Wall -Wp,-D_FORTIFY_SOURCE=2 -fexceptions -fstack-protector --param=ssp-buffer-size=4 -m64 -mtune=generic -I/usr/include/et -I/usr/include/kerberosIV -fPIC  -O2 -g -pipe -Wall -Wp,-D_FORTIFY_SOURCE=2 -fexceptions -fstack-protector --param=ssp-buffer-size=4 -m64 -mtune=generic -fPIC -MT lib/signals.o -MD -MP -MF $depbase.Tpo -c -o lib/signals.o lib/signals.c &&\
mv -f $depbase.Tpo $depbase.Po
depbase=`echo lib/stristr.o | sed 's|[^/]*$|.deps/&|;s|\.o$||'`;\
gcc -DHAVE_CONFIG_H -I.   -I. -I./lib -I. -I./lib -DHAVE_CONFIG_H   -O2 -g -pipe -Wall -Wp,-D_FORTIFY_SOURCE=2 -fexceptions -fstack-protector --param=ssp-buffer-size=4 -m64 -mtune=generic -I/usr/include/et -I/usr/include/kerberosIV -fPIC  -O2 -g -pipe -Wall -Wp,-D_FORTIFY_SOURCE=2 -fexceptions -fstack-protector --param=ssp-buffer-size=4 -m64 -mtune=generic -fPIC -MT lib/stristr.o -MD -MP -MF $depbase.Tpo -c -o lib/stristr.o lib/stristr.c &&\
mv -f $depbase.Tpo $depbase.Po
depbase=`echo lib/times.o | sed 's|[^/]*$|.deps/&|;s|\.o$||'`;\
gcc -DHAVE_CONFIG_H -I.   -I. -I./lib -I. -I./lib -DHAVE_CONFIG_H   -O2 -g -pipe -Wall -Wp,-D_FORTIFY_SOURCE=2 -fexceptions -fstack-protector --param=ssp-buffer-size=4 -m64 -mtune=generic -I/usr/include/et -I/usr/include/kerberosIV -fPIC  -O2 -g -pipe -Wall -Wp,-D_FORTIFY_SOURCE=2 -fexceptions -fstack-protector --param=ssp-buffer-size=4 -m64 -mtune=generic -fPIC -MT lib/times.o -MD -MP -MF $depbase.Tpo -c -o lib/times.o lib/times.c &&\
mv -f $depbase.Tpo $depbase.Po
depbase=`echo lib/tok.o | sed 's|[^/]*$|.deps/&|;s|\.o$||'`;\
gcc -DHAVE_CONFIG_H -I.   -I. -I./lib -I. -I./lib -DHAVE_CONFIG_H   -O2 -g -pipe -Wall -Wp,-D_FORTIFY_SOURCE=2 -fexceptions -fstack-protector --param=ssp-buffer-size=4 -m64 -mtune=generic -I/usr/include/et -I/usr/include/kerberosIV -fPIC  -O2 -g -pipe -Wall -Wp,-D_FORTIFY_SOURCE=2 -fexceptions -fstack-protector --param=ssp-buffer-size=4 -m64 -mtune=generic -fPIC -MT lib/tok.o -MD -MP -MF $depbase.Tpo -c -o lib/tok.o lib/tok.c &&\
mv -f $depbase.Tpo $depbase.Po
depbase=`echo lib/wildmat.o | sed 's|[^/]*$|.deps/&|;s|\.o$||'`;\
gcc -DHAVE_CONFIG_H -I.   -I. -I./lib -I. -I./lib -DHAVE_CONFIG_H   -O2 -g -pipe -Wall -Wp,-D_FORTIFY_SOURCE=2 -fexceptions -fstack-protector --param=ssp-buffer-size=4 -m64 -mtune=generic -I/usr/include/et -I/usr/include/kerberosIV -fPIC  -O2 -g -pipe -Wall -Wp,-D_FORTIFY_SOURCE=2 -fexceptions -fstack-protector --param=ssp-buffer-size=4 -m64 -mtune=generic -fPIC -MT lib/wildmat.o -MD -MP -MF $depbase.Tpo -c -o lib/wildmat.o lib/wildmat.c &&\
mv -f $depbase.Tpo $depbase.Po
rm -f lib/libcyrus.a
ar cru lib/libcyrus.a lib/acl.o lib/acl_afs.o lib/auth.o lib/auth_krb.o lib/auth_krb5.o lib/auth_pts.o lib/auth_unix.o lib/bsearch.o lib/byteorder64.o lib/charset.o lib/chartable.o lib/crc32.o lib/cyrusdb.o lib/cyrusdb_berkeley.o lib/cyrusdb_flat.o lib/cyrusdb_quotalegacy.o lib/cyrusdb_skiplist.o  lib/cyrusdb_twoskip.o lib/glob.o lib/gmtoff_tm.o  lib/imapurl.o lib/imclient.o lib/imparse.o lib/iostat.o lib/iptostring.o lib/libcyr_cfg.o lib/lsort.o lib/mkgmtime.o lib/nonblock_fcntl.o  lib/parseaddr.o lib/prot.o lib/ptrarray.o lib/signals.o lib/stristr.o lib/times.o lib/tok.o lib/wildmat.o 
ranlib lib/libcyrus.a
depbase=`echo lib/assert.o | sed 's|[^/]*$|.deps/&|;s|\.o$||'`;\
gcc -DHAVE_CONFIG_H -I.   -I. -I./lib -I. -I./lib -DHAVE_CONFIG_H   -O2 -g -pipe -Wall -Wp,-D_FORTIFY_SOURCE=2 -fexceptions -fstack-protector --param=ssp-buffer-size=4 -m64 -mtune=generic -I/usr/include/et -I/usr/include/kerberosIV -fPIC  -O2 -g -pipe -Wall -Wp,-D_FORTIFY_SOURCE=2 -fexceptions -fstack-protector --param=ssp-buffer-size=4 -m64 -mtune=generic -fPIC -MT lib/assert.o -MD -MP -MF $depbase.Tpo -c -o lib/assert.o lib/assert.c &&\
mv -f $depbase.Tpo $depbase.Po
depbase=`echo lib/hash.o | sed 's|[^/]*$|.deps/&|;s|\.o$||'`;\
gcc -DHAVE_CONFIG_H -I.   -I. -I./lib -I. -I./lib -DHAVE_CONFIG_H   -O2 -g -pipe -Wall -Wp,-D_FORTIFY_SOURCE=2 -fexceptions -fstack-protector --param=ssp-buffer-size=4 -m64 -mtune=generic -I/usr/include/et -I/usr/include/kerberosIV -fPIC  -O2 -g -pipe -Wall -Wp,-D_FORTIFY_SOURCE=2 -fexceptions -fstack-protector --param=ssp-buffer-size=4 -m64 -mtune=generic -fPIC -MT lib/hash.o -MD -MP -MF $depbase.Tpo -c -o lib/hash.o lib/hash.c &&\
mv -f $depbase.Tpo $depbase.Po
./tools/config2header CC="gcc" ./lib/imapopts.c ./lib/imapopts.h < ./lib/imapoptions
depbase=`echo lib/imapopts.o | sed 's|[^/]*$|.deps/&|;s|\.o$||'`;\
gcc -DHAVE_CONFIG_H -I.   -I. -I./lib -I. -I./lib -DHAVE_CONFIG_H   -O2 -g -pipe -Wall -Wp,-D_FORTIFY_SOURCE=2 -fexceptions -fstack-protector --param=ssp-buffer-size=4 -m64 -mtune=generic -I/usr/include/et -I/usr/include/kerberosIV -fPIC  -O2 -g -pipe -Wall -Wp,-D_FORTIFY_SOURCE=2 -fexceptions -fstack-protector --param=ssp-buffer-size=4 -m64 -mtune=generic -fPIC -MT lib/imapopts.o -MD -MP -MF $depbase.Tpo -c -o lib/imapopts.o lib/imapopts.c &&\
mv -f $depbase.Tpo $depbase.Po
depbase=`echo lib/libconfig.o | sed 's|[^/]*$|.deps/&|;s|\.o$||'`;\
gcc -DHAVE_CONFIG_H -I.   -I. -I./lib -I. -I./lib -DHAVE_CONFIG_H   -O2 -g -pipe -Wall -Wp,-D_FORTIFY_SOURCE=2 -fexceptions -fstack-protector --param=ssp-buffer-size=4 -m64 -mtune=generic -I/usr/include/et -I/usr/include/kerberosIV -fPIC  -O2 -g -pipe -Wall -Wp,-D_FORTIFY_SOURCE=2 -fexceptions -fstack-protector --param=ssp-buffer-size=4 -m64 -mtune=generic -fPIC -MT lib/libconfig.o -MD -MP -MF $depbase.Tpo -c -o lib/libconfig.o lib/libconfig.c &&\
mv -f $depbase.Tpo $depbase.Po
depbase=`echo lib/lock_fcntl.o | sed 's|[^/]*$|.deps/&|;s|\.o$||'`;\
gcc -DHAVE_CONFIG_H -I.   -I. -I./lib -I. -I./lib -DHAVE_CONFIG_H   -O2 -g -pipe -Wall -Wp,-D_FORTIFY_SOURCE=2 -fexceptions -fstack-protector --param=ssp-buffer-size=4 -m64 -mtune=generic -I/usr/include/et -I/usr/include/kerberosIV -fPIC  -O2 -g -pipe -Wall -Wp,-D_FORTIFY_SOURCE=2 -fexceptions -fstack-protector --param=ssp-buffer-size=4 -m64 -mtune=generic -fPIC -MT lib/lock_fcntl.o -MD -MP -MF $depbase.Tpo -c -o lib/lock_fcntl.o lib/lock_fcntl.c &&\
mv -f $depbase.Tpo $depbase.Po
depbase=`echo lib/mappedfile.o | sed 's|[^/]*$|.deps/&|;s|\.o$||'`;\
gcc -DHAVE_CONFIG_H -I.   -I. -I./lib -I. -I./lib -DHAVE_CONFIG_H   -O2 -g -pipe -Wall -Wp,-D_FORTIFY_SOURCE=2 -fexceptions -fstack-protector --param=ssp-buffer-size=4 -m64 -mtune=generic -I/usr/include/et -I/usr/include/kerberosIV -fPIC  -O2 -g -pipe -Wall -Wp,-D_FORTIFY_SOURCE=2 -fexceptions -fstack-protector --param=ssp-buffer-size=4 -m64 -mtune=generic -fPIC -MT lib/mappedfile.o -MD -MP -MF $depbase.Tpo -c -o lib/mappedfile.o lib/mappedfile.c &&\
mv -f $depbase.Tpo $depbase.Po
depbase=`echo lib/map_shared.o | sed 's|[^/]*$|.deps/&|;s|\.o$||'`;\
gcc -DHAVE_CONFIG_H -I.   -I. -I./lib -I. -I./lib -DHAVE_CONFIG_H   -O2 -g -pipe -Wall -Wp,-D_FORTIFY_SOURCE=2 -fexceptions -fstack-protector --param=ssp-buffer-size=4 -m64 -mtune=generic -I/usr/include/et -I/usr/include/kerberosIV -fPIC  -O2 -g -pipe -Wall -Wp,-D_FORTIFY_SOURCE=2 -fexceptions -fstack-protector --param=ssp-buffer-size=4 -m64 -mtune=generic -fPIC -MT lib/map_shared.o -MD -MP -MF $depbase.Tpo -c -o lib/map_shared.o lib/map_shared.c &&\
mv -f $depbase.Tpo $depbase.Po
depbase=`echo lib/mpool.o | sed 's|[^/]*$|.deps/&|;s|\.o$||'`;\
gcc -DHAVE_CONFIG_H -I.   -I. -I./lib -I. -I./lib -DHAVE_CONFIG_H   -O2 -g -pipe -Wall -Wp,-D_FORTIFY_SOURCE=2 -fexceptions -fstack-protector --param=ssp-buffer-size=4 -m64 -mtune=generic -I/usr/include/et -I/usr/include/kerberosIV -fPIC  -O2 -g -pipe -Wall -Wp,-D_FORTIFY_SOURCE=2 -fexceptions -fstack-protector --param=ssp-buffer-size=4 -m64 -mtune=generic -fPIC -MT lib/mpool.o -MD -MP -MF $depbase.Tpo -c -o lib/mpool.o lib/mpool.c &&\
mv -f $depbase.Tpo $depbase.Po
depbase=`echo lib/retry.o | sed 's|[^/]*$|.deps/&|;s|\.o$||'`;\
gcc -DHAVE_CONFIG_H -I.   -I. -I./lib -I. -I./lib -DHAVE_CONFIG_H   -O2 -g -pipe -Wall -Wp,-D_FORTIFY_SOURCE=2 -fexceptions -fstack-protector --param=ssp-buffer-size=4 -m64 -mtune=generic -I/usr/include/et -I/usr/include/kerberosIV -fPIC  -O2 -g -pipe -Wall -Wp,-D_FORTIFY_SOURCE=2 -fexceptions -fstack-protector --param=ssp-buffer-size=4 -m64 -mtune=generic -fPIC -MT lib/retry.o -MD -MP -MF $depbase.Tpo -c -o lib/retry.o lib/retry.c &&\
mv -f $depbase.Tpo $depbase.Po
depbase=`echo lib/strarray.o | sed 's|[^/]*$|.deps/&|;s|\.o$||'`;\
gcc -DHAVE_CONFIG_H -I.   -I. -I./lib -I. -I./lib -DHAVE_CONFIG_H   -O2 -g -pipe -Wall -Wp,-D_FORTIFY_SOURCE=2 -fexceptions -fstack-protector --param=ssp-buffer-size=4 -m64 -mtune=generic -I/usr/include/et -I/usr/include/kerberosIV -fPIC  -O2 -g -pipe -Wall -Wp,-D_FORTIFY_SOURCE=2 -fexceptions -fstack-protector --param=ssp-buffer-size=4 -m64 -mtune=generic -fPIC -MT lib/strarray.o -MD -MP -MF $depbase.Tpo -c -o lib/strarray.o lib/strarray.c &&\
mv -f $depbase.Tpo $depbase.Po
depbase=`echo lib/strhash.o | sed 's|[^/]*$|.deps/&|;s|\.o$||'`;\
gcc -DHAVE_CONFIG_H -I.   -I. -I./lib -I. -I./lib -DHAVE_CONFIG_H   -O2 -g -pipe -Wall -Wp,-D_FORTIFY_SOURCE=2 -fexceptions -fstack-protector --param=ssp-buffer-size=4 -m64 -mtune=generic -I/usr/include/et -I/usr/include/kerberosIV -fPIC  -O2 -g -pipe -Wall -Wp,-D_FORTIFY_SOURCE=2 -fexceptions -fstack-protector --param=ssp-buffer-size=4 -m64 -mtune=generic -fPIC -MT lib/strhash.o -MD -MP -MF $depbase.Tpo -c -o lib/strhash.o lib/strhash.c &&\
mv -f $depbase.Tpo $depbase.Po
depbase=`echo lib/util.o | sed 's|[^/]*$|.deps/&|;s|\.o$||'`;\
gcc -DHAVE_CONFIG_H -I.   -I. -I./lib -I. -I./lib -DHAVE_CONFIG_H   -O2 -g -pipe -Wall -Wp,-D_FORTIFY_SOURCE=2 -fexceptions -fstack-protector --param=ssp-buffer-size=4 -m64 -mtune=generic -I/usr/include/et -I/usr/include/kerberosIV -fPIC  -O2 -g -pipe -Wall -Wp,-D_FORTIFY_SOURCE=2 -fexceptions -fstack-protector --param=ssp-buffer-size=4 -m64 -mtune=generic -fPIC -MT lib/util.o -MD -MP -MF $depbase.Tpo -c -o lib/util.o lib/util.c &&\
mv -f $depbase.Tpo $depbase.Po
depbase=`echo lib/xmalloc.o | sed 's|[^/]*$|.deps/&|;s|\.o$||'`;\
gcc -DHAVE_CONFIG_H -I.   -I. -I./lib -I. -I./lib -DHAVE_CONFIG_H   -O2 -g -pipe -Wall -Wp,-D_FORTIFY_SOURCE=2 -fexceptions -fstack-protector --param=ssp-buffer-size=4 -m64 -mtune=generic -I/usr/include/et -I/usr/include/kerberosIV -fPIC  -O2 -g -pipe -Wall -Wp,-D_FORTIFY_SOURCE=2 -fexceptions -fstack-protector --param=ssp-buffer-size=4 -m64 -mtune=generic -fPIC -MT lib/xmalloc.o -MD -MP -MF $depbase.Tpo -c -o lib/xmalloc.o lib/xmalloc.c &&\
mv -f $depbase.Tpo $depbase.Po
depbase=`echo lib/xstrlcat.o | sed 's|[^/]*$|.deps/&|;s|\.o$||'`;\
gcc -DHAVE_CONFIG_H -I.   -I. -I./lib -I. -I./lib -DHAVE_CONFIG_H   -O2 -g -pipe -Wall -Wp,-D_FORTIFY_SOURCE=2 -fexceptions -fstack-protector --param=ssp-buffer-size=4 -m64 -mtune=generic -I/usr/include/et -I/usr/include/kerberosIV -fPIC  -O2 -g -pipe -Wall -Wp,-D_FORTIFY_SOURCE=2 -fexceptions -fstack-protector --param=ssp-buffer-size=4 -m64 -mtune=generic -fPIC -MT lib/xstrlcat.o -MD -MP -MF $depbase.Tpo -c -o lib/xstrlcat.o lib/xstrlcat.c &&\
mv -f $depbase.Tpo $depbase.Po
depbase=`echo lib/xstrlcpy.o | sed 's|[^/]*$|.deps/&|;s|\.o$||'`;\
gcc -DHAVE_CONFIG_H -I.   -I. -I./lib -I. -I./lib -DHAVE_CONFIG_H   -O2 -g -pipe -Wall -Wp,-D_FORTIFY_SOURCE=2 -fexceptions -fstack-protector --param=ssp-buffer-size=4 -m64 -mtune=generic -I/usr/include/et -I/usr/include/kerberosIV -fPIC  -O2 -g -pipe -Wall -Wp,-D_FORTIFY_SOURCE=2 -fexceptions -fstack-protector --param=ssp-buffer-size=4 -m64 -mtune=generic -fPIC -MT lib/xstrlcpy.o -MD -MP -MF $depbase.Tpo -c -o lib/xstrlcpy.o lib/xstrlcpy.c &&\
mv -f $depbase.Tpo $depbase.Po
rm -f lib/libcyrus_min.a
ar cru lib/libcyrus_min.a lib/assert.o   lib/hash.o lib/imapopts.o lib/libconfig.o lib/lock_fcntl.o  lib/mappedfile.o lib/map_shared.o   lib/mpool.o lib/retry.o lib/strarray.o lib/strhash.o lib/util.o lib/xmalloc.o lib/xstrlcat.o lib/xstrlcpy.o 
ranlib lib/libcyrus_min.a
test -f sieve/addr.c || /bin/sh ./ylwrap sieve/addr.y y.tab.c sieve/addr.c y.tab.h sieve/addr.h y.output sieve/addr.output -- bison -y  
cd sieve && /usr/bin/compile_et .././sieve/sieve_err.et
depbase=`echo sieve/addr.o | sed 's|[^/]*$|.deps/&|;s|\.o$||'`;\
gcc -DHAVE_CONFIG_H -I.   -I. -I./lib -I. -I./lib -DHAVE_CONFIG_H   -O2 -g -pipe -Wall -Wp,-D_FORTIFY_SOURCE=2 -fexceptions -fstack-protector --param=ssp-buffer-size=4 -m64 -mtune=generic -I/usr/include/et -I/usr/include/kerberosIV -fPIC  -O2 -g -pipe -Wall -Wp,-D_FORTIFY_SOURCE=2 -fexceptions -fstack-protector --param=ssp-buffer-size=4 -m64 -mtune=generic -fPIC -MT sieve/addr.o -MD -MP -MF $depbase.Tpo -c -o sieve/addr.o sieve/addr.c &&\
mv -f $depbase.Tpo $depbase.Po
test -f sieve/addr-lex.c || /bin/sh ./ylwrap sieve/addr-lex.l lex.yy.c sieve/addr-lex.c -- flex  
depbase=`echo sieve/addr-lex.o | sed 's|[^/]*$|.deps/&|;s|\.o$||'`;\
gcc -DHAVE_CONFIG_H -I.   -I. -I./lib -I. -I./lib -DHAVE_CONFIG_H   -O2 -g -pipe -Wall -Wp,-D_FORTIFY_SOURCE=2 -fexceptions -fstack-protector --param=ssp-buffer-size=4 -m64 -mtune=generic -I/usr/include/et -I/usr/include/kerberosIV -fPIC  -O2 -g -pipe -Wall -Wp,-D_FORTIFY_SOURCE=2 -fexceptions -fstack-protector --param=ssp-buffer-size=4 -m64 -mtune=generic -fPIC -MT sieve/addr-lex.o -MD -MP -MF $depbase.Tpo -c -o sieve/addr-lex.o sieve/addr-lex.c &&\
mv -f $depbase.Tpo $depbase.Po
<stdout>:1273:16: warning: input defined but not used [-Wunused-function]
depbase=`echo sieve/bc_dump.o | sed 's|[^/]*$|.deps/&|;s|\.o$||'`;\
gcc -DHAVE_CONFIG_H -I.   -I. -I./lib -I. -I./lib -DHAVE_CONFIG_H   -O2 -g -pipe -Wall -Wp,-D_FORTIFY_SOURCE=2 -fexceptions -fstack-protector --param=ssp-buffer-size=4 -m64 -mtune=generic -I/usr/include/et -I/usr/include/kerberosIV -fPIC  -O2 -g -pipe -Wall -Wp,-D_FORTIFY_SOURCE=2 -fexceptions -fstack-protector --param=ssp-buffer-size=4 -m64 -mtune=generic -fPIC -MT sieve/bc_dump.o -MD -MP -MF $depbase.Tpo -c -o sieve/bc_dump.o sieve/bc_dump.c &&\
mv -f $depbase.Tpo $depbase.Po
depbase=`echo sieve/bc_emit.o | sed 's|[^/]*$|.deps/&|;s|\.o$||'`;\
gcc -DHAVE_CONFIG_H -I.   -I. -I./lib -I. -I./lib -DHAVE_CONFIG_H   -O2 -g -pipe -Wall -Wp,-D_FORTIFY_SOURCE=2 -fexceptions -fstack-protector --param=ssp-buffer-size=4 -m64 -mtune=generic -I/usr/include/et -I/usr/include/kerberosIV -fPIC  -O2 -g -pipe -Wall -Wp,-D_FORTIFY_SOURCE=2 -fexceptions -fstack-protector --param=ssp-buffer-size=4 -m64 -mtune=generic -fPIC -MT sieve/bc_emit.o -MD -MP -MF $depbase.Tpo -c -o sieve/bc_emit.o sieve/bc_emit.c &&\
mv -f $depbase.Tpo $depbase.Po
depbase=`echo sieve/bc_eval.o | sed 's|[^/]*$|.deps/&|;s|\.o$||'`;\
gcc -DHAVE_CONFIG_H -I.   -I. -I./lib -I. -I./lib -DHAVE_CONFIG_H   -O2 -g -pipe -Wall -Wp,-D_FORTIFY_SOURCE=2 -fexceptions -fstack-protector --param=ssp-buffer-size=4 -m64 -mtune=generic -I/usr/include/et -I/usr/include/kerberosIV -fPIC  -O2 -g -pipe -Wall -Wp,-D_FORTIFY_SOURCE=2 -fexceptions -fstack-protector --param=ssp-buffer-size=4 -m64 -mtune=generic -fPIC -MT sieve/bc_eval.o -MD -MP -MF $depbase.Tpo -c -o sieve/bc_eval.o sieve/bc_eval.c &&\
mv -f $depbase.Tpo $depbase.Po
depbase=`echo sieve/bc_generate.o | sed 's|[^/]*$|.deps/&|;s|\.o$||'`;\
gcc -DHAVE_CONFIG_H -I.   -I. -I./lib -I. -I./lib -DHAVE_CONFIG_H   -O2 -g -pipe -Wall -Wp,-D_FORTIFY_SOURCE=2 -fexceptions -fstack-protector --param=ssp-buffer-size=4 -m64 -mtune=generic -I/usr/include/et -I/usr/include/kerberosIV -fPIC  -O2 -g -pipe -Wall -Wp,-D_FORTIFY_SOURCE=2 -fexceptions -fstack-protector --param=ssp-buffer-size=4 -m64 -mtune=generic -fPIC -MT sieve/bc_generate.o -MD -MP -MF $depbase.Tpo -c -o sieve/bc_generate.o sieve/bc_generate.c &&\
mv -f $depbase.Tpo $depbase.Po
In file included from sieve/bc_generate.c:55:0:
./sieve.y:179:5: error: unknown type name stringlist_t
make[2]: *** [sieve/bc_generate.o] Error 1
make[2]: Leaving directory `/home/kanarip/devel/src/kolab/cyrus-imapd.git'
make[1]: *** [all-recursive] Error 1
make[1]: Leaving directory `/home/kanarip/devel/src/kolab/cyrus-imapd.git'
make: *** [all] Error 2
