2013-04-06T17:48:36+01:00 cyrus1 imap[12001]: Rename: snippeddomain!user.john^smith.subfolders.APPRAISALS -> snippeddomain!DELETED.user.john^smith.subfolders.APPRAISALS.516051E4
2013-04-06T17:48:36+01:00 cyrus1 imap[12001]: auditlog: create sessionid=<cyrus1-12001-1365266916-1> mailbox=<snippeddomain!DELETED.user.john^smith.subfolders.APPRAISALS.516051E4> uniqueid=<110e0545516051e4>
2013-04-06T17:48:36+01:00 cyrus1 imap[12001]: auditlog: rename sessionid=<cyrus1-12001-1365266916-1> oldmailbox=<snippeddomain!user.john^smith.subfolders.APPRAISALS> newmailbox=<snippeddomain!DELETED.user.john^smith.subfolders.APPRAISALS.516051E4> uniqueid=<7c41bb415156dc77>
2013-04-06T17:48:36+01:00 cyrus1 imap[12001]: Deleted mailbox snippeddomain!user.john^smith.subfolders.APPRAISALS
2013-04-06T17:48:36+01:00 cyrus1 imap[12001]: auditlog: delete sessionid=<cyrus1-12001-1365266916-1> mailbox=<snippeddomain!user.john^smith.subfolders.APPRAISALS> uniqueid=<7c41bb415156dc77>
2013-04-06T17:48:37+01:00 cyrus1 imap[17231]: Rename: snippeddomain!user.john^smith.subfolders.Fire Marshall Stuff -> snippeddomain!DELETED.user.john^smith.subfolders.Fire Marshall Stuff.516051E5
2013-04-06T17:48:37+01:00 cyrus1 imap[17231]: auditlog: create sessionid=<cyrus1-17231-1365266917-1> mailbox=<snippeddomain!DELETED.user.john^smith.subfolders.Fire Marshall Stuff.516051E5> uniqueid=<7d418317516051e5>
2013-04-06T17:48:37+01:00 cyrus1 imap[17231]: auditlog: rename sessionid=<cyrus1-17231-1365266917-1> oldmailbox=<snippeddomain!user.john^smith.subfolders.Fire Marshall Stuff> newmailbox=<snippeddomain!DELETED.user.john^smith.subfolders.Fire Marshall Stuff.516051E5> uniqueid=<116505aa5156dc7b>
2013-04-06T17:48:37+01:00 cyrus1 imap[17231]: Deleted mailbox snippeddomain!user.john^smith.subfolders.Fire Marshall Stuff
2013-04-06T17:48:37+01:00 cyrus1 imap[17231]: auditlog: delete sessionid=<cyrus1-17231-1365266917-1> mailbox=<snippeddomain!user.john^smith.subfolders.Fire Marshall Stuff> uniqueid=<116505aa5156dc7b>
2013-04-06T17:48:37+01:00 cyrus1 imap[12209]: Rename: snippeddomain!user.john^smith.subfolders.INTRANET -> snippeddomain!DELETED.user.john^smith.subfolders.INTRANET.516051E5
2013-04-06T17:48:37+01:00 cyrus1 imap[12209]: auditlog: create sessionid=<cyrus1-12209-1365266917-1> mailbox=<snippeddomain!DELETED.user.john^smith.subfolders.INTRANET.516051E5> uniqueid=<64a6e5ba516051e5>
2013-04-06T17:48:37+01:00 cyrus1 imap[12209]: auditlog: rename sessionid=<cyrus1-12209-1365266917-1> oldmailbox=<snippeddomain!user.john^smith.subfolders.INTRANET> newmailbox=<snippeddomain!DELETED.user.john^smith.subfolders.INTRANET.516051E5> uniqueid=<08c146125156dc86>
2013-04-06T17:48:37+01:00 cyrus1 imap[12209]: Deleted mailbox snippeddomain!user.john^smith.subfolders.INTRANET
2013-04-06T17:48:37+01:00 cyrus1 imap[12209]: auditlog: delete sessionid=<cyrus1-12209-1365266917-1> mailbox=<snippeddomain!user.john^smith.subfolders.INTRANET> uniqueid=<08c146125156dc86>
2013-04-06T17:48:37+01:00 cyrus1 imap[4800]: Rename: snippeddomain!user.john^smith.subfolders.Mandy -> snippeddomain!DELETED.user.john^smith.subfolders.Mandy.516051E5
2013-04-06T17:48:37+01:00 cyrus1 imap[4800]: auditlog: create sessionid=<cyrus1-4800-1365266917-1> mailbox=<snippeddomain!DELETED.user.john^smith.subfolders.Mandy.516051E5> uniqueid=<32d90a13516051e5>
2013-04-06T17:48:37+01:00 cyrus1 imap[4800]: auditlog: rename sessionid=<cyrus1-4800-1365266917-1> oldmailbox=<snippeddomain!user.john^smith.subfolders.Mandy> newmailbox=<snippeddomain!DELETED.user.john^smith.subfolders.Mandy.516051E5> uniqueid=<16e3b8855156dc88>
2013-04-06T17:48:37+01:00 cyrus1 imap[4800]: Deleted mailbox snippeddomain!user.john^smith.subfolders.Mandy
2013-04-06T17:48:37+01:00 cyrus1 imap[4800]: auditlog: delete sessionid=<cyrus1-4800-1365266917-1> mailbox=<snippeddomain!user.john^smith.subfolders.Mandy> uniqueid=<16e3b8855156dc88>
2013-04-06T17:48:37+01:00 cyrus1 imap[14261]: Rename: snippeddomain!user.john^smith.subfolders.Moved Box -> snippeddomain!DELETED.user.john^smith.subfolders.Moved Box.516051E5
2013-04-06T17:48:37+01:00 cyrus1 imap[14261]: auditlog: create sessionid=<cyrus1-14261-1365266917-1> mailbox=<snippeddomain!DELETED.user.john^smith.subfolders.Moved Box.516051E5> uniqueid=<57813d2a516051e5>
2013-04-06T17:48:37+01:00 cyrus1 imap[14261]: auditlog: rename sessionid=<cyrus1-14261-1365266917-1> oldmailbox=<snippeddomain!user.john^smith.subfolders.Moved Box> newmailbox=<snippeddomain!DELETED.user.john^smith.subfolders.Moved Box.516051E5> uniqueid=<608f5ec55156dc8b>
2013-04-06T17:48:37+01:00 cyrus1 imap[14261]: Deleted mailbox snippeddomain!user.john^smith.subfolders.Moved Box
2013-04-06T17:48:37+01:00 cyrus1 imap[14261]: auditlog: delete sessionid=<cyrus1-14261-1365266917-1> mailbox=<snippeddomain!user.john^smith.subfolders.Moved Box> uniqueid=<608f5ec55156dc8b>
2013-04-06T17:48:38+01:00 cyrus1 imap[7438]: Rename: snippeddomain!user.john^smith.subfolders.Paul Backhouse -> snippeddomain!DELETED.user.john^smith.subfolders.Paul Backhouse.516051E6
2013-04-06T17:48:38+01:00 cyrus1 imap[7438]: auditlog: create sessionid=<cyrus1-7438-1365266918-1> mailbox=<snippeddomain!DELETED.user.john^smith.subfolders.Paul Backhouse.516051E6> uniqueid=<2baec161516051e6>
2013-04-06T17:48:38+01:00 cyrus1 imap[7438]: auditlog: rename sessionid=<cyrus1-7438-1365266918-1> oldmailbox=<snippeddomain!user.john^smith.subfolders.Paul Backhouse> newmailbox=<snippeddomain!DELETED.user.john^smith.subfolders.Paul Backhouse.516051E6> uniqueid=<5ac4359a5156dc92>
2013-04-06T17:48:38+01:00 cyrus1 imap[7438]: Deleted mailbox snippeddomain!user.john^smith.subfolders.Paul Backhouse
2013-04-06T17:48:38+01:00 cyrus1 imap[7438]: auditlog: delete sessionid=<cyrus1-7438-1365266918-1> mailbox=<snippeddomain!user.john^smith.subfolders.Paul Backhouse> uniqueid=<5ac4359a5156dc92>
2013-04-06T17:48:38+01:00 cyrus1 imap[16791]: Rename: snippeddomain!user.john^smith.subfolders.STAFF DETAILS -> snippeddomain!DELETED.user.john^smith.subfolders.STAFF DETAILS.516051E6
2013-04-06T17:48:38+01:00 cyrus1 imap[16791]: auditlog: create sessionid=<cyrus1-16791-1365266918-1> mailbox=<snippeddomain!DELETED.user.john^smith.subfolders.STAFF DETAILS.516051E6> uniqueid=<0558330d516051e6>
2013-04-06T17:48:38+01:00 cyrus1 imap[16791]: auditlog: rename sessionid=<cyrus1-16791-1365266918-1> oldmailbox=<snippeddomain!user.john^smith.subfolders.STAFF DETAILS> newmailbox=<snippeddomain!DELETED.user.john^smith.subfolders.STAFF DETAILS.516051E6> uniqueid=<222515e05156dca0>
2013-04-06T17:48:38+01:00 cyrus1 imap[16791]: Deleted mailbox snippeddomain!user.john^smith.subfolders.STAFF DETAILS
2013-04-06T17:48:38+01:00 cyrus1 imap[16791]: auditlog: delete sessionid=<cyrus1-16791-1365266918-1> mailbox=<snippeddomain!user.john^smith.subfolders.STAFF DETAILS> uniqueid=<222515e05156dca0>
2013-04-06T17:48:38+01:00 cyrus1 imap[16791]: auditlog: create sessionid=<cyrus1-16791-1365266918-1> mailbox=<snippeddomain!user.john^smith.Trash.subfolders> uniqueid=<484b9b71516051e6>
2013-04-06T17:48:38+01:00 cyrus1 imap[32656]: Rename: snippeddomain!user.john^smith.subfolders -> snippeddomain!DELETED.user.john^smith.subfolders.516051E6
2013-04-06T17:48:38+01:00 cyrus1 imap[32656]: auditlog: create sessionid=<cyrus1-32656-1365266918-1> mailbox=<snippeddomain!DELETED.user.john^smith.subfolders.516051E6> uniqueid=<0bf2fb23516051e6>
2013-04-06T17:48:38+01:00 cyrus1 imap[32656]: auditlog: rename sessionid=<cyrus1-32656-1365266918-1> oldmailbox=<snippeddomain!user.john^smith.subfolders> newmailbox=<snippeddomain!DELETED.user.john^smith.subfolders.516051E6> uniqueid=<69e038ad5156dc41>
2013-04-06T17:48:38+01:00 cyrus1 imap[32656]: Deleted mailbox snippeddomain!user.john^smith.subfolders
2013-04-06T17:48:38+01:00 cyrus1 imap[32656]: auditlog: delete sessionid=<cyrus1-32656-1365266918-1> mailbox=<snippeddomain!user.john^smith.subfolders> uniqueid=<69e038ad5156dc41>
2013-04-06T17:48:38+01:00 cyrus1 imap[32656]: Remove of supposedly empty directory /var/spool/imap1/domain/b/snippeddomain/c/user/john^smith/subfolders failed: Directory not empty
2013-04-06T17:48:43+01:00 cyrus1 imap[32656]: Rename: snippeddomain!user.john^smith.Trash.subfolders -> snippeddomain!DELETED.user.john^smith.Trash.subfolders.516051EB
2013-04-06T17:48:43+01:00 cyrus1 imap[32656]: auditlog: create sessionid=<cyrus1-32656-1365266918-1> mailbox=<snippeddomain!DELETED.user.john^smith.Trash.subfolders.516051EB> uniqueid=<25887322516051eb>
2013-04-06T17:48:43+01:00 cyrus1 imap[32656]: auditlog: rename sessionid=<cyrus1-32656-1365266918-1> oldmailbox=<snippeddomain!user.john^smith.Trash.subfolders> newmailbox=<snippeddomain!DELETED.user.john^smith.Trash.subfolders.516051EB> uniqueid=<484b9b71516051e6>
2013-04-06T17:48:43+01:00 cyrus1 imap[32656]: Deleted mailbox snippeddomain!user.john^smith.Trash.subfolders
2013-04-06T17:48:43+01:00 cyrus1 imap[32656]: auditlog: delete sessionid=<cyrus1-32656-1365266918-1> mailbox=<snippeddomain!user.john^smith.Trash.subfolders> uniqueid=<484b9b71516051e6>
2013-04-06T17:48:08+01:00 cyrus1b syncserver[8841]: Rename: snippeddomain!user.john^smith.subfolders.APPRAISALS -> snippeddomain!DELETED.user.john^smith.subfolders.APPRAISALS.516051E4
2013-04-06T17:48:08+01:00 cyrus1b syncserver[8841]: auditlog: create sessionid=<cyrus1b-8841-1365266332-1> mailbox=<snippeddomain!DELETED.user.john^smith.subfolders.APPRAISALS.516051E4> uniqueid=<110e0545516051c8>
2013-04-06T17:48:08+01:00 cyrus1b syncserver[8841]: auditlog: rename sessionid=<cyrus1b-8841-1365266332-1> oldmailbox=<snippeddomain!user.john^smith.subfolders.APPRAISALS> newmailbox=<snippeddomain!DELETED.user.john^smith.subfolders.APPRAISALS.516051E4> uniqueid=<7c41bb415156dc77>
2013-04-06T17:48:08+01:00 cyrus1b syncserver[8841]: Deleted mailbox snippeddomain!user.john^smith.subfolders.APPRAISALS
2013-04-06T17:48:08+01:00 cyrus1b syncserver[8841]: auditlog: delete sessionid=<cyrus1b-8841-1365266332-1> mailbox=<snippeddomain!user.john^smith.subfolders.APPRAISALS> uniqueid=<7c41bb415156dc77>
2013-04-06T17:48:08+01:00 cyrus1b syncserver[8841]: Rename: snippeddomain!user.john^smith.subfolders.Fire Marshall Stuff -> snippeddomain!DELETED.user.john^smith.subfolders.Fire Marshall Stuff.516051E5
2013-04-06T17:48:08+01:00 cyrus1b syncserver[8841]: auditlog: create sessionid=<cyrus1b-8841-1365266332-1> mailbox=<snippeddomain!DELETED.user.john^smith.subfolders.Fire Marshall Stuff.516051E5> uniqueid=<7d418317516051c8>
2013-04-06T17:48:08+01:00 cyrus1b syncserver[8841]: auditlog: rename sessionid=<cyrus1b-8841-1365266332-1> oldmailbox=<snippeddomain!user.john^smith.subfolders.Fire Marshall Stuff> newmailbox=<snippeddomain!DELETED.user.john^smith.subfolders.Fire Marshall Stuff.516051E5> uniqueid=<116505aa5156dc7b>
2013-04-06T17:48:08+01:00 cyrus1b syncserver[8841]: Deleted mailbox snippeddomain!user.john^smith.subfolders.Fire Marshall Stuff
2013-04-06T17:48:08+01:00 cyrus1b syncserver[8841]: auditlog: delete sessionid=<cyrus1b-8841-1365266332-1> mailbox=<snippeddomain!user.john^smith.subfolders.Fire Marshall Stuff> uniqueid=<116505aa5156dc7b>
2013-04-06T17:48:08+01:00 cyrus1b syncserver[8841]: Rename: snippeddomain!user.john^smith.subfolders.INTRANET -> snippeddomain!DELETED.user.john^smith.subfolders.INTRANET.516051E5
2013-04-06T17:48:08+01:00 cyrus1b syncserver[8841]: auditlog: create sessionid=<cyrus1b-8841-1365266332-1> mailbox=<snippeddomain!DELETED.user.john^smith.subfolders.INTRANET.516051E5> uniqueid=<64a6e5ba516051c8>
2013-04-06T17:48:08+01:00 cyrus1b syncserver[8841]: auditlog: rename sessionid=<cyrus1b-8841-1365266332-1> oldmailbox=<snippeddomain!user.john^smith.subfolders.INTRANET> newmailbox=<snippeddomain!DELETED.user.john^smith.subfolders.INTRANET.516051E5> uniqueid=<08c146125156dc86>
2013-04-06T17:48:08+01:00 cyrus1b syncserver[8841]: Deleted mailbox snippeddomain!user.john^smith.subfolders.INTRANET
2013-04-06T17:48:08+01:00 cyrus1b syncserver[8841]: auditlog: delete sessionid=<cyrus1b-8841-1365266332-1> mailbox=<snippeddomain!user.john^smith.subfolders.INTRANET> uniqueid=<08c146125156dc86>
2013-04-06T17:48:08+01:00 cyrus1b syncserver[8841]: Rename: snippeddomain!user.john^smith.subfolders.Mandy -> snippeddomain!DELETED.user.john^smith.subfolders.Mandy.516051E5
2013-04-06T17:48:08+01:00 cyrus1b syncserver[8841]: auditlog: create sessionid=<cyrus1b-8841-1365266332-1> mailbox=<snippeddomain!DELETED.user.john^smith.subfolders.Mandy.516051E5> uniqueid=<32d90a13516051c8>
2013-04-06T17:48:08+01:00 cyrus1b syncserver[8841]: auditlog: rename sessionid=<cyrus1b-8841-1365266332-1> oldmailbox=<snippeddomain!user.john^smith.subfolders.Mandy> newmailbox=<snippeddomain!DELETED.user.john^smith.subfolders.Mandy.516051E5> uniqueid=<16e3b8855156dc88>
2013-04-06T17:48:08+01:00 cyrus1b syncserver[8841]: Deleted mailbox snippeddomain!user.john^smith.subfolders.Mandy
2013-04-06T17:48:08+01:00 cyrus1b syncserver[8841]: auditlog: delete sessionid=<cyrus1b-8841-1365266332-1> mailbox=<snippeddomain!user.john^smith.subfolders.Mandy> uniqueid=<16e3b8855156dc88>
2013-04-06T17:48:08+01:00 cyrus1b syncserver[8841]: Rename: snippeddomain!user.john^smith.subfolders.Moved Box -> snippeddomain!DELETED.user.john^smith.subfolders.Moved Box.516051E5
2013-04-06T17:48:08+01:00 cyrus1b syncserver[8841]: auditlog: create sessionid=<cyrus1b-8841-1365266332-1> mailbox=<snippeddomain!DELETED.user.john^smith.subfolders.Moved Box.516051E5> uniqueid=<57813d2a516051c8>
2013-04-06T17:48:08+01:00 cyrus1b syncserver[8841]: auditlog: rename sessionid=<cyrus1b-8841-1365266332-1> oldmailbox=<snippeddomain!user.john^smith.subfolders.Moved Box> newmailbox=<snippeddomain!DELETED.user.john^smith.subfolders.Moved Box.516051E5> uniqueid=<608f5ec55156dc8b>
2013-04-06T17:48:08+01:00 cyrus1b syncserver[8841]: Deleted mailbox snippeddomain!user.john^smith.subfolders.Moved Box
2013-04-06T17:48:08+01:00 cyrus1b syncserver[8841]: auditlog: delete sessionid=<cyrus1b-8841-1365266332-1> mailbox=<snippeddomain!user.john^smith.subfolders.Moved Box> uniqueid=<608f5ec55156dc8b>
2013-04-06T17:48:08+01:00 cyrus1b syncserver[8841]: Rename: snippeddomain!user.john^smith.subfolders.Paul Backhouse -> snippeddomain!DELETED.user.john^smith.subfolders.Paul Backhouse.516051E6
2013-04-06T17:48:08+01:00 cyrus1b syncserver[8841]: auditlog: create sessionid=<cyrus1b-8841-1365266332-1> mailbox=<snippeddomain!DELETED.user.john^smith.subfolders.Paul Backhouse.516051E6> uniqueid=<2baec161516051c8>
2013-04-06T17:48:08+01:00 cyrus1b syncserver[8841]: auditlog: rename sessionid=<cyrus1b-8841-1365266332-1> oldmailbox=<snippeddomain!user.john^smith.subfolders.Paul Backhouse> newmailbox=<snippeddomain!DELETED.user.john^smith.subfolders.Paul Backhouse.516051E6> uniqueid=<5ac4359a5156dc92>
2013-04-06T17:48:08+01:00 cyrus1b syncserver[8841]: Deleted mailbox snippeddomain!user.john^smith.subfolders.Paul Backhouse
2013-04-06T17:48:08+01:00 cyrus1b syncserver[8841]: auditlog: delete sessionid=<cyrus1b-8841-1365266332-1> mailbox=<snippeddomain!user.john^smith.subfolders.Paul Backhouse> uniqueid=<5ac4359a5156dc92>
2013-04-06T17:48:08+01:00 cyrus1b syncserver[8841]: Rename: snippeddomain!user.john^smith.subfolders.STAFF DETAILS -> snippeddomain!DELETED.user.john^smith.subfolders.STAFF DETAILS.516051E6
2013-04-06T17:48:08+01:00 cyrus1b syncserver[8841]: auditlog: create sessionid=<cyrus1b-8841-1365266332-1> mailbox=<snippeddomain!DELETED.user.john^smith.subfolders.STAFF DETAILS.516051E6> uniqueid=<0558330d516051c8>
2013-04-06T17:48:08+01:00 cyrus1b syncserver[8841]: auditlog: rename sessionid=<cyrus1b-8841-1365266332-1> oldmailbox=<snippeddomain!user.john^smith.subfolders.STAFF DETAILS> newmailbox=<snippeddomain!DELETED.user.john^smith.subfolders.STAFF DETAILS.516051E6> uniqueid=<222515e05156dca0>
2013-04-06T17:48:08+01:00 cyrus1b syncserver[8841]: Deleted mailbox snippeddomain!user.john^smith.subfolders.STAFF DETAILS
2013-04-06T17:48:08+01:00 cyrus1b syncserver[8841]: auditlog: delete sessionid=<cyrus1b-8841-1365266332-1> mailbox=<snippeddomain!user.john^smith.subfolders.STAFF DETAILS> uniqueid=<222515e05156dca0>
2013-04-06T17:48:08+01:00 cyrus1b syncserver[8841]: Rename: snippeddomain!user.john^smith.subfolders -> snippeddomain!DELETED.user.john^smith.subfolders.516051E6
2013-04-06T17:48:08+01:00 cyrus1b syncserver[8841]: auditlog: create sessionid=<cyrus1b-8841-1365266332-1> mailbox=<snippeddomain!DELETED.user.john^smith.subfolders.516051E6> uniqueid=<0bf2fb23516051c8>
2013-04-06T17:48:08+01:00 cyrus1b syncserver[8841]: auditlog: rename sessionid=<cyrus1b-8841-1365266332-1> oldmailbox=<snippeddomain!user.john^smith.subfolders> newmailbox=<snippeddomain!DELETED.user.john^smith.subfolders.516051E6> uniqueid=<69e038ad5156dc41>
2013-04-06T17:48:08+01:00 cyrus1b syncserver[8841]: Deleted mailbox snippeddomain!user.john^smith.subfolders
2013-04-06T17:48:08+01:00 cyrus1b syncserver[8841]: auditlog: delete sessionid=<cyrus1b-8841-1365266332-1> mailbox=<snippeddomain!user.john^smith.subfolders> uniqueid=<69e038ad5156dc41>
2013-04-06T17:48:08+01:00 cyrus1b syncserver[8841]: auditlog: create sessionid=<cyrus1b-8841-1365266332-1> mailbox=<snippeddomain!DELETED.user.john^smith.Trash.subfolders.516051EB> uniqueid=<484b9b71516051e6>
2013-04-15T04:03:37+01:00 cyrus1b cyr_expire[27182]: Deleted mailbox snippeddomain!DELETED.user.john^smith.Trash.subfolders.516051EB
2013-04-15T04:03:37+01:00 cyrus1b cyr_expire[27182]: auditlog: delete sessionid=<cyrus1b-27182-1365994800-1> mailbox=<snippeddomain!DELETED.user.john^smith.Trash.subfolders.516051EB> uniqueid=<484b9b71516051e6>
2013-04-15T04:03:37+01:00 cyrus1b cyr_expire[27182]: Deleted mailbox snippeddomain!DELETED.user.john^smith.subfolders.516051E6
2013-04-15T04:03:37+01:00 cyrus1b cyr_expire[27182]: auditlog: delete sessionid=<cyrus1b-27182-1365994800-1> mailbox=<snippeddomain!DELETED.user.john^smith.subfolders.516051E6> uniqueid=<69e038ad5156dc41>
2013-04-15T04:03:37+01:00 cyrus1b cyr_expire[27182]: Deleted mailbox snippeddomain!DELETED.user.john^smith.subfolders.APPRAISALS.516051E4
2013-04-15T04:03:37+01:00 cyrus1b cyr_expire[27182]: auditlog: delete sessionid=<cyrus1b-27182-1365994800-1> mailbox=<snippeddomain!DELETED.user.john^smith.subfolders.APPRAISALS.516051E4> uniqueid=<7c41bb415156dc77>
2013-04-15T04:03:37+01:00 cyrus1b cyr_expire[27182]: Deleted mailbox snippeddomain!DELETED.user.john^smith.subfolders.Fire Marshall Stuff.516051E5
2013-04-15T04:03:37+01:00 cyrus1b cyr_expire[27182]: auditlog: delete sessionid=<cyrus1b-27182-1365994800-1> mailbox=<snippeddomain!DELETED.user.john^smith.subfolders.Fire Marshall Stuff.516051E5> uniqueid=<116505aa5156dc7b>
2013-04-15T04:03:37+01:00 cyrus1b cyr_expire[27182]: Deleted mailbox snippeddomain!DELETED.user.john^smith.subfolders.INTRANET.516051E5
2013-04-15T04:03:37+01:00 cyrus1b cyr_expire[27182]: auditlog: delete sessionid=<cyrus1b-27182-1365994800-1> mailbox=<snippeddomain!DELETED.user.john^smith.subfolders.INTRANET.516051E5> uniqueid=<08c146125156dc86>
2013-04-15T04:03:37+01:00 cyrus1b cyr_expire[27182]: Deleted mailbox snippeddomain!DELETED.user.john^smith.subfolders.Mandy.516051E5
2013-04-15T04:03:37+01:00 cyrus1b cyr_expire[27182]: auditlog: delete sessionid=<cyrus1b-27182-1365994800-1> mailbox=<snippeddomain!DELETED.user.john^smith.subfolders.Mandy.516051E5> uniqueid=<16e3b8855156dc88>
2013-04-15T04:03:37+01:00 cyrus1b cyr_expire[27182]: Deleted mailbox snippeddomain!DELETED.user.john^smith.subfolders.Moved Box.516051E5
2013-04-15T04:03:37+01:00 cyrus1b cyr_expire[27182]: auditlog: delete sessionid=<cyrus1b-27182-1365994800-1> mailbox=<snippeddomain!DELETED.user.john^smith.subfolders.Moved Box.516051E5> uniqueid=<608f5ec55156dc8b>
2013-04-15T04:03:37+01:00 cyrus1b cyr_expire[27182]: Deleted mailbox snippeddomain!DELETED.user.john^smith.subfolders.Paul Backhouse.516051E6
2013-04-15T04:03:37+01:00 cyrus1b cyr_expire[27182]: auditlog: delete sessionid=<cyrus1b-27182-1365994800-1> mailbox=<snippeddomain!DELETED.user.john^smith.subfolders.Paul Backhouse.516051E6> uniqueid=<5ac4359a5156dc92>
2013-04-15T04:03:37+01:00 cyrus1b cyr_expire[27182]: Deleted mailbox snippeddomain!DELETED.user.john^smith.subfolders.STAFF DETAILS.516051E6
2013-04-15T04:03:37+01:00 cyrus1b cyr_expire[27182]: auditlog: delete sessionid=<cyrus1b-27182-1365994800-1> mailbox=<snippeddomain!DELETED.user.john^smith.subfolders.STAFF DETAILS.516051E6> uniqueid=<222515e05156dca0>
2013-04-15T04:11:38+01:00 cyrus1 cyr_expire[20336]: Deleted mailbox snippeddomain!DELETED.user.john^smith.Trash.subfolders.516051EB
2013-04-15T04:11:38+01:00 cyrus1 cyr_expire[20336]: auditlog: delete sessionid=<cyrus1-20336-1365994805-1> mailbox=<snippeddomain!DELETED.user.john^smith.Trash.subfolders.516051EB> uniqueid=<484b9b71516051e6>
2013-04-15T04:11:38+01:00 cyrus1 cyr_expire[20336]: Deleted mailbox snippeddomain!DELETED.user.john^smith.subfolders.516051E6
2013-04-15T04:11:38+01:00 cyrus1 cyr_expire[20336]: auditlog: delete sessionid=<cyrus1-20336-1365994805-1> mailbox=<snippeddomain!DELETED.user.john^smith.subfolders.516051E6> uniqueid=<69e038ad5156dc41>
2013-04-15T04:11:38+01:00 cyrus1 cyr_expire[20336]: Deleted mailbox snippeddomain!DELETED.user.john^smith.subfolders.APPRAISALS.516051E4
2013-04-15T04:11:38+01:00 cyrus1 cyr_expire[20336]: auditlog: delete sessionid=<cyrus1-20336-1365994805-1> mailbox=<snippeddomain!DELETED.user.john^smith.subfolders.APPRAISALS.516051E4> uniqueid=<7c41bb415156dc77>
2013-04-15T04:11:38+01:00 cyrus1 cyr_expire[20336]: Deleted mailbox snippeddomain!DELETED.user.john^smith.subfolders.Fire Marshall Stuff.516051E5
2013-04-15T04:11:38+01:00 cyrus1 cyr_expire[20336]: auditlog: delete sessionid=<cyrus1-20336-1365994805-1> mailbox=<snippeddomain!DELETED.user.john^smith.subfolders.Fire Marshall Stuff.516051E5> uniqueid=<116505aa5156dc7b>
2013-04-15T04:11:38+01:00 cyrus1 cyr_expire[20336]: Deleted mailbox snippeddomain!DELETED.user.john^smith.subfolders.INTRANET.516051E5
2013-04-15T04:11:38+01:00 cyrus1 cyr_expire[20336]: auditlog: delete sessionid=<cyrus1-20336-1365994805-1> mailbox=<snippeddomain!DELETED.user.john^smith.subfolders.INTRANET.516051E5> uniqueid=<08c146125156dc86>
2013-04-15T04:11:38+01:00 cyrus1 cyr_expire[20336]: Deleted mailbox snippeddomain!DELETED.user.john^smith.subfolders.Mandy.516051E5
2013-04-15T04:11:38+01:00 cyrus1 cyr_expire[20336]: auditlog: delete sessionid=<cyrus1-20336-1365994805-1> mailbox=<snippeddomain!DELETED.user.john^smith.subfolders.Mandy.516051E5> uniqueid=<16e3b8855156dc88>
2013-04-15T04:11:38+01:00 cyrus1 cyr_expire[20336]: Deleted mailbox snippeddomain!DELETED.user.john^smith.subfolders.Moved Box.516051E5
2013-04-15T04:11:38+01:00 cyrus1 cyr_expire[20336]: auditlog: delete sessionid=<cyrus1-20336-1365994805-1> mailbox=<snippeddomain!DELETED.user.john^smith.subfolders.Moved Box.516051E5> uniqueid=<608f5ec55156dc8b>
2013-04-15T04:11:38+01:00 cyrus1 cyr_expire[20336]: Deleted mailbox snippeddomain!DELETED.user.john^smith.subfolders.Paul Backhouse.516051E6
2013-04-15T04:11:38+01:00 cyrus1 cyr_expire[20336]: auditlog: delete sessionid=<cyrus1-20336-1365994805-1> mailbox=<snippeddomain!DELETED.user.john^smith.subfolders.Paul Backhouse.516051E6> uniqueid=<5ac4359a5156dc92>
2013-04-15T04:11:39+01:00 cyrus1 cyr_expire[20336]: Deleted mailbox snippeddomain!DELETED.user.john^smith.subfolders.STAFF DETAILS.516051E6
2013-04-15T04:11:39+01:00 cyrus1 cyr_expire[20336]: auditlog: delete sessionid=<cyrus1-20336-1365994805-1> mailbox=<snippeddomain!DELETED.user.john^smith.subfolders.STAFF DETAILS.516051E6> uniqueid=<222515e05156dca0>
