------------------------------
>> Timestamp: Thu, 29 Mar 2012 10:30:38 +0200
S: * OK [CAPABILITY IMAP4rev1 LITERAL+ ID ENABLE  XIMAPPROXY] neo Cyrus IMAP v2.4.9-Debian-2.4.9-1 server ready
C: [LOGIN Command - username: jan]
S: * OK [XPROXYREUSE] IMAP connection reused by imapproxy
S: 1 OK User logged in
C: 2 EXAMINE INBOX (QRESYNC (968256253 288 0:3,184848,186756,187059,187076,188416,188466,188642,188907,189008,189010,190348,190880,191123,192956,194127,194235,195944,196164,196606,202535,205645,206022:206024,206295,206788,206818,206993,207164,207229,207254,207313,207439,207531,207671,208041,208282:208283,208285:208286,208299:208300,208303:208304,208306,208310,208319,208324,208328,208367,208372,212054,213533,213681,213960:213961,215546,216809,222960,226868,227085,229490,229856,230020,230415,230503,230586,230638,231356,233361,234053,239385,239656,244008,247353,247362:247363,254752,255678:255679,256149,256152,256829,267570,267867,267911:267912,269016,270336:270337,270339,270370,271378,271696,272239,272281,272608,272841,273061,273135,273195,273484,273802,273953,274037,274326,274531,274536,274783,275034,275036,275039,275061,275128,275148,275289,275393,275489,275617,275645,275745,276194,276929,276931,277052,277064,277068,277072,277074:277091,277145,277159:277160,277213:277214,277219:277221,277223:277228,277250,277281,277283:277284,277302:277303,277305:277310,277380,277428,277490,277496,277537:277538,277598,277609,277668,277694,277700,277709,277715,277949,278059:278060,278070:278071,278073:278075,278202,278301,278303,278342,278357,278359,278389,278391,278393:278394,278399:278404))
S: * 184 EXISTS
S: * 0 RECENT
S: * FLAGS (\Answered \Flagged \Draft \Deleted \Seen NonJunk $Label2 $Label1 $Label3 $Label4 $Label5 Junk $Forwarded NotJunk foo AMMMa Consulting $NotJunk JunkRecorded $Junk Training $MDNSent KMAILFORWARDED KMAILTODO KMAILWATCHED KMAILIGNORED $TODO $WATCHED $IGNORED H3)
S: * OK [PERMANENTFLAGS ()] Ok
S: * OK [UNSEEN 157] Ok
S: * OK [UIDVALIDITY 968256253] Ok
S: * OK [UIDNEXT 278405] Ok
S: * OK [HIGHESTMODSEQ 288] Ok
S: * OK [URLMECH INTERNAL] Ok
S: 2 OK [READ-ONLY] Completed
>> CACHE: Retrieved messages (mailbox: INBOX; UIDs: 278394)
>> CACHE: Retrieved messages (mailbox: INBOX; UIDs: 278394)
C: 3 UNSELECT
S: 3 OK Completed
C: 4 APPEND INBOX (\seen) "29-Mar-2012 07:19:08 +0200" CATENATE (URL /INBOX;UIDVALIDITY=968256253/;UID=278394/;SECTION=HEADER TEXT {31+}
C: 
--=_PvqvNTCxCdFPc-A1PSWDFpA
C:  URL /INBOX;UIDVALIDITY=968256253/;UID=278394/;SECTION=1.MIME URL /INBOX;UIDVALIDITY=968256253/;UID=278394/;SECTION=1 TEXT {31+}
C: 
--=_PvqvNTCxCdFPc-A1PSWDFpA
C:  URL /INBOX;UIDVALIDITY=968256253/;UID=278394/;SECTION=2.MIME URL /INBOX;UIDVALIDITY=968256253/;UID=278394/;SECTION=2 TEXT {31+}
C: 
--=_PvqvNTCxCdFPc-A1PSWDFpA
C:  TEXT {119+}
C: Content-Type: text/plain; charset=UTF-8

[Anhang entfernt: Ehemaliger Anhangstyp: image/jpeg, Name: MUSHUjieshao.jpg]C:  TEXT {33+}
C: 
--=_PvqvNTCxCdFPc-A1PSWDFpA--
C: )
S: 4 NO [BADURL "TEXT"] Mailbox does not exist
C: 5 STATUS INBOX (RECENT)
S: * STATUS INBOX (RECENT 0)
S: 5 OK Completed
C: 6 STATUS INBOX.horde.apps (RECENT)
S: * STATUS INBOX.horde.apps (RECENT 0)
S: 6 OK Completed
C: 7 STATUS INBOX.horde.bugs (RECENT)
S: * STATUS INBOX.horde.bugs (RECENT 0)
S: 7 OK Completed
C: 8 STATUS INBOX.horde.cvs (RECENT)
S: * STATUS INBOX.horde.cvs (RECENT 0)
S: 8 OK Completed
C: 9 STATUS INBOX.horde.dev (RECENT)
S: * STATUS INBOX.horde.dev (RECENT 0)
S: 9 OK Completed
C: 10 STATUS INBOX.horde.imp (RECENT)
S: * STATUS INBOX.horde.imp (RECENT 0)
S: 10 OK Completed
C: 11 STATUS INBOX.Privat (RECENT)
S: * STATUS INBOX.Privat (RECENT 0)
S: 11 OK Completed
C: 12 LOGOUT
S: * BYE LOGOUT received
S: 12 OK Completed
