--2014-04-04 16:13:48--  ftp://ftp.cyrusimap.org/cyrus-sasl/cyrus-sasl-2.1.26.tar.gz
           => “/home/buildfarm/BUILDFARM/Thirdparty/BuildScripts/tarballs/.listing”
Resolving ftp.cyrusimap.org... 128.2.12.202
Connecting to ftp.cyrusimap.org|128.2.12.202|:21... connected.
Logging in as anonymous ... Logged in!
==> SYST ... done.    ==> PWD ... done.
==> TYPE I ... done.  ==> CWD (1) /cyrus-sasl ... done.
==> PASV ... done.    ==> LIST ... done.

     0K .                                                      3.27M=0s

2014-04-04 16:13:50 (3.27 MB/s) - “/home/buildfarm/BUILDFARM/Thirdparty/BuildScripts/tarballs/.listing” saved [1026]

Removed “/home/buildfarm/BUILDFARM/Thirdparty/BuildScripts/tarballs/.listing”.
Remote file no newer than local file “/home/buildfarm/BUILDFARM/Thirdparty/BuildScripts/tarballs/cyrus-sasl-2.1.26.tar.gz” -- not retrieving.
./tarballs/download-packages.sh: line 164: [: =: unary operator expected
LD_RUN=
configure: creating cache ./config.cache
checking build system type... i686-pc-linux-gnu
checking host system type... i686-pc-linux-gnu
checking target system type... i686-pc-linux-gnu
checking for a BSD-compatible install... /usr/bin/install -c
checking whether build environment is sane... yes
checking for a thread-safe mkdir -p... /bin/mkdir -p
checking for gawk... gawk
checking whether make sets $(MAKE)... yes
checking for gcc... gcc
checking for C compiler default output file name... a.out
checking whether the C compiler works... yes
checking whether we are cross compiling... no
checking for suffix of executables... 
checking for suffix of object files... o
checking whether we are using the GNU C compiler... yes
checking whether gcc accepts -g... yes
checking for gcc option to accept ISO C89... none needed
checking for style of include used by make... GNU
checking dependency style of gcc... gcc3
checking how to run the C preprocessor... gcc -E
checking for gawk... (cached) gawk
checking whether ln -s works... yes
checking whether make sets $(MAKE)... (cached) yes
checking for a BSD-compatible install... /usr/bin/install -c
checking for __attribute__... yes
checking for runpath switch... -Wl,-rpath,
checking for ranlib... ranlib
checking for ld used by GCC... /usr/bin/ld
checking if the linker (/usr/bin/ld) is GNU ld... yes
checking for BSD-compatible nm... /usr/bin/nm -B
configure: updating cache ./config.cache
loading cache ./config.cache within ltconfig
checking for object suffix... o
checking for executable suffix... no
checking for gcc option to produce PIC... -fPIC
checking if gcc PIC flag -fPIC works... yes
checking if gcc supports -c -o file.o... yes
checking if gcc supports -c -o file.lo... yes
checking if gcc supports -fno-rtti -fno-exceptions ... no
checking if gcc static flag -static works... -static
checking if the linker (/usr/bin/ld) is GNU ld... yes
checking whether the linker (/usr/bin/ld) supports shared libraries... yes
checking command to parse /usr/bin/nm -B output... ok
checking how to hardcode library paths into programs... immediate
checking for /usr/bin/ld option to reload object files... -r
checking dynamic linker characteristics... Linux ld.so
checking if libtool supports shared libraries... yes
checking whether to build shared libraries... yes
checking whether to build static libraries... no
checking for objdir... .libs
creating libtool
updating cache ./config.cache
configure: loading cache ./config.cache
checking for connect... yes
checking for res_search... no
checking for dn_expand... no
checking for dns_lookup... no
checking DB path to use... /etc/sasldb2
checking for grep that handles long lines and -e... /bin/grep
checking for egrep... /bin/grep -E
checking for ANSI C header files... yes
checking for sys/types.h... yes
checking for sys/stat.h... yes
checking for stdlib.h... yes
checking for string.h... yes
checking for memory.h... yes
checking for strings.h... yes
checking for inttypes.h... yes
checking for stdint.h... yes
checking for unistd.h... yes
checking db.h usability... yes
checking db.h presence... yes
checking for db.h... yes
checking DB library to use... berkeley
checking if Berkeley DB handle is kept open in SASLDB... no
checking for dlopen in -ldl... yes
checking /dev/random to use... /dev/random
checking for nm... /usr/bin/nm -B
checking for underscore before symbols... no
checking for syslog... yes
checking security/pam_appl.h usability... yes
checking security/pam_appl.h presence... yes
checking for security/pam_appl.h... yes
checking pam/pam_appl.h usability... no
checking pam/pam_appl.h presence... no
checking for pam/pam_appl.h... no
checking for pam_start... no
checking if I should include saslauthd... /var/state/saslauthd
checking to include Courier authdaemond support... /dev/null
checking if I should include pwcheck... no
checking if I should include the alwaystrue verifier... no
checking if we should enable sasl_checkapop... enabled
checking CRAM-MD5... enabled
checking size of long... 4
checking what directory libraries are found in... lib
checking for RSAPublicEncrypt in -lrsaref... no
checking openssl/evp.h usability... yes
checking openssl/evp.h presence... yes
checking for openssl/evp.h... yes
checking for EVP_DigestInit in -lcrypto... yes
checking for OpenSSL... yes
checking for des_cbc_encrypt in -lcrypto... no
checking for DES_cbc_encrypt in -lcrypto... yes
checking openssl/des.h usability... yes
checking openssl/des.h presence... yes
checking for openssl/des.h... yes
checking DIGEST-MD5... enabled
checking SCRAM... enabled
checking OTP... enabled
checking for opiechallenge in -lopie... no
checking for OPIE... no
checking SRP... disabled
checking KERBEROS_V4... disabled
checking for crypt... no
checking for crypt in -lcrypt... yes
checking gssapi.h usability... yes
checking gssapi.h presence... yes
checking for gssapi.h... yes
checking gssapi/gssapi_ext.h usability... yes
checking gssapi/gssapi_ext.h presence... yes
checking for gssapi/gssapi_ext.h... yes
checking for res_search in -lresolv... yes
checking for gss_unwrap in -lgssapi... no
checking for krb5int_getspecific in -lkrb5support... yes
checking for gss_unwrap in -lgssapi_krb5... yes
checking GSSAPI... with implementation mit
checking for res_search in -lresolv... (cached) yes
checking for gsskrb5_register_acceptor_identity... no
checking for gss_decapsulate_token... yes
checking for gss_encapsulate_token... yes
checking for gss_oid_equal... yes
checking for gss_get_name_attribute... yes
checking for SPNEGO support in GSSAPI libraries... no
checking to use mutexes aroung GSS calls... yes
checking PLAIN... enabled
checking ANONYMOUS... enabled
checking LOGIN... disabled
checking NTLM... disabled
checking PASSDSS... disabled
checking SQL... disabled
checking LDAPDB... disabled
checking for dmalloc library... no
checking for sfio library... no
checking for getsubopt... yes
checking for snprintf... yes
checking for vsnprintf... yes
checking for inet_aton in -lresolv... yes
checking for getaddrinfo... yes
checking for gai_strerror... yes
checking for getnameinfo... yes
checking for an ANSI C-conforming const... yes
checking for inline... inline
checking for mode_t... yes
checking for pid_t... yes
checking return type of signal handlers... void
checking whether time.h and sys/time.h may both be included... yes
checking for ANSI C header files... (cached) yes
checking for dirent.h that defines DIR... yes
checking for library containing opendir... none required
checking for sys/wait.h that is POSIX.1 compatible... yes
checking des.h usability... no
checking des.h presence... no
checking for des.h... no
checking dlfcn.h usability... yes
checking dlfcn.h presence... yes
checking for dlfcn.h... yes
checking fcntl.h usability... yes
checking fcntl.h presence... yes
checking for fcntl.h... yes
checking limits.h usability... yes
checking limits.h presence... yes
checking for limits.h... yes
checking malloc.h usability... yes
checking malloc.h presence... yes
checking for malloc.h... yes
checking paths.h usability... yes
checking paths.h presence... yes
checking for paths.h... yes
checking for strings.h... (cached) yes
checking sys/file.h usability... yes
checking sys/file.h presence... yes
checking for sys/file.h... yes
checking sys/time.h usability... yes
checking sys/time.h presence... yes
checking for sys/time.h... yes
checking syslog.h usability... yes
checking syslog.h presence... yes
checking for syslog.h... yes
checking for unistd.h... (cached) yes
checking for inttypes.h... (cached) yes
checking sys/uio.h usability... yes
checking sys/uio.h presence... yes
checking for sys/uio.h... yes
checking sys/param.h usability... yes
checking sys/param.h presence... yes
checking for sys/param.h... yes
checking sysexits.h usability... yes
checking sysexits.h presence... yes
checking for sysexits.h... yes
checking stdarg.h usability... yes
checking stdarg.h presence... yes
checking for stdarg.h... yes
checking varargs.h usability... no
checking varargs.h presence... no
checking for varargs.h... no
checking whether you have ss_family in struct sockaddr_storage... yes
checking whether you have sa_len in struct sockaddr... no
checking for socklen_t... yes
checking for gethostname... yes
checking for getdomainname... yes
checking for getpwnam... yes
checking for getspnam... yes
checking for gettimeofday... yes
checking for inet_aton... yes
checking for memcpy... yes
checking for mkdir... yes
checking for select... yes
checking for socket... yes
checking for strchr... yes
checking for strdup... yes
checking for strerror... yes
checking for strspn... yes
checking for strstr... yes
checking for strtol... yes
checking for jrand48... yes
checking for getpassphrase... no
configure: updating cache ./config.cache
configure: creating ./config.status
config.status: creating Makefile
config.status: creating libsasl2.pc
config.status: creating include/Makefile
config.status: creating sasldb/Makefile
config.status: creating plugins/Makefile
config.status: creating lib/Makefile
config.status: creating utils/Makefile
config.status: creating doc/Makefile
config.status: creating sample/Makefile
config.status: creating java/Makefile
config.status: creating java/CyrusSasl/Makefile
config.status: creating java/Test/Makefile
config.status: creating java/javax/Makefile
config.status: creating java/javax/security/Makefile
config.status: creating java/javax/security/auth/Makefile
config.status: creating java/javax/security/auth/callback/Makefile
config.status: creating pwcheck/Makefile
config.status: creating man/Makefile
config.status: creating config.h
config.status: executing depfiles commands
=== configuring in saslauthd (/home/buildfarm/BUILDFARM/Thirdparty/BuildScripts/source/cyrus-sasl.linux/saslauthd)
configure: running /bin/sh ./configure --disable-option-checking '--prefix=/opt/local/20140401/fcd3269b-af10-4512-9c8a-02abf4fbed12'  'CFLAGS=-I/opt/local/20140401/fcd3269b-af10-4512-9c8a-02abf4fbed12/include ' 'LDFLAGS=-L/opt/local/20140401/fcd3269b-af10-4512-9c8a-02abf4fbed12/lib' --cache-file=.././config.cache --srcdir=.
configure: loading cache .././config.cache
checking build system type... (cached) i686-pc-linux-gnu
checking host system type... (cached) i686-pc-linux-gnu
checking for a BSD-compatible install... (cached) /usr/bin/install -c
checking whether build environment is sane... yes
checking for a thread-safe mkdir -p... (cached) /bin/mkdir -p
checking for gawk... (cached) gawk
checking whether make sets $(MAKE)... (cached) yes
checking for gcc... (cached) gcc
checking for C compiler default output file name... a.out
checking whether the C compiler works... yes
checking whether we are cross compiling... no
checking for suffix of executables... 
checking for suffix of object files... (cached) o
checking whether we are using the GNU C compiler... (cached) yes
checking whether gcc accepts -g... (cached) yes
checking for gcc option to accept ISO C89... (cached) none needed
checking for style of include used by make... GNU
checking dependency style of gcc... (cached) gcc3
checking how to run the C preprocessor... (cached) gcc -E
checking for gawk... (cached) gawk
checking whether make sets $(MAKE)... (cached) yes
checking whether ln -s works... yes
checking for a BSD-compatible install... /usr/bin/install -c
checking for __attribute__... (cached) yes
checking for runpath switch... (cached) -Wl,-rpath,
checking for connect... (cached) yes
checking for res_search... (cached) no
checking for dn_expand... (cached) no
checking for dns_lookup... (cached) no
checking for grep that handles long lines and -e... (cached) /bin/grep
checking for egrep... (cached) /bin/grep -E
checking for ANSI C header files... (cached) yes
checking for sys/types.h... (cached) yes
checking for sys/stat.h... (cached) yes
checking for stdlib.h... (cached) yes
checking for string.h... (cached) yes
checking for memory.h... (cached) yes
checking for strings.h... (cached) yes
checking for inttypes.h... (cached) yes
checking for stdint.h... (cached) yes
checking for unistd.h... (cached) yes
checking size of long... (cached) 4
checking what directory libraries are found in... (cached) lib
checking for RSAPublicEncrypt in -lrsaref... (cached) no
checking for openssl/evp.h... (cached) yes
checking for EVP_DigestInit in -lcrypto... (cached) yes
checking for OpenSSL... yes
checking for des_cbc_encrypt in -lcrypto... (cached) no
checking for DES_cbc_encrypt in -lcrypto... (cached) yes
checking for openssl/des.h... (cached) yes
checking KERBEROS_V4... disabled
checking for crypt... (cached) no
checking for crypt in -lcrypt... (cached) yes
checking for gssapi.h... (cached) yes
checking for gssapi/gssapi_ext.h... (cached) yes
checking for res_search in -lresolv... (cached) yes
checking for gss_unwrap in -lgssapi... (cached) no
checking for krb5int_getspecific in -lkrb5support... (cached) yes
checking for gss_unwrap in -lgssapi_krb5... (cached) yes
checking GSSAPI... with implementation mit
checking for res_search in -lresolv... (cached) yes
checking for gsskrb5_register_acceptor_identity... (cached) no
checking for gss_decapsulate_token... (cached) yes
checking for gss_encapsulate_token... (cached) yes
checking for gss_oid_equal... (cached) yes
checking for gss_get_name_attribute... (cached) yes
checking for SPNEGO support in GSSAPI libraries... no
checking for crypt... (cached) no
checking for crypt in -lcrypt... (cached) yes
checking for pam_start in -lpam... yes
checking for security/pam_appl.h... (cached) yes
checking for PAM support... yes
checking for inet_aton in -lresolv... (cached) yes
checking to include LDAP support... no
checking for ANSI C header files... (cached) yes
checking for sys/wait.h that is POSIX.1 compatible... (cached) yes
checking whether time.h and sys/time.h may both be included... (cached) yes
checking crypt.h usability... yes
checking crypt.h presence... yes
checking for crypt.h... yes
checking for fcntl.h... (cached) yes
checking krb5.h usability... yes
checking krb5.h presence... yes
checking for krb5.h... yes
checking for strings.h... (cached) yes
checking for syslog.h... (cached) yes
checking for unistd.h... (cached) yes
checking for sys/time.h... (cached) yes
checking for sys/uio.h... (cached) yes
checking for an ANSI C-conforming const... (cached) yes
checking for pid_t... (cached) yes
checking whether gcc implements __func__... yes
checking return type of signal handlers... (cached) void
checking for gethostname... (cached) yes
checking for mkdir... (cached) yes
checking for socket... (cached) yes
checking for strdup... (cached) yes
checking for getspnam... (cached) yes
checking for asprintf... yes
checking for strlcat... no
checking for strlcpy... no
checking if getpwnam_r/getspnam_r take 5 arguments... yes
checking for getaddrinfo... (cached) yes
checking for getnameinfo... (cached) yes
checking whether you have ss_family in struct sockaddr_storage... (cached) yes
checking whether you have sa_len in struct sockaddr... (cached) no
checking for socklen_t... (cached) yes
configure: updating cache .././config.cache
configure: creating ./config.status
config.status: creating Makefile
config.status: creating saslauthd.h
config.status: executing depfiles commands
Configuration Complete. Type 'make' to build.
CDPATH="${ZSH_VERSION+.}:" && cd . && /bin/sh /home/buildfarm/BUILDFARM/Thirdparty/BuildScripts/source/cyrus-sasl.linux/config/missing --run aclocal-1.11 -I ./cmulocal -I ./config 
configure.in:563: warning: AC_CACHE_VAL(cyrus_krbinclude, ...): suspicious cache-id, must contain _cv_ to be cached
../../lib/autoconf/general.m4:2031: AC_CACHE_VAL is expanded from...
../../lib/autoconf/general.m4:2052: AC_CACHE_CHECK is expanded from...
config/kerberos_v4.m4:76: SASL_KERBEROS_V4_CHK is expanded from...
configure.in:563: the top level
 cd . && /bin/sh /home/buildfarm/BUILDFARM/Thirdparty/BuildScripts/source/cyrus-sasl.linux/config/missing --run automake-1.11 --gnu
configure.in:563: warning: AC_CACHE_VAL(cyrus_krbinclude, ...): suspicious cache-id, must contain _cv_ to be cached
../../lib/autoconf/general.m4:2031: AC_CACHE_VAL is expanded from...
../../lib/autoconf/general.m4:2052: AC_CACHE_CHECK is expanded from...
config/kerberos_v4.m4:76: SASL_KERBEROS_V4_CHK is expanded from...
configure.in:563: the top level
java/CyrusSasl/Makefile.am:46: wildcard ../lib/*.lo: non-POSIX variable name
java/CyrusSasl/Makefile.am:46: (probably a GNU make extension)
java/CyrusSasl/Makefile.am:52: patsubst %.class,CyrusSasl.%,$^: non-POSIX variable name
java/CyrusSasl/Makefile.am:52: (probably a GNU make extension)
CDPATH="${ZSH_VERSION+.}:" && cd . && /bin/sh /home/buildfarm/BUILDFARM/Thirdparty/BuildScripts/source/cyrus-sasl.linux/config/missing --run autoconf
configure.in:563: warning: AC_CACHE_VAL(cyrus_krbinclude, ...): suspicious cache-id, must contain _cv_ to be cached
../../lib/autoconf/general.m4:2031: AC_CACHE_VAL is expanded from...
../../lib/autoconf/general.m4:2052: AC_CACHE_CHECK is expanded from...
config/kerberos_v4.m4:76: SASL_KERBEROS_V4_CHK is expanded from...
configure.in:563: the top level
/bin/sh ./config.status --recheck
running CONFIG_SHELL=/bin/sh /bin/sh ./configure --prefix=/opt/local/20140401/fcd3269b-af10-4512-9c8a-02abf4fbed12 CFLAGS=-I/opt/local/20140401/fcd3269b-af10-4512-9c8a-02abf4fbed12/include  LDFLAGS=-L/opt/local/20140401/fcd3269b-af10-4512-9c8a-02abf4fbed12/lib --no-create --no-recursion
configure: loading cache ./config.cache
checking build system type... (cached) i686-pc-linux-gnu
checking host system type... (cached) i686-pc-linux-gnu
checking target system type... (cached) i686-pc-linux-gnu
checking for a BSD-compatible install... (cached) /usr/bin/install -c
checking whether build environment is sane... yes
checking for a thread-safe mkdir -p... (cached) /bin/mkdir -p
checking for gawk... (cached) gawk
checking whether make sets $(MAKE)... (cached) yes
checking for gcc... (cached) gcc
checking whether the C compiler works... yes
checking for C compiler default output file name... a.out
checking for suffix of executables... 
checking whether we are cross compiling... no
checking for suffix of object files... (cached) o
checking whether we are using the GNU C compiler... (cached) yes
checking whether gcc accepts -g... (cached) yes
checking for gcc option to accept ISO C89... (cached) none needed
checking for style of include used by make... GNU
checking dependency style of gcc... (cached) gcc3
checking how to run the C preprocessor... (cached) gcc -E
checking for gawk... (cached) gawk
checking whether ln -s works... yes
checking whether make sets $(MAKE)... (cached) yes
checking for __attribute__... (cached) yes
checking for runpath switch... (cached) -Wl,-rpath,
checking for ranlib... (cached) ranlib
checking for ld used by GCC... (cached) /usr/bin/ld
checking if the linker (/usr/bin/ld) is GNU ld... (cached) yes
checking for BSD-compatible nm... (cached) /usr/bin/nm -B
loading cache ./config.cache within ltconfig
checking for object suffix... o
checking for executable suffix... (cached) 
checking for gcc option to produce PIC... -fPIC
checking if gcc PIC flag -fPIC works... yes
checking if gcc supports -c -o file.o... yes
checking if gcc supports -c -o file.lo... yes
checking if gcc supports -fno-rtti -fno-exceptions ... no
checking if gcc static flag -static works... -static
checking if the linker (/usr/bin/ld) is GNU ld... yes
checking whether the linker (/usr/bin/ld) supports shared libraries... yes
checking command to parse /usr/bin/nm -B output... ok
checking how to hardcode library paths into programs... immediate
checking for /usr/bin/ld option to reload object files... -r
checking dynamic linker characteristics... Linux ld.so
checking if libtool supports shared libraries... yes
checking whether to build shared libraries... yes
checking whether to build static libraries... no
checking for objdir... .libs
creating libtool
updating cache ./config.cache
configure: loading cache ./config.cache
checking for connect... (cached) yes
checking for res_search... (cached) no
checking for dn_expand... (cached) no
checking for dns_lookup... (cached) no
checking DB path to use... /etc/sasldb2
checking for grep that handles long lines and -e... (cached) /bin/grep
checking for egrep... (cached) /bin/grep -E
checking for ANSI C header files... (cached) yes
checking for sys/types.h... (cached) yes
checking for sys/stat.h... (cached) yes
checking for stdlib.h... (cached) yes
checking for string.h... (cached) yes
checking for memory.h... (cached) yes
checking for strings.h... (cached) yes
checking for inttypes.h... (cached) yes
checking for stdint.h... (cached) yes
checking for unistd.h... (cached) yes
checking for db.h... (cached) yes
checking DB library to use... berkeley
checking if Berkeley DB handle is kept open in SASLDB... no
checking for dlopen in -ldl... (cached) yes
checking /dev/random to use... /dev/random
checking for nm... (cached) /usr/bin/nm -B
checking for underscore before symbols... (cached) no
checking for syslog... (cached) yes
checking for security/pam_appl.h... (cached) yes
checking for pam/pam_appl.h... (cached) no
checking for pam_start... (cached) no
checking if I should include saslauthd... /var/state/saslauthd
checking to include Courier authdaemond support... /dev/null
checking if I should include pwcheck... no
checking if I should include the alwaystrue verifier... no
checking if we should enable sasl_checkapop... enabled
checking CRAM-MD5... enabled
checking size of long... (cached) 4
checking what directory libraries are found in... (cached) lib
checking for RSAPublicEncrypt in -lrsaref... (cached) no
checking for openssl/evp.h... (cached) yes
checking for EVP_DigestInit in -lcrypto... (cached) yes
checking for OpenSSL... yes
checking for des_cbc_encrypt in -lcrypto... (cached) no
checking for DES_cbc_encrypt in -lcrypto... (cached) yes
checking for openssl/des.h... (cached) yes
checking DIGEST-MD5... enabled
checking SCRAM... enabled
checking OTP... enabled
checking for opiechallenge in -lopie... (cached) no
checking for OPIE... no
checking SRP... disabled
checking KERBEROS_V4... disabled
checking for crypt... (cached) no
checking for crypt in -lcrypt... (cached) yes
checking for gssapi.h... (cached) yes
checking for gssapi/gssapi_ext.h... (cached) yes
checking for res_search in -lresolv... (cached) yes
checking for gss_unwrap in -lgssapi... (cached) no
checking for krb5int_getspecific in -lkrb5support... (cached) yes
checking for gss_unwrap in -lgssapi_krb5... (cached) yes
checking GSSAPI... with implementation mit
checking for res_search in -lresolv... (cached) yes
checking for gsskrb5_register_acceptor_identity... (cached) no
checking for gss_decapsulate_token... (cached) yes
checking for gss_encapsulate_token... (cached) yes
checking for gss_oid_equal... (cached) yes
checking for gss_get_name_attribute... (cached) yes
checking for SPNEGO support in GSSAPI libraries... no
checking to use mutexes aroung GSS calls... yes
checking PLAIN... enabled
checking ANONYMOUS... enabled
checking LOGIN... disabled
checking NTLM... disabled
checking PASSDSS... disabled
checking SQL... disabled
checking LDAPDB... disabled
checking for dmalloc library... no
checking for sfio library... no
checking for getsubopt... (cached) yes
checking for snprintf... (cached) yes
checking for vsnprintf... (cached) yes
checking for inet_aton in -lresolv... (cached) yes
checking for getaddrinfo... (cached) yes
checking for gai_strerror... (cached) yes
checking for getnameinfo... (cached) yes
checking for an ANSI C-conforming const... (cached) yes
checking for inline... (cached) inline
checking for mode_t... (cached) yes
checking for pid_t... (cached) yes
checking return type of signal handlers... (cached) void
checking whether time.h and sys/time.h may both be included... (cached) yes
checking for ANSI C header files... (cached) yes
checking for dirent.h that defines DIR... (cached) yes
checking for library containing opendir... (cached) none required
checking for sys/wait.h that is POSIX.1 compatible... (cached) yes
checking for des.h... (cached) no
checking for dlfcn.h... (cached) yes
checking for fcntl.h... (cached) yes
checking for limits.h... (cached) yes
checking for malloc.h... (cached) yes
checking for paths.h... (cached) yes
checking for strings.h... (cached) yes
checking for sys/file.h... (cached) yes
checking for sys/time.h... (cached) yes
checking for syslog.h... (cached) yes
checking for unistd.h... (cached) yes
checking for inttypes.h... (cached) yes
checking for sys/uio.h... (cached) yes
checking for sys/param.h... (cached) yes
checking for sysexits.h... (cached) yes
checking for stdarg.h... (cached) yes
checking for varargs.h... (cached) no
checking whether you have ss_family in struct sockaddr_storage... (cached) yes
checking whether you have sa_len in struct sockaddr... (cached) no
checking for socklen_t... (cached) yes
checking for gethostname... (cached) yes
checking for getdomainname... (cached) yes
checking for getpwnam... (cached) yes
checking for getspnam... (cached) yes
checking for gettimeofday... (cached) yes
checking for inet_aton... (cached) yes
checking for memcpy... (cached) yes
checking for mkdir... (cached) yes
checking for select... (cached) yes
checking for socket... (cached) yes
checking for strchr... (cached) yes
checking for strdup... (cached) yes
checking for strerror... (cached) yes
checking for strspn... (cached) yes
checking for strstr... (cached) yes
checking for strtol... (cached) yes
checking for jrand48... (cached) yes
checking for getpassphrase... (cached) no
configure: updating cache ./config.cache
configure: creating ./config.status
Configuration Complete. Type 'make' to build.
 /bin/sh ./config.status
config.status: creating Makefile
config.status: creating libsasl2.pc
config.status: creating include/Makefile
config.status: creating sasldb/Makefile
config.status: creating plugins/Makefile
config.status: creating lib/Makefile
config.status: creating utils/Makefile
config.status: creating doc/Makefile
config.status: creating sample/Makefile
config.status: creating java/Makefile
config.status: creating java/CyrusSasl/Makefile
config.status: creating java/Test/Makefile
config.status: creating java/javax/Makefile
config.status: creating java/javax/security/Makefile
config.status: creating java/javax/security/auth/Makefile
config.status: creating java/javax/security/auth/callback/Makefile
config.status: creating pwcheck/Makefile
config.status: creating man/Makefile
config.status: creating config.h
config.status: config.h is unchanged
config.status: executing depfiles commands
(CDPATH="${ZSH_VERSION+.}:" && cd . && /bin/sh /home/buildfarm/BUILDFARM/Thirdparty/BuildScripts/source/cyrus-sasl.linux/config/missing --run autoheader)
configure.in:563: warning: AC_CACHE_VAL(cyrus_krbinclude, ...): suspicious cache-id, must contain _cv_ to be cached
../../lib/autoconf/general.m4:2031: AC_CACHE_VAL is expanded from...
../../lib/autoconf/general.m4:2052: AC_CACHE_CHECK is expanded from...
config/kerberos_v4.m4:76: SASL_KERBEROS_V4_CHK is expanded from...
configure.in:563: the top level
rm -f stamp-h1
touch config.h.in
cd . && /bin/sh ./config.status config.h
config.status: creating config.h
make  all-recursive
make[1]: Entering directory `/home/buildfarm/BUILDFARM/Thirdparty/BuildScripts/source/cyrus-sasl.linux'
Making all in include
make[2]: Entering directory `/home/buildfarm/BUILDFARM/Thirdparty/BuildScripts/source/cyrus-sasl.linux/include'
gcc -DHAVE_CONFIG_H -I. -I..   -DOBSOLETE_CRAM_ATTR=1  -Wall -W -I/opt/local/20140401/fcd3269b-af10-4512-9c8a-02abf4fbed12/include  -MT makemd5.o -MD -MP -MF .deps/makemd5.Tpo -c -o makemd5.o makemd5.c
mv -f .deps/makemd5.Tpo .deps/makemd5.Po
/bin/sh ../libtool   --mode=link gcc  -Wall -W -I/opt/local/20140401/fcd3269b-af10-4512-9c8a-02abf4fbed12/include   -L/opt/local/20140401/fcd3269b-af10-4512-9c8a-02abf4fbed12/lib -o makemd5 makemd5.o  -lresolv -lresolv  
mkdir .libs
gcc -Wall -W -I/opt/local/20140401/fcd3269b-af10-4512-9c8a-02abf4fbed12/include -L/opt/local/20140401/fcd3269b-af10-4512-9c8a-02abf4fbed12/lib -o makemd5 makemd5.o -lresolv -lresolv
rm -f md5global.h
./makemd5 md5global.h
make[2]: Leaving directory `/home/buildfarm/BUILDFARM/Thirdparty/BuildScripts/source/cyrus-sasl.linux/include'
Making all in sasldb
make[2]: Entering directory `/home/buildfarm/BUILDFARM/Thirdparty/BuildScripts/source/cyrus-sasl.linux/sasldb'
/bin/sh ../libtool   --mode=compile gcc -DHAVE_CONFIG_H -I. -I.. -I../include -I../include   -DOBSOLETE_CRAM_ATTR=1  -Wall -W -I/opt/local/20140401/fcd3269b-af10-4512-9c8a-02abf4fbed12/include  -MT allockey.lo -MD -MP -MF .deps/allockey.Tpo -c -o allockey.lo allockey.c
gcc -DHAVE_CONFIG_H -I. -I.. -I../include -I../include -DOBSOLETE_CRAM_ATTR=1 -Wall -W -I/opt/local/20140401/fcd3269b-af10-4512-9c8a-02abf4fbed12/include -MT allockey.lo -MD -MP -MF .deps/allockey.Tpo -c allockey.c  -fPIC -DPIC -o allockey.lo
mv -f .deps/allockey.Tpo .deps/allockey.Plo
/bin/sh ../libtool   --mode=compile gcc -DHAVE_CONFIG_H -I. -I.. -I../include -I../include   -DOBSOLETE_CRAM_ATTR=1  -Wall -W -I/opt/local/20140401/fcd3269b-af10-4512-9c8a-02abf4fbed12/include  -MT db_berkeley.lo -MD -MP -MF .deps/db_berkeley.Tpo -c -o db_berkeley.lo db_berkeley.c
gcc -DHAVE_CONFIG_H -I. -I.. -I../include -I../include -DOBSOLETE_CRAM_ATTR=1 -Wall -W -I/opt/local/20140401/fcd3269b-af10-4512-9c8a-02abf4fbed12/include -MT db_berkeley.lo -MD -MP -MF .deps/db_berkeley.Tpo -c db_berkeley.c  -fPIC -DPIC -o db_berkeley.lo
mv -f .deps/db_berkeley.Tpo .deps/db_berkeley.Plo
/bin/sh ../libtool   --mode=link gcc  -Wall -W -I/opt/local/20140401/fcd3269b-af10-4512-9c8a-02abf4fbed12/include   -L/opt/local/20140401/fcd3269b-af10-4512-9c8a-02abf4fbed12/lib -o libsasldb.la  allockey.lo db_berkeley.lo  -lresolv -lresolv  
mkdir .libs
ar cru .libs/libsasldb.al allockey.lo db_berkeley.lo
ranlib .libs/libsasldb.al
creating libsasldb.la
(cd .libs && rm -f libsasldb.la && ln -s ../libsasldb.la libsasldb.la)
gcc -DHAVE_CONFIG_H -I. -I.. -I../include -I../include   -DOBSOLETE_CRAM_ATTR=1  -Wall -W -I/opt/local/20140401/fcd3269b-af10-4512-9c8a-02abf4fbed12/include  -MT db_berkeley.o -MD -MP -MF .deps/db_berkeley.Tpo -c -o db_berkeley.o db_berkeley.c
mv -f .deps/db_berkeley.Tpo .deps/db_berkeley.Po
gcc -DHAVE_CONFIG_H -I. -I.. -I../include -I../include   -DOBSOLETE_CRAM_ATTR=1  -Wall -W -I/opt/local/20140401/fcd3269b-af10-4512-9c8a-02abf4fbed12/include  -MT allockey.o -MD -MP -MF .deps/allockey.Tpo -c -o allockey.o allockey.c
mv -f .deps/allockey.Tpo .deps/allockey.Po
ar cru .libs/libsasldb.a db_berkeley.o allockey.o
make[2]: Leaving directory `/home/buildfarm/BUILDFARM/Thirdparty/BuildScripts/source/cyrus-sasl.linux/sasldb'
Making all in lib
make[2]: Entering directory `/home/buildfarm/BUILDFARM/Thirdparty/BuildScripts/source/cyrus-sasl.linux/lib'
ln -s ../plugins/gssapi.c ../plugins/gs2.c .
make  all-am
make[3]: Entering directory `/home/buildfarm/BUILDFARM/Thirdparty/BuildScripts/source/cyrus-sasl.linux/lib'
/bin/sh ../libtool   --mode=compile gcc -DHAVE_CONFIG_H -I. -I.. -DLIBSASL_EXPORTS=1 -I../include -I../plugins -I../include -I../sasldb  -DOBSOLETE_CRAM_ATTR=1  -Wall -W -I/opt/local/20140401/fcd3269b-af10-4512-9c8a-02abf4fbed12/include  -MT auxprop.lo -MD -MP -MF .deps/auxprop.Tpo -c -o auxprop.lo auxprop.c
gcc -DHAVE_CONFIG_H -I. -I.. -DLIBSASL_EXPORTS=1 -I../include -I../plugins -I../include -I../sasldb -DOBSOLETE_CRAM_ATTR=1 -Wall -W -I/opt/local/20140401/fcd3269b-af10-4512-9c8a-02abf4fbed12/include -MT auxprop.lo -MD -MP -MF .deps/auxprop.Tpo -c auxprop.c  -fPIC -DPIC -o auxprop.lo
mv -f .deps/auxprop.Tpo .deps/auxprop.Plo
/bin/sh ../libtool   --mode=compile gcc -DHAVE_CONFIG_H -I. -I.. -DLIBSASL_EXPORTS=1 -I../include -I../plugins -I../include -I../sasldb  -DOBSOLETE_CRAM_ATTR=1  -Wall -W -I/opt/local/20140401/fcd3269b-af10-4512-9c8a-02abf4fbed12/include  -MT canonusr.lo -MD -MP -MF .deps/canonusr.Tpo -c -o canonusr.lo canonusr.c
gcc -DHAVE_CONFIG_H -I. -I.. -DLIBSASL_EXPORTS=1 -I../include -I../plugins -I../include -I../sasldb -DOBSOLETE_CRAM_ATTR=1 -Wall -W -I/opt/local/20140401/fcd3269b-af10-4512-9c8a-02abf4fbed12/include -MT canonusr.lo -MD -MP -MF .deps/canonusr.Tpo -c canonusr.c  -fPIC -DPIC -o canonusr.lo
mv -f .deps/canonusr.Tpo .deps/canonusr.Plo
/bin/sh ../libtool   --mode=compile gcc -DHAVE_CONFIG_H -I. -I.. -DLIBSASL_EXPORTS=1 -I../include -I../plugins -I../include -I../sasldb  -DOBSOLETE_CRAM_ATTR=1  -Wall -W -I/opt/local/20140401/fcd3269b-af10-4512-9c8a-02abf4fbed12/include  -MT checkpw.lo -MD -MP -MF .deps/checkpw.Tpo -c -o checkpw.lo checkpw.c
gcc -DHAVE_CONFIG_H -I. -I.. -DLIBSASL_EXPORTS=1 -I../include -I../plugins -I../include -I../sasldb -DOBSOLETE_CRAM_ATTR=1 -Wall -W -I/opt/local/20140401/fcd3269b-af10-4512-9c8a-02abf4fbed12/include -MT checkpw.lo -MD -MP -MF .deps/checkpw.Tpo -c checkpw.c  -fPIC -DPIC -o checkpw.lo
checkpw.c: In function '_sasl_make_plain_secret':
checkpw.c:119: warning: pointer targets in passing argument 2 of '_sasl_MD5Update' differ in signedness
../include/md5.h:37: note: expected 'const unsigned char *' but argument is of type 'const char *'
checkpw.c:120: warning: pointer targets in passing argument 2 of '_sasl_MD5Update' differ in signedness
../include/md5.h:37: note: expected 'const unsigned char *' but argument is of type 'char *'
checkpw.c:121: warning: pointer targets in passing argument 2 of '_sasl_MD5Update' differ in signedness
../include/md5.h:37: note: expected 'const unsigned char *' but argument is of type 'const char *'
checkpw.c: In function '_sasl_auxprop_verify_apop':
checkpw.c:371: warning: pointer targets in passing argument 2 of '_sasl_MD5Update' differ in signedness
../include/md5.h:37: note: expected 'const unsigned char *' but argument is of type 'const char *'
checkpw.c:373: warning: pointer targets in passing argument 2 of '_sasl_MD5Update' differ in signedness
../include/md5.h:37: note: expected 'const unsigned char *' but argument is of type 'const char *'
checkpw.c: In function 'saslauthd_verify_password':
checkpw.c:662: warning: passing argument 3 of '_sasl_getcallback' from incompatible pointer type
saslint.h:403: note: expected 'int (**)(void)' but argument is of type 'int (**)(void *, const char *, const char *, const char **, unsigned int *)'
checkpw.c: In function 'authdaemon_verify_password':
checkpw.c:1044: warning: passing argument 3 of '_sasl_getcallback' from incompatible pointer type
saslint.h:403: note: expected 'int (**)(void)' but argument is of type 'int (**)(void *, const char *, const char *, const char **, unsigned int *)'
mv -f .deps/checkpw.Tpo .deps/checkpw.Plo
/bin/sh ../libtool   --mode=compile gcc -DHAVE_CONFIG_H -I. -I.. -DLIBSASL_EXPORTS=1 -I../include -I../plugins -I../include -I../sasldb  -DOBSOLETE_CRAM_ATTR=1  -Wall -W -I/opt/local/20140401/fcd3269b-af10-4512-9c8a-02abf4fbed12/include  -MT client.lo -MD -MP -MF .deps/client.Tpo -c -o client.lo client.c
gcc -DHAVE_CONFIG_H -I. -I.. -DLIBSASL_EXPORTS=1 -I../include -I../plugins -I../include -I../sasldb -DOBSOLETE_CRAM_ATTR=1 -Wall -W -I/opt/local/20140401/fcd3269b-af10-4512-9c8a-02abf4fbed12/include -MT client.lo -MD -MP -MF .deps/client.Tpo -c client.c  -fPIC -DPIC -o client.lo
mv -f .deps/client.Tpo .deps/client.Plo
/bin/sh ../libtool   --mode=compile gcc -DHAVE_CONFIG_H -I. -I.. -DLIBSASL_EXPORTS=1 -I../include -I../plugins -I../include -I../sasldb  -DOBSOLETE_CRAM_ATTR=1  -Wall -W -I/opt/local/20140401/fcd3269b-af10-4512-9c8a-02abf4fbed12/include  -MT common.lo -MD -MP -MF .deps/common.Tpo -c -o common.lo common.c
gcc -DHAVE_CONFIG_H -I. -I.. -DLIBSASL_EXPORTS=1 -I../include -I../plugins -I../include -I../sasldb -DOBSOLETE_CRAM_ATTR=1 -Wall -W -I/opt/local/20140401/fcd3269b-af10-4512-9c8a-02abf4fbed12/include -MT common.lo -MD -MP -MF .deps/common.Tpo -c common.c  -fPIC -DPIC -o common.lo
common.c: In function 'sasl_getprop':
common.c:1049: warning: assignment discards qualifiers from pointer target type
common.c:1052: warning: assignment discards qualifiers from pointer target type
mv -f .deps/common.Tpo .deps/common.Plo
/bin/sh ../libtool   --mode=compile gcc -DHAVE_CONFIG_H -I. -I.. -DLIBSASL_EXPORTS=1 -I../include -I../plugins -I../include -I../sasldb  -DOBSOLETE_CRAM_ATTR=1  -Wall -W -I/opt/local/20140401/fcd3269b-af10-4512-9c8a-02abf4fbed12/include  -MT config.lo -MD -MP -MF .deps/config.Tpo -c -o config.lo config.c
gcc -DHAVE_CONFIG_H -I. -I.. -DLIBSASL_EXPORTS=1 -I../include -I../plugins -I../include -I../sasldb -DOBSOLETE_CRAM_ATTR=1 -Wall -W -I/opt/local/20140401/fcd3269b-af10-4512-9c8a-02abf4fbed12/include -MT config.lo -MD -MP -MF .deps/config.Tpo -c config.c  -fPIC -DPIC -o config.lo
mv -f .deps/config.Tpo .deps/config.Plo
/bin/sh ../libtool   --mode=compile gcc -DHAVE_CONFIG_H -I. -I.. -DLIBSASL_EXPORTS=1 -I../include -I../plugins -I../include -I../sasldb  -DOBSOLETE_CRAM_ATTR=1  -Wall -W -I/opt/local/20140401/fcd3269b-af10-4512-9c8a-02abf4fbed12/include  -MT external.lo -MD -MP -MF .deps/external.Tpo -c -o external.lo external.c
gcc -DHAVE_CONFIG_H -I. -I.. -DLIBSASL_EXPORTS=1 -I../include -I../plugins -I../include -I../sasldb -DOBSOLETE_CRAM_ATTR=1 -Wall -W -I/opt/local/20140401/fcd3269b-af10-4512-9c8a-02abf4fbed12/include -MT external.lo -MD -MP -MF .deps/external.Tpo -c external.c  -fPIC -DPIC -o external.lo
mv -f .deps/external.Tpo .deps/external.Plo
/bin/sh ../libtool   --mode=compile gcc -DHAVE_CONFIG_H -I. -I.. -DLIBSASL_EXPORTS=1 -I../include -I../plugins -I../include -I../sasldb  -DOBSOLETE_CRAM_ATTR=1  -Wall -W -I/opt/local/20140401/fcd3269b-af10-4512-9c8a-02abf4fbed12/include  -MT md5.lo -MD -MP -MF .deps/md5.Tpo -c -o md5.lo md5.c
gcc -DHAVE_CONFIG_H -I. -I.. -DLIBSASL_EXPORTS=1 -I../include -I../plugins -I../include -I../sasldb -DOBSOLETE_CRAM_ATTR=1 -Wall -W -I/opt/local/20140401/fcd3269b-af10-4512-9c8a-02abf4fbed12/include -MT md5.lo -MD -MP -MF .deps/md5.Tpo -c md5.c  -fPIC -DPIC -o md5.lo
mv -f .deps/md5.Tpo .deps/md5.Plo
/bin/sh ../libtool   --mode=compile gcc -DHAVE_CONFIG_H -I. -I.. -DLIBSASL_EXPORTS=1 -I../include -I../plugins -I../include -I../sasldb  -DOBSOLETE_CRAM_ATTR=1  -Wall -W -I/opt/local/20140401/fcd3269b-af10-4512-9c8a-02abf4fbed12/include  -MT saslutil.lo -MD -MP -MF .deps/saslutil.Tpo -c -o saslutil.lo saslutil.c
gcc -DHAVE_CONFIG_H -I. -I.. -DLIBSASL_EXPORTS=1 -I../include -I../plugins -I../include -I../sasldb -DOBSOLETE_CRAM_ATTR=1 -Wall -W -I/opt/local/20140401/fcd3269b-af10-4512-9c8a-02abf4fbed12/include -MT saslutil.lo -MD -MP -MF .deps/saslutil.Tpo -c saslutil.c  -fPIC -DPIC -o saslutil.lo
mv -f .deps/saslutil.Tpo .deps/saslutil.Plo
/bin/sh ../libtool   --mode=compile gcc -DHAVE_CONFIG_H -I. -I.. -DLIBSASL_EXPORTS=1 -I../include -I../plugins -I../include -I../sasldb  -DOBSOLETE_CRAM_ATTR=1  -Wall -W -I/opt/local/20140401/fcd3269b-af10-4512-9c8a-02abf4fbed12/include  -MT server.lo -MD -MP -MF .deps/server.Tpo -c -o server.lo server.c
gcc -DHAVE_CONFIG_H -I. -I.. -DLIBSASL_EXPORTS=1 -I../include -I../plugins -I../include -I../sasldb -DOBSOLETE_CRAM_ATTR=1 -Wall -W -I/opt/local/20140401/fcd3269b-af10-4512-9c8a-02abf4fbed12/include -MT server.lo -MD -MP -MF .deps/server.Tpo -c server.c  -fPIC -DPIC -o server.lo
mv -f .deps/server.Tpo .deps/server.Plo
/bin/sh ../libtool   --mode=compile gcc -DHAVE_CONFIG_H -I. -I.. -DLIBSASL_EXPORTS=1 -I../include -I../plugins -I../include -I../sasldb  -DOBSOLETE_CRAM_ATTR=1  -Wall -W -I/opt/local/20140401/fcd3269b-af10-4512-9c8a-02abf4fbed12/include  -MT seterror.lo -MD -MP -MF .deps/seterror.Tpo -c -o seterror.lo seterror.c
gcc -DHAVE_CONFIG_H -I. -I.. -DLIBSASL_EXPORTS=1 -I../include -I../plugins -I../include -I../sasldb -DOBSOLETE_CRAM_ATTR=1 -Wall -W -I/opt/local/20140401/fcd3269b-af10-4512-9c8a-02abf4fbed12/include -MT seterror.lo -MD -MP -MF .deps/seterror.Tpo -c seterror.c  -fPIC -DPIC -o seterror.lo
mv -f .deps/seterror.Tpo .deps/seterror.Plo
/bin/sh ../libtool   --mode=compile gcc -DHAVE_CONFIG_H -I. -I.. -DLIBSASL_EXPORTS=1 -I../include -I../plugins -I../include -I../sasldb  -DOBSOLETE_CRAM_ATTR=1  -Wall -W -I/opt/local/20140401/fcd3269b-af10-4512-9c8a-02abf4fbed12/include  -MT dlopen.lo -MD -MP -MF .deps/dlopen.Tpo -c -o dlopen.lo dlopen.c
gcc -DHAVE_CONFIG_H -I. -I.. -DLIBSASL_EXPORTS=1 -I../include -I../plugins -I../include -I../sasldb -DOBSOLETE_CRAM_ATTR=1 -Wall -W -I/opt/local/20140401/fcd3269b-af10-4512-9c8a-02abf4fbed12/include -MT dlopen.lo -MD -MP -MF .deps/dlopen.Tpo -c dlopen.c  -fPIC -DPIC -o dlopen.lo
mv -f .deps/dlopen.Tpo .deps/dlopen.Plo
/bin/sh ../libtool    --mode=compile gcc -DHAVE_CONFIG_H -I. -I.. -DLIBSASL_EXPORTS=1 -I../include -I../plugins -I../include -I../sasldb  -DOBSOLETE_CRAM_ATTR=1  -Wall -W -I/opt/local/20140401/fcd3269b-af10-4512-9c8a-02abf4fbed12/include  -MT plugin_common.lo -MD -MP -MF .deps/plugin_common.Tpo -c -o plugin_common.lo `test -f '../plugins/plugin_common.c' || echo './'`../plugins/plugin_common.c
gcc -DHAVE_CONFIG_H -I. -I.. -DLIBSASL_EXPORTS=1 -I../include -I../plugins -I../include -I../sasldb -DOBSOLETE_CRAM_ATTR=1 -Wall -W -I/opt/local/20140401/fcd3269b-af10-4512-9c8a-02abf4fbed12/include -MT plugin_common.lo -MD -MP -MF .deps/plugin_common.Tpo -c ../plugins/plugin_common.c  -fPIC -DPIC -o plugin_common.lo
mv -f .deps/plugin_common.Tpo .deps/plugin_common.Plo
/bin/sh ../libtool   --mode=link gcc  -Wall -W -I/opt/local/20140401/fcd3269b-af10-4512-9c8a-02abf4fbed12/include  -version-info 3:0:0 -L/opt/local/20140401/fcd3269b-af10-4512-9c8a-02abf4fbed12/lib -o libsasl2.la -rpath /opt/local/20140401/fcd3269b-af10-4512-9c8a-02abf4fbed12/lib auxprop.lo canonusr.lo checkpw.lo client.lo common.lo config.lo external.lo md5.lo saslutil.lo server.lo seterror.lo dlopen.lo plugin_common.lo   -ldl   -lresolv -lresolv  
mkdir .libs
(cd . && ln -s auxprop.lo auxprop.o)
(cd . && ln -s canonusr.lo canonusr.o)
(cd . && ln -s checkpw.lo checkpw.o)
(cd . && ln -s client.lo client.o)
(cd . && ln -s common.lo common.o)
(cd . && ln -s config.lo config.o)
(cd . && ln -s external.lo external.o)
(cd . && ln -s md5.lo md5.o)
(cd . && ln -s saslutil.lo saslutil.o)
(cd . && ln -s server.lo server.o)
(cd . && ln -s seterror.lo seterror.o)
(cd . && ln -s dlopen.lo dlopen.o)
(cd . && ln -s plugin_common.lo plugin_common.o)
gcc -shared  auxprop.lo canonusr.lo checkpw.lo client.lo common.lo config.lo external.lo md5.lo saslutil.lo server.lo seterror.lo dlopen.lo plugin_common.lo  -L/opt/local/20140401/fcd3269b-af10-4512-9c8a-02abf4fbed12/lib -ldl -lresolv -lresolv -lc  -Wl,-soname -Wl,libsasl2.so.3 -o .libs/libsasl2.so.3.0.0
(cd .libs && rm -f libsasl2.so.3 && ln -s libsasl2.so.3.0.0 libsasl2.so.3)
(cd .libs && rm -f libsasl2.so && ln -s libsasl2.so.3.0.0 libsasl2.so)
creating libsasl2.la
(cd .libs && rm -f libsasl2.la && ln -s ../libsasl2.la libsasl2.la)
make[3]: Leaving directory `/home/buildfarm/BUILDFARM/Thirdparty/BuildScripts/source/cyrus-sasl.linux/lib'
make[2]: Leaving directory `/home/buildfarm/BUILDFARM/Thirdparty/BuildScripts/source/cyrus-sasl.linux/lib'
Making all in plugins
make[2]: Entering directory `/home/buildfarm/BUILDFARM/Thirdparty/BuildScripts/source/cyrus-sasl.linux/plugins'
/bin/sh ../libtool   --mode=compile gcc -DHAVE_CONFIG_H -I. -I.. -I../include -I../lib -I../sasldb -I../include  -DOBSOLETE_CRAM_ATTR=1  -Wall -W -I/opt/local/20140401/fcd3269b-af10-4512-9c8a-02abf4fbed12/include  -MT sasldb.lo -MD -MP -MF .deps/sasldb.Tpo -c -o sasldb.lo sasldb.c
gcc -DHAVE_CONFIG_H -I. -I.. -I../include -I../lib -I../sasldb -I../include -DOBSOLETE_CRAM_ATTR=1 -Wall -W -I/opt/local/20140401/fcd3269b-af10-4512-9c8a-02abf4fbed12/include -MT sasldb.lo -MD -MP -MF .deps/sasldb.Tpo -c sasldb.c  -fPIC -DPIC -o sasldb.lo
sasldb.c: In function 'sasldb_auxprop_store':
sasldb.c:251: warning: initialization discards qualifiers from pointer target type
mv -f .deps/sasldb.Tpo .deps/sasldb.Plo
/bin/sh ./makeinit.sh
/bin/sh ../libtool   --mode=compile gcc -DHAVE_CONFIG_H -I. -I.. -I../include -I../lib -I../sasldb -I../include  -DOBSOLETE_CRAM_ATTR=1  -Wall -W -I/opt/local/20140401/fcd3269b-af10-4512-9c8a-02abf4fbed12/include  -MT sasldb_init.lo -MD -MP -MF .deps/sasldb_init.Tpo -c -o sasldb_init.lo sasldb_init.c
gcc -DHAVE_CONFIG_H -I. -I.. -I../include -I../lib -I../sasldb -I../include -DOBSOLETE_CRAM_ATTR=1 -Wall -W -I/opt/local/20140401/fcd3269b-af10-4512-9c8a-02abf4fbed12/include -MT sasldb_init.lo -MD -MP -MF .deps/sasldb_init.Tpo -c sasldb_init.c  -fPIC -DPIC -o sasldb_init.lo
mv -f .deps/sasldb_init.Tpo .deps/sasldb_init.Plo
/bin/sh ../libtool   --mode=compile gcc -DHAVE_CONFIG_H -I. -I.. -I../include -I../lib -I../sasldb -I../include  -DOBSOLETE_CRAM_ATTR=1  -Wall -W -I/opt/local/20140401/fcd3269b-af10-4512-9c8a-02abf4fbed12/include  -MT plugin_common.lo -MD -MP -MF .deps/plugin_common.Tpo -c -o plugin_common.lo plugin_common.c
gcc -DHAVE_CONFIG_H -I. -I.. -I../include -I../lib -I../sasldb -I../include -DOBSOLETE_CRAM_ATTR=1 -Wall -W -I/opt/local/20140401/fcd3269b-af10-4512-9c8a-02abf4fbed12/include -MT plugin_common.lo -MD -MP -MF .deps/plugin_common.Tpo -c plugin_common.c  -fPIC -DPIC -o plugin_common.lo
mv -f .deps/plugin_common.Tpo .deps/plugin_common.Plo
/bin/sh ../libtool   --mode=link gcc  -Wall -W -I/opt/local/20140401/fcd3269b-af10-4512-9c8a-02abf4fbed12/include  -module -export-dynamic -rpath /usr/lib/sasl2 -version-info 3:0:0 -L/opt/local/20140401/fcd3269b-af10-4512-9c8a-02abf4fbed12/lib -o libsasldb.la  sasldb.lo sasldb_init.lo plugin_common.lo ../sasldb/libsasldb.la -ldb-4.7  -lresolv -lresolv  
mkdir .libs
(cd . && ln -s sasldb.lo sasldb.o)
(cd . && ln -s sasldb_init.lo sasldb_init.o)
(cd . && ln -s plugin_common.lo plugin_common.o)
gcc -shared  sasldb.lo sasldb_init.lo plugin_common.lo -Wl,--whole-archive ../sasldb/.libs/libsasldb.al -Wl,--no-whole-archive  -L/opt/local/20140401/fcd3269b-af10-4512-9c8a-02abf4fbed12/lib -lresolv -lresolv -ldb-4.7 -lresolv -lresolv -lc  -Wl,-soname -Wl,libsasldb.so.3 -o .libs/libsasldb.so.3.0.0
(cd .libs && rm -f libsasldb.so.3 && ln -s libsasldb.so.3.0.0 libsasldb.so.3)
(cd .libs && rm -f libsasldb.so && ln -s libsasldb.so.3.0.0 libsasldb.so)
creating libsasldb.la
(cd .libs && rm -f libsasldb.la && ln -s ../libsasldb.la libsasldb.la)
/bin/sh ../libtool   --mode=compile gcc -DHAVE_CONFIG_H -I. -I.. -I../include -I../lib -I../sasldb -I../include  -DOBSOLETE_CRAM_ATTR=1  -Wall -W -I/opt/local/20140401/fcd3269b-af10-4512-9c8a-02abf4fbed12/include  -MT cram.lo -MD -MP -MF .deps/cram.Tpo -c -o cram.lo cram.c
gcc -DHAVE_CONFIG_H -I. -I.. -I../include -I../lib -I../sasldb -I../include -DOBSOLETE_CRAM_ATTR=1 -Wall -W -I/opt/local/20140401/fcd3269b-af10-4512-9c8a-02abf4fbed12/include -MT cram.lo -MD -MP -MF .deps/cram.Tpo -c cram.c  -fPIC -DPIC -o cram.lo
mv -f .deps/cram.Tpo .deps/cram.Plo
/bin/sh ../libtool   --mode=compile gcc -DHAVE_CONFIG_H -I. -I.. -I../include -I../lib -I../sasldb -I../include  -DOBSOLETE_CRAM_ATTR=1  -Wall -W -I/opt/local/20140401/fcd3269b-af10-4512-9c8a-02abf4fbed12/include  -MT crammd5_init.lo -MD -MP -MF .deps/crammd5_init.Tpo -c -o crammd5_init.lo crammd5_init.c
gcc -DHAVE_CONFIG_H -I. -I.. -I../include -I../lib -I../sasldb -I../include -DOBSOLETE_CRAM_ATTR=1 -Wall -W -I/opt/local/20140401/fcd3269b-af10-4512-9c8a-02abf4fbed12/include -MT crammd5_init.lo -MD -MP -MF .deps/crammd5_init.Tpo -c crammd5_init.c  -fPIC -DPIC -o crammd5_init.lo
mv -f .deps/crammd5_init.Tpo .deps/crammd5_init.Plo
/bin/sh ../libtool   --mode=link gcc  -Wall -W -I/opt/local/20140401/fcd3269b-af10-4512-9c8a-02abf4fbed12/include  -module -export-dynamic -rpath /usr/lib/sasl2 -version-info 3:0:0 -L/opt/local/20140401/fcd3269b-af10-4512-9c8a-02abf4fbed12/lib -o libcrammd5.la  cram.lo crammd5_init.lo plugin_common.lo  -lresolv -lresolv  
rm -fr .libs/libcrammd5.la .libs/libcrammd5.* .libs/libcrammd5.*
(cd . && ln -s cram.lo cram.o)
(cd . && ln -s crammd5_init.lo crammd5_init.o)
gcc -shared  cram.lo crammd5_init.lo plugin_common.lo  -L/opt/local/20140401/fcd3269b-af10-4512-9c8a-02abf4fbed12/lib -lresolv -lresolv -lc  -Wl,-soname -Wl,libcrammd5.so.3 -o .libs/libcrammd5.so.3.0.0
(cd .libs && rm -f libcrammd5.so.3 && ln -s libcrammd5.so.3.0.0 libcrammd5.so.3)
(cd .libs && rm -f libcrammd5.so && ln -s libcrammd5.so.3.0.0 libcrammd5.so)
creating libcrammd5.la
(cd .libs && rm -f libcrammd5.la && ln -s ../libcrammd5.la libcrammd5.la)
/bin/sh ../libtool   --mode=compile gcc -DHAVE_CONFIG_H -I. -I.. -I../include -I../lib -I../sasldb -I../include  -DOBSOLETE_CRAM_ATTR=1  -Wall -W -I/opt/local/20140401/fcd3269b-af10-4512-9c8a-02abf4fbed12/include  -MT digestmd5.lo -MD -MP -MF .deps/digestmd5.Tpo -c -o digestmd5.lo digestmd5.c
gcc -DHAVE_CONFIG_H -I. -I.. -I../include -I../lib -I../sasldb -I../include -DOBSOLETE_CRAM_ATTR=1 -Wall -W -I/opt/local/20140401/fcd3269b-af10-4512-9c8a-02abf4fbed12/include -MT digestmd5.lo -MD -MP -MF .deps/digestmd5.Tpo -c digestmd5.c  -fPIC -DPIC -o digestmd5.lo
digestmd5.c: In function 'digestmd5_server_mech_step':
digestmd5.c:3051: warning: pointer targets in assignment differ in signedness
mv -f .deps/digestmd5.Tpo .deps/digestmd5.Plo
/bin/sh ../libtool   --mode=compile gcc -DHAVE_CONFIG_H -I. -I.. -I../include -I../lib -I../sasldb -I../include  -DOBSOLETE_CRAM_ATTR=1  -Wall -W -I/opt/local/20140401/fcd3269b-af10-4512-9c8a-02abf4fbed12/include  -MT digestmd5_init.lo -MD -MP -MF .deps/digestmd5_init.Tpo -c -o digestmd5_init.lo digestmd5_init.c
gcc -DHAVE_CONFIG_H -I. -I.. -I../include -I../lib -I../sasldb -I../include -DOBSOLETE_CRAM_ATTR=1 -Wall -W -I/opt/local/20140401/fcd3269b-af10-4512-9c8a-02abf4fbed12/include -MT digestmd5_init.lo -MD -MP -MF .deps/digestmd5_init.Tpo -c digestmd5_init.c  -fPIC -DPIC -o digestmd5_init.lo
mv -f .deps/digestmd5_init.Tpo .deps/digestmd5_init.Plo
/bin/sh ../libtool   --mode=link gcc  -Wall -W -I/opt/local/20140401/fcd3269b-af10-4512-9c8a-02abf4fbed12/include  -module -export-dynamic -rpath /usr/lib/sasl2 -version-info 3:0:0 -L/opt/local/20140401/fcd3269b-af10-4512-9c8a-02abf4fbed12/lib -o libdigestmd5.la  digestmd5.lo digestmd5_init.lo plugin_common.lo -lcrypto   -lresolv -lresolv  
rm -fr .libs/libdigestmd5.la .libs/libdigestmd5.* .libs/libdigestmd5.*
(cd . && ln -s digestmd5.lo digestmd5.o)
(cd . && ln -s digestmd5_init.lo digestmd5_init.o)
gcc -shared  digestmd5.lo digestmd5_init.lo plugin_common.lo  -L/opt/local/20140401/fcd3269b-af10-4512-9c8a-02abf4fbed12/lib -lcrypto -lresolv -lresolv -lc  -Wl,-soname -Wl,libdigestmd5.so.3 -o .libs/libdigestmd5.so.3.0.0
(cd .libs && rm -f libdigestmd5.so.3 && ln -s libdigestmd5.so.3.0.0 libdigestmd5.so.3)
(cd .libs && rm -f libdigestmd5.so && ln -s libdigestmd5.so.3.0.0 libdigestmd5.so)
creating libdigestmd5.la
(cd .libs && rm -f libdigestmd5.la && ln -s ../libdigestmd5.la libdigestmd5.la)
/bin/sh ../libtool   --mode=compile gcc -DHAVE_CONFIG_H -I. -I.. -I../include -I../lib -I../sasldb -I../include  -DOBSOLETE_CRAM_ATTR=1  -Wall -W -I/opt/local/20140401/fcd3269b-af10-4512-9c8a-02abf4fbed12/include  -MT scram.lo -MD -MP -MF .deps/scram.Tpo -c -o scram.lo scram.c
gcc -DHAVE_CONFIG_H -I. -I.. -I../include -I../lib -I../sasldb -I../include -DOBSOLETE_CRAM_ATTR=1 -Wall -W -I/opt/local/20140401/fcd3269b-af10-4512-9c8a-02abf4fbed12/include -MT scram.lo -MD -MP -MF .deps/scram.Tpo -c scram.c  -fPIC -DPIC -o scram.lo
scram.c: In function 'Hi':
scram.c:305: warning: pointer targets in passing argument 4 of 'HMAC' differ in signedness
/opt/local/20140401/fcd3269b-af10-4512-9c8a-02abf4fbed12/include/openssl/hmac.h:99: note: expected 'const unsigned char *' but argument is of type 'char *'
scram.c:321: warning: pointer targets in passing argument 4 of 'HMAC' differ in signedness
/opt/local/20140401/fcd3269b-af10-4512-9c8a-02abf4fbed12/include/openssl/hmac.h:99: note: expected 'const unsigned char *' but argument is of type 'char *'
scram.c: In function 'scram_server_user_salt':
scram.c:348: warning: pointer targets in passing argument 4 of 'Hi' differ in signedness
scram.c:274: note: expected 'const char *' but argument is of type 'unsigned char *'
scram.c:350: warning: pointer targets in return differ in signedness
scram.c: In function 'GenerateScramSecrets':
scram.c:394: warning: pointer targets in passing argument 2 of 'Hi' differ in signedness
scram.c:274: note: expected 'const char *' but argument is of type 'unsigned char *'
scram.c:403: warning: pointer targets in passing argument 4 of 'HMAC' differ in signedness
/opt/local/20140401/fcd3269b-af10-4512-9c8a-02abf4fbed12/include/openssl/hmac.h:99: note: expected 'const unsigned char *' but argument is of type 'char *'
scram.c:410: warning: pointer targets in passing argument 1 of 'SHA1' differ in signedness
/opt/local/20140401/fcd3269b-af10-4512-9c8a-02abf4fbed12/include/openssl/sha.h:125: note: expected 'const unsigned char *' but argument is of type 'char *'
scram.c:410: warning: pointer targets in passing argument 3 of 'SHA1' differ in signedness
/opt/local/20140401/fcd3269b-af10-4512-9c8a-02abf4fbed12/include/openssl/sha.h:125: note: expected 'unsigned char *' but argument is of type 'char *'
scram.c:424: warning: pointer targets in passing argument 4 of 'HMAC' differ in signedness
/opt/local/20140401/fcd3269b-af10-4512-9c8a-02abf4fbed12/include/openssl/hmac.h:99: note: expected 'const unsigned char *' but argument is of type 'char *'
scram.c: In function 'scram_server_mech_step1':
scram.c:786: warning: pointer targets in assignment differ in signedness
scram.c:793: warning: passing argument 4 of 'sparams->utils->getopt' from incompatible pointer type
scram.c:793: note: expected 'const char **' but argument is of type 'char **'
scram.c:512: warning: unused variable 'hash_len'
scram.c: In function 'scram_server_mech_step2':
scram.c:1310: warning: pointer targets in passing argument 4 of 'HMAC' differ in signedness
/opt/local/20140401/fcd3269b-af10-4512-9c8a-02abf4fbed12/include/openssl/hmac.h:99: note: expected 'const unsigned char *' but argument is of type 'char *'
scram.c:1339: warning: pointer targets in passing argument 1 of 'SHA1' differ in signedness
/opt/local/20140401/fcd3269b-af10-4512-9c8a-02abf4fbed12/include/openssl/sha.h:125: note: expected 'const unsigned char *' but argument is of type 'char *'
scram.c:1339: warning: pointer targets in passing argument 3 of 'SHA1' differ in signedness
/opt/local/20140401/fcd3269b-af10-4512-9c8a-02abf4fbed12/include/openssl/sha.h:125: note: expected 'unsigned char *' but argument is of type 'char *'
scram.c:1361: warning: pointer targets in passing argument 4 of 'HMAC' differ in signedness
/opt/local/20140401/fcd3269b-af10-4512-9c8a-02abf4fbed12/include/openssl/hmac.h:99: note: expected 'const unsigned char *' but argument is of type 'char *'
scram.c: In function 'scram_setpass':
scram.c:1576: warning: passing argument 4 of 'sparams->utils->getopt' from incompatible pointer type
scram.c:1576: note: expected 'const char **' but argument is of type 'char **'
scram.c:1672: warning: pointer targets in passing argument 1 of 'sprintf' differ in signedness
/usr/include/stdio.h:363: note: expected 'char * __restrict__' but argument is of type 'unsigned char *'
scram.c:1673: warning: pointer targets in passing argument 1 of 'strlen' differ in signedness
/usr/include/string.h:399: note: expected 'const char *' but argument is of type 'unsigned char *'
scram.c:1688: warning: pointer targets in passing argument 3 of 'sparams->utils->prop_set' differ in signedness
scram.c:1688: note: expected 'const char *' but argument is of type 'unsigned char *'
scram.c: In function 'scram_client_mech_step1':
scram.c:1993: warning: passing argument 2 of 'encode_saslname' from incompatible pointer type
scram.c:165: note: expected 'const char **' but argument is of type 'char **'
scram.c:2004: warning: passing argument 2 of 'encode_saslname' from incompatible pointer type
scram.c:165: note: expected 'const char **' but argument is of type 'char **'
scram.c: In function 'scram_client_mech_step2':
scram.c:2280: warning: pointer targets in assignment differ in signedness
scram.c:2376: warning: pointer targets in passing argument 2 of 'Hi' differ in signedness
scram.c:274: note: expected 'const char *' but argument is of type 'unsigned char *'
scram.c:2387: warning: pointer targets in passing argument 4 of 'HMAC' differ in signedness
/opt/local/20140401/fcd3269b-af10-4512-9c8a-02abf4fbed12/include/openssl/hmac.h:99: note: expected 'const unsigned char *' but argument is of type 'char *'
scram.c:2397: warning: pointer targets in passing argument 1 of 'SHA1' differ in signedness
/opt/local/20140401/fcd3269b-af10-4512-9c8a-02abf4fbed12/include/openssl/sha.h:125: note: expected 'const unsigned char *' but argument is of type 'char *'
scram.c:2397: warning: pointer targets in passing argument 3 of 'SHA1' differ in signedness
/opt/local/20140401/fcd3269b-af10-4512-9c8a-02abf4fbed12/include/openssl/sha.h:125: note: expected 'unsigned char *' but argument is of type 'char *'
scram.c:2413: warning: pointer targets in passing argument 4 of 'HMAC' differ in signedness
/opt/local/20140401/fcd3269b-af10-4512-9c8a-02abf4fbed12/include/openssl/hmac.h:99: note: expected 'const unsigned char *' but argument is of type 'char *'
scram.c: In function 'scram_client_mech_step3':
scram.c:2541: warning: pointer targets in passing argument 4 of 'HMAC' differ in signedness
/opt/local/20140401/fcd3269b-af10-4512-9c8a-02abf4fbed12/include/openssl/hmac.h:99: note: expected 'const unsigned char *' but argument is of type 'char *'
scram.c:2555: warning: pointer targets in passing argument 4 of 'HMAC' differ in signedness
/opt/local/20140401/fcd3269b-af10-4512-9c8a-02abf4fbed12/include/openssl/hmac.h:99: note: expected 'const unsigned char *' but argument is of type 'char *'
scram.c: At top level:
scram.c:260: warning: 'print_hash' defined but not used
mv -f .deps/scram.Tpo .deps/scram.Plo
/bin/sh ../libtool   --mode=compile gcc -DHAVE_CONFIG_H -I. -I.. -I../include -I../lib -I../sasldb -I../include  -DOBSOLETE_CRAM_ATTR=1  -Wall -W -I/opt/local/20140401/fcd3269b-af10-4512-9c8a-02abf4fbed12/include  -MT scram_init.lo -MD -MP -MF .deps/scram_init.Tpo -c -o scram_init.lo scram_init.c
gcc -DHAVE_CONFIG_H -I. -I.. -I../include -I../lib -I../sasldb -I../include -DOBSOLETE_CRAM_ATTR=1 -Wall -W -I/opt/local/20140401/fcd3269b-af10-4512-9c8a-02abf4fbed12/include -MT scram_init.lo -MD -MP -MF .deps/scram_init.Tpo -c scram_init.c  -fPIC -DPIC -o scram_init.lo
mv -f .deps/scram_init.Tpo .deps/scram_init.Plo
/bin/sh ../libtool   --mode=link gcc  -Wall -W -I/opt/local/20140401/fcd3269b-af10-4512-9c8a-02abf4fbed12/include  -module -export-dynamic -rpath /usr/lib/sasl2 -version-info 3:0:0 -L/opt/local/20140401/fcd3269b-af10-4512-9c8a-02abf4fbed12/lib -o libscram.la  scram.lo scram_init.lo plugin_common.lo -lcrypto   -lresolv -lresolv  
rm -fr .libs/libscram.la .libs/libscram.* .libs/libscram.*
(cd . && ln -s scram.lo scram.o)
(cd . && ln -s scram_init.lo scram_init.o)
gcc -shared  scram.lo scram_init.lo plugin_common.lo  -L/opt/local/20140401/fcd3269b-af10-4512-9c8a-02abf4fbed12/lib -lcrypto -lresolv -lresolv -lc  -Wl,-soname -Wl,libscram.so.3 -o .libs/libscram.so.3.0.0
(cd .libs && rm -f libscram.so.3 && ln -s libscram.so.3.0.0 libscram.so.3)
(cd .libs && rm -f libscram.so && ln -s libscram.so.3.0.0 libscram.so)
creating libscram.la
(cd .libs && rm -f libscram.la && ln -s ../libscram.la libscram.la)
/bin/sh ../libtool   --mode=compile gcc -DHAVE_CONFIG_H -I. -I.. -I../include -I../lib -I../sasldb -I../include  -DOBSOLETE_CRAM_ATTR=1  -Wall -W -I/opt/local/20140401/fcd3269b-af10-4512-9c8a-02abf4fbed12/include  -MT otp.lo -MD -MP -MF .deps/otp.Tpo -c -o otp.lo otp.c
gcc -DHAVE_CONFIG_H -I. -I.. -I../include -I../lib -I../sasldb -I../include -DOBSOLETE_CRAM_ATTR=1 -Wall -W -I/opt/local/20140401/fcd3269b-af10-4512-9c8a-02abf4fbed12/include -MT otp.lo -MD -MP -MF .deps/otp.Tpo -c otp.c  -fPIC -DPIC -o otp.lo
otp.c: In function 'otp_hash':
otp.c:129: warning: pointer targets in passing argument 2 of 'EVP_DigestFinal' differ in signedness
/opt/local/20140401/fcd3269b-af10-4512-9c8a-02abf4fbed12/include/openssl/evp.h:565: note: expected 'unsigned char *' but argument is of type 'char *'
otp.c: In function 'generate_otp':
otp.c:168: warning: pointer targets in passing argument 4 of 'otp_hash' differ in signedness
otp.c:118: note: expected 'unsigned char *' but argument is of type 'char *'
otp.c:172: warning: pointer targets in passing argument 4 of 'otp_hash' differ in signedness
otp.c:118: note: expected 'unsigned char *' but argument is of type 'char *'
otp.c: In function 'make_secret':
otp.c:615: warning: pointer targets in passing argument 1 of 'bin2hex' differ in signedness
otp.c:100: note: expected 'unsigned char *' but argument is of type 'char *'
otp.c:619: warning: pointer targets in passing argument 1 of 'sprintf' differ in signedness
/usr/include/stdio.h:363: note: expected 'char * __restrict__' but argument is of type 'unsigned char *'
otp.c: In function 'parse_secret':
otp.c:645: warning: pointer targets in assignment differ in signedness
otp.c:650: warning: pointer targets in passing argument 1 of 'strtoul' differ in signedness
/usr/include/stdlib.h:188: note: expected 'const char * __restrict__' but argument is of type 'unsigned char *'
otp.c: In function 'word2bin':
otp.c:761: warning: pointer targets in passing argument 2 of 'EVP_DigestFinal' differ in signedness
/opt/local/20140401/fcd3269b-af10-4512-9c8a-02abf4fbed12/include/openssl/evp.h:565: note: expected 'unsigned char *' but argument is of type 'char *'
otp.c:761: warning: pointer targets in passing argument 3 of 'EVP_DigestFinal' differ in signedness
/opt/local/20140401/fcd3269b-af10-4512-9c8a-02abf4fbed12/include/openssl/evp.h:565: note: expected 'unsigned int *' but argument is of type 'int *'
otp.c: In function 'verify_response':
otp.c:853: warning: pointer targets in passing argument 2 of 'otp_hash' differ in signedness
otp.c:118: note: expected 'char *' but argument is of type 'unsigned char *'
otp.c: In function 'otp_server_mech_step1':
otp.c:1060: warning: pointer targets in passing argument 5 of 'make_secret' differ in signedness
otp.c:590: note: expected 'char *' but argument is of type 'unsigned char *'
otp.c:1074: warning: pointer targets in passing argument 3 of 'params->utils->prop_set' differ in signedness
otp.c:1074: note: expected 'const char *' but argument is of type 'unsigned char *'
otp.c: In function 'otp_server_mech_step2':
otp.c:1143: warning: pointer targets in passing argument 5 of 'make_secret' differ in signedness
otp.c:590: note: expected 'char *' but argument is of type 'unsigned char *'
otp.c:1156: warning: pointer targets in passing argument 3 of 'params->utils->prop_set' differ in signedness
otp.c:1156: note: expected 'const char *' but argument is of type 'unsigned char *'
otp.c: In function 'otp_server_mech_dispose':
otp.c:1232: warning: pointer targets in passing argument 5 of 'make_secret' differ in signedness
otp.c:590: note: expected 'char *' but argument is of type 'unsigned char *'
otp.c:1248: warning: pointer targets in passing argument 3 of 'utils->prop_set' differ in signedness
otp.c:1248: note: expected 'const char *' but argument is of type 'unsigned char *'
otp.c: In function 'otp_setpass':
otp.c:1368: warning: pointer targets in passing argument 3 of 'sparams->utils->prop_set' differ in signedness
otp.c:1368: note: expected 'const char *' but argument is of type 'unsigned char *'
otp.c: In function 'otp_client_mech_step2':
otp.c:1697: warning: pointer targets in passing argument 5 of 'generate_otp' differ in signedness
otp.c:147: note: expected 'char *' but argument is of type 'unsigned char *'
otp.c:1720: warning: pointer targets in passing argument 5 of 'generate_otp' differ in signedness
otp.c:147: note: expected 'char *' but argument is of type 'unsigned char *'
otp.c:1726: warning: pointer targets in passing argument 1 of 'bin2hex' differ in signedness
otp.c:100: note: expected 'unsigned char *' but argument is of type 'char *'
otp.c:1730: warning: pointer targets in passing argument 1 of 'bin2hex' differ in signedness
otp.c:100: note: expected 'unsigned char *' but argument is of type 'char *'
otp.c:1741: warning: pointer targets in passing argument 1 of 'bin2hex' differ in signedness
otp.c:100: note: expected 'unsigned char *' but argument is of type 'char *'
mv -f .deps/otp.Tpo .deps/otp.Plo
/bin/sh ../libtool   --mode=compile gcc -DHAVE_CONFIG_H -I. -I.. -I../include -I../lib -I../sasldb -I../include  -DOBSOLETE_CRAM_ATTR=1  -Wall -W -I/opt/local/20140401/fcd3269b-af10-4512-9c8a-02abf4fbed12/include  -MT otp_init.lo -MD -MP -MF .deps/otp_init.Tpo -c -o otp_init.lo otp_init.c
gcc -DHAVE_CONFIG_H -I. -I.. -I../include -I../lib -I../sasldb -I../include -DOBSOLETE_CRAM_ATTR=1 -Wall -W -I/opt/local/20140401/fcd3269b-af10-4512-9c8a-02abf4fbed12/include -MT otp_init.lo -MD -MP -MF .deps/otp_init.Tpo -c otp_init.c  -fPIC -DPIC -o otp_init.lo
mv -f .deps/otp_init.Tpo .deps/otp_init.Plo
/bin/sh ../libtool   --mode=link gcc  -Wall -W -I/opt/local/20140401/fcd3269b-af10-4512-9c8a-02abf4fbed12/include  -module -export-dynamic -rpath /usr/lib/sasl2 -version-info 3:0:0 -L/opt/local/20140401/fcd3269b-af10-4512-9c8a-02abf4fbed12/lib -o libotp.la  otp.lo otp_init.lo plugin_common.lo -lcrypto   -lresolv -lresolv  
rm -fr .libs/libotp.la .libs/libotp.* .libs/libotp.*
(cd . && ln -s otp.lo otp.o)
(cd . && ln -s otp_init.lo otp_init.o)
gcc -shared  otp.lo otp_init.lo plugin_common.lo  -L/opt/local/20140401/fcd3269b-af10-4512-9c8a-02abf4fbed12/lib -lcrypto -lresolv -lresolv -lc  -Wl,-soname -Wl,libotp.so.3 -o .libs/libotp.so.3.0.0
(cd .libs && rm -f libotp.so.3 && ln -s libotp.so.3.0.0 libotp.so.3)
(cd .libs && rm -f libotp.so && ln -s libotp.so.3.0.0 libotp.so)
creating libotp.la
(cd .libs && rm -f libotp.la && ln -s ../libotp.la libotp.la)
/bin/sh ../libtool   --mode=compile gcc -DHAVE_CONFIG_H -I. -I.. -I../include -I../lib -I../sasldb -I../include  -DOBSOLETE_CRAM_ATTR=1  -Wall -W -I/opt/local/20140401/fcd3269b-af10-4512-9c8a-02abf4fbed12/include  -MT gssapi.lo -MD -MP -MF .deps/gssapi.Tpo -c -o gssapi.lo gssapi.c
gcc -DHAVE_CONFIG_H -I. -I.. -I../include -I../lib -I../sasldb -I../include -DOBSOLETE_CRAM_ATTR=1 -Wall -W -I/opt/local/20140401/fcd3269b-af10-4512-9c8a-02abf4fbed12/include -MT gssapi.lo -MD -MP -MF .deps/gssapi.Tpo -c gssapi.c  -fPIC -DPIC -o gssapi.lo
gssapi.c:90: warning: 'gss_spnego_oid' defined but not used
mv -f .deps/gssapi.Tpo .deps/gssapi.Plo
/bin/sh ../libtool   --mode=compile gcc -DHAVE_CONFIG_H -I. -I.. -I../include -I../lib -I../sasldb -I../include  -DOBSOLETE_CRAM_ATTR=1  -Wall -W -I/opt/local/20140401/fcd3269b-af10-4512-9c8a-02abf4fbed12/include  -MT gssapiv2_init.lo -MD -MP -MF .deps/gssapiv2_init.Tpo -c -o gssapiv2_init.lo gssapiv2_init.c
gcc -DHAVE_CONFIG_H -I. -I.. -I../include -I../lib -I../sasldb -I../include -DOBSOLETE_CRAM_ATTR=1 -Wall -W -I/opt/local/20140401/fcd3269b-af10-4512-9c8a-02abf4fbed12/include -MT gssapiv2_init.lo -MD -MP -MF .deps/gssapiv2_init.Tpo -c gssapiv2_init.c  -fPIC -DPIC -o gssapiv2_init.lo
mv -f .deps/gssapiv2_init.Tpo .deps/gssapiv2_init.Plo
/bin/sh ../libtool   --mode=link gcc  -Wall -W -I/opt/local/20140401/fcd3269b-af10-4512-9c8a-02abf4fbed12/include  -module -export-dynamic -rpath /usr/lib/sasl2 -version-info 3:0:0 -L/opt/local/20140401/fcd3269b-af10-4512-9c8a-02abf4fbed12/lib -o libgssapiv2.la  gssapi.lo gssapiv2_init.lo plugin_common.lo -lgssapi_krb5 -lkrb5 -lk5crypto -lcom_err -lkrb5support -lresolv    -lresolv -lresolv  
rm -fr .libs/libgssapiv2.la .libs/libgssapiv2.* .libs/libgssapiv2.*
(cd . && ln -s gssapi.lo gssapi.o)
(cd . && ln -s gssapiv2_init.lo gssapiv2_init.o)
gcc -shared  gssapi.lo gssapiv2_init.lo plugin_common.lo  -L/opt/local/20140401/fcd3269b-af10-4512-9c8a-02abf4fbed12/lib -lgssapi_krb5 -lkrb5 -lk5crypto -lcom_err -lkrb5support -lresolv -lresolv -lresolv -lc  -Wl,-soname -Wl,libgssapiv2.so.3 -o .libs/libgssapiv2.so.3.0.0
(cd .libs && rm -f libgssapiv2.so.3 && ln -s libgssapiv2.so.3.0.0 libgssapiv2.so.3)
(cd .libs && rm -f libgssapiv2.so && ln -s libgssapiv2.so.3.0.0 libgssapiv2.so)
creating libgssapiv2.la
(cd .libs && rm -f libgssapiv2.la && ln -s ../libgssapiv2.la libgssapiv2.la)
/bin/sh ../libtool   --mode=compile gcc -DHAVE_CONFIG_H -I. -I.. -I../include -I../lib -I../sasldb -I../include  -DOBSOLETE_CRAM_ATTR=1  -Wall -W -I/opt/local/20140401/fcd3269b-af10-4512-9c8a-02abf4fbed12/include  -MT gs2.lo -MD -MP -MF .deps/gs2.Tpo -c -o gs2.lo gs2.c
gcc -DHAVE_CONFIG_H -I. -I.. -I../include -I../lib -I../sasldb -I../include -DOBSOLETE_CRAM_ATTR=1 -Wall -W -I/opt/local/20140401/fcd3269b-af10-4512-9c8a-02abf4fbed12/include -MT gs2.lo -MD -MP -MF .deps/gs2.Tpo -c gs2.c  -fPIC -DPIC -o gs2.lo
gs2.c: In function 'gs2_common_mech_free':
gs2.c:278: warning: unused parameter 'utils'
mv -f .deps/gs2.Tpo .deps/gs2.Plo
/bin/sh ../libtool   --mode=compile gcc -DHAVE_CONFIG_H -I. -I.. -I../include -I../lib -I../sasldb -I../include  -DOBSOLETE_CRAM_ATTR=1  -Wall -W -I/opt/local/20140401/fcd3269b-af10-4512-9c8a-02abf4fbed12/include  -MT gs2_init.lo -MD -MP -MF .deps/gs2_init.Tpo -c -o gs2_init.lo gs2_init.c
gcc -DHAVE_CONFIG_H -I. -I.. -I../include -I../lib -I../sasldb -I../include -DOBSOLETE_CRAM_ATTR=1 -Wall -W -I/opt/local/20140401/fcd3269b-af10-4512-9c8a-02abf4fbed12/include -MT gs2_init.lo -MD -MP -MF .deps/gs2_init.Tpo -c gs2_init.c  -fPIC -DPIC -o gs2_init.lo
mv -f .deps/gs2_init.Tpo .deps/gs2_init.Plo
/bin/sh ../libtool   --mode=compile gcc -DHAVE_CONFIG_H -I. -I.. -I../include -I../lib -I../sasldb -I../include  -DOBSOLETE_CRAM_ATTR=1  -Wall -W -I/opt/local/20140401/fcd3269b-af10-4512-9c8a-02abf4fbed12/include  -MT gs2_token.lo -MD -MP -MF .deps/gs2_token.Tpo -c -o gs2_token.lo gs2_token.c
gcc -DHAVE_CONFIG_H -I. -I.. -I../include -I../lib -I../sasldb -I../include -DOBSOLETE_CRAM_ATTR=1 -Wall -W -I/opt/local/20140401/fcd3269b-af10-4512-9c8a-02abf4fbed12/include -MT gs2_token.lo -MD -MP -MF .deps/gs2_token.Tpo -c gs2_token.c  -fPIC -DPIC -o gs2_token.lo
mv -f .deps/gs2_token.Tpo .deps/gs2_token.Plo
/bin/sh ../libtool   --mode=link gcc  -Wall -W -I/opt/local/20140401/fcd3269b-af10-4512-9c8a-02abf4fbed12/include  -module -export-dynamic -rpath /usr/lib/sasl2 -version-info 3:0:0 -L/opt/local/20140401/fcd3269b-af10-4512-9c8a-02abf4fbed12/lib -o libgs2.la  gs2.lo gs2_init.lo gs2_token.lo plugin_common.lo -lgssapi_krb5 -lkrb5 -lk5crypto -lcom_err -lkrb5support -lresolv    -lresolv -lresolv  
rm -fr .libs/libgs2.la .libs/libgs2.* .libs/libgs2.*
(cd . && ln -s gs2.lo gs2.o)
(cd . && ln -s gs2_init.lo gs2_init.o)
(cd . && ln -s gs2_token.lo gs2_token.o)
gcc -shared  gs2.lo gs2_init.lo gs2_token.lo plugin_common.lo  -L/opt/local/20140401/fcd3269b-af10-4512-9c8a-02abf4fbed12/lib -lgssapi_krb5 -lkrb5 -lk5crypto -lcom_err -lkrb5support -lresolv -lresolv -lresolv -lc  -Wl,-soname -Wl,libgs2.so.3 -o .libs/libgs2.so.3.0.0
(cd .libs && rm -f libgs2.so.3 && ln -s libgs2.so.3.0.0 libgs2.so.3)
(cd .libs && rm -f libgs2.so && ln -s libgs2.so.3.0.0 libgs2.so)
creating libgs2.la
(cd .libs && rm -f libgs2.la && ln -s ../libgs2.la libgs2.la)
/bin/sh ../libtool   --mode=compile gcc -DHAVE_CONFIG_H -I. -I.. -I../include -I../lib -I../sasldb -I../include  -DOBSOLETE_CRAM_ATTR=1  -Wall -W -I/opt/local/20140401/fcd3269b-af10-4512-9c8a-02abf4fbed12/include  -MT plain.lo -MD -MP -MF .deps/plain.Tpo -c -o plain.lo plain.c
gcc -DHAVE_CONFIG_H -I. -I.. -I../include -I../lib -I../sasldb -I../include -DOBSOLETE_CRAM_ATTR=1 -Wall -W -I/opt/local/20140401/fcd3269b-af10-4512-9c8a-02abf4fbed12/include -MT plain.lo -MD -MP -MF .deps/plain.Tpo -c plain.c  -fPIC -DPIC -o plain.lo
mv -f .deps/plain.Tpo .deps/plain.Plo
/bin/sh ../libtool   --mode=compile gcc -DHAVE_CONFIG_H -I. -I.. -I../include -I../lib -I../sasldb -I../include  -DOBSOLETE_CRAM_ATTR=1  -Wall -W -I/opt/local/20140401/fcd3269b-af10-4512-9c8a-02abf4fbed12/include  -MT plain_init.lo -MD -MP -MF .deps/plain_init.Tpo -c -o plain_init.lo plain_init.c
gcc -DHAVE_CONFIG_H -I. -I.. -I../include -I../lib -I../sasldb -I../include -DOBSOLETE_CRAM_ATTR=1 -Wall -W -I/opt/local/20140401/fcd3269b-af10-4512-9c8a-02abf4fbed12/include -MT plain_init.lo -MD -MP -MF .deps/plain_init.Tpo -c plain_init.c  -fPIC -DPIC -o plain_init.lo
mv -f .deps/plain_init.Tpo .deps/plain_init.Plo
/bin/sh ../libtool   --mode=link gcc  -Wall -W -I/opt/local/20140401/fcd3269b-af10-4512-9c8a-02abf4fbed12/include  -module -export-dynamic -rpath /usr/lib/sasl2 -version-info 3:0:0 -L/opt/local/20140401/fcd3269b-af10-4512-9c8a-02abf4fbed12/lib -o libplain.la  plain.lo plain_init.lo plugin_common.lo -lcrypt  -lresolv -lresolv  
rm -fr .libs/libplain.la .libs/libplain.* .libs/libplain.*
(cd . && ln -s plain.lo plain.o)
(cd . && ln -s plain_init.lo plain_init.o)
gcc -shared  plain.lo plain_init.lo plugin_common.lo  -L/opt/local/20140401/fcd3269b-af10-4512-9c8a-02abf4fbed12/lib -lcrypt -lresolv -lresolv -lc  -Wl,-soname -Wl,libplain.so.3 -o .libs/libplain.so.3.0.0
(cd .libs && rm -f libplain.so.3 && ln -s libplain.so.3.0.0 libplain.so.3)
(cd .libs && rm -f libplain.so && ln -s libplain.so.3.0.0 libplain.so)
creating libplain.la
(cd .libs && rm -f libplain.la && ln -s ../libplain.la libplain.la)
/bin/sh ../libtool   --mode=compile gcc -DHAVE_CONFIG_H -I. -I.. -I../include -I../lib -I../sasldb -I../include  -DOBSOLETE_CRAM_ATTR=1  -Wall -W -I/opt/local/20140401/fcd3269b-af10-4512-9c8a-02abf4fbed12/include  -MT anonymous.lo -MD -MP -MF .deps/anonymous.Tpo -c -o anonymous.lo anonymous.c
gcc -DHAVE_CONFIG_H -I. -I.. -I../include -I../lib -I../sasldb -I../include -DOBSOLETE_CRAM_ATTR=1 -Wall -W -I/opt/local/20140401/fcd3269b-af10-4512-9c8a-02abf4fbed12/include -MT anonymous.lo -MD -MP -MF .deps/anonymous.Tpo -c anonymous.c  -fPIC -DPIC -o anonymous.lo
mv -f .deps/anonymous.Tpo .deps/anonymous.Plo
/bin/sh ../libtool   --mode=compile gcc -DHAVE_CONFIG_H -I. -I.. -I../include -I../lib -I../sasldb -I../include  -DOBSOLETE_CRAM_ATTR=1  -Wall -W -I/opt/local/20140401/fcd3269b-af10-4512-9c8a-02abf4fbed12/include  -MT anonymous_init.lo -MD -MP -MF .deps/anonymous_init.Tpo -c -o anonymous_init.lo anonymous_init.c
gcc -DHAVE_CONFIG_H -I. -I.. -I../include -I../lib -I../sasldb -I../include -DOBSOLETE_CRAM_ATTR=1 -Wall -W -I/opt/local/20140401/fcd3269b-af10-4512-9c8a-02abf4fbed12/include -MT anonymous_init.lo -MD -MP -MF .deps/anonymous_init.Tpo -c anonymous_init.c  -fPIC -DPIC -o anonymous_init.lo
mv -f .deps/anonymous_init.Tpo .deps/anonymous_init.Plo
/bin/sh ../libtool   --mode=link gcc  -Wall -W -I/opt/local/20140401/fcd3269b-af10-4512-9c8a-02abf4fbed12/include  -module -export-dynamic -rpath /usr/lib/sasl2 -version-info 3:0:0 -L/opt/local/20140401/fcd3269b-af10-4512-9c8a-02abf4fbed12/lib -o libanonymous.la  anonymous.lo anonymous_init.lo plugin_common.lo  -lresolv -lresolv  
rm -fr .libs/libanonymous.la .libs/libanonymous.* .libs/libanonymous.*
(cd . && ln -s anonymous.lo anonymous.o)
(cd . && ln -s anonymous_init.lo anonymous_init.o)
gcc -shared  anonymous.lo anonymous_init.lo plugin_common.lo  -L/opt/local/20140401/fcd3269b-af10-4512-9c8a-02abf4fbed12/lib -lresolv -lresolv -lc  -Wl,-soname -Wl,libanonymous.so.3 -o .libs/libanonymous.so.3.0.0
(cd .libs && rm -f libanonymous.so.3 && ln -s libanonymous.so.3.0.0 libanonymous.so.3)
(cd .libs && rm -f libanonymous.so && ln -s libanonymous.so.3.0.0 libanonymous.so)
creating libanonymous.la
(cd .libs && rm -f libanonymous.la && ln -s ../libanonymous.la libanonymous.la)
make[2]: Leaving directory `/home/buildfarm/BUILDFARM/Thirdparty/BuildScripts/source/cyrus-sasl.linux/plugins'
Making all in utils
make[2]: Entering directory `/home/buildfarm/BUILDFARM/Thirdparty/BuildScripts/source/cyrus-sasl.linux/utils'
gcc -DHAVE_CONFIG_H -I. -I.. -I../include -I../include   -DOBSOLETE_CRAM_ATTR=1  -Wall -W -I/opt/local/20140401/fcd3269b-af10-4512-9c8a-02abf4fbed12/include  -MT dbconverter-2.o -MD -MP -MF .deps/dbconverter-2.Tpo -c -o dbconverter-2.o dbconverter-2.c
dbconverter-2.c:379: warning: initialization from incompatible pointer type
mv -f .deps/dbconverter-2.Tpo .deps/dbconverter-2.Po
/bin/sh ../libtool   --mode=link gcc  -Wall -W -I/opt/local/20140401/fcd3269b-af10-4512-9c8a-02abf4fbed12/include   -L/opt/local/20140401/fcd3269b-af10-4512-9c8a-02abf4fbed12/lib -o dbconverter-2 dbconverter-2.o ../sasldb/libsasldb.la ../lib/libsasl2.la -ldb-4.7  -lresolv -lresolv  
mkdir .libs
gcc -Wall -W -I/opt/local/20140401/fcd3269b-af10-4512-9c8a-02abf4fbed12/include -L/opt/local/20140401/fcd3269b-af10-4512-9c8a-02abf4fbed12/lib -o .libs/dbconverter-2 dbconverter-2.o ../sasldb/.libs/libsasldb.al -lresolv -lresolv ../lib/.libs/libsasl2.so -ldl -lresolv -lresolv -ldb-4.7 -lresolv -lresolv -Wl,--rpath -Wl,/opt/local/20140401/fcd3269b-af10-4512-9c8a-02abf4fbed12/lib
creating dbconverter-2
gcc -DHAVE_CONFIG_H -I. -I.. -I../include -I../include   -DOBSOLETE_CRAM_ATTR=1  -Wall -W -I/opt/local/20140401/fcd3269b-af10-4512-9c8a-02abf4fbed12/include  -MT saslpasswd.o -MD -MP -MF .deps/saslpasswd.Tpo -c -o saslpasswd.o saslpasswd.c
mv -f .deps/saslpasswd.Tpo .deps/saslpasswd.Po
/bin/sh ../libtool   --mode=link gcc  -Wall -W -I/opt/local/20140401/fcd3269b-af10-4512-9c8a-02abf4fbed12/include   -L/opt/local/20140401/fcd3269b-af10-4512-9c8a-02abf4fbed12/lib -o saslpasswd2 saslpasswd.o ../sasldb/libsasldb.la ../lib/libsasl2.la -ldb-4.7  -lresolv -lresolv  
gcc -Wall -W -I/opt/local/20140401/fcd3269b-af10-4512-9c8a-02abf4fbed12/include -L/opt/local/20140401/fcd3269b-af10-4512-9c8a-02abf4fbed12/lib -o .libs/saslpasswd2 saslpasswd.o ../sasldb/.libs/libsasldb.al -lresolv -lresolv ../lib/.libs/libsasl2.so -ldl -lresolv -lresolv -ldb-4.7 -lresolv -lresolv -Wl,--rpath -Wl,/opt/local/20140401/fcd3269b-af10-4512-9c8a-02abf4fbed12/lib
creating saslpasswd2
gcc -DHAVE_CONFIG_H -I. -I.. -I../include -I../include   -DOBSOLETE_CRAM_ATTR=1  -Wall -W -I/opt/local/20140401/fcd3269b-af10-4512-9c8a-02abf4fbed12/include  -MT sasldblistusers.o -MD -MP -MF .deps/sasldblistusers.Tpo -c -o sasldblistusers.o sasldblistusers.c
mv -f .deps/sasldblistusers.Tpo .deps/sasldblistusers.Po
/bin/sh ../libtool   --mode=link gcc  -Wall -W -I/opt/local/20140401/fcd3269b-af10-4512-9c8a-02abf4fbed12/include   -L/opt/local/20140401/fcd3269b-af10-4512-9c8a-02abf4fbed12/lib -o sasldblistusers2 sasldblistusers.o ../sasldb/libsasldb.la ../lib/libsasl2.la -ldb-4.7  -lresolv -lresolv  
gcc -Wall -W -I/opt/local/20140401/fcd3269b-af10-4512-9c8a-02abf4fbed12/include -L/opt/local/20140401/fcd3269b-af10-4512-9c8a-02abf4fbed12/lib -o .libs/sasldblistusers2 sasldblistusers.o ../sasldb/.libs/libsasldb.al -lresolv -lresolv ../lib/.libs/libsasl2.so -ldl -lresolv -lresolv -ldb-4.7 -lresolv -lresolv -Wl,--rpath -Wl,/opt/local/20140401/fcd3269b-af10-4512-9c8a-02abf4fbed12/lib
creating sasldblistusers2
gcc -DHAVE_CONFIG_H -I. -I.. -I../include -I../include   -DOBSOLETE_CRAM_ATTR=1  -Wall -W -I/opt/local/20140401/fcd3269b-af10-4512-9c8a-02abf4fbed12/include  -MT pluginviewer.o -MD -MP -MF .deps/pluginviewer.Tpo -c -o pluginviewer.o pluginviewer.c
pluginviewer.c: In function ‘plugview_sasl_getopt’:
pluginviewer.c:212: warning: unused parameter ‘context’
pluginviewer.c:213: warning: unused parameter ‘plugin_name’
pluginviewer.c: In function ‘main’:
pluginviewer.c:425: warning: passing argument 2 of ‘getsubopt’ from incompatible pointer type
/usr/include/stdlib.h:896: note: expected ‘char * const* __restrict__’ but argument is of type ‘const char * const*’
pluginviewer.c:450: warning: passing argument 2 of ‘getsubopt’ from incompatible pointer type
/usr/include/stdlib.h:896: note: expected ‘char * const* __restrict__’ but argument is of type ‘const char * const*’
pluginviewer.c:479: warning: passing argument 2 of ‘getsubopt’ from incompatible pointer type
/usr/include/stdlib.h:896: note: expected ‘char * const* __restrict__’ but argument is of type ‘const char * const*’
mv -f .deps/pluginviewer.Tpo .deps/pluginviewer.Po
/bin/sh ../libtool   --mode=link gcc  -Wall -W -I/opt/local/20140401/fcd3269b-af10-4512-9c8a-02abf4fbed12/include   -L/opt/local/20140401/fcd3269b-af10-4512-9c8a-02abf4fbed12/lib -o pluginviewer pluginviewer.o ../lib/libsasl2.la -ldb-4.7  -lresolv -lresolv  
gcc -Wall -W -I/opt/local/20140401/fcd3269b-af10-4512-9c8a-02abf4fbed12/include -L/opt/local/20140401/fcd3269b-af10-4512-9c8a-02abf4fbed12/lib -o .libs/pluginviewer pluginviewer.o ../lib/.libs/libsasl2.so -ldl -lresolv -lresolv -ldb-4.7 -lresolv -lresolv -Wl,--rpath -Wl,/opt/local/20140401/fcd3269b-af10-4512-9c8a-02abf4fbed12/lib
creating pluginviewer
make[2]: Leaving directory `/home/buildfarm/BUILDFARM/Thirdparty/BuildScripts/source/cyrus-sasl.linux/utils'
Making all in doc
make[2]: Entering directory `/home/buildfarm/BUILDFARM/Thirdparty/BuildScripts/source/cyrus-sasl.linux/doc'
make[2]: Nothing to be done for `all'.
make[2]: Leaving directory `/home/buildfarm/BUILDFARM/Thirdparty/BuildScripts/source/cyrus-sasl.linux/doc'
Making all in man
make[2]: Entering directory `/home/buildfarm/BUILDFARM/Thirdparty/BuildScripts/source/cyrus-sasl.linux/man'
make[2]: Nothing to be done for `all'.
make[2]: Leaving directory `/home/buildfarm/BUILDFARM/Thirdparty/BuildScripts/source/cyrus-sasl.linux/man'
Making all in saslauthd
make[2]: Entering directory `/home/buildfarm/BUILDFARM/Thirdparty/BuildScripts/source/cyrus-sasl.linux/saslauthd'
CDPATH="${ZSH_VERSION+.}:" && cd . && /bin/sh /home/buildfarm/BUILDFARM/Thirdparty/BuildScripts/source/cyrus-sasl.linux/saslauthd/config/missing --run aclocal-1.11 -I ./cmulocal 
aclocal-1.11: couldn't open directory `./cmulocal': No such file or directory
make[2]: *** [aclocal.m4] Error 1
make[2]: Leaving directory `/home/buildfarm/BUILDFARM/Thirdparty/BuildScripts/source/cyrus-sasl.linux/saslauthd'
make[1]: *** [all-recursive] Error 1
make[1]: Leaving directory `/home/buildfarm/BUILDFARM/Thirdparty/BuildScripts/source/cyrus-sasl.linux'
make: *** [all] Error 2

FATAL ERROR: Failed to build cyrus-sasl

