INFO backend.py:928:  Mock Version: 1.1.21
DEBUG backend.py:286:  rootdir = /var/lib/mock/feature-el6-kolab-3.1-development-build-14525-13257/root/
DEBUG backend.py:287:  resultdir = /var/lib/mock/feature-el6-kolab-3.1-development-build-14525-13257/result
INFO backend.py:290:  calling preinit hooks
DEBUG backend.py:451:  create skeleton dirs
DEBUG util.py:57:  ensuring that dir exists: /var/lib/mock/feature-el6-kolab-3.1-development-build-14525-13257/root/var/lib/rpm
DEBUG util.py:60:  creating dir: /var/lib/mock/feature-el6-kolab-3.1-development-build-14525-13257/root/var/lib/rpm
DEBUG util.py:57:  ensuring that dir exists: /var/lib/mock/feature-el6-kolab-3.1-development-build-14525-13257/root/var/lib/yum
DEBUG util.py:60:  creating dir: /var/lib/mock/feature-el6-kolab-3.1-development-build-14525-13257/root/var/lib/yum
DEBUG util.py:57:  ensuring that dir exists: /var/lib/mock/feature-el6-kolab-3.1-development-build-14525-13257/root/var/lib/dbus
DEBUG util.py:60:  creating dir: /var/lib/mock/feature-el6-kolab-3.1-development-build-14525-13257/root/var/lib/dbus
DEBUG util.py:57:  ensuring that dir exists: /var/lib/mock/feature-el6-kolab-3.1-development-build-14525-13257/root/var/log
DEBUG util.py:60:  creating dir: /var/lib/mock/feature-el6-kolab-3.1-development-build-14525-13257/root/var/log
DEBUG util.py:57:  ensuring that dir exists: /var/lib/mock/feature-el6-kolab-3.1-development-build-14525-13257/root/var/lock/rpm
DEBUG util.py:60:  creating dir: /var/lib/mock/feature-el6-kolab-3.1-development-build-14525-13257/root/var/lock/rpm
DEBUG util.py:57:  ensuring that dir exists: /var/lib/mock/feature-el6-kolab-3.1-development-build-14525-13257/root/var/cache/yum
DEBUG util.py:60:  creating dir: /var/lib/mock/feature-el6-kolab-3.1-development-build-14525-13257/root/var/cache/yum
DEBUG util.py:57:  ensuring that dir exists: /var/lib/mock/feature-el6-kolab-3.1-development-build-14525-13257/root/etc/rpm
DEBUG util.py:60:  creating dir: /var/lib/mock/feature-el6-kolab-3.1-development-build-14525-13257/root/etc/rpm
DEBUG util.py:57:  ensuring that dir exists: /var/lib/mock/feature-el6-kolab-3.1-development-build-14525-13257/root/tmp
DEBUG util.py:60:  creating dir: /var/lib/mock/feature-el6-kolab-3.1-development-build-14525-13257/root/tmp
DEBUG util.py:57:  ensuring that dir exists: /var/lib/mock/feature-el6-kolab-3.1-development-build-14525-13257/root/tmp/ccache
DEBUG util.py:60:  creating dir: /var/lib/mock/feature-el6-kolab-3.1-development-build-14525-13257/root/tmp/ccache
DEBUG util.py:57:  ensuring that dir exists: /var/lib/mock/feature-el6-kolab-3.1-development-build-14525-13257/root/var/tmp
DEBUG util.py:60:  creating dir: /var/lib/mock/feature-el6-kolab-3.1-development-build-14525-13257/root/var/tmp
DEBUG util.py:57:  ensuring that dir exists: /var/lib/mock/feature-el6-kolab-3.1-development-build-14525-13257/root/etc/yum.repos.d
DEBUG util.py:60:  creating dir: /var/lib/mock/feature-el6-kolab-3.1-development-build-14525-13257/root/etc/yum.repos.d
DEBUG util.py:57:  ensuring that dir exists: /var/lib/mock/feature-el6-kolab-3.1-development-build-14525-13257/root/etc/yum
DEBUG util.py:60:  creating dir: /var/lib/mock/feature-el6-kolab-3.1-development-build-14525-13257/root/etc/yum
DEBUG util.py:57:  ensuring that dir exists: /var/lib/mock/feature-el6-kolab-3.1-development-build-14525-13257/root/proc
DEBUG util.py:60:  creating dir: /var/lib/mock/feature-el6-kolab-3.1-development-build-14525-13257/root/proc
DEBUG util.py:57:  ensuring that dir exists: /var/lib/mock/feature-el6-kolab-3.1-development-build-14525-13257/root/sys
DEBUG util.py:60:  creating dir: /var/lib/mock/feature-el6-kolab-3.1-development-build-14525-13257/root/sys
DEBUG backend.py:473:  touch required files
DEBUG util.py:68:  touching file: /var/lib/mock/feature-el6-kolab-3.1-development-build-14525-13257/root/etc/mtab
DEBUG util.py:68:  touching file: /var/lib/mock/feature-el6-kolab-3.1-development-build-14525-13257/root/etc/fstab
DEBUG util.py:68:  touching file: /var/lib/mock/feature-el6-kolab-3.1-development-build-14525-13257/root/var/log/yum.log
DEBUG backend.py:305:  configure yum
DEBUG backend.py:320:  configure yum priorities
DEBUG util.py:57:  ensuring that dir exists: /var/lib/mock/feature-el6-kolab-3.1-development-build-14525-13257/root/etc/yum/pluginconf.d
DEBUG util.py:60:  creating dir: /var/lib/mock/feature-el6-kolab-3.1-development-build-14525-13257/root/etc/yum/pluginconf.d
DEBUG backend.py:329:  configure yum rhnplugin
DEBUG util.py:57:  ensuring that dir exists: /var/lib/mock/feature-el6-kolab-3.1-development-build-14525-13257/root/etc/yum/pluginconf.d
DEBUG util.py:57:  ensuring that dir exists: /var/lib/mock/feature-el6-kolab-3.1-development-build-14525-13257/root/etc
DEBUG util.py:83:  remove tree: /var/lib/mock/feature-el6-kolab-3.1-development-build-14525-13257/root/dev
DEBUG util.py:57:  ensuring that dir exists: /var/lib/mock/feature-el6-kolab-3.1-development-build-14525-13257/root/dev/pts
DEBUG util.py:60:  creating dir: /var/lib/mock/feature-el6-kolab-3.1-development-build-14525-13257/root/dev/pts
DEBUG util.py:57:  ensuring that dir exists: /var/lib/mock/feature-el6-kolab-3.1-development-build-14525-13257/root/dev/shm
DEBUG util.py:60:  creating dir: /var/lib/mock/feature-el6-kolab-3.1-development-build-14525-13257/root/dev/shm
DEBUG backend.py:420:  kver == 3.4.4-4.fc16.x86_64
DEBUG util.py:307:  Executing command: ['/bin/mount', '-n', '-t', 'proc', 'proc', '/var/lib/mock/feature-el6-kolab-3.1-development-build-14525-13257/root/proc'] with env {'LANG': 'en_US.UTF-8', 'TERM': 'vt100', 'SHELL': '/bin/bash', 'HOSTNAME': 'mock', 'HOME': '/builddir', 'PATH': '/usr/bin:/bin:/usr/sbin:/sbin'}
DEBUG util.py:347:  Child return code was: 0
DEBUG util.py:307:  Executing command: ['/bin/mount', '-n', '-t', 'sysfs', 'mock_chroot_sys', '/var/lib/mock/feature-el6-kolab-3.1-development-build-14525-13257/root/sys'] with env {'LANG': 'en_US.UTF-8', 'TERM': 'vt100', 'SHELL': '/bin/bash', 'HOSTNAME': 'mock', 'HOME': '/builddir', 'PATH': '/usr/bin:/bin:/usr/sbin:/sbin'}
DEBUG util.py:347:  Child return code was: 0
DEBUG util.py:307:  Executing command: ['/bin/mount', '-n', '-t', 'tmpfs', 'mock_chroot_shmfs', '/var/lib/mock/feature-el6-kolab-3.1-development-build-14525-13257/root/dev/shm'] with env {'LANG': 'en_US.UTF-8', 'TERM': 'vt100', 'SHELL': '/bin/bash', 'HOSTNAME': 'mock', 'HOME': '/builddir', 'PATH': '/usr/bin:/bin:/usr/sbin:/sbin'}
DEBUG util.py:347:  Child return code was: 0
DEBUG util.py:307:  Executing command: ['/bin/mount', '-n', '-t', 'devpts', '-o', 'gid=5,mode=0620,ptmxmode=0666,newinstance', 'mock_chroot_devpts', '/var/lib/mock/feature-el6-kolab-3.1-development-build-14525-13257/root/dev/pts'] with env {'LANG': 'en_US.UTF-8', 'TERM': 'vt100', 'SHELL': '/bin/bash', 'HOSTNAME': 'mock', 'HOME': '/builddir', 'PATH': '/usr/bin:/bin:/usr/sbin:/sbin'}
DEBUG util.py:347:  Child return code was: 0
DEBUG util.py:307:  Executing command: ['/bin/mount', '-n', '--bind', '/tmp/mock-selinux-plugin.UW8sC0', '/var/lib/mock/feature-el6-kolab-3.1-development-build-14525-13257/root/proc/filesystems'] with env {'LANG': 'en_US.UTF-8', 'TERM': 'vt100', 'SHELL': '/bin/bash', 'HOSTNAME': 'mock', 'HOME': '/builddir', 'PATH': '/usr/bin:/bin:/usr/sbin:/sbin'}
DEBUG util.py:347:  Child return code was: 0
DEBUG backend.py:860:  ['/usr/bin/yum', '--installroot', '/var/lib/mock/feature-el6-kolab-3.1-development-build-14525-13257/root/', 'groupinstall', 'build']
DEBUG util.py:307:  Executing command: ['/usr/bin/yum', '--installroot', '/var/lib/mock/feature-el6-kolab-3.1-development-build-14525-13257/root/', 'groupinstall', 'build', '--setopt=tsflags=nocontexts'] with env {'LANG': 'en_US.UTF-8', 'TERM': 'vt100', 'SHELL': '/bin/bash', 'HOSTNAME': 'mock', 'PROMPT_COMMAND': 'echo -n "<mock-chroot>"', 'HOME': '/builddir', 'PATH': '/usr/bin:/bin:/usr/sbin:/sbin'}
DEBUG util.py:257:  ================================================================================
DEBUG util.py:257:   Package                Arch    Version                            Repository
DEBUG util.py:257:                                                                             Size
DEBUG util.py:257:  ================================================================================
DEBUG util.py:257:  Installing:
DEBUG util.py:257:   bash                   x86_64  4.1.2-9.el6_2                      build  903 k
DEBUG util.py:257:   bzip2                  x86_64  1.0.5-7.el6_0                      build   49 k
DEBUG util.py:257:   coreutils              x86_64  8.4-19.el6                         build  3.0 M
DEBUG util.py:257:   cpio                   x86_64  2.10-11.el6_3                      build  192 k
DEBUG util.py:257:   diffutils              x86_64  2.8.1-28.el6                       build  198 k
DEBUG util.py:257:   findutils              x86_64  1:4.4.2-6.el6                      build  447 k
DEBUG util.py:257:   gawk                   x86_64  3.1.7-9.el6                        build  774 k
DEBUG util.py:257:   gcc                    x86_64  4.4.6-4.el6                        build   10 M
DEBUG util.py:257:   gcc-c++                x86_64  4.4.6-4.el6                        build  4.7 M
DEBUG util.py:257:   grep                   x86_64  2.6.3-3.el6                        build  228 k
DEBUG util.py:257:   gzip                   x86_64  1.3.12-18.el6                      build  116 k
DEBUG util.py:257:   info                   x86_64  4.13a-8.el6                        build  178 k
DEBUG util.py:257:   make                   x86_64  1:3.81-20.el6                      build  389 k
DEBUG util.py:257:   patch                  x86_64  2.6-6.el6                          build   90 k
DEBUG util.py:257:   redhat-rpm-config      noarch  9.0.3-39.el6                       build   58 k
DEBUG util.py:257:   rpm-build              x86_64  4.8.0-27.el6                       build  125 k
DEBUG util.py:257:   sed                    x86_64  4.2.1-10.el6                       build  216 k
DEBUG util.py:257:   shadow-utils           x86_64  2:4.1.4.2-13.el6                   build  896 k
DEBUG util.py:257:   tar                    x86_64  2:1.23-7.el6                       build  808 k
DEBUG util.py:257:   unzip                  x86_64  6.0-1.el6                          build  149 k
DEBUG util.py:257:   util-linux-ng          x86_64  2.17.2-12.7.el6_3                  build  1.5 M
DEBUG util.py:257:   which                  x86_64  2.19-6.el6                         build   38 k
DEBUG util.py:257:  Installing for dependencies:
DEBUG util.py:257:   MAKEDEV                x86_64  3.24-6.el6                         build   89 k
DEBUG util.py:257:   audit-libs             x86_64  2.2-2.el6                          build   60 k
DEBUG util.py:257:   basesystem             noarch  10.0-4.el6                         build  4.7 k
DEBUG util.py:257:   binutils               x86_64  2.20.51.0.2-5.34.el6               build  2.8 M
DEBUG util.py:257:   bzip2-libs             x86_64  1.0.5-7.el6_0                      build   36 k
DEBUG util.py:257:   ca-certificates        noarch  2010.63-3.el6_1.5                  build  531 k
DEBUG util.py:257:   centos-release         x86_64  6-3.el6.centos.9                   build   20 k
DEBUG util.py:257:   chkconfig              x86_64  1.3.49.3-2.el6                     build  159 k
DEBUG util.py:257:   cloog-ppl              x86_64  0.15.7-1.2.el6                     build   93 k
DEBUG util.py:257:   coreutils-libs         x86_64  8.4-19.el6                         build   47 k
DEBUG util.py:257:   cpp                    x86_64  4.4.6-4.el6                        build  3.7 M
DEBUG util.py:257:   cracklib               x86_64  2.8.16-4.el6                       build   70 k
DEBUG util.py:257:   cracklib-dicts         x86_64  2.8.16-4.el6                       build  3.6 M
DEBUG util.py:257:   curl                   x86_64  7.19.7-26.el6_2.4                  build  192 k
DEBUG util.py:257:   cyrus-sasl-lib         x86_64  2.1.23-13.el6_3.1                  build  136 k
DEBUG util.py:257:   db4                    x86_64  4.7.25-17.el6                      build  563 k
DEBUG util.py:257:   db4-utils              x86_64  4.7.25-17.el6                      build  130 k
DEBUG util.py:257:   dbus-libs              x86_64  1:1.2.24-7.el6_3                   build  127 k
DEBUG util.py:257:   elfutils               x86_64  0.152-1.el6                        build  201 k
DEBUG util.py:257:   elfutils-libelf        x86_64  0.152-1.el6                        build  169 k
DEBUG util.py:257:   elfutils-libs          x86_64  0.152-1.el6                        build  181 k
DEBUG util.py:257:   ethtool                x86_64  2:2.6.33-0.3.el6                   build   72 k
DEBUG util.py:257:   expat                  x86_64  2.0.1-11.el6_2                     build   76 k
DEBUG util.py:257:   file                   x86_64  5.04-13.el6                        build   46 k
DEBUG util.py:257:   file-libs              x86_64  5.04-13.el6                        build  310 k
DEBUG util.py:257:   filesystem             x86_64  2.4.30-3.el6                       build  1.0 M
DEBUG util.py:257:   gamin                  x86_64  0.1.10-9.el6                       build  122 k
DEBUG util.py:257:   gdb                    x86_64  7.2-56.el6                         build  2.3 M
DEBUG util.py:257:   gdbm                   x86_64  1.8.0-36.el6                       build   29 k
DEBUG util.py:257:   glib2                  x86_64  2.22.5-7.el6                       build  1.1 M
DEBUG util.py:257:   glibc                  x86_64  2.12-1.80.el6_3.6                  build  3.8 M
DEBUG util.py:257:   glibc-common           x86_64  2.12-1.80.el6_3.6                  build   14 M
DEBUG util.py:257:   glibc-devel            x86_64  2.12-1.80.el6_3.6                  build  971 k
DEBUG util.py:257:   glibc-headers          x86_64  2.12-1.80.el6_3.6                  build  601 k
DEBUG util.py:257:   gmp                    x86_64  4.3.1-7.el6_2.2                    build  207 k
DEBUG util.py:257:   groff                  x86_64  1.18.1.4-21.el6                    build  1.5 M
DEBUG util.py:257:   hwdata                 noarch  0.233-7.8.el6                      build  1.1 M
DEBUG util.py:257:   initscripts            x86_64  9.03.31-2.el6.centos.1             build  935 k
DEBUG util.py:257:   iproute                x86_64  2.6.32-20.el6                      build  337 k
DEBUG util.py:257:   iptables               x86_64  1.4.7-5.1.el6_2                    build  246 k
DEBUG util.py:257:   iputils                x86_64  20071127-16.el6                    build  120 k
DEBUG util.py:257:   kernel-headers         x86_64  2.6.32-279.19.1.el6                build  1.9 M
DEBUG util.py:257:   keyutils-libs          x86_64  1.4-4.el6                          build   20 k
DEBUG util.py:257:   krb5-libs              x86_64  1.9-33.el6_3.3                     build  713 k
DEBUG util.py:257:   less                   x86_64  436-10.el6                         build  107 k
DEBUG util.py:257:   libacl                 x86_64  2.2.49-6.el6                       build   23 k
DEBUG util.py:257:   libattr                x86_64  2.4.44-7.el6                       build   15 k
DEBUG util.py:257:   libblkid               x86_64  2.17.2-12.7.el6_3                  build  112 k
DEBUG util.py:257:   libcap                 x86_64  2.16-5.5.el6                       build   32 k
DEBUG util.py:257:   libcom_err             x86_64  1.41.12-12.el6                     build   36 k
DEBUG util.py:257:   libcurl                x86_64  7.19.7-26.el6_2.4                  build  163 k
DEBUG util.py:257:   libffi                 x86_64  3.0.5-3.2.el6                      build   26 k
DEBUG util.py:257:   libgcc                 x86_64  4.4.6-4.el6                        build  100 k
DEBUG util.py:257:   libgomp                x86_64  4.4.6-4.el6                        build  117 k
DEBUG util.py:257:   libidn                 x86_64  1.18-2.el6                         build  205 k
DEBUG util.py:257:   libnih                 x86_64  1.0.1-7.el6                        build  138 k
DEBUG util.py:257:   libselinux             x86_64  2.0.94-5.3.el6                     build  107 k
DEBUG util.py:257:   libsepol               x86_64  2.0.41-4.el6                       build  128 k
DEBUG util.py:257:   libssh2                x86_64  1.2.2-11.el6_3                     build   75 k
DEBUG util.py:257:   libstdc++              x86_64  4.4.6-4.el6                        build  292 k
DEBUG util.py:257:   libstdc++-devel        x86_64  4.4.6-4.el6                        build  1.5 M
DEBUG util.py:257:   libusb                 x86_64  0.1.12-23.el6                      build   28 k
DEBUG util.py:257:   libutempter            x86_64  1.1.5-4.1.el6                      build   22 k
DEBUG util.py:257:   libuuid                x86_64  2.17.2-12.7.el6_3                  build   65 k
DEBUG util.py:257:   lua                    x86_64  5.1.4-4.1.el6                      build  184 k
DEBUG util.py:257:   mingetty               x86_64  1.08-5.el6                         build   21 k
DEBUG util.py:257:   module-init-tools      x86_64  3.9-20.el6                         build  461 k
DEBUG util.py:257:   mpfr                   x86_64  2.4.1-6.el6                        build  157 k
DEBUG util.py:257:   ncurses                x86_64  5.7-3.20090208.el6                 build  268 k
DEBUG util.py:257:   ncurses-base           x86_64  5.7-3.20090208.el6                 build   61 k
DEBUG util.py:257:   ncurses-libs           x86_64  5.7-3.20090208.el6                 build  246 k
DEBUG util.py:257:   net-tools              x86_64  1.60-110.el6_2                     build  268 k
DEBUG util.py:257:   nspr                   x86_64  4.9.1-2.el6_3                      build  111 k
DEBUG util.py:257:   nss                    x86_64  3.13.5-1.el6_3                     build  763 k
DEBUG util.py:257:   nss-softokn            x86_64  3.12.9-11.el6                      build  170 k
DEBUG util.py:257:   nss-softokn-freebl     x86_64  3.12.9-11.el6                      build  122 k
DEBUG util.py:257:   nss-sysinit            x86_64  3.13.5-1.el6_3                     build   32 k
DEBUG util.py:257:   nss-tools              x86_64  3.13.5-1.el6_3                     build  729 k
DEBUG util.py:257:   nss-util               x86_64  3.13.5-1.el6_3                     build   53 k
DEBUG util.py:257:   openldap               x86_64  2.4.23-26.el6_3.2                  build  262 k
DEBUG util.py:257:   openssl                x86_64  1.0.0-25.el6_3.1                   build  1.4 M
DEBUG util.py:257:   pam                    x86_64  1.1.1-10.el6_2.1                   build  656 k
DEBUG util.py:257:   pcre                   x86_64  7.8-4.el6                          build  194 k
DEBUG util.py:257:   perl                   x86_64  4:5.10.1-127.el6                   build   10 M
DEBUG util.py:257:   perl-Module-Pluggable  x86_64  1:3.90-127.el6                     build   38 k
DEBUG util.py:257:   perl-Pod-Escapes       x86_64  1:1.04-127.el6                     build   30 k
DEBUG util.py:257:   perl-Pod-Simple        x86_64  1:3.13-127.el6                     build  210 k
DEBUG util.py:257:   perl-libs              x86_64  4:5.10.1-127.el6                   build  576 k
DEBUG util.py:257:   perl-version           x86_64  3:0.77-127.el6                     build   49 k
DEBUG util.py:257:   pkgconfig              x86_64  1:0.23-9.1.el6                     build   70 k
DEBUG util.py:257:   popt                   x86_64  1.13-7.el6                         build   39 k
DEBUG util.py:257:   ppl                    x86_64  0.10.2-11.el6                      build  1.3 M
DEBUG util.py:257:   procps                 x86_64  3.2.8-23.el6                       build  211 k
DEBUG util.py:257:   psmisc                 x86_64  22.6-15.el6_0.1                    build   80 k
DEBUG util.py:257:   python                 x86_64  2.6.6-29.el6_3.3                   build  4.8 M
DEBUG util.py:257:   python-libs            x86_64  2.6.6-29.el6_3.3                   build  623 k
DEBUG util.py:257:   readline               x86_64  6.0-4.el6                          build  178 k
DEBUG util.py:257:   rpm                    x86_64  4.8.0-27.el6                       build  899 k
DEBUG util.py:257:   rpm-libs               x86_64  4.8.0-27.el6                       build  310 k
DEBUG util.py:257:   setup                  noarch  2.8.14-16.el6                      build  150 k
DEBUG util.py:257:   sqlite                 x86_64  3.6.20-1.el6                       build  301 k
DEBUG util.py:257:   sysvinit-tools         x86_64  2.87-4.dsf.el6                     build   59 k
DEBUG util.py:257:   tzdata                 noarch  2012i-2.el6                        build  453 k
DEBUG util.py:257:   udev                   x86_64  147-2.42.el6                       build  361 k
DEBUG util.py:257:   upstart                x86_64  0.6.5-12.el6                       build  176 k
DEBUG util.py:257:   xz                     x86_64  4.999.9-0.3.beta.20091007git.el6   build  137 k
DEBUG util.py:257:   xz-libs                x86_64  4.999.9-0.3.beta.20091007git.el6   build   89 k
DEBUG util.py:257:   xz-lzma-compat         x86_64  4.999.9-0.3.beta.20091007git.el6   build   16 k
DEBUG util.py:257:   zlib                   x86_64  1.2.3-27.el6                       build   72 k
DEBUG util.py:257:  Transaction Summary
DEBUG util.py:257:  ================================================================================
DEBUG util.py:257:  Install  22 Packages (+109 Dependent packages)
DEBUG util.py:257:  Total download size: 100 M
DEBUG util.py:257:  Installed size: 359 M
DEBUG util.py:257:  warning: /etc/hosts created as /etc/hosts.rpmnew
DEBUG util.py:257:  Installed:
DEBUG util.py:257:    bash.x86_64 0:4.1.2-9.el6_2              bzip2.x86_64 0:1.0.5-7.el6_0        
DEBUG util.py:257:    coreutils.x86_64 0:8.4-19.el6            cpio.x86_64 0:2.10-11.el6_3         
DEBUG util.py:257:    diffutils.x86_64 0:2.8.1-28.el6          findutils.x86_64 1:4.4.2-6.el6      
DEBUG util.py:257:    gawk.x86_64 0:3.1.7-9.el6                gcc.x86_64 0:4.4.6-4.el6            
DEBUG util.py:257:    gcc-c++.x86_64 0:4.4.6-4.el6             grep.x86_64 0:2.6.3-3.el6           
DEBUG util.py:257:    gzip.x86_64 0:1.3.12-18.el6              info.x86_64 0:4.13a-8.el6           
DEBUG util.py:257:    make.x86_64 1:3.81-20.el6                patch.x86_64 0:2.6-6.el6            
DEBUG util.py:257:    redhat-rpm-config.noarch 0:9.0.3-39.el6  rpm-build.x86_64 0:4.8.0-27.el6     
DEBUG util.py:257:    sed.x86_64 0:4.2.1-10.el6                shadow-utils.x86_64 2:4.1.4.2-13.el6
DEBUG util.py:257:    tar.x86_64 2:1.23-7.el6                  unzip.x86_64 0:6.0-1.el6            
DEBUG util.py:257:    util-linux-ng.x86_64 0:2.17.2-12.7.el6_3 which.x86_64 0:2.19-6.el6           
DEBUG util.py:257:  Dependency Installed:
DEBUG util.py:257:    MAKEDEV.x86_64 0:3.24-6.el6                                                   
DEBUG util.py:257:    audit-libs.x86_64 0:2.2-2.el6                                                 
DEBUG util.py:257:    basesystem.noarch 0:10.0-4.el6                                                
DEBUG util.py:257:    binutils.x86_64 0:2.20.51.0.2-5.34.el6                                        
DEBUG util.py:257:    bzip2-libs.x86_64 0:1.0.5-7.el6_0                                             
DEBUG util.py:257:    ca-certificates.noarch 0:2010.63-3.el6_1.5                                    
DEBUG util.py:257:    centos-release.x86_64 0:6-3.el6.centos.9                                      
DEBUG util.py:257:    chkconfig.x86_64 0:1.3.49.3-2.el6                                             
DEBUG util.py:257:    cloog-ppl.x86_64 0:0.15.7-1.2.el6                                             
DEBUG util.py:257:    coreutils-libs.x86_64 0:8.4-19.el6                                            
DEBUG util.py:257:    cpp.x86_64 0:4.4.6-4.el6                                                      
DEBUG util.py:257:    cracklib.x86_64 0:2.8.16-4.el6                                                
DEBUG util.py:257:    cracklib-dicts.x86_64 0:2.8.16-4.el6                                          
DEBUG util.py:257:    curl.x86_64 0:7.19.7-26.el6_2.4                                               
DEBUG util.py:257:    cyrus-sasl-lib.x86_64 0:2.1.23-13.el6_3.1                                     
DEBUG util.py:257:    db4.x86_64 0:4.7.25-17.el6                                                    
DEBUG util.py:257:    db4-utils.x86_64 0:4.7.25-17.el6                                              
DEBUG util.py:257:    dbus-libs.x86_64 1:1.2.24-7.el6_3                                             
DEBUG util.py:257:    elfutils.x86_64 0:0.152-1.el6                                                 
DEBUG util.py:257:    elfutils-libelf.x86_64 0:0.152-1.el6                                          
DEBUG util.py:257:    elfutils-libs.x86_64 0:0.152-1.el6                                            
DEBUG util.py:257:    ethtool.x86_64 2:2.6.33-0.3.el6                                               
DEBUG util.py:257:    expat.x86_64 0:2.0.1-11.el6_2                                                 
DEBUG util.py:257:    file.x86_64 0:5.04-13.el6                                                     
DEBUG util.py:257:    file-libs.x86_64 0:5.04-13.el6                                                
DEBUG util.py:257:    filesystem.x86_64 0:2.4.30-3.el6                                              
DEBUG util.py:257:    gamin.x86_64 0:0.1.10-9.el6                                                   
DEBUG util.py:257:    gdb.x86_64 0:7.2-56.el6                                                       
DEBUG util.py:257:    gdbm.x86_64 0:1.8.0-36.el6                                                    
DEBUG util.py:257:    glib2.x86_64 0:2.22.5-7.el6                                                   
DEBUG util.py:257:    glibc.x86_64 0:2.12-1.80.el6_3.6                                              
DEBUG util.py:257:    glibc-common.x86_64 0:2.12-1.80.el6_3.6                                       
DEBUG util.py:257:    glibc-devel.x86_64 0:2.12-1.80.el6_3.6                                        
DEBUG util.py:257:    glibc-headers.x86_64 0:2.12-1.80.el6_3.6                                      
DEBUG util.py:257:    gmp.x86_64 0:4.3.1-7.el6_2.2                                                  
DEBUG util.py:257:    groff.x86_64 0:1.18.1.4-21.el6                                                
DEBUG util.py:257:    hwdata.noarch 0:0.233-7.8.el6                                                 
DEBUG util.py:257:    initscripts.x86_64 0:9.03.31-2.el6.centos.1                                   
DEBUG util.py:257:    iproute.x86_64 0:2.6.32-20.el6                                                
DEBUG util.py:257:    iptables.x86_64 0:1.4.7-5.1.el6_2                                             
DEBUG util.py:257:    iputils.x86_64 0:20071127-16.el6                                              
DEBUG util.py:257:    kernel-headers.x86_64 0:2.6.32-279.19.1.el6                                   
DEBUG util.py:257:    keyutils-libs.x86_64 0:1.4-4.el6                                              
DEBUG util.py:257:    krb5-libs.x86_64 0:1.9-33.el6_3.3                                             
DEBUG util.py:257:    less.x86_64 0:436-10.el6                                                      
DEBUG util.py:257:    libacl.x86_64 0:2.2.49-6.el6                                                  
DEBUG util.py:257:    libattr.x86_64 0:2.4.44-7.el6                                                 
DEBUG util.py:257:    libblkid.x86_64 0:2.17.2-12.7.el6_3                                           
DEBUG util.py:257:    libcap.x86_64 0:2.16-5.5.el6                                                  
DEBUG util.py:257:    libcom_err.x86_64 0:1.41.12-12.el6                                            
DEBUG util.py:257:    libcurl.x86_64 0:7.19.7-26.el6_2.4                                            
DEBUG util.py:257:    libffi.x86_64 0:3.0.5-3.2.el6                                                 
DEBUG util.py:257:    libgcc.x86_64 0:4.4.6-4.el6                                                   
DEBUG util.py:257:    libgomp.x86_64 0:4.4.6-4.el6                                                  
DEBUG util.py:257:    libidn.x86_64 0:1.18-2.el6                                                    
DEBUG util.py:257:    libnih.x86_64 0:1.0.1-7.el6                                                   
DEBUG util.py:257:    libselinux.x86_64 0:2.0.94-5.3.el6                                            
DEBUG util.py:257:    libsepol.x86_64 0:2.0.41-4.el6                                                
DEBUG util.py:257:    libssh2.x86_64 0:1.2.2-11.el6_3                                               
DEBUG util.py:257:    libstdc++.x86_64 0:4.4.6-4.el6                                                
DEBUG util.py:257:    libstdc++-devel.x86_64 0:4.4.6-4.el6                                          
DEBUG util.py:257:    libusb.x86_64 0:0.1.12-23.el6                                                 
DEBUG util.py:257:    libutempter.x86_64 0:1.1.5-4.1.el6                                            
DEBUG util.py:257:    libuuid.x86_64 0:2.17.2-12.7.el6_3                                            
DEBUG util.py:257:    lua.x86_64 0:5.1.4-4.1.el6                                                    
DEBUG util.py:257:    mingetty.x86_64 0:1.08-5.el6                                                  
DEBUG util.py:257:    module-init-tools.x86_64 0:3.9-20.el6                                         
DEBUG util.py:257:    mpfr.x86_64 0:2.4.1-6.el6                                                     
DEBUG util.py:257:    ncurses.x86_64 0:5.7-3.20090208.el6                                           
DEBUG util.py:257:    ncurses-base.x86_64 0:5.7-3.20090208.el6                                      
DEBUG util.py:257:    ncurses-libs.x86_64 0:5.7-3.20090208.el6                                      
DEBUG util.py:257:    net-tools.x86_64 0:1.60-110.el6_2                                             
DEBUG util.py:257:    nspr.x86_64 0:4.9.1-2.el6_3                                                   
DEBUG util.py:257:    nss.x86_64 0:3.13.5-1.el6_3                                                   
DEBUG util.py:257:    nss-softokn.x86_64 0:3.12.9-11.el6                                            
DEBUG util.py:257:    nss-softokn-freebl.x86_64 0:3.12.9-11.el6                                     
DEBUG util.py:257:    nss-sysinit.x86_64 0:3.13.5-1.el6_3                                           
DEBUG util.py:257:    nss-tools.x86_64 0:3.13.5-1.el6_3                                             
DEBUG util.py:257:    nss-util.x86_64 0:3.13.5-1.el6_3                                              
DEBUG util.py:257:    openldap.x86_64 0:2.4.23-26.el6_3.2                                           
DEBUG util.py:257:    openssl.x86_64 0:1.0.0-25.el6_3.1                                             
DEBUG util.py:257:    pam.x86_64 0:1.1.1-10.el6_2.1                                                 
DEBUG util.py:257:    pcre.x86_64 0:7.8-4.el6                                                       
DEBUG util.py:257:    perl.x86_64 4:5.10.1-127.el6                                                  
DEBUG util.py:257:    perl-Module-Pluggable.x86_64 1:3.90-127.el6                                   
DEBUG util.py:257:    perl-Pod-Escapes.x86_64 1:1.04-127.el6                                        
DEBUG util.py:257:    perl-Pod-Simple.x86_64 1:3.13-127.el6                                         
DEBUG util.py:257:    perl-libs.x86_64 4:5.10.1-127.el6                                             
DEBUG util.py:257:    perl-version.x86_64 3:0.77-127.el6                                            
DEBUG util.py:257:    pkgconfig.x86_64 1:0.23-9.1.el6                                               
DEBUG util.py:257:    popt.x86_64 0:1.13-7.el6                                                      
DEBUG util.py:257:    ppl.x86_64 0:0.10.2-11.el6                                                    
DEBUG util.py:257:    procps.x86_64 0:3.2.8-23.el6                                                  
DEBUG util.py:257:    psmisc.x86_64 0:22.6-15.el6_0.1                                               
DEBUG util.py:257:    python.x86_64 0:2.6.6-29.el6_3.3                                              
DEBUG util.py:257:    python-libs.x86_64 0:2.6.6-29.el6_3.3                                         
DEBUG util.py:257:    readline.x86_64 0:6.0-4.el6                                                   
DEBUG util.py:257:    rpm.x86_64 0:4.8.0-27.el6                                                     
DEBUG util.py:257:    rpm-libs.x86_64 0:4.8.0-27.el6                                                
DEBUG util.py:257:    setup.noarch 0:2.8.14-16.el6                                                  
DEBUG util.py:257:    sqlite.x86_64 0:3.6.20-1.el6                                                  
DEBUG util.py:257:    sysvinit-tools.x86_64 0:2.87-4.dsf.el6                                        
DEBUG util.py:257:    tzdata.noarch 0:2012i-2.el6                                                   
DEBUG util.py:257:    udev.x86_64 0:147-2.42.el6                                                    
DEBUG util.py:257:    upstart.x86_64 0:0.6.5-12.el6                                                 
DEBUG util.py:257:    xz.x86_64 0:4.999.9-0.3.beta.20091007git.el6                                  
DEBUG util.py:257:    xz-libs.x86_64 0:4.999.9-0.3.beta.20091007git.el6                             
DEBUG util.py:257:    xz-lzma-compat.x86_64 0:4.999.9-0.3.beta.20091007git.el6                      
DEBUG util.py:257:    zlib.x86_64 0:1.2.3-27.el6                                                    
DEBUG util.py:347:  Child return code was: 0
DEBUG util.py:83:  remove tree: /var/lib/mock/feature-el6-kolab-3.1-development-build-14525-13257/root/builddir
DEBUG util.py:307:  Executing command: ['/usr/sbin/userdel', '-r', '-f', 'mockbuild'] with env {'LANG': 'en_US.UTF-8', 'TERM': 'vt100', 'SHELL': '/bin/bash', 'HOSTNAME': 'mock', 'PROMPT_COMMAND': 'echo -n "<mock-chroot>"', 'HOME': '/builddir', 'PATH': '/usr/bin:/bin:/usr/sbin:/sbin'}
DEBUG util.py:257:  userdel: user 'mockbuild' does not exist
DEBUG util.py:347:  Child return code was: 6
DEBUG util.py:307:  Executing command: ['/usr/sbin/groupdel', 'mockbuild'] with env {'LANG': 'en_US.UTF-8', 'TERM': 'vt100', 'SHELL': '/bin/bash', 'HOSTNAME': 'mock', 'PROMPT_COMMAND': 'echo -n "<mock-chroot>"', 'HOME': '/builddir', 'PATH': '/usr/bin:/bin:/usr/sbin:/sbin'}
DEBUG util.py:347:  Child return code was: 6
DEBUG util.py:307:  Executing command: ['/usr/sbin/groupadd', '-g', '489', 'mockbuild'] with env {'LANG': 'en_US.UTF-8', 'TERM': 'vt100', 'SHELL': '/bin/bash', 'HOSTNAME': 'mock', 'PROMPT_COMMAND': 'echo -n "<mock-chroot>"', 'HOME': '/builddir', 'PATH': '/usr/bin:/bin:/usr/sbin:/sbin'}
DEBUG util.py:347:  Child return code was: 0
DEBUG util.py:307:  Executing command: /usr/sbin/useradd -o -m -u 496 -g 489 -d /builddir -n mockbuild with env {'LANG': 'en_US.UTF-8', 'TERM': 'vt100', 'SHELL': '/bin/bash', 'HOSTNAME': 'mock', 'PROMPT_COMMAND': 'echo -n "<mock-chroot>"', 'HOME': '/builddir', 'PATH': '/usr/bin:/bin:/usr/sbin:/sbin'}
DEBUG util.py:347:  Child return code was: 0
DEBUG util.py:57:  ensuring that dir exists: /var/lib/mock/feature-el6-kolab-3.1-development-build-14525-13257/root/builddir/build/RPMS
DEBUG util.py:60:  creating dir: /var/lib/mock/feature-el6-kolab-3.1-development-build-14525-13257/root/builddir/build/RPMS
DEBUG util.py:57:  ensuring that dir exists: /var/lib/mock/feature-el6-kolab-3.1-development-build-14525-13257/root/builddir/build/SRPMS
DEBUG util.py:60:  creating dir: /var/lib/mock/feature-el6-kolab-3.1-development-build-14525-13257/root/builddir/build/SRPMS
DEBUG util.py:57:  ensuring that dir exists: /var/lib/mock/feature-el6-kolab-3.1-development-build-14525-13257/root/builddir/build/SOURCES
DEBUG util.py:60:  creating dir: /var/lib/mock/feature-el6-kolab-3.1-development-build-14525-13257/root/builddir/build/SOURCES
DEBUG util.py:57:  ensuring that dir exists: /var/lib/mock/feature-el6-kolab-3.1-development-build-14525-13257/root/builddir/build/SPECS
DEBUG util.py:60:  creating dir: /var/lib/mock/feature-el6-kolab-3.1-development-build-14525-13257/root/builddir/build/SPECS
DEBUG util.py:57:  ensuring that dir exists: /var/lib/mock/feature-el6-kolab-3.1-development-build-14525-13257/root/builddir/build/BUILD
DEBUG util.py:60:  creating dir: /var/lib/mock/feature-el6-kolab-3.1-development-build-14525-13257/root/builddir/build/BUILD
DEBUG util.py:57:  ensuring that dir exists: /var/lib/mock/feature-el6-kolab-3.1-development-build-14525-13257/root/builddir/build/BUILDROOT
DEBUG util.py:60:  creating dir: /var/lib/mock/feature-el6-kolab-3.1-development-build-14525-13257/root/builddir/build/BUILDROOT
DEBUG util.py:57:  ensuring that dir exists: /var/lib/mock/feature-el6-kolab-3.1-development-build-14525-13257/root/builddir/build/originals
DEBUG util.py:60:  creating dir: /var/lib/mock/feature-el6-kolab-3.1-development-build-14525-13257/root/builddir/build/originals
DEBUG util.py:307:  Executing command: ['/bin/umount', '-n', '/var/lib/mock/feature-el6-kolab-3.1-development-build-14525-13257/root/proc/filesystems'] with env {'LANG': 'en_US.UTF-8', 'TERM': 'vt100', 'SHELL': '/bin/bash', 'HOSTNAME': 'mock', 'HOME': '/builddir', 'PATH': '/usr/bin:/bin:/usr/sbin:/sbin'}
DEBUG util.py:347:  Child return code was: 0
DEBUG util.py:307:  Executing command: ['/bin/umount', '-n', '-l', '/var/lib/mock/feature-el6-kolab-3.1-development-build-14525-13257/root/dev/pts'] with env {'LANG': 'en_US.UTF-8', 'TERM': 'vt100', 'SHELL': '/bin/bash', 'HOSTNAME': 'mock', 'HOME': '/builddir', 'PATH': '/usr/bin:/bin:/usr/sbin:/sbin'}
DEBUG util.py:347:  Child return code was: 0
DEBUG util.py:307:  Executing command: ['/bin/umount', '-n', '-l', '/var/lib/mock/feature-el6-kolab-3.1-development-build-14525-13257/root/dev/shm'] with env {'LANG': 'en_US.UTF-8', 'TERM': 'vt100', 'SHELL': '/bin/bash', 'HOSTNAME': 'mock', 'HOME': '/builddir', 'PATH': '/usr/bin:/bin:/usr/sbin:/sbin'}
DEBUG util.py:347:  Child return code was: 0
DEBUG util.py:307:  Executing command: ['/bin/umount', '-n', '-l', '/var/lib/mock/feature-el6-kolab-3.1-development-build-14525-13257/root/sys'] with env {'LANG': 'en_US.UTF-8', 'TERM': 'vt100', 'SHELL': '/bin/bash', 'HOSTNAME': 'mock', 'HOME': '/builddir', 'PATH': '/usr/bin:/bin:/usr/sbin:/sbin'}
DEBUG util.py:347:  Child return code was: 0
DEBUG util.py:307:  Executing command: ['/bin/umount', '-n', '-l', '/var/lib/mock/feature-el6-kolab-3.1-development-build-14525-13257/root/proc'] with env {'LANG': 'en_US.UTF-8', 'TERM': 'vt100', 'SHELL': '/bin/bash', 'HOSTNAME': 'mock', 'HOME': '/builddir', 'PATH': '/usr/bin:/bin:/usr/sbin:/sbin'}
DEBUG util.py:347:  Child return code was: 0
INFO backend.py:558:  Installed packages:
DEBUG util.py:307:  Executing command: ['rpm', '-q', '-a'] with env {'LANG': 'en_US.UTF-8', 'TERM': 'vt100', 'SHELL': '/bin/bash', 'HOSTNAME': 'mock', 'PROMPT_COMMAND': 'echo -n "<mock-chroot>"', 'HOME': '/builddir', 'PATH': '/usr/bin:/bin:/usr/sbin:/sbin'}
DEBUG util.py:257:  /var/lib/rpm/Name: unexpected file type or format
DEBUG util.py:257:  error: cannot open Name index using db3 - Invalid argument (22)
DEBUG util.py:257:  setup-2.8.14-16.el6.noarch
DEBUG util.py:257:  basesystem-10.0-4.el6.noarch
DEBUG util.py:257:  tzdata-2012i-2.el6.noarch
DEBUG util.py:257:  centos-release-6-3.el6.centos.9.x86_64
DEBUG util.py:257:  nss-softokn-freebl-3.12.9-11.el6.x86_64
DEBUG util.py:257:  glibc-2.12-1.80.el6_3.6.x86_64
DEBUG util.py:257:  bash-4.1.2-9.el6_2.x86_64
DEBUG util.py:257:  libcap-2.16-5.5.el6.x86_64
DEBUG util.py:257:  info-4.13a-8.el6.x86_64
DEBUG util.py:257:  nspr-4.9.1-2.el6_3.x86_64
DEBUG util.py:257:  libacl-2.2.49-6.el6.x86_64
DEBUG util.py:257:  libstdc++-4.4.6-4.el6.x86_64
DEBUG util.py:257:  popt-1.13-7.el6.x86_64
DEBUG util.py:257:  elfutils-libelf-0.152-1.el6.x86_64
DEBUG util.py:257:  readline-6.0-4.el6.x86_64
DEBUG util.py:257:  audit-libs-2.2-2.el6.x86_64
DEBUG util.py:257:  lua-5.1.4-4.1.el6.x86_64
DEBUG util.py:257:  binutils-2.20.51.0.2-5.34.el6.x86_64
DEBUG util.py:257:  xz-4.999.9-0.3.beta.20091007git.el6.x86_64
DEBUG util.py:257:  pcre-7.8-4.el6.x86_64
DEBUG util.py:257:  gawk-3.1.7-9.el6.x86_64
DEBUG util.py:257:  libsepol-2.0.41-4.el6.x86_64
DEBUG util.py:257:  sed-4.2.1-10.el6.x86_64
DEBUG util.py:257:  glib2-2.22.5-7.el6.x86_64
DEBUG util.py:257:  findutils-4.4.2-6.el6.x86_64
DEBUG util.py:257:  dbus-libs-1.2.24-7.el6_3.x86_64
DEBUG util.py:257:  expat-2.0.1-11.el6_2.x86_64
DEBUG util.py:257:  perl-Pod-Escapes-1.04-127.el6.x86_64
DEBUG util.py:257:  perl-Module-Pluggable-3.90-127.el6.x86_64
DEBUG util.py:257:  perl-libs-5.10.1-127.el6.x86_64
DEBUG util.py:257:  libnih-1.0.1-7.el6.x86_64
DEBUG util.py:257:  libblkid-2.17.2-12.7.el6_3.x86_64
DEBUG util.py:257:  MAKEDEV-3.24-6.el6.x86_64
DEBUG util.py:257:  net-tools-1.60-110.el6_2.x86_64
DEBUG util.py:257:  patch-2.6-6.el6.x86_64
DEBUG util.py:257:  xz-lzma-compat-4.999.9-0.3.beta.20091007git.el6.x86_64
DEBUG util.py:257:  file-5.04-13.el6.x86_64
DEBUG util.py:257:  iproute-2.6.32-20.el6.x86_64
DEBUG util.py:257:  elfutils-0.152-1.el6.x86_64
DEBUG util.py:257:  cloog-ppl-0.15.7-1.2.el6.x86_64
DEBUG util.py:257:  libusb-0.1.12-23.el6.x86_64
DEBUG util.py:257:  unzip-6.0-1.el6.x86_64
DEBUG util.py:257:  db4-utils-4.7.25-17.el6.x86_64
DEBUG util.py:257:  libgomp-4.4.6-4.el6.x86_64
DEBUG util.py:257:  glibc-devel-2.12-1.80.el6_3.6.x86_64
DEBUG util.py:257:  ncurses-5.7-3.20090208.el6.x86_64
DEBUG util.py:257:  less-436-10.el6.x86_64
DEBUG util.py:257:  gzip-1.3.12-18.el6.x86_64
DEBUG util.py:257:  cracklib-dicts-2.8.16-4.el6.x86_64
DEBUG util.py:257:  pam-1.1.1-10.el6_2.1.x86_64
DEBUG util.py:257:  hwdata-0.233-7.8.el6.noarch
DEBUG util.py:257:  nss-sysinit-3.13.5-1.el6_3.x86_64
DEBUG util.py:257:  openldap-2.4.23-26.el6_3.2.x86_64
DEBUG util.py:257:  libffi-3.0.5-3.2.el6.x86_64
DEBUG util.py:257:  krb5-libs-1.9-33.el6_3.3.x86_64
DEBUG util.py:257:  libssh2-1.2.2-11.el6_3.x86_64
DEBUG util.py:257:  curl-7.19.7-26.el6_2.4.x86_64
DEBUG util.py:257:  rpm-libs-4.8.0-27.el6.x86_64
DEBUG util.py:257:  python-2.6.6-29.el6_3.3.x86_64
DEBUG util.py:257:  pkgconfig-0.23-9.1.el6.x86_64
DEBUG util.py:257:  iputils-20071127-16.el6.x86_64
DEBUG util.py:257:  util-linux-ng-2.17.2-12.7.el6_3.x86_64
DEBUG util.py:257:  rpm-build-4.8.0-27.el6.x86_64
DEBUG util.py:257:  gcc-c++-4.4.6-4.el6.x86_64
DEBUG util.py:257:  make-3.81-20.el6.x86_64
DEBUG util.py:257:  libgcc-4.4.6-4.el6.x86_64
DEBUG util.py:257:  filesystem-2.4.30-3.el6.x86_64
DEBUG util.py:257:  ca-certificates-2010.63-3.el6_1.5.noarch
DEBUG util.py:257:  kernel-headers-2.6.32-279.19.1.el6.x86_64
DEBUG util.py:257:  ncurses-base-5.7-3.20090208.el6.x86_64
DEBUG util.py:257:  glibc-common-2.12-1.80.el6_3.6.x86_64
DEBUG util.py:257:  ncurses-libs-5.7-3.20090208.el6.x86_64
DEBUG util.py:257:  libattr-2.4.44-7.el6.x86_64
DEBUG util.py:257:  zlib-1.2.3-27.el6.x86_64
DEBUG util.py:257:  db4-4.7.25-17.el6.x86_64
DEBUG util.py:257:  nss-util-3.13.5-1.el6_3.x86_64
DEBUG util.py:257:  bzip2-libs-1.0.5-7.el6_0.x86_64
DEBUG util.py:257:  gmp-4.3.1-7.el6_2.2.x86_64
DEBUG util.py:257:  xz-libs-4.999.9-0.3.beta.20091007git.el6.x86_64
DEBUG util.py:257:  chkconfig-1.3.49.3-2.el6.x86_64
DEBUG util.py:257:  file-libs-5.04-13.el6.x86_64
DEBUG util.py:257:  libcom_err-1.41.12-12.el6.x86_64
DEBUG util.py:257:  sqlite-3.6.20-1.el6.x86_64
DEBUG util.py:257:  libidn-1.18-2.el6.x86_64
DEBUG util.py:257:  mpfr-2.4.1-6.el6.x86_64
DEBUG util.py:257:  grep-2.6.3-3.el6.x86_64
DEBUG util.py:257:  cpio-2.10-11.el6_3.x86_64
DEBUG util.py:257:  libselinux-2.0.94-5.3.el6.x86_64
DEBUG util.py:257:  shadow-utils-4.1.4.2-13.el6.x86_64
DEBUG util.py:257:  gamin-0.1.10-9.el6.x86_64
DEBUG util.py:257:  libuuid-2.17.2-12.7.el6_3.x86_64
DEBUG util.py:257:  sysvinit-tools-2.87-4.dsf.el6.x86_64
DEBUG util.py:257:  gdbm-1.8.0-36.el6.x86_64
DEBUG util.py:257:  perl-Pod-Simple-3.13-127.el6.x86_64
DEBUG util.py:257:  perl-version-0.77-127.el6.x86_64
DEBUG util.py:257:  perl-5.10.1-127.el6.x86_64
DEBUG util.py:257:  upstart-0.6.5-12.el6.x86_64
DEBUG util.py:257:  libutempter-1.1.5-4.1.el6.x86_64
DEBUG util.py:257:  procps-3.2.8-23.el6.x86_64
DEBUG util.py:257:  psmisc-22.6-15.el6_0.1.x86_64
DEBUG util.py:257:  cpp-4.4.6-4.el6.x86_64
DEBUG util.py:257:  nss-softokn-3.12.9-11.el6.x86_64
DEBUG util.py:257:  iptables-1.4.7-5.1.el6_2.x86_64
DEBUG util.py:257:  elfutils-libs-0.152-1.el6.x86_64
DEBUG util.py:257:  ppl-0.10.2-11.el6.x86_64
DEBUG util.py:257:  libstdc++-devel-4.4.6-4.el6.x86_64
DEBUG util.py:257:  bzip2-1.0.5-7.el6_0.x86_64
DEBUG util.py:257:  cyrus-sasl-lib-2.1.23-13.el6_3.1.x86_64
DEBUG util.py:257:  diffutils-2.8.1-28.el6.x86_64
DEBUG util.py:257:  glibc-headers-2.12-1.80.el6_3.6.x86_64
DEBUG util.py:257:  gcc-4.4.6-4.el6.x86_64
DEBUG util.py:257:  groff-1.18.1.4-21.el6.x86_64
DEBUG util.py:257:  coreutils-libs-8.4-19.el6.x86_64
DEBUG util.py:257:  cracklib-2.8.16-4.el6.x86_64
DEBUG util.py:257:  coreutils-8.4-19.el6.x86_64
DEBUG util.py:257:  module-init-tools-3.9-20.el6.x86_64
DEBUG util.py:257:  nss-3.13.5-1.el6_3.x86_64
DEBUG util.py:257:  nss-tools-3.13.5-1.el6_3.x86_64
DEBUG util.py:257:  ethtool-2.6.33-0.3.el6.x86_64
DEBUG util.py:257:  keyutils-libs-1.4-4.el6.x86_64
DEBUG util.py:257:  openssl-1.0.0-25.el6_3.1.x86_64
DEBUG util.py:257:  libcurl-7.19.7-26.el6_2.4.x86_64
DEBUG util.py:257:  rpm-4.8.0-27.el6.x86_64
DEBUG util.py:257:  python-libs-2.6.6-29.el6_3.3.x86_64
DEBUG util.py:257:  gdb-7.2-56.el6.x86_64
DEBUG util.py:257:  mingetty-1.08-5.el6.x86_64
DEBUG util.py:257:  initscripts-9.03.31-2.el6.centos.1.x86_64
DEBUG util.py:257:  udev-147-2.42.el6.x86_64
DEBUG util.py:257:  redhat-rpm-config-9.0.3-39.el6.noarch
DEBUG util.py:257:  tar-1.23-7.el6.x86_64
DEBUG util.py:257:  which-2.19-6.el6.x86_64
DEBUG util.py:347:  Child return code was: 0
DEBUG util.py:111:  kill orphans
INFO backend.py:928:  Mock Version: 1.1.21
DEBUG backend.py:286:  rootdir = /var/lib/mock/feature-el6-kolab-3.1-development-build-14525-13257/root/
DEBUG backend.py:287:  resultdir = /var/lib/mock/feature-el6-kolab-3.1-development-build-14525-13257/result
INFO backend.py:290:  calling preinit hooks
DEBUG backend.py:451:  create skeleton dirs
DEBUG util.py:57:  ensuring that dir exists: /var/lib/mock/feature-el6-kolab-3.1-development-build-14525-13257/root/var/lib/rpm
DEBUG util.py:57:  ensuring that dir exists: /var/lib/mock/feature-el6-kolab-3.1-development-build-14525-13257/root/var/lib/yum
DEBUG util.py:57:  ensuring that dir exists: /var/lib/mock/feature-el6-kolab-3.1-development-build-14525-13257/root/var/lib/dbus
DEBUG util.py:57:  ensuring that dir exists: /var/lib/mock/feature-el6-kolab-3.1-development-build-14525-13257/root/var/log
DEBUG util.py:57:  ensuring that dir exists: /var/lib/mock/feature-el6-kolab-3.1-development-build-14525-13257/root/var/lock/rpm
DEBUG util.py:57:  ensuring that dir exists: /var/lib/mock/feature-el6-kolab-3.1-development-build-14525-13257/root/var/cache/yum
DEBUG util.py:57:  ensuring that dir exists: /var/lib/mock/feature-el6-kolab-3.1-development-build-14525-13257/root/etc/rpm
DEBUG util.py:57:  ensuring that dir exists: /var/lib/mock/feature-el6-kolab-3.1-development-build-14525-13257/root/tmp
DEBUG util.py:57:  ensuring that dir exists: /var/lib/mock/feature-el6-kolab-3.1-development-build-14525-13257/root/tmp/ccache
DEBUG util.py:57:  ensuring that dir exists: /var/lib/mock/feature-el6-kolab-3.1-development-build-14525-13257/root/var/tmp
DEBUG util.py:57:  ensuring that dir exists: /var/lib/mock/feature-el6-kolab-3.1-development-build-14525-13257/root/etc/yum.repos.d
DEBUG util.py:57:  ensuring that dir exists: /var/lib/mock/feature-el6-kolab-3.1-development-build-14525-13257/root/etc/yum
DEBUG util.py:57:  ensuring that dir exists: /var/lib/mock/feature-el6-kolab-3.1-development-build-14525-13257/root/proc
DEBUG util.py:57:  ensuring that dir exists: /var/lib/mock/feature-el6-kolab-3.1-development-build-14525-13257/root/sys
DEBUG backend.py:473:  touch required files
DEBUG util.py:68:  touching file: /var/lib/mock/feature-el6-kolab-3.1-development-build-14525-13257/root/etc/mtab
DEBUG util.py:68:  touching file: /var/lib/mock/feature-el6-kolab-3.1-development-build-14525-13257/root/etc/fstab
DEBUG util.py:68:  touching file: /var/lib/mock/feature-el6-kolab-3.1-development-build-14525-13257/root/var/log/yum.log
DEBUG backend.py:305:  configure yum
DEBUG backend.py:320:  configure yum priorities
DEBUG util.py:57:  ensuring that dir exists: /var/lib/mock/feature-el6-kolab-3.1-development-build-14525-13257/root/etc/yum/pluginconf.d
DEBUG backend.py:329:  configure yum rhnplugin
DEBUG util.py:57:  ensuring that dir exists: /var/lib/mock/feature-el6-kolab-3.1-development-build-14525-13257/root/etc/yum/pluginconf.d
DEBUG util.py:83:  remove tree: /var/lib/mock/feature-el6-kolab-3.1-development-build-14525-13257/root/dev
DEBUG util.py:57:  ensuring that dir exists: /var/lib/mock/feature-el6-kolab-3.1-development-build-14525-13257/root/dev/pts
DEBUG util.py:60:  creating dir: /var/lib/mock/feature-el6-kolab-3.1-development-build-14525-13257/root/dev/pts
DEBUG util.py:57:  ensuring that dir exists: /var/lib/mock/feature-el6-kolab-3.1-development-build-14525-13257/root/dev/shm
DEBUG util.py:60:  creating dir: /var/lib/mock/feature-el6-kolab-3.1-development-build-14525-13257/root/dev/shm
DEBUG backend.py:420:  kver == 3.4.4-4.fc16.x86_64
DEBUG util.py:307:  Executing command: ['/bin/mount', '-n', '-t', 'proc', 'proc', '/var/lib/mock/feature-el6-kolab-3.1-development-build-14525-13257/root/proc'] with env {'LANG': 'en_US.UTF-8', 'TERM': 'vt100', 'SHELL': '/bin/bash', 'HOSTNAME': 'mock', 'HOME': '/builddir', 'PATH': '/usr/bin:/bin:/usr/sbin:/sbin'}
DEBUG util.py:347:  Child return code was: 0
DEBUG util.py:307:  Executing command: ['/bin/mount', '-n', '-t', 'sysfs', 'mock_chroot_sys', '/var/lib/mock/feature-el6-kolab-3.1-development-build-14525-13257/root/sys'] with env {'LANG': 'en_US.UTF-8', 'TERM': 'vt100', 'SHELL': '/bin/bash', 'HOSTNAME': 'mock', 'HOME': '/builddir', 'PATH': '/usr/bin:/bin:/usr/sbin:/sbin'}
DEBUG util.py:347:  Child return code was: 0
DEBUG util.py:307:  Executing command: ['/bin/mount', '-n', '-t', 'tmpfs', 'mock_chroot_shmfs', '/var/lib/mock/feature-el6-kolab-3.1-development-build-14525-13257/root/dev/shm'] with env {'LANG': 'en_US.UTF-8', 'TERM': 'vt100', 'SHELL': '/bin/bash', 'HOSTNAME': 'mock', 'HOME': '/builddir', 'PATH': '/usr/bin:/bin:/usr/sbin:/sbin'}
DEBUG util.py:347:  Child return code was: 0
DEBUG util.py:307:  Executing command: ['/bin/mount', '-n', '-t', 'devpts', '-o', 'gid=5,mode=0620,ptmxmode=0666,newinstance', 'mock_chroot_devpts', '/var/lib/mock/feature-el6-kolab-3.1-development-build-14525-13257/root/dev/pts'] with env {'LANG': 'en_US.UTF-8', 'TERM': 'vt100', 'SHELL': '/bin/bash', 'HOSTNAME': 'mock', 'HOME': '/builddir', 'PATH': '/usr/bin:/bin:/usr/sbin:/sbin'}
DEBUG util.py:347:  Child return code was: 0
DEBUG util.py:307:  Executing command: ['/bin/mount', '-n', '--bind', '/tmp/mock-selinux-plugin._sa_4E', '/var/lib/mock/feature-el6-kolab-3.1-development-build-14525-13257/root/proc/filesystems'] with env {'LANG': 'en_US.UTF-8', 'TERM': 'vt100', 'SHELL': '/bin/bash', 'HOSTNAME': 'mock', 'HOME': '/builddir', 'PATH': '/usr/bin:/bin:/usr/sbin:/sbin'}
DEBUG util.py:347:  Child return code was: 0
DEBUG util.py:83:  remove tree: /var/lib/mock/feature-el6-kolab-3.1-development-build-14525-13257/root/builddir
DEBUG util.py:307:  Executing command: ['/usr/sbin/userdel', '-r', '-f', 'mockbuild'] with env {'LANG': 'en_US.UTF-8', 'TERM': 'vt100', 'SHELL': '/bin/bash', 'HOSTNAME': 'mock', 'PROMPT_COMMAND': 'echo -n "<mock-chroot>"', 'HOME': '/builddir', 'PATH': '/usr/bin:/bin:/usr/sbin:/sbin'}
DEBUG util.py:257:  userdel: mockbuild home directory (/builddir) not found
DEBUG util.py:347:  Child return code was: 0
DEBUG util.py:307:  Executing command: ['/usr/sbin/groupdel', 'mockbuild'] with env {'LANG': 'en_US.UTF-8', 'TERM': 'vt100', 'SHELL': '/bin/bash', 'HOSTNAME': 'mock', 'PROMPT_COMMAND': 'echo -n "<mock-chroot>"', 'HOME': '/builddir', 'PATH': '/usr/bin:/bin:/usr/sbin:/sbin'}
DEBUG util.py:257:  groupdel: group 'mockbuild' does not exist
DEBUG util.py:347:  Child return code was: 6
DEBUG util.py:307:  Executing command: ['/usr/sbin/groupadd', '-g', '489', 'mockbuild'] with env {'LANG': 'en_US.UTF-8', 'TERM': 'vt100', 'SHELL': '/bin/bash', 'HOSTNAME': 'mock', 'PROMPT_COMMAND': 'echo -n "<mock-chroot>"', 'HOME': '/builddir', 'PATH': '/usr/bin:/bin:/usr/sbin:/sbin'}
DEBUG util.py:347:  Child return code was: 0
DEBUG util.py:307:  Executing command: /usr/sbin/useradd -o -m -u 496 -g 489 -d /builddir -n mockbuild with env {'LANG': 'en_US.UTF-8', 'TERM': 'vt100', 'SHELL': '/bin/bash', 'HOSTNAME': 'mock', 'PROMPT_COMMAND': 'echo -n "<mock-chroot>"', 'HOME': '/builddir', 'PATH': '/usr/bin:/bin:/usr/sbin:/sbin'}
DEBUG util.py:347:  Child return code was: 0
DEBUG util.py:57:  ensuring that dir exists: /var/lib/mock/feature-el6-kolab-3.1-development-build-14525-13257/root/builddir/build/RPMS
DEBUG util.py:60:  creating dir: /var/lib/mock/feature-el6-kolab-3.1-development-build-14525-13257/root/builddir/build/RPMS
DEBUG util.py:57:  ensuring that dir exists: /var/lib/mock/feature-el6-kolab-3.1-development-build-14525-13257/root/builddir/build/SRPMS
DEBUG util.py:60:  creating dir: /var/lib/mock/feature-el6-kolab-3.1-development-build-14525-13257/root/builddir/build/SRPMS
DEBUG util.py:57:  ensuring that dir exists: /var/lib/mock/feature-el6-kolab-3.1-development-build-14525-13257/root/builddir/build/SOURCES
DEBUG util.py:60:  creating dir: /var/lib/mock/feature-el6-kolab-3.1-development-build-14525-13257/root/builddir/build/SOURCES
DEBUG util.py:57:  ensuring that dir exists: /var/lib/mock/feature-el6-kolab-3.1-development-build-14525-13257/root/builddir/build/SPECS
DEBUG util.py:60:  creating dir: /var/lib/mock/feature-el6-kolab-3.1-development-build-14525-13257/root/builddir/build/SPECS
DEBUG util.py:57:  ensuring that dir exists: /var/lib/mock/feature-el6-kolab-3.1-development-build-14525-13257/root/builddir/build/BUILD
DEBUG util.py:60:  creating dir: /var/lib/mock/feature-el6-kolab-3.1-development-build-14525-13257/root/builddir/build/BUILD
DEBUG util.py:57:  ensuring that dir exists: /var/lib/mock/feature-el6-kolab-3.1-development-build-14525-13257/root/builddir/build/BUILDROOT
DEBUG util.py:60:  creating dir: /var/lib/mock/feature-el6-kolab-3.1-development-build-14525-13257/root/builddir/build/BUILDROOT
DEBUG util.py:57:  ensuring that dir exists: /var/lib/mock/feature-el6-kolab-3.1-development-build-14525-13257/root/builddir/build/originals
DEBUG util.py:60:  creating dir: /var/lib/mock/feature-el6-kolab-3.1-development-build-14525-13257/root/builddir/build/originals
DEBUG util.py:307:  Executing command: ['/bin/umount', '-n', '/var/lib/mock/feature-el6-kolab-3.1-development-build-14525-13257/root/proc/filesystems'] with env {'LANG': 'en_US.UTF-8', 'TERM': 'vt100', 'SHELL': '/bin/bash', 'HOSTNAME': 'mock', 'HOME': '/builddir', 'PATH': '/usr/bin:/bin:/usr/sbin:/sbin'}
DEBUG util.py:347:  Child return code was: 0
DEBUG util.py:307:  Executing command: ['/bin/umount', '-n', '-l', '/var/lib/mock/feature-el6-kolab-3.1-development-build-14525-13257/root/dev/pts'] with env {'LANG': 'en_US.UTF-8', 'TERM': 'vt100', 'SHELL': '/bin/bash', 'HOSTNAME': 'mock', 'HOME': '/builddir', 'PATH': '/usr/bin:/bin:/usr/sbin:/sbin'}
DEBUG util.py:347:  Child return code was: 0
DEBUG util.py:307:  Executing command: ['/bin/umount', '-n', '-l', '/var/lib/mock/feature-el6-kolab-3.1-development-build-14525-13257/root/dev/shm'] with env {'LANG': 'en_US.UTF-8', 'TERM': 'vt100', 'SHELL': '/bin/bash', 'HOSTNAME': 'mock', 'HOME': '/builddir', 'PATH': '/usr/bin:/bin:/usr/sbin:/sbin'}
DEBUG util.py:347:  Child return code was: 0
DEBUG util.py:307:  Executing command: ['/bin/umount', '-n', '-l', '/var/lib/mock/feature-el6-kolab-3.1-development-build-14525-13257/root/sys'] with env {'LANG': 'en_US.UTF-8', 'TERM': 'vt100', 'SHELL': '/bin/bash', 'HOSTNAME': 'mock', 'HOME': '/builddir', 'PATH': '/usr/bin:/bin:/usr/sbin:/sbin'}
DEBUG util.py:347:  Child return code was: 0
DEBUG util.py:307:  Executing command: ['/bin/umount', '-n', '-l', '/var/lib/mock/feature-el6-kolab-3.1-development-build-14525-13257/root/proc'] with env {'LANG': 'en_US.UTF-8', 'TERM': 'vt100', 'SHELL': '/bin/bash', 'HOSTNAME': 'mock', 'HOME': '/builddir', 'PATH': '/usr/bin:/bin:/usr/sbin:/sbin'}
DEBUG util.py:347:  Child return code was: 0
INFO backend.py:558:  Installed packages:
DEBUG util.py:307:  Executing command: ['rpm', '-q', '-a'] with env {'LANG': 'en_US.UTF-8', 'TERM': 'vt100', 'SHELL': '/bin/bash', 'HOSTNAME': 'mock', 'PROMPT_COMMAND': 'echo -n "<mock-chroot>"', 'HOME': '/builddir', 'PATH': '/usr/bin:/bin:/usr/sbin:/sbin'}
DEBUG util.py:257:  /var/lib/rpm/Name: unexpected file type or format
DEBUG util.py:257:  error: cannot open Name index using db3 - Invalid argument (22)
DEBUG util.py:257:  setup-2.8.14-16.el6.noarch
DEBUG util.py:257:  basesystem-10.0-4.el6.noarch
DEBUG util.py:257:  tzdata-2012i-2.el6.noarch
DEBUG util.py:257:  centos-release-6-3.el6.centos.9.x86_64
DEBUG util.py:257:  nss-softokn-freebl-3.12.9-11.el6.x86_64
DEBUG util.py:257:  glibc-2.12-1.80.el6_3.6.x86_64
DEBUG util.py:257:  bash-4.1.2-9.el6_2.x86_64
DEBUG util.py:257:  libcap-2.16-5.5.el6.x86_64
DEBUG util.py:257:  info-4.13a-8.el6.x86_64
DEBUG util.py:257:  nspr-4.9.1-2.el6_3.x86_64
DEBUG util.py:257:  libacl-2.2.49-6.el6.x86_64
DEBUG util.py:257:  libstdc++-4.4.6-4.el6.x86_64
DEBUG util.py:257:  popt-1.13-7.el6.x86_64
DEBUG util.py:257:  elfutils-libelf-0.152-1.el6.x86_64
DEBUG util.py:257:  readline-6.0-4.el6.x86_64
DEBUG util.py:257:  audit-libs-2.2-2.el6.x86_64
DEBUG util.py:257:  lua-5.1.4-4.1.el6.x86_64
DEBUG util.py:257:  binutils-2.20.51.0.2-5.34.el6.x86_64
DEBUG util.py:257:  xz-4.999.9-0.3.beta.20091007git.el6.x86_64
DEBUG util.py:257:  pcre-7.8-4.el6.x86_64
DEBUG util.py:257:  gawk-3.1.7-9.el6.x86_64
DEBUG util.py:257:  libsepol-2.0.41-4.el6.x86_64
DEBUG util.py:257:  sed-4.2.1-10.el6.x86_64
DEBUG util.py:257:  glib2-2.22.5-7.el6.x86_64
DEBUG util.py:257:  findutils-4.4.2-6.el6.x86_64
DEBUG util.py:257:  dbus-libs-1.2.24-7.el6_3.x86_64
DEBUG util.py:257:  expat-2.0.1-11.el6_2.x86_64
DEBUG util.py:257:  perl-Pod-Escapes-1.04-127.el6.x86_64
DEBUG util.py:257:  perl-Module-Pluggable-3.90-127.el6.x86_64
DEBUG util.py:257:  perl-libs-5.10.1-127.el6.x86_64
DEBUG util.py:257:  libnih-1.0.1-7.el6.x86_64
DEBUG util.py:257:  libblkid-2.17.2-12.7.el6_3.x86_64
DEBUG util.py:257:  MAKEDEV-3.24-6.el6.x86_64
DEBUG util.py:257:  net-tools-1.60-110.el6_2.x86_64
DEBUG util.py:257:  patch-2.6-6.el6.x86_64
DEBUG util.py:257:  xz-lzma-compat-4.999.9-0.3.beta.20091007git.el6.x86_64
DEBUG util.py:257:  file-5.04-13.el6.x86_64
DEBUG util.py:257:  iproute-2.6.32-20.el6.x86_64
DEBUG util.py:257:  elfutils-0.152-1.el6.x86_64
DEBUG util.py:257:  cloog-ppl-0.15.7-1.2.el6.x86_64
DEBUG util.py:257:  libusb-0.1.12-23.el6.x86_64
DEBUG util.py:257:  unzip-6.0-1.el6.x86_64
DEBUG util.py:257:  db4-utils-4.7.25-17.el6.x86_64
DEBUG util.py:257:  libgomp-4.4.6-4.el6.x86_64
DEBUG util.py:257:  glibc-devel-2.12-1.80.el6_3.6.x86_64
DEBUG util.py:257:  ncurses-5.7-3.20090208.el6.x86_64
DEBUG util.py:257:  less-436-10.el6.x86_64
DEBUG util.py:257:  gzip-1.3.12-18.el6.x86_64
DEBUG util.py:257:  cracklib-dicts-2.8.16-4.el6.x86_64
DEBUG util.py:257:  pam-1.1.1-10.el6_2.1.x86_64
DEBUG util.py:257:  hwdata-0.233-7.8.el6.noarch
DEBUG util.py:257:  nss-sysinit-3.13.5-1.el6_3.x86_64
DEBUG util.py:257:  openldap-2.4.23-26.el6_3.2.x86_64
DEBUG util.py:257:  libffi-3.0.5-3.2.el6.x86_64
DEBUG util.py:257:  krb5-libs-1.9-33.el6_3.3.x86_64
DEBUG util.py:257:  libssh2-1.2.2-11.el6_3.x86_64
DEBUG util.py:257:  curl-7.19.7-26.el6_2.4.x86_64
DEBUG util.py:257:  rpm-libs-4.8.0-27.el6.x86_64
DEBUG util.py:257:  python-2.6.6-29.el6_3.3.x86_64
DEBUG util.py:257:  pkgconfig-0.23-9.1.el6.x86_64
DEBUG util.py:257:  iputils-20071127-16.el6.x86_64
DEBUG util.py:257:  util-linux-ng-2.17.2-12.7.el6_3.x86_64
DEBUG util.py:257:  rpm-build-4.8.0-27.el6.x86_64
DEBUG util.py:257:  gcc-c++-4.4.6-4.el6.x86_64
DEBUG util.py:257:  make-3.81-20.el6.x86_64
DEBUG util.py:257:  libgcc-4.4.6-4.el6.x86_64
DEBUG util.py:257:  filesystem-2.4.30-3.el6.x86_64
DEBUG util.py:257:  ca-certificates-2010.63-3.el6_1.5.noarch
DEBUG util.py:257:  kernel-headers-2.6.32-279.19.1.el6.x86_64
DEBUG util.py:257:  ncurses-base-5.7-3.20090208.el6.x86_64
DEBUG util.py:257:  glibc-common-2.12-1.80.el6_3.6.x86_64
DEBUG util.py:257:  ncurses-libs-5.7-3.20090208.el6.x86_64
DEBUG util.py:257:  libattr-2.4.44-7.el6.x86_64
DEBUG util.py:257:  zlib-1.2.3-27.el6.x86_64
DEBUG util.py:257:  db4-4.7.25-17.el6.x86_64
DEBUG util.py:257:  nss-util-3.13.5-1.el6_3.x86_64
DEBUG util.py:257:  bzip2-libs-1.0.5-7.el6_0.x86_64
DEBUG util.py:257:  gmp-4.3.1-7.el6_2.2.x86_64
DEBUG util.py:257:  xz-libs-4.999.9-0.3.beta.20091007git.el6.x86_64
DEBUG util.py:257:  chkconfig-1.3.49.3-2.el6.x86_64
DEBUG util.py:257:  file-libs-5.04-13.el6.x86_64
DEBUG util.py:257:  libcom_err-1.41.12-12.el6.x86_64
DEBUG util.py:257:  sqlite-3.6.20-1.el6.x86_64
DEBUG util.py:257:  libidn-1.18-2.el6.x86_64
DEBUG util.py:257:  mpfr-2.4.1-6.el6.x86_64
DEBUG util.py:257:  grep-2.6.3-3.el6.x86_64
DEBUG util.py:257:  cpio-2.10-11.el6_3.x86_64
DEBUG util.py:257:  libselinux-2.0.94-5.3.el6.x86_64
DEBUG util.py:257:  shadow-utils-4.1.4.2-13.el6.x86_64
DEBUG util.py:257:  gamin-0.1.10-9.el6.x86_64
DEBUG util.py:257:  libuuid-2.17.2-12.7.el6_3.x86_64
DEBUG util.py:257:  sysvinit-tools-2.87-4.dsf.el6.x86_64
DEBUG util.py:257:  gdbm-1.8.0-36.el6.x86_64
DEBUG util.py:257:  perl-Pod-Simple-3.13-127.el6.x86_64
DEBUG util.py:257:  perl-version-0.77-127.el6.x86_64
DEBUG util.py:257:  perl-5.10.1-127.el6.x86_64
DEBUG util.py:257:  upstart-0.6.5-12.el6.x86_64
DEBUG util.py:257:  libutempter-1.1.5-4.1.el6.x86_64
DEBUG util.py:257:  procps-3.2.8-23.el6.x86_64
DEBUG util.py:257:  psmisc-22.6-15.el6_0.1.x86_64
DEBUG util.py:257:  cpp-4.4.6-4.el6.x86_64
DEBUG util.py:257:  nss-softokn-3.12.9-11.el6.x86_64
DEBUG util.py:257:  iptables-1.4.7-5.1.el6_2.x86_64
DEBUG util.py:257:  elfutils-libs-0.152-1.el6.x86_64
DEBUG util.py:257:  ppl-0.10.2-11.el6.x86_64
DEBUG util.py:257:  libstdc++-devel-4.4.6-4.el6.x86_64
DEBUG util.py:257:  bzip2-1.0.5-7.el6_0.x86_64
DEBUG util.py:257:  cyrus-sasl-lib-2.1.23-13.el6_3.1.x86_64
DEBUG util.py:257:  diffutils-2.8.1-28.el6.x86_64
DEBUG util.py:257:  glibc-headers-2.12-1.80.el6_3.6.x86_64
DEBUG util.py:257:  gcc-4.4.6-4.el6.x86_64
DEBUG util.py:257:  groff-1.18.1.4-21.el6.x86_64
DEBUG util.py:257:  coreutils-libs-8.4-19.el6.x86_64
DEBUG util.py:257:  cracklib-2.8.16-4.el6.x86_64
DEBUG util.py:257:  coreutils-8.4-19.el6.x86_64
DEBUG util.py:257:  module-init-tools-3.9-20.el6.x86_64
DEBUG util.py:257:  nss-3.13.5-1.el6_3.x86_64
DEBUG util.py:257:  nss-tools-3.13.5-1.el6_3.x86_64
DEBUG util.py:257:  ethtool-2.6.33-0.3.el6.x86_64
DEBUG util.py:257:  keyutils-libs-1.4-4.el6.x86_64
DEBUG util.py:257:  openssl-1.0.0-25.el6_3.1.x86_64
DEBUG util.py:257:  libcurl-7.19.7-26.el6_2.4.x86_64
DEBUG util.py:257:  rpm-4.8.0-27.el6.x86_64
DEBUG util.py:257:  python-libs-2.6.6-29.el6_3.3.x86_64
DEBUG util.py:257:  gdb-7.2-56.el6.x86_64
DEBUG util.py:257:  mingetty-1.08-5.el6.x86_64
DEBUG util.py:257:  initscripts-9.03.31-2.el6.centos.1.x86_64
DEBUG util.py:257:  udev-147-2.42.el6.x86_64
DEBUG util.py:257:  redhat-rpm-config-9.0.3-39.el6.noarch
DEBUG util.py:257:  tar-1.23-7.el6.x86_64
DEBUG util.py:257:  which-2.19-6.el6.x86_64
DEBUG util.py:347:  Child return code was: 0
DEBUG util.py:83:  remove tree: /var/lib/mock/feature-el6-kolab-3.1-development-build-14525-13257/root/dev
DEBUG util.py:57:  ensuring that dir exists: /var/lib/mock/feature-el6-kolab-3.1-development-build-14525-13257/root/dev/pts
DEBUG util.py:60:  creating dir: /var/lib/mock/feature-el6-kolab-3.1-development-build-14525-13257/root/dev/pts
DEBUG util.py:57:  ensuring that dir exists: /var/lib/mock/feature-el6-kolab-3.1-development-build-14525-13257/root/dev/shm
DEBUG util.py:60:  creating dir: /var/lib/mock/feature-el6-kolab-3.1-development-build-14525-13257/root/dev/shm
DEBUG backend.py:420:  kver == 3.4.4-4.fc16.x86_64
DEBUG util.py:307:  Executing command: ['/bin/mount', '-n', '-t', 'proc', 'proc', '/var/lib/mock/feature-el6-kolab-3.1-development-build-14525-13257/root/proc'] with env {'LANG': 'en_US.UTF-8', 'TERM': 'vt100', 'SHELL': '/bin/bash', 'HOSTNAME': 'mock', 'HOME': '/builddir', 'PATH': '/usr/bin:/bin:/usr/sbin:/sbin'}
DEBUG util.py:347:  Child return code was: 0
DEBUG util.py:307:  Executing command: ['/bin/mount', '-n', '-t', 'sysfs', 'mock_chroot_sys', '/var/lib/mock/feature-el6-kolab-3.1-development-build-14525-13257/root/sys'] with env {'LANG': 'en_US.UTF-8', 'TERM': 'vt100', 'SHELL': '/bin/bash', 'HOSTNAME': 'mock', 'HOME': '/builddir', 'PATH': '/usr/bin:/bin:/usr/sbin:/sbin'}
DEBUG util.py:347:  Child return code was: 0
DEBUG util.py:307:  Executing command: ['/bin/mount', '-n', '-t', 'tmpfs', 'mock_chroot_shmfs', '/var/lib/mock/feature-el6-kolab-3.1-development-build-14525-13257/root/dev/shm'] with env {'LANG': 'en_US.UTF-8', 'TERM': 'vt100', 'SHELL': '/bin/bash', 'HOSTNAME': 'mock', 'HOME': '/builddir', 'PATH': '/usr/bin:/bin:/usr/sbin:/sbin'}
DEBUG util.py:347:  Child return code was: 0
DEBUG util.py:307:  Executing command: ['/bin/mount', '-n', '-t', 'devpts', '-o', 'gid=5,mode=0620,ptmxmode=0666,newinstance', 'mock_chroot_devpts', '/var/lib/mock/feature-el6-kolab-3.1-development-build-14525-13257/root/dev/pts'] with env {'LANG': 'en_US.UTF-8', 'TERM': 'vt100', 'SHELL': '/bin/bash', 'HOSTNAME': 'mock', 'HOME': '/builddir', 'PATH': '/usr/bin:/bin:/usr/sbin:/sbin'}
DEBUG util.py:347:  Child return code was: 0
DEBUG util.py:307:  Executing command: ['/bin/mount', '-n', '--bind', '/tmp/mock-selinux-plugin._sa_4E', '/var/lib/mock/feature-el6-kolab-3.1-development-build-14525-13257/root/proc/filesystems'] with env {'LANG': 'en_US.UTF-8', 'TERM': 'vt100', 'SHELL': '/bin/bash', 'HOSTNAME': 'mock', 'HOME': '/builddir', 'PATH': '/usr/bin:/bin:/usr/sbin:/sbin'}
DEBUG util.py:347:  Child return code was: 0
DEBUG util.py:307:  Executing command: ['rpm', '-Uvh', '--nodeps', '/builddir/build/originals/cyrus-imapd-2.5-0.1.dev1.git5c9f30.el6.src.rpm'] with env {'LANG': 'en_US.UTF-8', 'TERM': 'vt100', 'SHELL': '/bin/bash', 'HOSTNAME': 'mock', 'PROMPT_COMMAND': 'echo -n "<mock-chroot>"', 'HOME': '/builddir', 'PATH': '/usr/bin:/bin:/usr/sbin:/sbin'}
DEBUG util.py:257:  /var/lib/rpm/Name: unexpected file type or format
DEBUG util.py:257:  error: cannot open Name index using db3 - Invalid argument (22)
DEBUG util.py:257:  cyrus-imapd                 ##################################################
DEBUG util.py:347:  Child return code was: 0
DEBUG backend.py:860:  ['/usr/bin/yum-builddep', '--installroot', '/var/lib/mock/feature-el6-kolab-3.1-development-build-14525-13257/root/', '/var/lib/mock/feature-el6-kolab-3.1-development-build-14525-13257/root///builddir/build/SRPMS/cyrus-imapd-2.5-0.1.dev1.git5c9f30.el6.src.rpm']
DEBUG util.py:307:  Executing command: ['/usr/bin/yum-builddep', '--installroot', '/var/lib/mock/feature-el6-kolab-3.1-development-build-14525-13257/root/', '/var/lib/mock/feature-el6-kolab-3.1-development-build-14525-13257/root///builddir/build/SRPMS/cyrus-imapd-2.5-0.1.dev1.git5c9f30.el6.src.rpm'] with env {'LANG': 'en_US.UTF-8', 'TERM': 'vt100', 'SHELL': '/bin/bash', 'HOSTNAME': 'mock', 'PROMPT_COMMAND': 'echo -n "<mock-chroot>"', 'HOME': '/builddir', 'PATH': '/usr/bin:/bin:/usr/sbin:/sbin'}
DEBUG util.py:257:  Getting requirements for cyrus-imapd-2.5-0.1.dev1.git5c9f30.el6.src
DEBUG util.py:257:   --> autoconf-2.63-5.1.el6.noarch
DEBUG util.py:257:   --> automake-1.11.1-1.2.el6.noarch
DEBUG util.py:257:   --> bison-2.4.1-5.el6.x86_64
DEBUG util.py:257:   --> cyrus-sasl-devel-2.1.23-13.el6_3.1.x86_64
DEBUG util.py:257:   --> db4-devel-4.7.25-17.el6.x86_64
DEBUG util.py:257:   --> flex-2.5.35-8.el6.x86_64
DEBUG util.py:257:   --> Already installed : groff-1.18.1.4-21.el6.x86_64
DEBUG util.py:257:   --> jansson-devel-2.4-2.el6.x86_64
DEBUG util.py:257:   --> krb5-devel-1.9-33.el6_3.3.x86_64
DEBUG util.py:257:   --> libtool-2.2.6-15.5.el6.x86_64
DEBUG util.py:257:   --> openldap-devel-2.4.23-26.el6_3.2.x86_64
DEBUG util.py:257:   --> openssl-devel-1.0.0-25.el6_3.1.x86_64
DEBUG util.py:257:   --> perl-ExtUtils-MakeMaker-6.55-127.el6.x86_64
DEBUG util.py:257:   --> Already installed : 1:pkgconfig-0.23-9.1.el6.x86_64
DEBUG util.py:257:   --> 1:net-snmp-devel-5.5-41.el6_3.1.x86_64
DEBUG util.py:257:   --> tcp_wrappers-7.6-57.el6.x86_64
DEBUG util.py:257:   --> 1:transfig-3.2.5-9.el6.x86_64
DEBUG util.py:257:   --> 4:perl-devel-5.10.1-127.el6.x86_64
DEBUG util.py:257:  ================================================================================
DEBUG util.py:257:   Package                     Arch       Version                 Repository
DEBUG util.py:257:                                                                             Size
DEBUG util.py:257:  ================================================================================
DEBUG util.py:257:  Installing:
DEBUG util.py:257:   autoconf                    noarch     2.63-5.1.el6            build     781 k
DEBUG util.py:257:   automake                    noarch     1.11.1-1.2.el6          build     550 k
DEBUG util.py:257:   bison                       x86_64     2.4.1-5.el6             build     637 k
DEBUG util.py:257:   cyrus-sasl-devel            x86_64     2.1.23-13.el6_3.1       build     302 k
DEBUG util.py:257:   db4-devel                   x86_64     4.7.25-17.el6           build     6.6 M
DEBUG util.py:257:   flex                        x86_64     2.5.35-8.el6            build     286 k
DEBUG util.py:257:   jansson-devel               x86_64     2.4-2.el6               build      85 k
DEBUG util.py:257:   krb5-devel                  x86_64     1.9-33.el6_3.3          build     1.2 M
DEBUG util.py:257:   libtool                     x86_64     2.2.6-15.5.el6          build     564 k
DEBUG util.py:257:   net-snmp-devel              x86_64     1:5.5-41.el6_3.1        build     300 k
DEBUG util.py:257:   openldap-devel              x86_64     2.4.23-26.el6_3.2       build     1.1 M
DEBUG util.py:257:   openssl-devel               x86_64     1.0.0-25.el6_3.1        build     1.1 M
DEBUG util.py:257:   perl-ExtUtils-MakeMaker     x86_64     6.55-127.el6            build     291 k
DEBUG util.py:257:   perl-devel                  x86_64     4:5.10.1-127.el6        build     421 k
DEBUG util.py:257:   tcp_wrappers                x86_64     7.6-57.el6              build      61 k
DEBUG util.py:257:   transfig                    x86_64     1:3.2.5-9.el6           build     248 k
DEBUG util.py:257:  Installing for dependencies:
DEBUG util.py:257:   avahi-libs                  x86_64     0.6.25-11.el6           build      54 k
DEBUG util.py:257:   bc                          x86_64     1.06.95-1.el6           build     110 k
DEBUG util.py:257:   cairo                       x86_64     1.8.8-3.1.el6           build     309 k
DEBUG util.py:257:   cups-libs                   x86_64     1:1.4.2-48.el6_3.3      build     316 k
DEBUG util.py:257:   cyrus-sasl                  x86_64     2.1.23-13.el6_3.1       build      78 k
DEBUG util.py:257:   db4-cxx                     x86_64     4.7.25-17.el6           build     588 k
DEBUG util.py:257:   elfutils-devel              x86_64     0.152-1.el6             build      68 k
DEBUG util.py:257:   elfutils-libelf-devel       x86_64     0.152-1.el6             build      31 k
DEBUG util.py:257:   file-devel                  x86_64     5.04-13.el6             build      24 k
DEBUG util.py:257:   fontconfig                  x86_64     2.8.0-3.el6             build     186 k
DEBUG util.py:257:   freetype                    x86_64     2.3.11-6.el6_2.9        build     359 k
DEBUG util.py:257:   ghostscript                 x86_64     8.70-14.el6_3.1         build     4.4 M
DEBUG util.py:257:   ghostscript-fonts           noarch     5.50-23.1.el6           build     751 k
DEBUG util.py:257:   gnutls                      x86_64     2.8.5-4.el6_2.2         build     342 k
DEBUG util.py:257:   jansson                     x86_64     2.4-2.el6               build      28 k
DEBUG util.py:257:   jasper-libs                 x86_64     1.900.1-15.el6_1.1      build     136 k
DEBUG util.py:257:   keyutils-libs-devel         x86_64     1.4-4.el6               build      28 k
DEBUG util.py:257:   libICE                      x86_64     1.0.6-1.el6             build      53 k
DEBUG util.py:257:   libSM                       x86_64     1.1.0-7.1.el6           build      26 k
DEBUG util.py:257:   libX11                      x86_64     1.3-2.el6               build     582 k
DEBUG util.py:257:   libX11-common               noarch     1.3-2.el6               build     188 k
DEBUG util.py:257:   libXau                      x86_64     1.0.5-1.el6             build      22 k
DEBUG util.py:257:   libXext                     x86_64     1.1-3.el6               build      33 k
DEBUG util.py:257:   libXfont                    x86_64     1.4.1-2.el6_1           build     128 k
DEBUG util.py:257:   libXpm                      x86_64     3.5.8-2.el6             build      59 k
DEBUG util.py:257:   libXrender                  x86_64     0.9.5-1.el6             build      27 k
DEBUG util.py:257:   libXt                       x86_64     1.0.7-1.el6             build     174 k
DEBUG util.py:257:   libcom_err-devel            x86_64     1.41.12-12.el6          build      31 k
DEBUG util.py:257:   libfontenc                  x86_64     1.0.5-2.el6             build      24 k
DEBUG util.py:257:   libgcrypt                   x86_64     1.4.5-9.el6_2.2         build     228 k
DEBUG util.py:257:   libgpg-error                x86_64     1.7-4.el6               build      59 k
DEBUG util.py:257:   libjpeg                     x86_64     6b-46.el6               build     134 k
DEBUG util.py:257:   libpng                      x86_64     2:1.2.49-1.el6_2        build     182 k
DEBUG util.py:257:   libselinux-devel            x86_64     2.0.94-5.3.el6          build     136 k
DEBUG util.py:257:   libsepol-devel              x86_64     2.0.41-4.el6            build      64 k
DEBUG util.py:257:   libtasn1                    x86_64     2.3-3.el6_2.1           build     238 k
DEBUG util.py:257:   libtiff                     x86_64     3.9.4-9.el6_3           build     342 k
DEBUG util.py:257:   libxcb                      x86_64     1.5-1.el6               build     100 k
DEBUG util.py:257:   lm_sensors-devel            x86_64     3.1.1-10.el6            build      22 k
DEBUG util.py:257:   lm_sensors-libs             x86_64     3.1.1-10.el6            build      37 k
DEBUG util.py:257:   m4                          x86_64     1.4.13-5.el6            build     278 k
DEBUG util.py:257:   net-snmp-libs               x86_64     1:5.5-41.el6_3.1        build     1.5 M
DEBUG util.py:257:   perl-ExtUtils-ParseXS       x86_64     1:2.2003.0-127.el6      build      43 k
DEBUG util.py:257:   perl-Test-Harness           x86_64     3.17-127.el6            build     229 k
DEBUG util.py:257:   pixman                      x86_64     0.18.4-1.el6_0.1        build     146 k
DEBUG util.py:257:   popt-devel                  x86_64     1.13-7.el6              build      21 k
DEBUG util.py:257:   rpm-devel                   x86_64     4.8.0-27.el6            build      91 k
DEBUG util.py:257:   tcp_wrappers-devel          x86_64     7.6-57.el6              build      15 k
DEBUG util.py:257:   tcp_wrappers-libs           x86_64     7.6-57.el6              build      62 k
DEBUG util.py:257:   urw-fonts                   noarch     2.4-10.el6              build     3.1 M
DEBUG util.py:257:   xorg-x11-font-utils         x86_64     1:7.2-11.el6            build      75 k
DEBUG util.py:257:   zlib-devel                  x86_64     1.2.3-27.el6            build      44 k
DEBUG util.py:257:  Transaction Summary
DEBUG util.py:257:  ================================================================================
DEBUG util.py:257:  Install  16 Packages (+52 Dependent packages)
DEBUG util.py:257:  Total download size: 31 M
DEBUG util.py:257:  Installed size: 96 M
DEBUG util.py:257:  Installed:
DEBUG util.py:257:    autoconf.noarch 0:2.63-5.1.el6                                                
DEBUG util.py:257:    automake.noarch 0:1.11.1-1.2.el6                                              
DEBUG util.py:257:    bison.x86_64 0:2.4.1-5.el6                                                    
DEBUG util.py:257:    cyrus-sasl-devel.x86_64 0:2.1.23-13.el6_3.1                                   
DEBUG util.py:257:    db4-devel.x86_64 0:4.7.25-17.el6                                              
DEBUG util.py:257:    flex.x86_64 0:2.5.35-8.el6                                                    
DEBUG util.py:257:    jansson-devel.x86_64 0:2.4-2.el6                                              
DEBUG util.py:257:    krb5-devel.x86_64 0:1.9-33.el6_3.3                                            
DEBUG util.py:257:    libtool.x86_64 0:2.2.6-15.5.el6                                               
DEBUG util.py:257:    net-snmp-devel.x86_64 1:5.5-41.el6_3.1                                        
DEBUG util.py:257:    openldap-devel.x86_64 0:2.4.23-26.el6_3.2                                     
DEBUG util.py:257:    openssl-devel.x86_64 0:1.0.0-25.el6_3.1                                       
DEBUG util.py:257:    perl-ExtUtils-MakeMaker.x86_64 0:6.55-127.el6                                 
DEBUG util.py:257:    perl-devel.x86_64 4:5.10.1-127.el6                                            
DEBUG util.py:257:    tcp_wrappers.x86_64 0:7.6-57.el6                                              
DEBUG util.py:257:    transfig.x86_64 1:3.2.5-9.el6                                                 
DEBUG util.py:257:  Dependency Installed:
DEBUG util.py:257:    avahi-libs.x86_64 0:0.6.25-11.el6                                             
DEBUG util.py:257:    bc.x86_64 0:1.06.95-1.el6                                                     
DEBUG util.py:257:    cairo.x86_64 0:1.8.8-3.1.el6                                                  
DEBUG util.py:257:    cups-libs.x86_64 1:1.4.2-48.el6_3.3                                           
DEBUG util.py:257:    cyrus-sasl.x86_64 0:2.1.23-13.el6_3.1                                         
DEBUG util.py:257:    db4-cxx.x86_64 0:4.7.25-17.el6                                                
DEBUG util.py:257:    elfutils-devel.x86_64 0:0.152-1.el6                                           
DEBUG util.py:257:    elfutils-libelf-devel.x86_64 0:0.152-1.el6                                    
DEBUG util.py:257:    file-devel.x86_64 0:5.04-13.el6                                               
DEBUG util.py:257:    fontconfig.x86_64 0:2.8.0-3.el6                                               
DEBUG util.py:257:    freetype.x86_64 0:2.3.11-6.el6_2.9                                            
DEBUG util.py:257:    ghostscript.x86_64 0:8.70-14.el6_3.1                                          
DEBUG util.py:257:    ghostscript-fonts.noarch 0:5.50-23.1.el6                                      
DEBUG util.py:257:    gnutls.x86_64 0:2.8.5-4.el6_2.2                                               
DEBUG util.py:257:    jansson.x86_64 0:2.4-2.el6                                                    
DEBUG util.py:257:    jasper-libs.x86_64 0:1.900.1-15.el6_1.1                                       
DEBUG util.py:257:    keyutils-libs-devel.x86_64 0:1.4-4.el6                                        
DEBUG util.py:257:    libICE.x86_64 0:1.0.6-1.el6                                                   
DEBUG util.py:257:    libSM.x86_64 0:1.1.0-7.1.el6                                                  
DEBUG util.py:257:    libX11.x86_64 0:1.3-2.el6                                                     
DEBUG util.py:257:    libX11-common.noarch 0:1.3-2.el6                                              
DEBUG util.py:257:    libXau.x86_64 0:1.0.5-1.el6                                                   
DEBUG util.py:257:    libXext.x86_64 0:1.1-3.el6                                                    
DEBUG util.py:257:    libXfont.x86_64 0:1.4.1-2.el6_1                                               
DEBUG util.py:257:    libXpm.x86_64 0:3.5.8-2.el6                                                   
DEBUG util.py:257:    libXrender.x86_64 0:0.9.5-1.el6                                               
DEBUG util.py:257:    libXt.x86_64 0:1.0.7-1.el6                                                    
DEBUG util.py:257:    libcom_err-devel.x86_64 0:1.41.12-12.el6                                      
DEBUG util.py:257:    libfontenc.x86_64 0:1.0.5-2.el6                                               
DEBUG util.py:257:    libgcrypt.x86_64 0:1.4.5-9.el6_2.2                                            
DEBUG util.py:257:    libgpg-error.x86_64 0:1.7-4.el6                                               
DEBUG util.py:257:    libjpeg.x86_64 0:6b-46.el6                                                    
DEBUG util.py:257:    libpng.x86_64 2:1.2.49-1.el6_2                                                
DEBUG util.py:257:    libselinux-devel.x86_64 0:2.0.94-5.3.el6                                      
DEBUG util.py:257:    libsepol-devel.x86_64 0:2.0.41-4.el6                                          
DEBUG util.py:257:    libtasn1.x86_64 0:2.3-3.el6_2.1                                               
DEBUG util.py:257:    libtiff.x86_64 0:3.9.4-9.el6_3                                                
DEBUG util.py:257:    libxcb.x86_64 0:1.5-1.el6                                                     
DEBUG util.py:257:    lm_sensors-devel.x86_64 0:3.1.1-10.el6                                        
DEBUG util.py:257:    lm_sensors-libs.x86_64 0:3.1.1-10.el6                                         
DEBUG util.py:257:    m4.x86_64 0:1.4.13-5.el6                                                      
DEBUG util.py:257:    net-snmp-libs.x86_64 1:5.5-41.el6_3.1                                         
DEBUG util.py:257:    perl-ExtUtils-ParseXS.x86_64 1:2.2003.0-127.el6                               
DEBUG util.py:257:    perl-Test-Harness.x86_64 0:3.17-127.el6                                       
DEBUG util.py:257:    pixman.x86_64 0:0.18.4-1.el6_0.1                                              
DEBUG util.py:257:    popt-devel.x86_64 0:1.13-7.el6                                                
DEBUG util.py:257:    rpm-devel.x86_64 0:4.8.0-27.el6                                               
DEBUG util.py:257:    tcp_wrappers-devel.x86_64 0:7.6-57.el6                                        
DEBUG util.py:257:    tcp_wrappers-libs.x86_64 0:7.6-57.el6                                         
DEBUG util.py:257:    urw-fonts.noarch 0:2.4-10.el6                                                 
DEBUG util.py:257:    xorg-x11-font-utils.x86_64 1:7.2-11.el6                                       
DEBUG util.py:257:    zlib-devel.x86_64 0:1.2.3-27.el6                                              
DEBUG util.py:347:  Child return code was: 0
DEBUG backend.py:648:  Copying packages to result dir
DEBUG util.py:307:  Executing command: ['/bin/umount', '-n', '/var/lib/mock/feature-el6-kolab-3.1-development-build-14525-13257/root/proc/filesystems'] with env {'LANG': 'en_US.UTF-8', 'TERM': 'vt100', 'SHELL': '/bin/bash', 'HOSTNAME': 'mock', 'HOME': '/builddir', 'PATH': '/usr/bin:/bin:/usr/sbin:/sbin'}
DEBUG util.py:347:  Child return code was: 0
DEBUG util.py:307:  Executing command: ['/bin/umount', '-n', '-l', '/var/lib/mock/feature-el6-kolab-3.1-development-build-14525-13257/root/dev/pts'] with env {'LANG': 'en_US.UTF-8', 'TERM': 'vt100', 'SHELL': '/bin/bash', 'HOSTNAME': 'mock', 'HOME': '/builddir', 'PATH': '/usr/bin:/bin:/usr/sbin:/sbin'}
DEBUG util.py:347:  Child return code was: 0
DEBUG util.py:307:  Executing command: ['/bin/umount', '-n', '-l', '/var/lib/mock/feature-el6-kolab-3.1-development-build-14525-13257/root/dev/shm'] with env {'LANG': 'en_US.UTF-8', 'TERM': 'vt100', 'SHELL': '/bin/bash', 'HOSTNAME': 'mock', 'HOME': '/builddir', 'PATH': '/usr/bin:/bin:/usr/sbin:/sbin'}
DEBUG util.py:347:  Child return code was: 0
DEBUG util.py:307:  Executing command: ['/bin/umount', '-n', '-l', '/var/lib/mock/feature-el6-kolab-3.1-development-build-14525-13257/root/sys'] with env {'LANG': 'en_US.UTF-8', 'TERM': 'vt100', 'SHELL': '/bin/bash', 'HOSTNAME': 'mock', 'HOME': '/builddir', 'PATH': '/usr/bin:/bin:/usr/sbin:/sbin'}
DEBUG util.py:347:  Child return code was: 0
DEBUG util.py:307:  Executing command: ['/bin/umount', '-n', '-l', '/var/lib/mock/feature-el6-kolab-3.1-development-build-14525-13257/root/proc'] with env {'LANG': 'en_US.UTF-8', 'TERM': 'vt100', 'SHELL': '/bin/bash', 'HOSTNAME': 'mock', 'HOME': '/builddir', 'PATH': '/usr/bin:/bin:/usr/sbin:/sbin'}
DEBUG util.py:347:  Child return code was: 0
DEBUG util.py:111:  kill orphans
