### Making all in /usr/src/apps/mail/imapd/cyrus-imapd-2.4.16/man
make[1]: Entering directory `/mnt/md1/src/apps/mail/imapd/cyrus-imapd-2.4.16/man'
creating sieveshell.1
pod2man ./../perl/sieve/scripts/sieveshell.pl > ./sieveshell.1
creating imapd.conf.5
./../tools/config2man ./../lib/imapoptions > ./imapd.conf.5
make[1]: Leaving directory `/mnt/md1/src/apps/mail/imapd/cyrus-imapd-2.4.16/man'
### Making all in /usr/src/apps/mail/imapd/cyrus-imapd-2.4.16/lib
make[1]: Entering directory `/mnt/md1/src/apps/mail/imapd/cyrus-imapd-2.4.16/lib'
./../tools/config2header CC="gcc" ./imapopts.c ./imapopts.h < ./imapoptions
gcc -c -I..   -I/usr/ssl/include  -I/usr/sasl/include -DHAVE_CONFIG_H  -fPIC -fPIC \
libconfig.c
gcc -c -I..   -I/usr/ssl/include  -I/usr/sasl/include -DHAVE_CONFIG_H  -fPIC -fPIC \
imapopts.c
gcc -c -I..   -I/usr/ssl/include  -I/usr/sasl/include -DHAVE_CONFIG_H  -fPIC -fPIC \
hash.c
gcc -c -I..   -I/usr/ssl/include  -I/usr/sasl/include -DHAVE_CONFIG_H  -fPIC -fPIC \
mpool.c
gcc -c -I..   -I/usr/ssl/include  -I/usr/sasl/include -DHAVE_CONFIG_H  -fPIC -fPIC \
xmalloc.c
gcc -c -I..   -I/usr/ssl/include  -I/usr/sasl/include -DHAVE_CONFIG_H  -fPIC -fPIC \
strhash.c
gcc -c -I..   -I/usr/ssl/include  -I/usr/sasl/include -DHAVE_CONFIG_H  -fPIC -fPIC \
xstrlcat.c
gcc -c -I..   -I/usr/ssl/include  -I/usr/sasl/include -DHAVE_CONFIG_H  -fPIC -fPIC \
xstrlcpy.c
gcc -c -I..   -I/usr/ssl/include  -I/usr/sasl/include -DHAVE_CONFIG_H  -fPIC -fPIC \
assert.c
gcc -c -I..   -I/usr/ssl/include  -I/usr/sasl/include -DHAVE_CONFIG_H  -fPIC -fPIC \
util.c
gcc -c -I..   -I/usr/ssl/include  -I/usr/sasl/include -DHAVE_CONFIG_H  -fPIC -fPIC \
signals.c
rm -f libcyrus_min.a
ar cr libcyrus_min.a libconfig.o imapopts.o hash.o mpool.o xmalloc.o strhash.o xstrlcat.o xstrlcpy.o assert.o util.o signals.o 
ranlib libcyrus_min.a
gcc -c -I..   -I/usr/ssl/include  -I/usr/sasl/include -DHAVE_CONFIG_H  -fPIC -fPIC \
acl.c
gcc -c -I..   -I/usr/ssl/include  -I/usr/sasl/include -DHAVE_CONFIG_H  -fPIC -fPIC \
bsearch.c
gcc -c -I..   -I/usr/ssl/include  -I/usr/sasl/include -DHAVE_CONFIG_H  -fPIC -fPIC \
charset.c
gcc -c -I..   -I/usr/ssl/include  -I/usr/sasl/include -DHAVE_CONFIG_H  -fPIC -fPIC \
glob.c
gcc -c -I..   -I/usr/ssl/include  -I/usr/sasl/include -DHAVE_CONFIG_H  -fPIC -fPIC \
retry.c
gcc -c -I..   -I/usr/ssl/include  -I/usr/sasl/include -DHAVE_CONFIG_H  -fPIC -fPIC \
libcyr_cfg.c
gcc -c -I..   -I/usr/ssl/include  -I/usr/sasl/include -DHAVE_CONFIG_H  -fPIC -fPIC \
mkgmtime.c
gcc -c -I..   -I/usr/ssl/include  -I/usr/sasl/include -DHAVE_CONFIG_H  -fPIC -fPIC \
prot.c
gcc -c -I..   -I/usr/ssl/include  -I/usr/sasl/include -DHAVE_CONFIG_H  -fPIC -fPIC \
parseaddr.c
gcc -c -I..   -I/usr/ssl/include  -I/usr/sasl/include -DHAVE_CONFIG_H  -fPIC -fPIC \
imclient.c
gcc -c -I..   -I/usr/ssl/include  -I/usr/sasl/include -DHAVE_CONFIG_H  -fPIC -fPIC \
imparse.c
gcc -c -I..   -I/usr/ssl/include  -I/usr/sasl/include -DHAVE_CONFIG_H  -fPIC -fPIC \
lsort.c
gcc -c -I..   -I/usr/ssl/include  -I/usr/sasl/include -DHAVE_CONFIG_H  -fPIC -fPIC \
stristr.c
gcc -c -I..   -I/usr/ssl/include  -I/usr/sasl/include -DHAVE_CONFIG_H  -fPIC -fPIC \
rfc822date.c
gcc -c -I..   -I/usr/ssl/include  -I/usr/sasl/include -DHAVE_CONFIG_H  -fPIC -fPIC \
cyrusdb.c
gcc -c -I..   -I/usr/ssl/include  -I/usr/sasl/include -DHAVE_CONFIG_H  -fPIC -fPIC \
strarray.c
### Building chartables...
rm -f chartable.c
perl ./mkchartable.pl \
 -m ./charset/unifix.txt \
 -m ./charset/UnicodeData.txt \
 ./charset/*.t \
 > chartable.c \
 || (rm -f chartable.c && exit 1)
### Done building chartables.
gcc -c -I..   -I/usr/ssl/include  -I/usr/sasl/include -DHAVE_CONFIG_H  -fPIC -fPIC \
chartable.c
gcc -c -I..   -I/usr/ssl/include  -I/usr/sasl/include -DHAVE_CONFIG_H  -fPIC -fPIC \
imapurl.c
gcc -c -I..   -I/usr/ssl/include  -I/usr/sasl/include -DHAVE_CONFIG_H  -fPIC -fPIC \
nonblock_fcntl.c
gcc -c -I..   -I/usr/ssl/include  -I/usr/sasl/include -DHAVE_CONFIG_H  -fPIC -fPIC \
lock_fcntl.c
gcc -c -I..   -I/usr/ssl/include  -I/usr/sasl/include -DHAVE_CONFIG_H  -fPIC -fPIC \
gmtoff_tm.c
gcc -c -I..   -I/usr/ssl/include  -I/usr/sasl/include -DHAVE_CONFIG_H  -fPIC -fPIC \
map_shared.c
gcc -c -I..   -I/usr/ssl/include  -I/usr/sasl/include -DHAVE_CONFIG_H  -fPIC -fPIC \
acl_afs.c
gcc -c -I..   -I/usr/ssl/include  -I/usr/sasl/include -DHAVE_CONFIG_H  -fPIC -fPIC \
auth.c
gcc -c -I..   -I/usr/ssl/include  -I/usr/sasl/include -DHAVE_CONFIG_H  -fPIC -fPIC \
auth_krb.c
gcc -c -I..   -I/usr/ssl/include  -I/usr/sasl/include -DHAVE_CONFIG_H  -fPIC -fPIC \
auth_unix.c
gcc -c -I..   -I/usr/ssl/include  -I/usr/sasl/include -DHAVE_CONFIG_H  -fPIC -fPIC \
auth_krb5.c
gcc -c -I..   -I/usr/ssl/include  -I/usr/sasl/include -DHAVE_CONFIG_H  -fPIC -fPIC \
auth_pts.c
gcc -c -I..   -I/usr/ssl/include  -I/usr/sasl/include -DHAVE_CONFIG_H  -fPIC -fPIC \
cyrusdb_flat.c
gcc -c -I..   -I/usr/ssl/include  -I/usr/sasl/include -DHAVE_CONFIG_H  -fPIC -fPIC \
cyrusdb_skiplist.c
gcc -c -I..   -I/usr/ssl/include  -I/usr/sasl/include -DHAVE_CONFIG_H  -fPIC -fPIC \
cyrusdb_quotalegacy.c
gcc -c -I..   -I/usr/ssl/include  -I/usr/sasl/include -DHAVE_CONFIG_H  -fPIC -fPIC \
cyrusdb_berkeley.c
gcc -c -I..   -I/usr/ssl/include  -I/usr/sasl/include -DHAVE_CONFIG_H  -fPIC -fPIC \
iptostring.c
gcc -c -I..   -I/usr/ssl/include  -I/usr/sasl/include -DHAVE_CONFIG_H  -fPIC -fPIC \
wildmat.c
gcc -c -I..   -I/usr/ssl/include  -I/usr/sasl/include -DHAVE_CONFIG_H  -fPIC -fPIC \
byteorder64.c
gcc -c -I..   -I/usr/ssl/include  -I/usr/sasl/include -DHAVE_CONFIG_H  -fPIC -fPIC \
crc32.c
rm -f libcyrus.a
ar cr libcyrus.a acl.o bsearch.o charset.o glob.o retry.o util.o libcyr_cfg.o mkgmtime.o prot.o parseaddr.o imclient.o imparse.o lsort.o stristr.o rfc822date.o signals.o cyrusdb.o strhash.o strarray.o chartable.o imapurl.o nonblock_fcntl.o lock_fcntl.o gmtoff_tm.o map_shared.o acl_afs.o auth.o auth_krb.o auth_unix.o auth_krb5.o auth_pts.o cyrusdb_flat.o cyrusdb_skiplist.o cyrusdb_quotalegacy.o cyrusdb_berkeley.o iptostring.o xmalloc.o wildmat.o byteorder64.o xstrlcat.o xstrlcpy.o crc32.o
ranlib libcyrus.a
make[1]: Leaving directory `/mnt/md1/src/apps/mail/imapd/cyrus-imapd-2.4.16/lib'
### Making all in /usr/src/apps/mail/imapd/cyrus-imapd-2.4.16/sieve
make[1]: Entering directory `/mnt/md1/src/apps/mail/imapd/cyrus-imapd-2.4.16/sieve'
gcc -c -I.. -I./../lib    -I/usr/ssl/include -I/usr/sasl/include -DHAVE_CONFIG_H  -fPIC -fPIC \
sieve_err.c
gcc -c -I.. -I./../lib    -I/usr/ssl/include -I/usr/sasl/include -DHAVE_CONFIG_H  -fPIC -fPIC \
sieve.c
gcc -c -I.. -I./../lib    -I/usr/ssl/include -I/usr/sasl/include -DHAVE_CONFIG_H  -fPIC -fPIC \
sieve-lex.c
gcc -c -I.. -I./../lib    -I/usr/ssl/include -I/usr/sasl/include -DHAVE_CONFIG_H  -fPIC -fPIC \
comparator.c
gcc -c -I.. -I./../lib    -I/usr/ssl/include -I/usr/sasl/include -DHAVE_CONFIG_H  -fPIC -fPIC \
interp.c
gcc -c -I.. -I./../lib    -I/usr/ssl/include -I/usr/sasl/include -DHAVE_CONFIG_H  -fPIC -fPIC \
message.c
gcc -c -I.. -I./../lib    -I/usr/ssl/include -I/usr/sasl/include -DHAVE_CONFIG_H  -fPIC -fPIC \
bc_generate.c
gcc -c -I.. -I./../lib    -I/usr/ssl/include -I/usr/sasl/include -DHAVE_CONFIG_H  -fPIC -fPIC \
bc_dump.c
gcc -c -I.. -I./../lib    -I/usr/ssl/include -I/usr/sasl/include -DHAVE_CONFIG_H  -fPIC -fPIC \
bc_emit.c
gcc -c -I.. -I./../lib    -I/usr/ssl/include -I/usr/sasl/include -DHAVE_CONFIG_H  -fPIC -fPIC \
bc_eval.c
gcc -c -I.. -I./../lib    -I/usr/ssl/include -I/usr/sasl/include -DHAVE_CONFIG_H  -fPIC -fPIC \
script.c
gcc -c -I.. -I./../lib    -I/usr/ssl/include -I/usr/sasl/include -DHAVE_CONFIG_H  -fPIC -fPIC \
tree.c
gcc -c -I.. -I./../lib    -I/usr/ssl/include -I/usr/sasl/include -DHAVE_CONFIG_H  -fPIC -fPIC \
addr.c
gcc -c -I.. -I./../lib    -I/usr/ssl/include -I/usr/sasl/include -DHAVE_CONFIG_H  -fPIC -fPIC \
addr-lex.c
rm -f libsieve.a
ar cr libsieve.a sieve_err.o sieve.o sieve-lex.o comparator.o interp.o message.o bc_generate.o bc_dump.o bc_emit.o bc_eval.o script.o tree.o addr.o addr-lex.o
ranlib libsieve.a
gcc -c -I.. -I./../lib    -I/usr/ssl/include -I/usr/sasl/include -DHAVE_CONFIG_H  -fPIC -fPIC \
sievec.c
gcc -L/usr/ssl/lib -Wl,-rpath,/usr/ssl/lib  -o sievec sievec.o libsieve.a ../lib/libcyrus.a ../lib/libcyrus_min.a  libsieve.a -L/usr/sasl/lib  -Wl,-rpath,/usr/sasl/lib -lsasl2   -lfl    -ldb-4.8 -lpcre -lpcreposix -lssl -lcrypto -lz   -lcom_err
gcc -c -I.. -I./../lib    -I/usr/ssl/include -I/usr/sasl/include -DHAVE_CONFIG_H  -fPIC -fPIC \
sieved.c
gcc -L/usr/ssl/lib -Wl,-rpath,/usr/ssl/lib  -o sieved sieved.o libsieve.a ../lib/libcyrus.a ../lib/libcyrus_min.a  libsieve.a -L/usr/sasl/lib  -Wl,-rpath,/usr/sasl/lib -lsasl2   -lfl    -ldb-4.8 -lpcre -lpcreposix -lssl -lcrypto -lz   -lcom_err
make[1]: Leaving directory `/mnt/md1/src/apps/mail/imapd/cyrus-imapd-2.4.16/sieve'
### Making all in /usr/src/apps/mail/imapd/cyrus-imapd-2.4.16/master
make[1]: Entering directory `/mnt/md1/src/apps/mail/imapd/cyrus-imapd-2.4.16/master'
gcc -c -I.. -I./../lib -I./../imap   -I/usr/ssl/include  -DHAVE_CONFIG_H  -fPIC \
master.c
gcc -c -I.. -I./../lib -I./../imap   -I/usr/ssl/include  -DHAVE_CONFIG_H  -fPIC \
masterconf.c
gcc -c -I.. -I./../lib -I./../imap   -I/usr/ssl/include  -DHAVE_CONFIG_H  -fPIC \
cyrusMasterMIB.c
gcc -L/usr/ssl/lib -Wl,-rpath,/usr/ssl/lib   -o master master.o masterconf.o cyrusMasterMIB.o ../lib/lock_fcntl.o ../lib/libcyrus_min.a    -lfl    -ldb-4.8 -lpcre -lpcreposix -lssl -lcrypto -lz -lcom_err 
gcc -c -I.. -I./../lib -I./../imap   -I/usr/ssl/include  -DHAVE_CONFIG_H  -fPIC \
service.c
gcc -c -I.. -I./../lib -I./../imap   -I/usr/ssl/include  -DHAVE_CONFIG_H  -fPIC \
service-thread.c
make[1]: Leaving directory `/mnt/md1/src/apps/mail/imapd/cyrus-imapd-2.4.16/master'
### Making all in /usr/src/apps/mail/imapd/cyrus-imapd-2.4.16/imap
make[1]: Entering directory `/mnt/md1/src/apps/mail/imapd/cyrus-imapd-2.4.16/imap'
/usr/bin/compile_et ./imap_err.et
Error Table "imap" has base 2390157824
./../snmp/snmpgen ./pushstats.snmp
basename pushstats
./../snmp/snmpgen ./lmtpstats.snmp
basename lmtpstats
/usr/bin/compile_et ./mupdate_err.et
Error Table "mupd" has base 2667224576
/usr/bin/compile_et ./nntp_err.et
Error Table "nntp" has base 2727062016
gcc -c -I.. -I./../lib  -I./../sieve   -I/usr/ssl/include -I/usr/sasl/include -DHAVE_CONFIG_H  -fPIC \
pushstats.c
gcc -c -I.. -I./../lib  -I./../sieve   -I/usr/ssl/include -I/usr/sasl/include -DHAVE_CONFIG_H  -fPIC \
imapd.c
gcc -c -I.. -I./../lib  -I./../sieve   -I/usr/ssl/include -I/usr/sasl/include -DHAVE_CONFIG_H  -fPIC \
proxy.c
gcc -c -I.. -I./../lib  -I./../sieve   -I/usr/ssl/include -I/usr/sasl/include -DHAVE_CONFIG_H  -fPIC \
imap_proxy.c
gcc -c -I.. -I./../lib  -I./../sieve   -I/usr/ssl/include -I/usr/sasl/include -DHAVE_CONFIG_H  -fPIC \
index.c
gcc -c -I.. -I./../lib  -I./../sieve   -I/usr/ssl/include -I/usr/sasl/include -DHAVE_CONFIG_H  -fPIC \
mutex_fake.c
gcc -c -I.. -I./../lib  -I./../sieve   -I/usr/ssl/include -I/usr/sasl/include -DHAVE_CONFIG_H  -fPIC \
append.c
gcc -c -I.. -I./../lib  -I./../sieve   -I/usr/ssl/include -I/usr/sasl/include -DHAVE_CONFIG_H  -fPIC \
mailbox.c
gcc -c -I.. -I./../lib  -I./../sieve   -I/usr/ssl/include -I/usr/sasl/include -DHAVE_CONFIG_H  -fPIC \
mboxlist.c
gcc -c -I.. -I./../lib  -I./../sieve   -I/usr/ssl/include -I/usr/sasl/include -DHAVE_CONFIG_H  -fPIC \
mupdate-client.c
gcc -c -I.. -I./../lib  -I./../sieve   -I/usr/ssl/include -I/usr/sasl/include -DHAVE_CONFIG_H  -fPIC \
mboxname.c
gcc -c -I.. -I./../lib  -I./../sieve   -I/usr/ssl/include -I/usr/sasl/include -DHAVE_CONFIG_H  -fPIC \
message.c
gcc -c -I.. -I./../lib  -I./../sieve   -I/usr/ssl/include -I/usr/sasl/include -DHAVE_CONFIG_H  -fPIC \
global.c
gcc -c -I.. -I./../lib  -I./../sieve   -I/usr/ssl/include -I/usr/sasl/include -DHAVE_CONFIG_H  -fPIC \
imap_err.c
gcc -c -I.. -I./../lib  -I./../sieve   -I/usr/ssl/include -I/usr/sasl/include -DHAVE_CONFIG_H  -fPIC \
mupdate_err.c
gcc -c -I.. -I./../lib  -I./../sieve   -I/usr/ssl/include -I/usr/sasl/include -DHAVE_CONFIG_H  -fPIC \
proc.c
gcc -c -I.. -I./../lib  -I./../sieve   -I/usr/ssl/include -I/usr/sasl/include -DHAVE_CONFIG_H  -fPIC \
setproctitle.c
gcc -c -I.. -I./../lib  -I./../sieve   -I/usr/ssl/include -I/usr/sasl/include -DHAVE_CONFIG_H  -fPIC \
convert_code.c
gcc -c -I.. -I./../lib  -I./../sieve   -I/usr/ssl/include -I/usr/sasl/include -DHAVE_CONFIG_H  -fPIC \
duplicate.c
gcc -c -I.. -I./../lib  -I./../sieve   -I/usr/ssl/include -I/usr/sasl/include -DHAVE_CONFIG_H  -fPIC \
saslclient.c
gcc -c -I.. -I./../lib  -I./../sieve   -I/usr/ssl/include -I/usr/sasl/include -DHAVE_CONFIG_H  -fPIC \
saslserver.c
gcc -c -I.. -I./../lib  -I./../sieve   -I/usr/ssl/include -I/usr/sasl/include -DHAVE_CONFIG_H  -fPIC \
annotate.c
gcc -c -I.. -I./../lib  -I./../sieve   -I/usr/ssl/include -I/usr/sasl/include -DHAVE_CONFIG_H  -fPIC \
search_engines.c
gcc -c -I.. -I./../lib  -I./../sieve   -I/usr/ssl/include -I/usr/sasl/include -DHAVE_CONFIG_H  -fPIC \
squat.c
gcc -c -I.. -I./../lib  -I./../sieve   -I/usr/ssl/include -I/usr/sasl/include -DHAVE_CONFIG_H  -fPIC \
squat_internal.c
gcc -c -I.. -I./../lib  -I./../sieve   -I/usr/ssl/include -I/usr/sasl/include -DHAVE_CONFIG_H  -fPIC \
mbdump.c
gcc -c -I.. -I./../lib  -I./../sieve   -I/usr/ssl/include -I/usr/sasl/include -DHAVE_CONFIG_H  -fPIC \
imapparse.c
gcc -c -I.. -I./../lib  -I./../sieve   -I/usr/ssl/include -I/usr/sasl/include -DHAVE_CONFIG_H  -fPIC \
telemetry.c
gcc -c -I.. -I./../lib  -I./../sieve   -I/usr/ssl/include -I/usr/sasl/include -DHAVE_CONFIG_H  -fPIC \
user.c
gcc -c -I.. -I./../lib  -I./../sieve   -I/usr/ssl/include -I/usr/sasl/include -DHAVE_CONFIG_H  -fPIC \
notify.c
gcc -c -I.. -I./../lib  -I./../sieve   -I/usr/ssl/include -I/usr/sasl/include -DHAVE_CONFIG_H  -fPIC \
idle.c
gcc -c -I.. -I./../lib  -I./../sieve   -I/usr/ssl/include -I/usr/sasl/include -DHAVE_CONFIG_H  -fPIC \
quota_db.c
gcc -c -I.. -I./../lib  -I./../sieve   -I/usr/ssl/include -I/usr/sasl/include -DHAVE_CONFIG_H  -fPIC \
sync_log.c
gcc -c -I.. -I./../lib  -I./../sieve   -I/usr/ssl/include -I/usr/sasl/include -DHAVE_CONFIG_H  -fPIC \
seen_db.c
gcc -c -I.. -I./../lib  -I./../sieve   -I/usr/ssl/include -I/usr/sasl/include -DHAVE_CONFIG_H  -fPIC \
mboxkey.c
gcc -c -I.. -I./../lib  -I./../sieve   -I/usr/ssl/include -I/usr/sasl/include -DHAVE_CONFIG_H  -fPIC \
backend.c
gcc -c -I.. -I./../lib  -I./../sieve   -I/usr/ssl/include -I/usr/sasl/include -DHAVE_CONFIG_H  -fPIC \
tls.c
gcc -c -I.. -I./../lib  -I./../sieve   -I/usr/ssl/include -I/usr/sasl/include -DHAVE_CONFIG_H  -fPIC \
message_guid.c
gcc -c -I.. -I./../lib  -I./../sieve   -I/usr/ssl/include -I/usr/sasl/include -DHAVE_CONFIG_H  -fPIC \
statuscache_db.c
gcc -c -I.. -I./../lib  -I./../sieve   -I/usr/ssl/include -I/usr/sasl/include -DHAVE_CONFIG_H  -fPIC \
userdeny_db.c
gcc -c -I.. -I./../lib  -I./../sieve   -I/usr/ssl/include -I/usr/sasl/include -DHAVE_CONFIG_H  -fPIC \
sequence.c
gcc -c -I.. -I./../lib  -I./../sieve   -I/usr/ssl/include -I/usr/sasl/include -DHAVE_CONFIG_H  -fPIC \
upgrade_index.c
gcc -c -I.. -I./../lib  -I./../sieve   -I/usr/ssl/include -I/usr/sasl/include -DHAVE_CONFIG_H  -fPIC \
dlist.c
gcc -c -I.. -I./../lib  -I./../sieve   -I/usr/ssl/include -I/usr/sasl/include -DHAVE_CONFIG_H  -fPIC \
version.c
rm -f libimap.a
ar cr libimap.a append.o mailbox.o mboxlist.o mupdate-client.o mboxname.o message.o global.o imap_err.o mupdate_err.o proc.o setproctitle.o convert_code.o duplicate.o saslclient.o saslserver.o ../lib/signals.o annotate.o search_engines.o squat.o squat_internal.o mbdump.o imapparse.o telemetry.o user.o notify.o idle.o quota_db.o sync_log.o seen_db.o mboxkey.o backend.o tls.o message_guid.o statuscache_db.o userdeny_db.o sequence.o upgrade_index.o dlist.o version.o
ranlib libimap.a
gcc -L/usr/ssl/lib -Wl,-rpath,/usr/ssl/lib    -o imapd \
 ../master/service.o pushstats.o imapd.o proxy.o imap_proxy.o index.o mutex_fake.o \
libimap.a ../lib/libcyrus.a ../lib/libcyrus_min.a  -L/usr/sasl/lib  -Wl,-rpath,/usr/sasl/lib -lsasl2   -lfl    -ldb-4.8 -lpcre -lpcreposix -lssl -lcrypto -lz   -lcom_err 
gcc -c -I.. -I./../lib  -I./../sieve   -I/usr/ssl/include -I/usr/sasl/include -DHAVE_CONFIG_H  -fPIC \
lmtpd.c
gcc -c -I.. -I./../lib  -I./../sieve   -I/usr/ssl/include -I/usr/sasl/include -DHAVE_CONFIG_H  -fPIC \
lmtpstats.c
gcc -c -I.. -I./../lib  -I./../sieve   -I/usr/ssl/include -I/usr/sasl/include -DHAVE_CONFIG_H  -fPIC \
lmtpengine.c
gcc -c -I.. -I./../lib  -I./../sieve   -I/usr/ssl/include -I/usr/sasl/include -DHAVE_CONFIG_H  -fPIC \
spool.c
gcc -c -I.. -I./../lib  -I./../sieve   -I/usr/ssl/include -I/usr/sasl/include -DHAVE_CONFIG_H  -fPIC \
lmtp_sieve.c
gcc -c -I.. -I./../lib  -I./../sieve   -I/usr/ssl/include -I/usr/sasl/include -DHAVE_CONFIG_H  -fPIC \
smtpclient.c
gcc -L/usr/ssl/lib -Wl,-rpath,/usr/ssl/lib    -o lmtpd \
 ../master/service.o lmtpd.o proxy.o lmtpstats.o lmtpengine.o spool.o lmtp_sieve.o smtpclient.o \
 mutex_fake.o libimap.a ../sieve/libsieve.a ../lib/libcyrus.a ../lib/libcyrus_min.a  -L/usr/sasl/lib  -Wl,-rpath,/usr/sasl/lib -lsasl2   -lfl    -ldb-4.8 -lpcre -lpcreposix -lssl -lcrypto -lz   -lcom_err 
gcc -c -I.. -I./../lib  -I./../sieve   -I/usr/ssl/include -I/usr/sasl/include -DHAVE_CONFIG_H  -fPIC \
pop3d.c
gcc -L/usr/ssl/lib -Wl,-rpath,/usr/ssl/lib    -o pop3d pop3d.o proxy.o backend.o tls.o ../master/service.o \
 mutex_fake.o libimap.a ../lib/libcyrus.a ../lib/libcyrus_min.a  -L/usr/sasl/lib  -Wl,-rpath,/usr/sasl/lib -lsasl2   -lfl    -ldb-4.8 -lpcre -lpcreposix -lssl -lcrypto -lz   -lcom_err 
gcc -c -I.. -I./../lib  -I./../sieve   -I/usr/ssl/include -I/usr/sasl/include -DHAVE_CONFIG_H  -fPIC \
fud.c
gcc -L/usr/ssl/lib -Wl,-rpath,/usr/ssl/lib    -o fud ../master/service.o fud.o mutex_fake.o libimap.a \
../lib/libcyrus.a ../lib/libcyrus_min.a  -L/usr/sasl/lib  -Wl,-rpath,/usr/sasl/lib -lsasl2   -lfl    -ldb-4.8 -lpcre -lpcreposix -lssl -lcrypto -lz   -lcom_err 
gcc -c -I.. -I./../lib  -I./../sieve   -I/usr/ssl/include -I/usr/sasl/include -DHAVE_CONFIG_H  -fPIC \
smmapd.c
gcc -L/usr/ssl/lib -Wl,-rpath,/usr/ssl/lib    -o smmapd ../master/service.o smmapd.o mutex_fake.o libimap.a \
../lib/libcyrus.a ../lib/libcyrus_min.a  -L/usr/sasl/lib  -Wl,-rpath,/usr/sasl/lib -lsasl2   -lfl    -ldb-4.8 -lpcre -lpcreposix -lssl -lcrypto -lz   -lcom_err 
gcc -c -I.. -I./../lib  -I./../sieve   -I/usr/ssl/include -I/usr/sasl/include -DHAVE_CONFIG_H  -fPIC \
reconstruct.c
gcc -c -I.. -I./../lib  -I./../sieve   -I/usr/ssl/include -I/usr/sasl/include -DHAVE_CONFIG_H  -fPIC \
cli_fatal.c
gcc -L/usr/ssl/lib -Wl,-rpath,/usr/ssl/lib    -o \
 reconstruct reconstruct.o cli_fatal.o mutex_fake.o libimap.a ../lib/libcyrus.a ../lib/libcyrus_min.a  -L/usr/sasl/lib  -Wl,-rpath,/usr/sasl/lib -lsasl2   -lfl    -ldb-4.8 -lpcre -lpcreposix -lssl -lcrypto -lz   -lcom_err
gcc -c -I.. -I./../lib  -I./../sieve   -I/usr/ssl/include -I/usr/sasl/include -DHAVE_CONFIG_H  -fPIC \
quota.c
gcc -L/usr/ssl/lib -Wl,-rpath,/usr/ssl/lib    -o quota quota.o cli_fatal.o mutex_fake.o \
libimap.a ../lib/libcyrus.a ../lib/libcyrus_min.a  -L/usr/sasl/lib  -Wl,-rpath,/usr/sasl/lib -lsasl2   -lfl    -ldb-4.8 -lpcre -lpcreposix -lssl -lcrypto -lz   -lcom_err
gcc -c -I.. -I./../lib  -I./../sieve   -I/usr/ssl/include -I/usr/sasl/include -DHAVE_CONFIG_H  -fPIC \
mbpath.c
gcc -L/usr/ssl/lib -Wl,-rpath,/usr/ssl/lib    -o mbpath mbpath.o cli_fatal.o mutex_fake.o libimap.a \
../lib/libcyrus.a ../lib/libcyrus_min.a  -L/usr/sasl/lib  -Wl,-rpath,/usr/sasl/lib -lsasl2   -lfl    -ldb-4.8 -lpcre -lpcreposix -lssl -lcrypto -lz   -lcom_err
gcc -c -I.. -I./../lib  -I./../sieve   -I/usr/ssl/include -I/usr/sasl/include -DHAVE_CONFIG_H  -fPIC \
ipurge.c
gcc -L/usr/ssl/lib -Wl,-rpath,/usr/ssl/lib    -o ipurge ipurge.o cli_fatal.o mutex_fake.o \
libimap.a ../lib/libcyrus.a ../lib/libcyrus_min.a  -L/usr/sasl/lib  -Wl,-rpath,/usr/sasl/lib -lsasl2   -lfl    -ldb-4.8 -lpcre -lpcreposix -lssl -lcrypto -lz   -lcom_err
gcc -c -I.. -I./../lib  -I./../sieve   -I/usr/ssl/include -I/usr/sasl/include -DHAVE_CONFIG_H  -fPIC \
cyr_dbtool.c
gcc -L/usr/ssl/lib -Wl,-rpath,/usr/ssl/lib    -o cyr_dbtool cyr_dbtool.o cli_fatal.o mutex_fake.o \
libimap.a ../lib/libcyrus.a ../lib/libcyrus_min.a  -L/usr/sasl/lib  -Wl,-rpath,/usr/sasl/lib -lsasl2   -lfl    -ldb-4.8 -lpcre -lpcreposix -lssl -lcrypto -lz   -lcom_err
gcc -c -I.. -I./../lib  -I./../sieve   -I/usr/ssl/include -I/usr/sasl/include -DHAVE_CONFIG_H  -fPIC \
cyr_synclog.c
gcc -L/usr/ssl/lib -Wl,-rpath,/usr/ssl/lib    -o cyr_synclog cyr_synclog.o cli_fatal.o mutex_fake.o \
libimap.a ../lib/libcyrus.a ../lib/libcyrus_min.a  -L/usr/sasl/lib  -Wl,-rpath,/usr/sasl/lib -lsasl2   -lfl    -ldb-4.8 -lpcre -lpcreposix -lssl -lcrypto -lz   -lcom_err
gcc -c -I.. -I./../lib  -I./../sieve   -I/usr/ssl/include -I/usr/sasl/include -DHAVE_CONFIG_H  -fPIC \
cyrdump.c
gcc -L/usr/ssl/lib -Wl,-rpath,/usr/ssl/lib    -o cyrdump cyrdump.o index.o cli_fatal.o mutex_fake.o \
libimap.a ../lib/libcyrus.a ../lib/libcyrus_min.a  -L/usr/sasl/lib  -Wl,-rpath,/usr/sasl/lib -lsasl2   -lfl    -ldb-4.8 -lpcre -lpcreposix -lssl -lcrypto -lz   -lcom_err
gcc -c -I.. -I./../lib  -I./../sieve   -I/usr/ssl/include -I/usr/sasl/include -DHAVE_CONFIG_H  -fPIC \
chk_cyrus.c
gcc -L/usr/ssl/lib -Wl,-rpath,/usr/ssl/lib    -o chk_cyrus chk_cyrus.o cli_fatal.o mutex_fake.o \
libimap.a ../lib/libcyrus.a ../lib/libcyrus_min.a  -L/usr/sasl/lib  -Wl,-rpath,/usr/sasl/lib -lsasl2   -lfl    -ldb-4.8 -lpcre -lpcreposix -lssl -lcrypto -lz   -lcom_err
gcc -c -I.. -I./../lib  -I./../sieve   -I/usr/ssl/include -I/usr/sasl/include -DHAVE_CONFIG_H  -fPIC \
cvt_cyrusdb.c
gcc -L/usr/ssl/lib -Wl,-rpath,/usr/ssl/lib    -o cvt_cyrusdb cvt_cyrusdb.o cli_fatal.o mutex_fake.o \
libimap.a ../lib/libcyrus.a ../lib/libcyrus_min.a  -L/usr/sasl/lib  -Wl,-rpath,/usr/sasl/lib -lsasl2   -lfl    -ldb-4.8 -lpcre -lpcreposix -lssl -lcrypto -lz   -lcom_err
gcc -c -I.. -I./../lib  -I./../sieve   -I/usr/ssl/include -I/usr/sasl/include -DHAVE_CONFIG_H  -fPIC \
deliver.c
gcc -L/usr/ssl/lib -Wl,-rpath,/usr/ssl/lib    -o deliver deliver.o lmtpstats.o lmtpengine.o spool.o proxy.o \
mutex_fake.o libimap.a ../lib/libcyrus.a ../lib/libcyrus_min.a  -L/usr/sasl/lib  -Wl,-rpath,/usr/sasl/lib -lsasl2   -lfl    -ldb-4.8 -lpcre -lpcreposix -lssl -lcrypto -lz   -lcom_err
gcc -c -I.. -I./../lib  -I./../sieve   -I/usr/ssl/include -I/usr/sasl/include -DHAVE_CONFIG_H  -fPIC \
ctl_mboxlist.c
gcc -L/usr/ssl/lib -Wl,-rpath,/usr/ssl/lib    -o ctl_mboxlist ctl_mboxlist.o mupdate-client.o cli_fatal.o mutex_fake.o \
libimap.a ../lib/libcyrus.a ../lib/libcyrus_min.a  -L/usr/sasl/lib  -Wl,-rpath,/usr/sasl/lib -lsasl2   -lfl    -ldb-4.8 -lpcre -lpcreposix -lssl -lcrypto -lz   -lcom_err
gcc -c -I.. -I./../lib  -I./../sieve   -I/usr/ssl/include -I/usr/sasl/include -DHAVE_CONFIG_H  -fPIC \
ctl_deliver.c
gcc -L/usr/ssl/lib -Wl,-rpath,/usr/ssl/lib    -o \
 ctl_deliver ctl_deliver.o cli_fatal.o mutex_fake.o libimap.a ../lib/libcyrus.a ../lib/libcyrus_min.a  -L/usr/sasl/lib  -Wl,-rpath,/usr/sasl/lib -lsasl2   -lfl    -ldb-4.8 -lpcre -lpcreposix -lssl -lcrypto -lz   -lcom_err
gcc -c -I.. -I./../lib  -I./../sieve   -I/usr/ssl/include -I/usr/sasl/include -DHAVE_CONFIG_H  -fPIC \
ctl_cyrusdb.c
gcc -L/usr/ssl/lib -Wl,-rpath,/usr/ssl/lib    -o \
 ctl_cyrusdb ctl_cyrusdb.o cli_fatal.o mutex_fake.o libimap.a ../lib/libcyrus.a ../lib/libcyrus_min.a  -L/usr/sasl/lib  -Wl,-rpath,/usr/sasl/lib -lsasl2   -lfl    -ldb-4.8 -lpcre -lpcreposix -lssl -lcrypto -lz   -lcom_err
gcc -c -I.. -I./../lib  -I./../sieve   -I/usr/ssl/include -I/usr/sasl/include -DHAVE_CONFIG_H  -fPIC \
squatter.c
gcc -c -I.. -I./../lib  -I./../sieve   -I/usr/ssl/include -I/usr/sasl/include -DHAVE_CONFIG_H  -fPIC \
squat_build.c
gcc -L/usr/ssl/lib -Wl,-rpath,/usr/ssl/lib    -o squatter squatter.o index.o squat_build.o \
cli_fatal.o mutex_fake.o libimap.a ../lib/libcyrus.a ../lib/libcyrus_min.a  -L/usr/sasl/lib  -Wl,-rpath,/usr/sasl/lib -lsasl2   -lfl    -ldb-4.8 -lpcre -lpcreposix -lssl -lcrypto -lz   -lcom_err
gcc -c -I.. -I./../lib  -I./../sieve   -I/usr/ssl/include -I/usr/sasl/include -DHAVE_CONFIG_H  -fPIC \
mbexamine.c
gcc -L/usr/ssl/lib -Wl,-rpath,/usr/ssl/lib    -o \
 mbexamine mbexamine.o cli_fatal.o mutex_fake.o libimap.a ../lib/libcyrus.a ../lib/libcyrus_min.a  -L/usr/sasl/lib  -Wl,-rpath,/usr/sasl/lib -lsasl2   -lfl    -ldb-4.8 -lpcre -lpcreposix -lssl -lcrypto -lz   -lcom_err
gcc -c -I.. -I./../lib  -I./../sieve   -I/usr/ssl/include -I/usr/sasl/include -DHAVE_CONFIG_H  -fPIC \
cyr_expire.c
gcc -L/usr/ssl/lib -Wl,-rpath,/usr/ssl/lib    -o cyr_expire cyr_expire.o cli_fatal.o mutex_fake.o \
libimap.a ../lib/libcyrus.a ../lib/libcyrus_min.a  -L/usr/sasl/lib  -Wl,-rpath,/usr/sasl/lib -lsasl2   -lfl    -ldb-4.8 -lpcre -lpcreposix -lssl -lcrypto -lz   -lcom_err
gcc -c -I.. -I./../lib  -I./../sieve   -I/usr/ssl/include -I/usr/sasl/include -DHAVE_CONFIG_H  -fPIC \
arbitron.c
gcc -L/usr/ssl/lib -Wl,-rpath,/usr/ssl/lib    -o arbitron arbitron.o cli_fatal.o mutex_fake.o \
libimap.a ../lib/libcyrus.a ../lib/libcyrus_min.a  -L/usr/sasl/lib  -Wl,-rpath,/usr/sasl/lib -lsasl2   -lfl    -ldb-4.8 -lpcre -lpcreposix -lssl -lcrypto -lz   -lcom_err
gcc -c -I.. -I./../lib  -I./../sieve   -I/usr/ssl/include -I/usr/sasl/include -DHAVE_CONFIG_H  -fPIC \
unexpunge.c
gcc -L/usr/ssl/lib -Wl,-rpath,/usr/ssl/lib    -o unexpunge unexpunge.o cli_fatal.o mutex_fake.o \
libimap.a ../lib/libcyrus.a ../lib/libcyrus_min.a  -L/usr/sasl/lib  -Wl,-rpath,/usr/sasl/lib -lsasl2   -lfl    -ldb-4.8 -lpcre -lpcreposix -lssl -lcrypto -lz   -lcom_err
gcc -c -I.. -I./../lib  -I./../sieve   -I/usr/ssl/include -I/usr/sasl/include -DHAVE_CONFIG_H  -fPIC \
cyr_df.c
gcc -L/usr/ssl/lib -Wl,-rpath,/usr/ssl/lib    -o \
 cyr_df cyr_df.o cli_fatal.o mutex_fake.o libimap.a ../lib/libcyrus.a ../lib/libcyrus_min.a  -L/usr/sasl/lib  -Wl,-rpath,/usr/sasl/lib -lsasl2   -lfl    -ldb-4.8 -lpcre -lpcreposix -lssl -lcrypto -lz   -lcom_err
gcc -c -I.. -I./../lib  -I./../sieve   -I/usr/ssl/include -I/usr/sasl/include -DHAVE_CONFIG_H  -fPIC \
cyr_sequence.c
gcc -L/usr/ssl/lib -Wl,-rpath,/usr/ssl/lib    -o cyr_sequence cyr_sequence.o cli_fatal.o mutex_fake.o \
libimap.a ../lib/libcyrus.a ../lib/libcyrus_min.a  -L/usr/sasl/lib  -Wl,-rpath,/usr/sasl/lib -lsasl2   -lfl    -ldb-4.8 -lpcre -lpcreposix -lssl -lcrypto -lz   -lcom_err
gcc -c -I.. -I./../lib  -I./../sieve   -I/usr/ssl/include -I/usr/sasl/include -DHAVE_CONFIG_H  -fPIC \
cyr_userseen.c
gcc -L/usr/ssl/lib -Wl,-rpath,/usr/ssl/lib    -o cyr_userseen cyr_userseen.o cli_fatal.o mutex_fake.o \
libimap.a ../lib/libcyrus.a ../lib/libcyrus_min.a  -L/usr/sasl/lib  -Wl,-rpath,/usr/sasl/lib -lsasl2   -lfl    -ldb-4.8 -lpcre -lpcreposix -lssl -lcrypto -lz   -lcom_err
gcc -c -I.. -I./../lib  -I./../sieve   -I/usr/ssl/include -I/usr/sasl/include -DHAVE_CONFIG_H  -fPIC \
tls_prune.c
gcc -L/usr/ssl/lib -Wl,-rpath,/usr/ssl/lib    -o \
 tls_prune tls_prune.o tls.o cli_fatal.o mutex_fake.o libimap.a ../lib/libcyrus.a ../lib/libcyrus_min.a  -L/usr/sasl/lib  -Wl,-rpath,/usr/sasl/lib -lsasl2   -lfl    -ldb-4.8 -lpcre -lpcreposix -lssl -lcrypto -lz   -lcom_err
make[1]: Leaving directory `/mnt/md1/src/apps/mail/imapd/cyrus-imapd-2.4.16/imap'
### Making all in /usr/src/apps/mail/imapd/cyrus-imapd-2.4.16/imtest
make[1]: Entering directory `/mnt/md1/src/apps/mail/imapd/cyrus-imapd-2.4.16/imtest'
gcc -c -I.. -I./../lib    -I/usr/ssl/include  -I/usr/sasl/include -DHAVE_CONFIG_H  -fPIC imtest.c
gcc -L/usr/ssl/lib -Wl,-rpath,/usr/ssl/lib   -o imtest imtest.o ../lib/libcyrus.a ../lib/libcyrus_min.a  -L/usr/sasl/lib  -Wl,-rpath,/usr/sasl/lib -lsasl2   -lfl    -ldb-4.8 -lpcre -lpcreposix -lssl -lcrypto -lz  
make[1]: Leaving directory `/mnt/md1/src/apps/mail/imapd/cyrus-imapd-2.4.16/imtest'
### Making all in /usr/src/apps/mail/imapd/cyrus-imapd-2.4.16/perl
make[1]: Entering directory `/mnt/md1/src/apps/mail/imapd/cyrus-imapd-2.4.16/perl'
### Making all in /usr/src/apps/mail/imapd/cyrus-imapd-2.4.16/perl/imap
Checking if your kit is complete...
Looks good
Writing Makefile for Cyrus::IMAP
make[2]: Entering directory `/mnt/md1/src/apps/mail/imapd/cyrus-imapd-2.4.16/perl/imap'
cp IMAP/Admin.pm blib/lib/Cyrus/IMAP/Admin.pm
cp IMAP.pm blib/lib/Cyrus/IMAP.pm
cp IMAP/Shell.pm blib/lib/Cyrus/IMAP/Shell.pm
cp IMAP/IMSP.pm blib/lib/Cyrus/IMAP/IMSP.pm
/usr/bin/perl /usr/local/lib/perl5/5.10.0/ExtUtils/xsubpp  -typemap /usr/local/lib/perl5/5.10.0/ExtUtils/typemap -typemap typemap  IMAP.xs > IMAP.xsc && mv IMAP.xsc IMAP.c
cc -c  -I../../lib -I../.. -I../../com_err/et -I/usr/sasl/include -I/usr/ssl/include -D_REENTRANT -D_GNU_SOURCE -fno-strict-aliasing -pipe -I/usr/local/include -D_LARGEFILE_SOURCE -D_FILE_OFFSET_BITS=64 -O2   -DVERSION=\"1.00\" -DXS_VERSION=\"1.00\" -fPIC "-I/usr/local/lib/perl5/5.10.0/x86_64-linux-thread-multi-ld/CORE"  -DPERL_POLLUTE IMAP.c
Running Mkbootstrap for Cyrus::IMAP ()
chmod 644 IMAP.bs
rm -f blib/arch/auto/Cyrus/IMAP/IMAP.so
LD_RUN_PATH="/usr/local/lib:/usr/sasl/lib" cc  -shared -O2 -L/usr/local/lib IMAP.o  -o blib/arch/auto/Cyrus/IMAP/IMAP.so ../../lib/libcyrus.a ../../lib/libcyrus_min.a	\
   -ldb-4.8 -L/usr/sasl/lib -lsasl2 -lz -lssl -lcrypto  	\
  
chmod 755 blib/arch/auto/Cyrus/IMAP/IMAP.so
cp IMAP.bs blib/arch/auto/Cyrus/IMAP/IMAP.bs
chmod 644 blib/arch/auto/Cyrus/IMAP/IMAP.bs
/usr/bin/perl -pne 's|\@INSTALLSITEARCH\@|/usr/cyrus/lib/perl5/site_perl/5.10.0/x86_64-linux-thread-multi-ld|g;' < cyradm.sh > cyradm
cp cyradm blib/script/cyradm
/usr/bin/perl "-MExtUtils::MY" -e "MY->fixin(shift)" blib/script/cyradm
Manifying blib/man1/cyradm.1
Manifying blib/man3/Cyrus::IMAP::Admin.3
Manifying blib/man3/Cyrus::IMAP::Shell.3
Manifying blib/man3/Cyrus::IMAP.3
Manifying blib/man3/Cyrus::IMAP::IMSP.3
make[2]: Leaving directory `/mnt/md1/src/apps/mail/imapd/cyrus-imapd-2.4.16/perl/imap'
### Making all in /usr/src/apps/mail/imapd/cyrus-imapd-2.4.16/perl/sieve
make[2]: Entering directory `/mnt/md1/src/apps/mail/imapd/cyrus-imapd-2.4.16/perl/sieve'
### Making all in /usr/src/apps/mail/imapd/cyrus-imapd-2.4.16/perl/sieve/lib
make[3]: Entering directory `/mnt/md1/src/apps/mail/imapd/cyrus-imapd-2.4.16/perl/sieve/lib'
gcc -c -I. -I../../.. -I. -I./../../../lib   -I/usr/ssl/include -I/usr/sasl/include  -DHAVE_CONFIG_H  -Dbool=char -DHAS_BOOL -fPIC -fPIC isieve.c
gcc -c -I. -I../../.. -I. -I./../../../lib   -I/usr/ssl/include -I/usr/sasl/include  -DHAVE_CONFIG_H  -Dbool=char -DHAS_BOOL -fPIC -fPIC lex.c
gcc -c -I. -I../../.. -I. -I./../../../lib   -I/usr/ssl/include -I/usr/sasl/include  -DHAVE_CONFIG_H  -Dbool=char -DHAS_BOOL -fPIC -fPIC mystring.c
gcc -c -I. -I../../.. -I. -I./../../../lib   -I/usr/ssl/include -I/usr/sasl/include  -DHAVE_CONFIG_H  -Dbool=char -DHAS_BOOL -fPIC -fPIC request.c
rm -f libisieve.a
ar cr libisieve.a isieve.o lex.o mystring.o request.o
ranlib libisieve.a
make[3]: Leaving directory `/mnt/md1/src/apps/mail/imapd/cyrus-imapd-2.4.16/perl/sieve/lib'
### Making all in /usr/src/apps/mail/imapd/cyrus-imapd-2.4.16/perl/sieve/managesieve
Checking if your kit is complete...
Looks good
Writing Makefile for Cyrus::SIEVE::managesieve
make[3]: Entering directory `/mnt/md1/src/apps/mail/imapd/cyrus-imapd-2.4.16/perl/sieve/managesieve'
cp managesieve.pm blib/lib/Cyrus/SIEVE/managesieve.pm
/usr/bin/perl /usr/local/lib/perl5/5.10.0/ExtUtils/xsubpp  -typemap /usr/local/lib/perl5/5.10.0/ExtUtils/typemap -typemap typemap  managesieve.xs > managesieve.xsc && mv managesieve.xsc managesieve.c
cc -c  -I../lib/ -I../../../lib/ -I/usr/sasl/include -I/usr/ssl/include -D_REENTRANT -D_GNU_SOURCE -fno-strict-aliasing -pipe -I/usr/local/include -D_LARGEFILE_SOURCE -D_FILE_OFFSET_BITS=64 -O2   -DVERSION=\"0.01\" -DXS_VERSION=\"0.01\" -fPIC "-I/usr/local/lib/perl5/5.10.0/x86_64-linux-thread-multi-ld/CORE"  -DPERL_POLLUTE managesieve.c
Running Mkbootstrap for Cyrus::SIEVE::managesieve ()
chmod 644 managesieve.bs
rm -f blib/arch/auto/Cyrus/SIEVE/managesieve/managesieve.so
LD_RUN_PATH="/usr/local/lib:/usr/sasl/lib" cc  -shared -O2 -L/usr/local/lib managesieve.o  -o blib/arch/auto/Cyrus/SIEVE/managesieve/managesieve.so ../lib/isieve.o ../lib/lex.o ../lib/mystring.o ../lib/request.o ../../../lib/libcyrus.a ../../../lib/libcyrus_min.a	\
   -ldb-4.8 -L/usr/sasl/lib -lsasl2 -lz -lssl -lcrypto  	\
  
chmod 755 blib/arch/auto/Cyrus/SIEVE/managesieve/managesieve.so
cp managesieve.bs blib/arch/auto/Cyrus/SIEVE/managesieve/managesieve.bs
chmod 644 blib/arch/auto/Cyrus/SIEVE/managesieve/managesieve.bs
Manifying blib/man3/Cyrus::SIEVE::managesieve.3
make[3]: Leaving directory `/mnt/md1/src/apps/mail/imapd/cyrus-imapd-2.4.16/perl/sieve/managesieve'
make[2]: Leaving directory `/mnt/md1/src/apps/mail/imapd/cyrus-imapd-2.4.16/perl/sieve'
make[1]: Leaving directory `/mnt/md1/src/apps/mail/imapd/cyrus-imapd-2.4.16/perl'
### Making all in /usr/src/apps/mail/imapd/cyrus-imapd-2.4.16/timsieved
make[1]: Entering directory `/mnt/md1/src/apps/mail/imapd/cyrus-imapd-2.4.16/timsieved'
gcc -c -I.. -I./../sieve -I./../imap -I./../lib    -I/usr/ssl/include -I/usr/sasl/include -DHAVE_CONFIG_H  -fPIC \
actions.c
gcc -c -I.. -I./../sieve -I./../imap -I./../lib    -I/usr/ssl/include -I/usr/sasl/include -DHAVE_CONFIG_H  -fPIC \
lex.c
gcc -c -I.. -I./../sieve -I./../imap -I./../lib    -I/usr/ssl/include -I/usr/sasl/include -DHAVE_CONFIG_H  -fPIC \
mystring.c
gcc -c -I.. -I./../sieve -I./../imap -I./../lib    -I/usr/ssl/include -I/usr/sasl/include -DHAVE_CONFIG_H  -fPIC \
scripttest.c
gcc -c -I.. -I./../sieve -I./../imap -I./../lib    -I/usr/ssl/include -I/usr/sasl/include -DHAVE_CONFIG_H  -fPIC \
timsieved.c
gcc -c -I.. -I./../sieve -I./../imap -I./../lib    -I/usr/ssl/include -I/usr/sasl/include -DHAVE_CONFIG_H  -fPIC \
parser.c
gcc -L/usr/ssl/lib -Wl,-rpath,/usr/ssl/lib  -o timsieved \
 ../master/service.o actions.o lex.o mystring.o scripttest.o timsieved.o parser.o ../imap/proxy.o ../sieve/libsieve.a ../imap/mutex_fake.o ../imap/libimap.a ../lib/libcyrus.a ../lib/libcyrus_min.a  -L/usr/sasl/lib  -Wl,-rpath,/usr/sasl/lib -lsasl2   -lfl    -ldb-4.8 -lpcre -lpcreposix -lssl -lcrypto -lz   -lcom_err 
make[1]: Leaving directory `/mnt/md1/src/apps/mail/imapd/cyrus-imapd-2.4.16/timsieved'
### Making all in /usr/src/apps/mail/imapd/cyrus-imapd-2.4.16/notifyd
make[1]: Entering directory `/mnt/md1/src/apps/mail/imapd/cyrus-imapd-2.4.16/notifyd'
gcc -c -I.. -I./../sieve -I./../imap -I./../lib    -I/usr/ssl/include -I/usr/sasl/include -DHAVE_CONFIG_H  -fPIC \
notifyd.c
gcc -c -I.. -I./../sieve -I./../imap -I./../lib    -I/usr/ssl/include -I/usr/sasl/include -DHAVE_CONFIG_H  -fPIC \
notify_null.c
gcc -c -I.. -I./../sieve -I./../imap -I./../lib    -I/usr/ssl/include -I/usr/sasl/include -DHAVE_CONFIG_H  -fPIC \
notify_log.c
gcc -c -I.. -I./../sieve -I./../imap -I./../lib    -I/usr/ssl/include -I/usr/sasl/include -DHAVE_CONFIG_H  -fPIC \
notify_mailto.c
gcc -c -I.. -I./../sieve -I./../imap -I./../lib    -I/usr/ssl/include -I/usr/sasl/include -DHAVE_CONFIG_H  -fPIC \
notify_zephyr.c
gcc -c -I.. -I./../sieve -I./../imap -I./../lib    -I/usr/ssl/include -I/usr/sasl/include -DHAVE_CONFIG_H  -fPIC \
notify_external.c
gcc -L/usr/ssl/lib -Wl,-rpath,/usr/ssl/lib  -o notifyd \
 ../master/service.o notifyd.o notify_null.o notify_log.o notify_mailto.o notify_zephyr.o notify_external.o ../imap/mutex_fake.o ../imap/libimap.a ../lib/libcyrus.a ../lib/libcyrus_min.a  -L/usr/sasl/lib  -Wl,-rpath,/usr/sasl/lib -lsasl2   -lfl    -ldb-4.8 -lpcre -lpcreposix -lssl -lcrypto -lz   -lfl    -ldb-4.8 -lpcre -lpcreposix -lssl -lcrypto -lz -lcom_err 
make[1]: Leaving directory `/mnt/md1/src/apps/mail/imapd/cyrus-imapd-2.4.16/notifyd'
