configure: creating cache ./config.cache
checking build system type... alphaev67-dec-osf5.1
checking host system type... alphaev67-dec-osf5.1
checking target system type... alphaev67-dec-osf5.1
checking for a BSD-compatible install... config/install-sh -c
checking whether build environment is sane... yes
checking for gawk... no
checking for mawk... no
checking for nawk... nawk
checking whether make sets $(MAKE)... yes
checking for gcc... cc
checking for C compiler default output... a.out
checking whether the C compiler works... yes
checking whether we are cross compiling... no
checking for suffix of executables... 
checking for suffix of object files... o
checking whether we are using the GNU C compiler... no
checking whether cc accepts -g... yes
checking for cc option to accept ANSI C... none needed
checking for style of include used by make... GNU
checking dependency style of cc... tru64
checking how to run the C preprocessor... cc -E
checking for gawk... (cached) nawk
checking whether ln -s works... yes
checking whether make sets $(MAKE)... (cached) yes
checking for a BSD-compatible install... config/install-sh -c
checking for __attribute__... no
checking for runpath switch... -Wl,-rpath,
checking for ranlib... ranlib
checking for non-GNU ld... ld
checking if the linker (ld) is GNU ld... no
checking for BSD-compatible nm... /usr/bin/nm
updating cache ./config.cache
loading cache ./config.cache within ltconfig
checking whether we are using GNU C... no
checking for object suffix... o
checking for executable suffix... (cached) 
checking for cc option to produce PIC... none
checking if cc supports -c -o file.o... yes
checking if cc supports -c -o file.lo... yes
checking if cc static flag -non_shared works... -non_shared
checking if the linker (ld) is GNU ld... no
checking whether the linker (ld) supports shared libraries... yes
checking command to parse /usr/bin/nm output... failed
checking how to hardcode library paths into programs... immediate
checking for ld option to reload object files... -r
checking dynamic linker characteristics... osf5.1 ld.so
checking if libtool supports shared libraries... yes
checking whether to build shared libraries... yes
checking whether to build static libraries... no
checking for objdir... .libs
creating libtool
updating cache ./config.cache
configure: loading cache ./config.cache
checking for connect... yes
checking for res_search... yes
checking for dn_expand... yes
checking for dns_lookup... no
checking DB path to use... /mgt/sasl/db/sasldb
checking for egrep... grep -E
checking for ANSI C header files... yes
checking for sys/types.h... yes
checking for sys/stat.h... yes
checking for stdlib.h... yes
checking for string.h... yes
checking for memory.h... yes
checking for strings.h... yes
checking for inttypes.h... yes
checking for stdint.h... no
checking for unistd.h... yes
checking db.h usability... yes
checking db.h presence... yes
checking for db.h... yes
checking for db_create in -ldb-4.2... no
checking for db_create in -ldb4.2... no
checking for db_create in -ldb42... no
checking for db_create in -ldb-4.1... yes
checking DB library to use... berkeley
checking for dlopen in -ldl... no
checking /dev/random to use... /dev/random
checking for nm... /usr/bin/nm
checking for underscore before symbols... no
checking for syslog... yes
checking for pam_start in -lpam... no
checking if I should include saslauthd... /mgt/sasl/authd
checking to include Courier authdaemond support... /dev/null
checking if I should include pwcheck... no
checking if I should include the alwaystrue verifier... no
checking if we should enable sasl_checkapop... enabled
checking CRAM-MD5... enabled
checking for RSAPublicEncrypt in -lrsaref... no
checking openssl/evp.h usability... yes
checking openssl/evp.h presence... yes
checking for openssl/evp.h... yes
checking for EVP_DigestInit in -lcrypto... yes
checking for OpenSSL... yes
checking for des_cbc_encrypt in -lcrypto... no
checking for DES_cbc_encrypt in -lcrypto... yes
checking openssl/des.h usability... yes
checking openssl/des.h presence... yes
checking for openssl/des.h... yes
checking DIGEST-MD5... enabled
checking OTP... enabled
checking for opiechallenge in -lopie... no
checking for OPIE... no
checking SRP... disabled
checking KERBEROS_V4... disabled
checking for crypt... yes
configure: WARNING: The system type is not recognized. If you believe that CyberSafe GSSAPI works on this platform, please update the configure script
checking gssapi.h usability... no
checking gssapi.h presence... no
checking for gssapi.h... no
checking gssapi/gssapi.h usability... no
checking gssapi/gssapi.h presence... no
checking for gssapi/gssapi.h... no
configure: WARNING: Disabling GSSAPI - no include files found
checking GSSAPI... disabled
checking PLAIN... enabled
checking ANONYMOUS... enabled
checking LOGIN... disabled
checking NTLM... disabled
checking SQL... disabled
checking for dmalloc library... no
checking for sfio library... no
checking for getsubopt... yes
checking for snprintf... yes
checking for vsnprintf... yes
checking for inet_aton in -lresolv... yes
checking for getaddrinfo... yes
checking for gai_strerror... yes
checking for getnameinfo... yes
checking for an ANSI C-conforming const... yes
checking for inline... inline
checking for mode_t... yes
checking for pid_t... yes
checking return type of signal handlers... void
checking whether time.h and sys/time.h may both be included... yes
checking for ANSI C header files... (cached) yes
checking for dirent.h that defines DIR... yes
checking for library containing opendir... none required
checking for sys/wait.h that is POSIX.1 compatible... yes
checking dlfcn.h usability... yes
checking dlfcn.h presence... yes
checking for dlfcn.h... yes
checking fcntl.h usability... yes
checking fcntl.h presence... yes
checking for fcntl.h... yes
checking limits.h usability... yes
checking limits.h presence... yes
checking for limits.h... yes
checking malloc.h usability... yes
checking malloc.h presence... yes
checking for malloc.h... yes
checking paths.h usability... yes
checking paths.h presence... yes
checking for paths.h... yes
checking for strings.h... (cached) yes
checking sys/file.h usability... yes
checking sys/file.h presence... yes
checking for sys/file.h... yes
checking sys/time.h usability... yes
checking sys/time.h presence... yes
checking for sys/time.h... yes
checking syslog.h usability... yes
checking syslog.h presence... yes
checking for syslog.h... yes
checking for unistd.h... (cached) yes
checking for inttypes.h... (cached) yes
checking sys/uio.h usability... yes
checking sys/uio.h presence... yes
checking for sys/uio.h... yes
checking sys/param.h usability... yes
checking sys/param.h presence... yes
checking for sys/param.h... yes
checking sysexits.h usability... yes
checking sysexits.h presence... yes
checking for sysexits.h... yes
checking stdarg.h usability... yes
checking stdarg.h presence... yes
checking for stdarg.h... yes
checking varargs.h usability... yes
checking varargs.h presence... yes
checking for varargs.h... yes
checking whether you have ss_family in struct sockaddr_storage... yes
checking whether you have sa_len in struct sockaddr... no
checking for socklen_t... no
checking for gethostname... yes
checking for getdomainname... yes
checking for getpwnam... yes
checking for getspnam... no
checking for gettimeofday... yes
checking for inet_aton... yes
checking for memcpy... yes
checking for mkdir... yes
checking for select... yes
checking for socket... yes
checking for strchr... yes
checking for strdup... yes
checking for strerror... yes
checking for strspn... yes
checking for strstr... yes
checking for strtol... yes
checking for jrand48... yes
updating cache ./config.cache
configure: creating ./config.status
config.status: creating Makefile
config.status: creating include/Makefile
config.status: creating sasldb/Makefile
config.status: creating plugins/Makefile
config.status: creating lib/Makefile
config.status: creating utils/Makefile
config.status: creating doc/Makefile
config.status: creating sample/Makefile
config.status: creating java/Makefile
config.status: creating java/CyrusSasl/Makefile
config.status: creating java/Test/Makefile
config.status: creating java/javax/Makefile
config.status: creating java/javax/security/Makefile
config.status: creating java/javax/security/auth/Makefile
config.status: creating java/javax/security/auth/callback/Makefile
config.status: creating pwcheck/Makefile
config.status: creating man/Makefile
config.status: creating config.h
config.status: executing depfiles commands
configure: configuring in saslauthd
configure: running /bin/bash './configure' --prefix=/usr/local/sasl/2.1.18  '--prefix=/usr/local/sasl/2.1.18' '--disable-krb4' '--enable-gssapi=/usr/local/krb5/sasl-2.1.18' '--with-gssapi_impl=mit' '--enable-cram' '--enable-digest' '--with-dblib=berkeley' '--with-bdb-incdir=/usr/local/db/sasl-2.1.18/include' '--with-bdb-libdir=/usr/local/db/sasl-2.1.18/lib' '--with-dbpath=/mgt/sasl/db/sasldb' '--with-openssl=/usr/local/openssl/sasl-2.1.18' '--with-plugindir=/usr/local/sasl/2.1.18/lib/sasl2' '--with-saslauthd=/mgt/sasl/authd' 'CC=cc' 'CFLAGS=-c99' 'LDFLAGS=-lpthread' --cache-file=.././config.cache --srcdir=.
configure: loading cache .././config.cache
checking build system type... (cached) alphaev67-dec-osf5.1
checking host system type... (cached) alphaev67-dec-osf5.1
checking for a BSD-compatible install... config/install-sh -c
checking whether build environment is sane... yes
checking for gawk... (cached) nawk
checking whether make sets $(MAKE)... (cached) yes
checking for gcc... (cached) cc
checking for C compiler default output... a.out
checking whether the C compiler works... yes
checking whether we are cross compiling... no
checking for suffix of executables... 
checking for suffix of object files... (cached) o
checking whether we are using the GNU C compiler... (cached) no
checking whether cc accepts -g... (cached) yes
checking for cc option to accept ANSI C... (cached) none needed
checking for style of include used by make... GNU
checking dependency style of cc... (cached) tru64
checking how to run the C preprocessor... (cached) cc -E
checking for gawk... (cached) nawk
checking whether make sets $(MAKE)... (cached) yes
checking whether ln -s works... yes
checking for a BSD-compatible install... config/install-sh -c
checking for __attribute__... (cached) no
checking for runpath switch... -Wl,-rpath,
checking for connect... (cached) yes
checking for res_search... (cached) yes
checking for dn_expand... (cached) yes
checking for dns_lookup... (cached) no
checking for egrep... (cached) grep -E
checking for ANSI C header files... (cached) yes
checking for sys/types.h... (cached) yes
checking for sys/stat.h... (cached) yes
checking for stdlib.h... (cached) yes
checking for string.h... (cached) yes
checking for memory.h... (cached) yes
checking for strings.h... (cached) yes
checking for inttypes.h... (cached) yes
checking for stdint.h... (cached) no
checking for unistd.h... (cached) yes
checking for RSAPublicEncrypt in -lrsaref... (cached) no
checking for openssl/evp.h... (cached) yes
checking for EVP_DigestInit in -lcrypto... (cached) yes
checking for OpenSSL... yes
checking for des_cbc_encrypt in -lcrypto... (cached) no
checking for DES_cbc_encrypt in -lcrypto... (cached) yes
checking for openssl/des.h... (cached) yes
checking KERBEROS_V4... disabled
checking for crypt... (cached) yes
checking for gssapi.h... (cached) no
checking for gssapi/gssapi.h... (cached) no
configure: WARNING: Disabling GSSAPI - no include files found
checking GSSAPI... disabled
checking for crypt... (cached) yes
checking for pam_start in -lpam... (cached) no
checking for PAM support... no
checking for inet_aton in -lresolv... (cached) yes
checking to include LDAP support... no
checking for ANSI C header files... (cached) yes
checking for sys/wait.h that is POSIX.1 compatible... (cached) yes
checking whether time.h and sys/time.h may both be included... (cached) yes
checking crypt.h usability... yes
checking crypt.h presence... yes
checking for crypt.h... yes
checking for fcntl.h... (cached) yes
checking krb5.h usability... yes
checking krb5.h presence... yes
checking for krb5.h... yes
checking for strings.h... (cached) yes
checking for syslog.h... (cached) yes
checking for unistd.h... (cached) yes
checking for sys/time.h... (cached) yes
checking for sys/uio.h... (cached) yes
checking for an ANSI C-conforming const... (cached) yes
checking for pid_t... (cached) yes
checking whether cc implements __func__... yes
checking return type of signal handlers... (cached) void
checking for gethostname... (cached) yes
checking for mkdir... (cached) yes
checking for socket... (cached) yes
checking for strdup... (cached) yes
checking for getspnam... (cached) no
checking for getuserpw... no
checking for strlcat... no
checking for strlcpy... no
checking for getaddrinfo... (cached) yes
checking for getnameinfo... (cached) yes
checking whether you have ss_family in struct sockaddr_storage... (cached) yes
checking whether you have sa_len in struct sockaddr... (cached) no
checking for socklen_t... (cached) no
updating cache .././config.cache
configure: creating ./config.status
config.status: creating Makefile
config.status: creating saslauthd.h
config.status: executing depfiles commands
Configuration Complete. Type 'make' to build.
